2024-07-14 23:19:59.319 [info] Debugger listening on ws://127.0.0.1:6651/263c5b28-fb6a-43ce-94af-6db8a2353da7
For help, see: https://nodejs.org/en/docs/inspector

2024-07-14 23:19:59.357 [info] 
<--- Last few GCs --->

[18846:0x2fc4004a4000]       43 ms: Mark-Compact (reduce) 0.8 (3.2) -> 0.8 (2.2) MB, pooled: 0 MB, 0.49 / 0.00 ms  (average mu = 0.609, current mu = 0.031) last resort; GC in old space requested
[18846:0x2fc4004a4000]       44 ms: Mark-Compact (reduce) 0.8 (2.2) -> 0.8 (2.2) MB, pooled: 0 MB, 0.53 / 0.00 ms  (average mu = 0.443, current mu = 0.011) last resort; GC in old space requested


<--- JS stacktrace --->



#
# Fatal JavaScript out of memory: CALL_AND_RETRY_LAST
#

2024-07-14 23:19:59.433 [info] [Error - 11:19:59 PM] Server process exited with signal SIGTRAP.
2024-07-14 23:19:59.435 [info] [Error - 11:19:59 PM] Server initialization failed.
2024-07-14 23:19:59.435 [info]   Message: Pending response rejected since connection got disposed
  Code: -32097 
2024-07-14 23:19:59.435 [info] [Info  - 11:19:59 PM] Connection to server got closed. Server will restart.
2024-07-14 23:19:59.435 [info] true
2024-07-14 23:19:59.435 [info] [Error - 11:19:59 PM] JSON Language Server client: couldn't create connection to server.
2024-07-14 23:19:59.435 [info]   Message: Pending response rejected since connection got disposed
  Code: -32097 
2024-07-14 23:19:59.469 [info] Debugger listening on ws://127.0.0.1:6651/1d4f4497-df62-4b3a-804b-0f3ecd99a07b
For help, see: https://nodejs.org/en/docs/inspector

