2024-03-14 10:20:08 Arduino IDE 2.3.2
2024-03-14 10:20:08 Checking for frontend application configuration customizations. Module path: /tmp/.mount_arduinlOaNmf/resources/app/lib/backend/electron-main.js, destination 'package.json': /tmp/.mount_arduinlOaNmf/resources/app/package.json
2024-03-14 10:20:08 Setting 'theia.frontend.config.appVersion' application configuration value to: "2.3.2" (type of string)
2024-03-14 10:20:08 Setting 'theia.frontend.config.cliVersion' application configuration value to: "0.35.3" (type of string)
2024-03-14 10:20:08 Setting 'theia.frontend.config.buildDate' application configuration value to: "2024-02-20T09:54:08.669Z" (type of string)
2024-03-14 10:20:08 Frontend application configuration after modifications: {"applicationName":"Arduino IDE","defaultTheme":{"light":"arduino-theme","dark":"arduino-theme-dark"},"defaultIconTheme":"none","electron":{"windowOptions":{}},"defaultLocale":"","validatePreferencesSchema":false,"preferences":{"window.title":"${rootName}${activeEditorShort}${appName}","files.autoSave":"afterDelay","editor.minimap.enabled":false,"editor.tabSize":2,"editor.scrollBeyondLastLine":false,"editor.quickSuggestions":{"other":false,"comments":false,"strings":false},"editor.maxTokenizationLineLength":500,"editor.bracketPairColorization.enabled":false,"breadcrumbs.enabled":false,"workbench.tree.renderIndentGuides":"none","explorer.compactFolders":false},"appVersion":"2.3.2","cliVersion":"0.35.3","buildDate":"2024-02-20T09:54:08.669Z"}
2024-03-14 10:20:08 Starting backend process. PID: 82193
2024-03-14 10:20:08 Using browser-only version of superagent in non-browser environment
2024-03-14 10:20:08 Configuration directory URI: 'file:///home/andojas/.arduinoIDE'
2024-03-14 10:20:08 Configuring to accept webviews on '^.+\.webview\..+$' hostname.
2024-03-14 10:20:08 2024-03-14T09:20:08.790Z root INFO Backend Object.initialize: 4.5 ms [Finished 0.377 s after backend start]
2024-03-14 10:20:08 2024-03-14T09:20:08.793Z root INFO Backend Object.configure: 3.9 ms [Finished 0.377 s after backend start]
2024-03-14 10:20:08 2024-03-14T09:20:08.793Z root INFO Backend s.onStart: 1.7 ms [Finished 0.377 s after backend start]
2024-03-14 10:20:08 2024-03-14T09:20:08.794Z root INFO Backend s.configure: 0.3 ms [Finished 0.395 s after backend start]
2024-03-14 10:20:08 2024-03-14T09:20:08.795Z root INFO Backend d.onStart: 0.2 ms [Finished 0.395 s after backend start]
2024-03-14 10:20:08 2024-03-14T09:20:08.795Z root INFO Backend d.configure: 0.1 ms [Finished 0.395 s after backend start]
2024-03-14 10:20:08 2024-03-14T09:20:08.795Z root INFO Backend d.initialize: 18.6 ms [Finished 0.396 s after backend start]
2024-03-14 10:20:08 2024-03-14T09:20:08.795Z root INFO Backend c.onStart: 0.3 ms [Finished 0.396 s after backend start]
2024-03-14 10:20:08 2024-03-14T09:20:08.796Z root INFO Backend a.configure: 3.5 ms [Finished 0.399 s after backend start]
2024-03-14 10:20:08 2024-03-14T09:20:08.796Z config INFO >>> Initializing CLI configuration...
2024-03-14 10:20:08 2024-03-14T09:20:08.796Z root INFO Backend c.initialize: 0.6 ms [Finished 0.400 s after backend start]
2024-03-14 10:20:08 2024-03-14T09:20:08.796Z root INFO Backend R.onStart: 0.7 ms [Finished 0.400 s after backend start]
2024-03-14 10:20:08 2024-03-14T09:20:08.797Z config INFO Loading CLI configuration from /home/andojas/.arduinoIDE/arduino-cli.yaml...
2024-03-14 10:20:08 2024-03-14T09:20:08.797Z daemon INFO Starting daemon from /tmp/.mount_arduinlOaNmf/resources/app/lib/backend/resources/arduino-cli...
2024-03-14 10:20:08 2024-03-14T09:20:08.797Z root INFO Backend a.initialize: 0.2 ms [Finished 0.401 s after backend start]
2024-03-14 10:20:08 2024-03-14T09:20:08.797Z root INFO Backend w.onStart: 0.5 ms [Finished 0.401 s after backend start]
2024-03-14 10:20:08 2024-03-14T09:20:08.797Z root INFO Backend r.configure: 0.9 ms [Finished 0.401 s after backend start]
2024-03-14 10:20:08 2024-03-14T09:20:08.797Z discovery-log INFO start
2024-03-14 10:20:08 2024-03-14T09:20:08.797Z discovery-log INFO start new deferred
2024-03-14 10:20:08 2024-03-14T09:20:08.797Z root INFO Backend d.initialize: 0.2 ms [Finished 0.401 s after backend start]
2024-03-14 10:20:08 2024-03-14T09:20:08.797Z root INFO Backend y.onStart: 0.9 ms [Finished 0.402 s after backend start]
2024-03-14 10:20:08 2024-03-14T09:20:08.797Z root INFO Backend r.configure: 0.8 ms [Finished 0.402 s after backend start]
2024-03-14 10:20:08 2024-03-14T09:20:08.798Z root INFO Backend a.onStart: 0.4 ms [Finished 0.403 s after backend start]
2024-03-14 10:20:08 2024-03-14T09:20:08.798Z root INFO Backend h.configure: 0.3 ms [Finished 0.403 s after backend start]
2024-03-14 10:20:08 2024-03-14T09:20:08.798Z root INFO Backend s.configure: 0.1 ms [Finished 0.403 s after backend start]
2024-03-14 10:20:08 2024-03-14T09:20:08.798Z root INFO Backend l.configure: 0.1 ms [Finished 0.403 s after backend start]
2024-03-14 10:20:08 2024-03-14T09:20:08.800Z root INFO Theia app listening on http://127.0.0.1:36249.
2024-03-14 10:20:08 2024-03-14T09:20:08.800Z root INFO Finished starting backend application: 2.2 ms [Finished 0.405 s after backend start]
2024-03-14 10:20:08 2024-03-14T09:20:08.820Z root WARN The local plugin referenced by local-dir:/home/andojas/.arduinoIDE/plugins does not exist.
2024-03-14 10:20:08 2024-03-14T09:20:08.820Z root WARN The local plugin referenced by local-dir:/home/andojas/.arduinoIDE/extensions does not exist.
2024-03-14 10:20:09 2024-03-14T09:20:08.939Z root INFO Resolve plugins list: 142.0 ms [Finished 0.544 s after backend start]
2024-03-14 10:20:09 2024-03-14T09:20:09.012Z daemon INFO time="2024-03-14T10:20:09+01:00" level=info msg="Config file not found, using default values"
time="2024-03-14T10:20:09+01:00" level=info msg="arduino-cli version 0.35.3"
time="2024-03-14T10:20:09+01:00" level=info msg="Executing `arduino-cli daemon`"
2024-03-14 10:20:09 2024-03-14T09:20:09.044Z daemon INFO Daemon is now listening on 127.0.0.1:37629
{"IP":"127.0.0.1","Port":"37629"}
2024-03-14 10:20:09 2024-03-14T09:20:09.044Z daemon INFO Daemon is running.
2024-03-14 10:20:09 2024-03-14T09:20:09.044Z config INFO Loading CLI configuration from /home/andojas/.arduinoIDE/arduino-cli.yaml...
2024-03-14 10:20:09 2024-03-14T09:20:09.054Z config INFO Loaded CLI configuration: {"board_manager":{"additional_urls":[]},"build_cache":{"compilations_before_purge":10,"ttl":"720h0m0s"},"daemon":{"port":"50051"},"directories":{"data":"/home/andojas/.arduino15","downloads":"/home/andojas/.arduino15/staging","user":"/home/andojas/Arduino"},"library":{"enable_unsafe_install":false},"logging":{"file":"","format":"text","level":"info"},"metrics":{"addr":":9090","enabled":true},"output":{"no_color":false},"sketch":{"always_export_binaries":false},"updater":{"enable_notification":true}}
2024-03-14 10:20:09 2024-03-14T09:20:09.054Z config INFO 'directories.data' and 'directories.user' are set in the CLI configuration model.
2024-03-14 10:20:09 2024-03-14T09:20:09.054Z config INFO Loaded the CLI configuration.
2024-03-14 10:20:09 2024-03-14T09:20:09.056Z config INFO Mapped the CLI configuration: {"dataDirUri":"file:///home/andojas/.arduino15","sketchDirUri":"file:///home/andojas/Arduino","additionalUrls":[],"network":"none","locale":"en"}
2024-03-14 10:20:09 2024-03-14T09:20:09.056Z config INFO Validating the CLI configuration...
2024-03-14 10:20:09 2024-03-14T09:20:09.070Z config INFO The CLI config is valid.
2024-03-14 10:20:09 2024-03-14T09:20:09.070Z config INFO <<< Initialized the CLI configuration.
2024-03-14 10:20:09 2024-03-14T09:20:09.071Z daemon INFO time="2024-03-14T10:20:09+01:00" level=info msg="Updating libraries index"
2024-03-14 10:20:09 2024-03-14T09:20:09.074Z daemon INFO time="2024-03-14T10:20:09+01:00" level=info msg="Starting download" url="https://downloads.arduino.cc/libraries/library_index.tar.bz2"
2024-03-14 10:20:09 2024-03-14T09:20:09.829Z root INFO Deploy plugins list: 142.0 ms [Finished 1.435 s after backend start]
2024-03-14 10:20:10 Opening channel for service path '/services/electron-window'.
2024-03-14 10:20:10 Opening channel for service path '/services/ide-updater'.
2024-03-14 10:20:10 2024-03-14T09:20:10.325Z root WARN Frontend a.configure took longer than the expected maximum 100 milliseconds: 170.6 ms [Finished 1.313 s after frontend start]
2024-03-14 10:20:10 2024-03-14T09:20:10.336Z root WARN A command editor.action.toggleStickyScroll is already registered.
2024-03-14 10:20:10 2024-03-14T09:20:10.697Z daemon INFO time="2024-03-14T10:20:10+01:00" level=info msg="Updating index" url="https://downloads.arduino.cc/packages/package_index.tar.bz2"
2024-03-14 10:20:10 2024-03-14T09:20:10.697Z daemon INFO time="2024-03-14T10:20:10+01:00" level=info msg="Starting download" url="https://downloads.arduino.cc/packages/package_index.tar.bz2"
2024-03-14 10:20:11 2024-03-14T09:20:11.296Z daemon INFO time="2024-03-14T10:20:11+01:00" level=info msg="Checking signature" index=/home/andojas/.arduino15/package_index.json signatureFile=/home/andojas/.arduino15/package_index.json.sig trusted=true
2024-03-14 10:20:11 2024-03-14T09:20:11.297Z daemon INFO time="2024-03-14T10:20:11+01:00" level=info msg="Loading hardware from: /home/andojas/.arduino15/packages"
2024-03-14 10:20:11 2024-03-14T09:20:11.297Z daemon INFO time="2024-03-14T10:20:11+01:00" level=info msg="Starting download" url="https://downloads.arduino.cc/tools/ctags-5.8-arduino11-pm-x86_64-pc-linux-gnu.tar.bz2"
2024-03-14 10:20:11 2024-03-14T09:20:11.897Z daemon INFO time="2024-03-14T10:20:11+01:00" level=info msg="Installing tool" Tool="builtin:ctags@5.8-arduino11"
2024-03-14 10:20:11 2024-03-14T09:20:11.908Z daemon INFO time="2024-03-14T10:20:11+01:00" level=info msg="Skipping tool configuration." Tool="builtin:ctags@5.8-arduino11"
time="2024-03-14T10:20:11+01:00" level=info msg="Tool installed" Tool="builtin:ctags@5.8-arduino11"
2024-03-14 10:20:11 2024-03-14T09:20:11.908Z daemon INFO time="2024-03-14T10:20:11+01:00" level=info msg="Starting download" url="https://downloads.arduino.cc/discovery/serial-discovery/serial-discovery_v1.4.0_Linux_64bit.tar.gz"
2024-03-14 10:20:12 2024-03-14T09:20:12.264Z daemon INFO time="2024-03-14T10:20:12+01:00" level=info msg="Installing tool" Tool="builtin:serial-discovery@1.4.0"
2024-03-14 10:20:12 2024-03-14T09:20:12.279Z daemon INFO time="2024-03-14T10:20:12+01:00" level=info msg="Skipping tool configuration." Tool="builtin:serial-discovery@1.4.0"
time="2024-03-14T10:20:12+01:00" level=info msg="Tool installed" Tool="builtin:serial-discovery@1.4.0"
2024-03-14 10:20:12 2024-03-14T09:20:12.279Z daemon INFO time="2024-03-14T10:20:12+01:00" level=info msg="Starting download" url="https://downloads.arduino.cc/discovery/mdns-discovery/mdns-discovery_v1.0.9_Linux_64bit.tar.gz"
2024-03-14 10:20:12 2024-03-14T09:20:12.787Z daemon INFO time="2024-03-14T10:20:12+01:00" level=info msg="Installing tool" Tool="builtin:mdns-discovery@1.0.9"
2024-03-14 10:20:12 2024-03-14T09:20:12.810Z daemon INFO time="2024-03-14T10:20:12+01:00" level=info msg="Skipping tool configuration." Tool="builtin:mdns-discovery@1.0.9"
time="2024-03-14T10:20:12+01:00" level=info msg="Tool installed" Tool="builtin:mdns-discovery@1.0.9"
time="2024-03-14T10:20:12+01:00" level=info msg="Starting download" url="https://downloads.arduino.cc/monitor/serial-monitor/serial-monitor_v0.14.1_Linux_64bit.tar.gz"
2024-03-14 10:20:13 2024-03-14T09:20:13.243Z daemon INFO time="2024-03-14T10:20:13+01:00" level=info msg="Installing tool" Tool="builtin:serial-monitor@0.14.1"
2024-03-14 10:20:13 2024-03-14T09:20:13.262Z daemon INFO time="2024-03-14T10:20:13+01:00" level=info msg="Skipping tool configuration." Tool="builtin:serial-monitor@0.14.1"
time="2024-03-14T10:20:13+01:00" level=info msg="Tool installed" Tool="builtin:serial-monitor@0.14.1"
2024-03-14 10:20:13 2024-03-14T09:20:13.262Z daemon INFO time="2024-03-14T10:20:13+01:00" level=info msg="Starting download" url="https://downloads.arduino.cc/discovery/dfu-discovery/dfu-discovery_v0.1.2_Linux_64bit.tar.gz"
2024-03-14 10:20:13 2024-03-14T09:20:13.692Z daemon INFO time="2024-03-14T10:20:13+01:00" level=info msg="Installing tool" Tool="builtin:dfu-discovery@0.1.2"
2024-03-14 10:20:13 2024-03-14T09:20:13.708Z daemon INFO time="2024-03-14T10:20:13+01:00" level=info msg="Skipping tool configuration." Tool="builtin:dfu-discovery@0.1.2"
time="2024-03-14T10:20:13+01:00" level=info msg="Tool installed" Tool="builtin:dfu-discovery@0.1.2"
time="2024-03-14T10:20:13+01:00" level=info msg="Loading tools from dir: /home/andojas/.arduino15/packages/builtin/tools"
2024-03-14 10:20:13 2024-03-14T09:20:13.708Z daemon INFO time="2024-03-14T10:20:13+01:00" level=info msg="Loaded tool" tool="builtin:ctags@5.8-arduino11"
time="2024-03-14T10:20:13+01:00" level=info msg="Loaded tool" tool="builtin:dfu-discovery@0.1.2"
time="2024-03-14T10:20:13+01:00" level=info msg="Loaded tool" tool="builtin:mdns-discovery@1.0.9"
time="2024-03-14T10:20:13+01:00" level=info msg="Loaded tool" tool="builtin:serial-discovery@1.4.0"
time="2024-03-14T10:20:13+01:00" level=info msg="Loaded tool" tool="builtin:serial-monitor@0.14.1"
2024-03-14 10:20:13 2024-03-14T09:20:13.709Z daemon INFO time="2024-03-14T10:20:13+01:00" level=info msg="Loading libraries index file" index=/home/andojas/.arduino15/library_index.json
2024-03-14 10:20:13 2024-03-14T09:20:13.854Z daemon INFO time="2024-03-14T10:20:13+01:00" level=info msg="Adding libraries dir" dir=/home/andojas/.arduino15/libraries location=ide
time="2024-03-14T10:20:13+01:00" level=info msg="Adding libraries dir" dir=/home/andojas/Arduino/libraries location=user
2024-03-14 10:20:13 2024-03-14T09:20:13.857Z discovery-log INFO start resolved watching
2024-03-14 10:20:13 2024-03-14T09:20:13.858Z daemon INFO time="2024-03-14T10:20:13+01:00" level=info msg="starting discovery builtin:mdns-discovery process"
2024-03-14 10:20:13 2024-03-14T09:20:13.858Z daemon INFO time="2024-03-14T10:20:13+01:00" level=info msg="starting discovery builtin:serial-discovery process"
2024-03-14 10:20:13 2024-03-14T09:20:13.859Z daemon INFO time="2024-03-14T10:20:13+01:00" level=info msg="started discovery builtin:serial-discovery process"
time="2024-03-14T10:20:13+01:00" level=info msg="sending command HELLO 1 \"arduino-cli 0.35.3\" to discovery builtin:serial-discovery"
time="2024-03-14T10:20:13+01:00" level=info msg="started discovery builtin:mdns-discovery process"
time="2024-03-14T10:20:13+01:00" level=info msg="sending command HELLO 1 \"arduino-cli 0.35.3\" to discovery builtin:mdns-discovery"
2024-03-14 10:20:13 2024-03-14T09:20:13.860Z daemon INFO time="2024-03-14T10:20:13+01:00" level=info msg="from discovery builtin:serial-discovery received message type: hello, message: OK, protocol version: 1"
2024-03-14 10:20:13 2024-03-14T09:20:13.860Z daemon INFO time="2024-03-14T10:20:13+01:00" level=info msg="sending command START_SYNC to discovery builtin:serial-discovery"
2024-03-14 10:20:13 2024-03-14T09:20:13.860Z daemon INFO time="2024-03-14T10:20:13+01:00" level=info msg="from discovery builtin:mdns-discovery received message type: hello, message: OK, protocol version: 1"
2024-03-14 10:20:13 2024-03-14T09:20:13.860Z daemon INFO time="2024-03-14T10:20:13+01:00" level=info msg="sending command START_SYNC to discovery builtin:mdns-discovery"
2024-03-14 10:20:13 2024-03-14T09:20:13.860Z daemon INFO time="2024-03-14T10:20:13+01:00" level=info msg="from discovery builtin:mdns-discovery received message type: start_sync, message: OK"
2024-03-14 10:20:13 2024-03-14T09:20:13.862Z daemon INFO time="2024-03-14T10:20:13+01:00" level=info msg="from discovery builtin:serial-discovery received message type: start_sync, message: OK"
2024-03-14 10:20:13 2024-03-14T09:20:13.870Z root WARN Frontend c.onStart took longer than the expected maximum 100 milliseconds: 3486.0 ms [Finished 4.869 s after frontend start]
2024-03-14 10:20:13 2024-03-14T09:20:13.893Z root INFO Start frontend contributions: 3778.7 ms [Finished 4.874 s after frontend start]
2024-03-14 10:20:13 2024-03-14T09:20:13.894Z root INFO Changed application state from 'init' to 'started_contributions'.
2024-03-14 10:20:13 2024-03-14T09:20:13.900Z root INFO Changed application state from 'started_contributions' to 'attached_shell'.
2024-03-14 10:20:13 2024-03-14T09:20:13.901Z root INFO >>> Restoring the layout state...
2024-03-14 10:20:13 2024-03-14T09:20:13.901Z root INFO <<< Nothing to restore.
2024-03-14 10:20:13 2024-03-14T09:20:13.925Z root INFO Initialize the workbench layout: 19.0 ms [Finished 4.919 s after frontend start]
2024-03-14 10:20:13 2024-03-14T09:20:13.940Z root INFO Changed application state from 'attached_shell' to 'initialized_layout'.
2024-03-14 10:20:13 2024-03-14T09:20:13.959Z root INFO [a28599a2-2b47-4cf5-9f27-3e168d201670] Waiting for backend deployment: 88.0 ms [Finished 4.958 s after frontend start]
2024-03-14 10:20:14 2024-03-14T09:20:14.249Z root INFO [hosted-plugin: 82333] PLUGIN_HOST(82333) starting instance
2024-03-14 10:20:14 2024-03-14T09:20:14.556Z root INFO [a28599a2-2b47-4cf5-9f27-3e168d201670] Sync of 23 plugins: 581.4 ms [Finished 5.540 s after frontend start]
2024-03-14 10:20:14 2024-03-14T09:20:14.556Z root INFO [a28599a2-2b47-4cf5-9f27-3e168d201670] Loading plugin contributions
2024-03-14 10:20:14 2024-03-14T09:20:14.556Z root INFO [a28599a2-2b47-4cf5-9f27-3e168d201670] Load contributions of 23 plugins: 15.3 ms [Finished 5.555 s after frontend start]
2024-03-14 10:20:14 2024-03-14T09:20:14.566Z root WARN 'cpp' language is remapped from 'source.cpp.embedded.macro' to 'source.cpp' scope
2024-03-14 10:20:14 2024-03-14T09:20:14.566Z root WARN a registered grammar configuration for 'cpp' language is overridden
2024-03-14 10:20:14 Checking for update
2024-03-14 10:20:14 Generated new staging user ID: 1b01175b-8a07-5f3c-85a7-9d341f0fb8c7
2024-03-14 10:20:14 2024-03-14T09:20:14.928Z root INFO Replace loading indicator with ready workbench UI (animation): 880.1 ms [Finished 5.820 s after frontend start]
2024-03-14 10:20:14 2024-03-14T09:20:14.928Z root INFO Changed application state from 'initialized_layout' to 'ready'.
2024-03-14 10:20:14 2024-03-14T09:20:14.928Z root WARN Linked preference "workbench.colorCustomizations" not found.
2024-03-14 10:20:14 2024-03-14T09:20:14.929Z root INFO Frontend application start: 4594.5 ms [Finished 6.509 s after backend start]
2024-03-14 10:20:14 2024-03-14T09:20:14.956Z root INFO core-client-provider [library-index] Downloading index: library_index.tar.bz2

2024-03-14 10:20:14 2024-03-14T09:20:14.957Z root INFO core-client-provider [platform-index] Downloading index: package_index.tar.bz2

2024-03-14 10:20:14 2024-03-14T09:20:14.957Z daemon INFO time="2024-03-14T10:20:14+01:00" level=info msg="Updating libraries index"
time="2024-03-14T10:20:14+01:00" level=info msg="Updating index" url="https://downloads.arduino.cc/packages/package_index.tar.bz2"
time="2024-03-14T10:20:14+01:00" level=info msg="Starting download" url="https://downloads.arduino.cc/libraries/library_index.tar.bz2"
time="2024-03-14T10:20:14+01:00" level=info msg="Starting download" url="https://downloads.arduino.cc/packages/package_index.tar.bz2"
2024-03-14 10:20:15 2024-03-14T09:20:15.036Z root INFO ---- DURATION: search took 60.928 ms. Args: [{"query":"Arduino_BuiltIn"}] ----
2024-03-14 10:20:15 2024-03-14T09:20:15.037Z root INFO >>> Starting boards package installation... {
  id: 'arduino:avr',
  name: 'Arduino AVR Boards',
  author: 'Arduino',
  availableVersions: [
    '1.8.6',  '1.8.5',  '1.8.4',
    '1.8.3',  '1.8.2',  '1.8.1',
    '1.6.23', '1.6.22', '1.6.21',
    '1.6.20', '1.6.19', '1.6.18',
    '1.6.17', '1.6.16', '1.6.15',
    '1.6.14', '1.6.13', '1.6.12',
    '1.6.11', '1.6.10', '1.6.9',
    '1.6.8',  '1.6.7',  '1.6.6',
    '1.6.5',  '1.6.4',  '1.6.3',
    '1.6.2'
  ],
  description: 'Arduino Yún, Arduino UNO, Arduino UNO Mini, Arduino UNO WiFi, Arduino Diecimila, Arduino Nano, Arduino Mega, Arduino Mega ADK, Arduino Leonardo, Arduino Leonardo Ethernet, Arduino Micro, Arduino Esplora, Arduino Mini, Arduino Ethernet, Arduino Fio, Arduino BT, Arduino LilyPad USB, Arduino LilyPad, Arduino Pro, Arduino ATMegaNG, Arduino Robot Control, Arduino Robot Motor, Arduino Gemma, Adafruit Circuit Playground, Arduino Yún Mini, Arduino Industrial 101, Linino One',
  types: [ 'Arduino' ],
  deprecated: false,
  summary: 'Boards included in this package:',
  installedVersion: undefined,
  boards: [
    { name: 'Arduino Yún', fqbn: '' },
    { name: 'Arduino UNO', fqbn: '' },
    { name: 'Arduino UNO Mini', fqbn: '' },
    { name: 'Arduino UNO WiFi', fqbn: '' },
    { name: 'Arduino Diecimila', fqbn: '' },
    { name: 'Arduino Nano', fqbn: '' },
    { name: 'Arduino Mega', fqbn: '' },
    { name: 'Arduino Mega ADK', fqbn: '' },
    { name: 'Arduino Leonardo', fqbn: '' },
    { name: 'Arduino Leonardo Ethernet', fqbn: '' },
    { name: 'Arduino Micro', fqbn: '' },
    { name: 'Arduino Esplora', fqbn: '' },
    { name: 'Arduino Mini', fqbn: '' },
    { name: 'Arduino Ethernet', fqbn: '' },
    { name: 'Arduino Fio', fqbn: '' },
    { name: 'Arduino BT', fqbn: '' },
    { name: 'Arduino LilyPad USB', fqbn: '' },
    { name: 'Arduino LilyPad', fqbn: '' },
    { name: 'Arduino Pro', fqbn: '' },
    { name: 'Arduino ATMegaNG', fqbn: '' },
    { name: 'Arduino Robot Control', fqbn: '' },
    { name: 'Arduino Robot Motor', fqbn: '' },
    { name: 'Arduino Gemma', fqbn: '' },
    { name: 'Adafruit Circuit Playground', fqbn: '' },
    { name: 'Arduino Yún Mini', fqbn: '' },
    { name: 'Arduino Industrial 101', fqbn: '' },
    { name: 'Linino One', fqbn: '' }
  ],
  moreInfoLink: 'http://www.arduino.cc/',
  index: 0
}
2024-03-14 10:20:15 2024-03-14T09:20:15.037Z discovery-log INFO stop
2024-03-14 10:20:15 2024-03-14T09:20:15.038Z discovery-log INFO >>> Stopping boards watcher...
2024-03-14 10:20:15 2024-03-14T09:20:15.038Z discovery-log INFO Canceling boards watcher...
2024-03-14 10:20:15 2024-03-14T09:20:15.038Z discovery-log INFO disposing requesting cancel
2024-03-14 10:20:15 2024-03-14T09:20:15.038Z discovery-log INFO disposing canceled
2024-03-14 10:20:15 2024-03-14T09:20:15.038Z discovery-log INFO error received
2024-03-14 10:20:15 2024-03-14T09:20:15.038Z discovery-log INFO cancel error received!
2024-03-14 10:20:15 2024-03-14T09:20:15.038Z discovery-log INFO stop received event: either end or cancel
2024-03-14 10:20:15 2024-03-14T09:20:15.038Z discovery-log INFO stop stopped
2024-03-14 10:20:15 2024-03-14T09:20:15.038Z discovery-log INFO received end
2024-03-14 10:20:15 2024-03-14T09:20:15.039Z daemon INFO time="2024-03-14T10:20:15+01:00" level=info msg="Starting download" url="http://downloads.arduino.cc/tools/avr-gcc-7.3.0-atmel3.6.1-arduino7-x86_64-pc-linux-gnu.tar.bz2"
2024-03-14 10:20:15 2024-03-14T09:20:15.141Z root ERROR ---- !!!SLOW!!! DURATION: search took 211.048 ms. Args: [{"type":"Updatable"}] ----
2024-03-14 10:20:15 2024-03-14T09:20:15.146Z root ERROR [hosted-plugin: 82333] Conflict in settings file Default: Ignoring cortex-debug.armToolchainPath.linux as cortex-debug.armToolchainPath is null
2024-03-14 10:20:15 2024-03-14T09:20:15.146Z root ERROR [hosted-plugin: 82333] Conflict in settings file Default: Ignoring cortex-debug.armToolchainPath.osx as cortex-debug.armToolchainPath is null
2024-03-14 10:20:15 2024-03-14T09:20:15.146Z root ERROR [hosted-plugin: 82333] Conflict in settings file Default: Ignoring cortex-debug.armToolchainPath.windows as cortex-debug.armToolchainPath is null
2024-03-14 10:20:15 2024-03-14T09:20:15.146Z root ERROR [hosted-plugin: 82333] Conflict in settings file Default: Ignoring cortex-debug.JLinkGDBServerPath.linux as cortex-debug.JLinkGDBServerPath is null
2024-03-14 10:20:15 2024-03-14T09:20:15.146Z root ERROR [hosted-plugin: 82333] Conflict in settings file Default: Ignoring cortex-debug.JLinkGDBServerPath.osx as cortex-debug.JLinkGDBServerPath is null
Conflict in settings file Default: Ignoring cortex-debug.JLinkGDBServerPath.windows as cortex-debug.JLinkGDBServerPath is null
2024-03-14 10:20:15 2024-03-14T09:20:15.146Z root ERROR [hosted-plugin: 82333] Conflict in settings file Default: Ignoring cortex-debug.openocdPath.linux as cortex-debug.openocdPath is null
2024-03-14 10:20:15 2024-03-14T09:20:15.146Z root ERROR [hosted-plugin: 82333] Conflict in settings file Default: Ignoring cortex-debug.openocdPath.osx as cortex-debug.openocdPath is null
2024-03-14 10:20:15 2024-03-14T09:20:15.146Z root ERROR [hosted-plugin: 82333] Conflict in settings file Default: Ignoring cortex-debug.openocdPath.windows as cortex-debug.openocdPath is null
2024-03-14 10:20:15 2024-03-14T09:20:15.146Z root ERROR [hosted-plugin: 82333] Conflict in settings file Default: Ignoring cortex-debug.pyocdPath.linux as cortex-debug.pyocdPath is null
Conflict in settings file Default: Ignoring cortex-debug.pyocdPath.osx as cortex-debug.pyocdPath is null
Conflict in settings file Default: Ignoring cortex-debug.pyocdPath.windows as cortex-debug.pyocdPath is null
2024-03-14 10:20:15 2024-03-14T09:20:15.146Z root ERROR [hosted-plugin: 82333] Conflict in settings file Default: Ignoring cortex-debug.PEGDBServerPath.linux as cortex-debug.PEGDBServerPath is null
Conflict in settings file Default: Ignoring cortex-debug.PEGDBServerPath.osx as cortex-debug.PEGDBServerPath is null
Conflict in settings file Default: Ignoring cortex-debug.PEGDBServerPath.windows as cortex-debug.PEGDBServerPath is null
Conflict in settings file Default: Ignoring cortex-debug.stutilPath.linux as cortex-debug.stutilPath is null
2024-03-14 10:20:15 2024-03-14T09:20:15.146Z root ERROR [hosted-plugin: 82333] Conflict in settings file Default: Ignoring cortex-debug.stutilPath.osx as cortex-debug.stutilPath is null
Conflict in settings file Default: Ignoring cortex-debug.stutilPath.windows as cortex-debug.stutilPath is null
Conflict in settings file Default: Ignoring cortex-debug.stlinkPath.linux as cortex-debug.stlinkPath is null
2024-03-14 10:20:15 2024-03-14T09:20:15.146Z root ERROR [hosted-plugin: 82333] Conflict in settings file Default: Ignoring cortex-debug.stlinkPath.osx as cortex-debug.stlinkPath is null
Conflict in settings file Default: Ignoring cortex-debug.stlinkPath.windows as cortex-debug.stlinkPath is null
2024-03-14 10:20:15 2024-03-14T09:20:15.146Z root ERROR [hosted-plugin: 82333] Conflict in settings file Default: Ignoring cortex-debug.stm32cubeprogrammer.linux as cortex-debug.stm32cubeprogrammer is null
Conflict in settings file Default: Ignoring cortex-debug.stm32cubeprogrammer.osx as cortex-debug.stm32cubeprogrammer is null
2024-03-14 10:20:15 2024-03-14T09:20:15.146Z root ERROR [hosted-plugin: 82333] Conflict in settings file Default: Ignoring cortex-debug.stm32cubeprogrammer.windows as cortex-debug.stm32cubeprogrammer is null
2024-03-14 10:20:15 2024-03-14T09:20:15.151Z root INFO [hosted-plugin: 82333] PLUGIN_HOST(82333): PluginManagerExtImpl/init()
2024-03-14 10:20:15 2024-03-14T09:20:15.152Z root INFO [hosted-plugin: 82333] PLUGIN_HOST(82333): initializing(vscode-arduino-api@0.1.2 with /tmp/.mount_arduinlOaNmf/resources/app/lib/backend/plugin-vscode-init)
2024-03-14 10:20:15 2024-03-14T09:20:15.187Z root INFO [hosted-plugin: 82333] PLUGIN_HOST(82333): initializing(cortex-debug@1.5.1 with /tmp/.mount_arduinlOaNmf/resources/app/lib/backend/plugin-vscode-init)
2024-03-14 10:20:15 2024-03-14T09:20:15.187Z root INFO [hosted-plugin: 82333] Debugger contribution has been registered: cortex-debug
2024-03-14 10:20:15 2024-03-14T09:20:15.188Z root INFO [hosted-plugin: 82333] PLUGIN_HOST(82333): initializing(vscode-arduino-tools@0.1.3 with /tmp/.mount_arduinlOaNmf/resources/app/lib/backend/plugin-vscode-init)
2024-03-14 10:20:15 2024-03-14T09:20:15.188Z root INFO [hosted-plugin: 82333] PLUGIN_HOST(82333): initializing(cpp@1.52.1 with /tmp/.mount_arduinlOaNmf/resources/app/lib/backend/plugin-vscode-init)
2024-03-14 10:20:15 2024-03-14T09:20:15.188Z root INFO [hosted-plugin: 82333] PLUGIN_HOST(82333): initializing(json@1.46.1 with /tmp/.mount_arduinlOaNmf/resources/app/lib/backend/plugin-vscode-init)
2024-03-14 10:20:15 2024-03-14T09:20:15.189Z root INFO [hosted-plugin: 82333] PLUGIN_HOST(82333): initializing(json-language-features@1.46.1 with /tmp/.mount_arduinlOaNmf/resources/app/lib/backend/plugin-vscode-init)
2024-03-14 10:20:15 2024-03-14T09:20:15.190Z root INFO [hosted-plugin: 82333] PLUGIN_HOST(82333): initializing(vscode-language-pack-bg@1.48.3 with /tmp/.mount_arduinlOaNmf/resources/app/lib/backend/plugin-vscode-init)
2024-03-14 10:20:15 2024-03-14T09:20:15.190Z root INFO [hosted-plugin: 82333] PLUGIN_HOST(82333): initializing(vscode-language-pack-cs@1.80.0 with /tmp/.mount_arduinlOaNmf/resources/app/lib/backend/plugin-vscode-init)
2024-03-14 10:20:15 2024-03-14T09:20:15.191Z root INFO [hosted-plugin: 82333] PLUGIN_HOST(82333): initializing(vscode-language-pack-de@1.80.0 with /tmp/.mount_arduinlOaNmf/resources/app/lib/backend/plugin-vscode-init)
2024-03-14 10:20:15 2024-03-14T09:20:15.191Z root INFO [hosted-plugin: 82333] PLUGIN_HOST(82333): initializing(vscode-language-pack-es@1.80.0 with /tmp/.mount_arduinlOaNmf/resources/app/lib/backend/plugin-vscode-init)
2024-03-14 10:20:15 2024-03-14T09:20:15.192Z root INFO [hosted-plugin: 82333] PLUGIN_HOST(82333): initializing(vscode-language-pack-fr@1.80.0 with /tmp/.mount_arduinlOaNmf/resources/app/lib/backend/plugin-vscode-init)
2024-03-14 10:20:15 2024-03-14T09:20:15.192Z root INFO [hosted-plugin: 82333] PLUGIN_HOST(82333): initializing(vscode-language-pack-hu@1.48.3 with /tmp/.mount_arduinlOaNmf/resources/app/lib/backend/plugin-vscode-init)
2024-03-14 10:20:15 2024-03-14T09:20:15.192Z root INFO [hosted-plugin: 82333] PLUGIN_HOST(82333): initializing(vscode-language-pack-it@1.80.0 with /tmp/.mount_arduinlOaNmf/resources/app/lib/backend/plugin-vscode-init)
2024-03-14 10:20:15 2024-03-14T09:20:15.193Z root INFO [hosted-plugin: 82333] PLUGIN_HOST(82333): initializing(vscode-language-pack-ja@1.80.0 with /tmp/.mount_arduinlOaNmf/resources/app/lib/backend/plugin-vscode-init)
2024-03-14 10:20:15 2024-03-14T09:20:15.193Z root INFO [hosted-plugin: 82333] PLUGIN_HOST(82333): initializing(vscode-language-pack-ko@1.80.0 with /tmp/.mount_arduinlOaNmf/resources/app/lib/backend/plugin-vscode-init)
2024-03-14 10:20:15 2024-03-14T09:20:15.193Z root INFO [hosted-plugin: 82333] PLUGIN_HOST(82333): initializing(vscode-language-pack-nl@1.48.3 with /tmp/.mount_arduinlOaNmf/resources/app/lib/backend/plugin-vscode-init)
2024-03-14 10:20:15 2024-03-14T09:20:15.193Z root INFO [hosted-plugin: 82333] PLUGIN_HOST(82333): initializing(vscode-language-pack-pl@1.80.0 with /tmp/.mount_arduinlOaNmf/resources/app/lib/backend/plugin-vscode-init)
2024-03-14 10:20:15 2024-03-14T09:20:15.194Z root INFO [hosted-plugin: 82333] PLUGIN_HOST(82333): initializing(vscode-language-pack-pt-BR@1.80.0 with /tmp/.mount_arduinlOaNmf/resources/app/lib/backend/plugin-vscode-init)
2024-03-14 10:20:15 2024-03-14T09:20:15.194Z root INFO [hosted-plugin: 82333] PLUGIN_HOST(82333): initializing(vscode-language-pack-ru@1.80.0 with /tmp/.mount_arduinlOaNmf/resources/app/lib/backend/plugin-vscode-init)
2024-03-14 10:20:15 2024-03-14T09:20:15.194Z root INFO [hosted-plugin: 82333] PLUGIN_HOST(82333): initializing(vscode-language-pack-tr@1.80.0 with /tmp/.mount_arduinlOaNmf/resources/app/lib/backend/plugin-vscode-init)
2024-03-14 10:20:15 2024-03-14T09:20:15.194Z root INFO [hosted-plugin: 82333] PLUGIN_HOST(82333): initializing(vscode-language-pack-uk@1.48.3 with /tmp/.mount_arduinlOaNmf/resources/app/lib/backend/plugin-vscode-init)
2024-03-14 10:20:15 2024-03-14T09:20:15.195Z root INFO [hosted-plugin: 82333] PLUGIN_HOST(82333): initializing(vscode-language-pack-zh-hans@1.80.0 with /tmp/.mount_arduinlOaNmf/resources/app/lib/backend/plugin-vscode-init)
2024-03-14 10:20:15 2024-03-14T09:20:15.195Z root INFO [hosted-plugin: 82333] PLUGIN_HOST(82333): initializing(vscode-language-pack-zh-hant@1.80.0 with /tmp/.mount_arduinlOaNmf/resources/app/lib/backend/plugin-vscode-init)
2024-03-14 10:20:15 2024-03-14T09:20:15.229Z root INFO [hosted-plugin: 82333] PLUGIN_HOST(82333): PluginManagerExtImpl/loadPlugin(/tmp/.mount_arduinlOaNmf/resources/app/plugins/vscode-arduino-api/extension/dist/extension.js)
2024-03-14 10:20:15 2024-03-14T09:20:15.232Z root INFO [hosted-plugin: 82333] calling activation function on Arduino IDE API for VS Code extensions
2024-03-14 10:20:15 2024-03-14T09:20:15.236Z root INFO [hosted-plugin: 82333] PLUGIN_HOST(82333): PluginManagerExtImpl/loadPlugin(/tmp/.mount_arduinlOaNmf/resources/app/plugins/vscode-builtin-json-language-features/extension/client/dist/jsonMain)
2024-03-14 10:20:15 2024-03-14T09:20:15.253Z root INFO [hosted-plugin: 82333] calling activation function on JSON Language Features (built-in)
2024-03-14 10:20:15 2024-03-14T09:20:15.256Z root INFO [a28599a2-2b47-4cf5-9f27-3e168d201670] Starting plugins.
2024-03-14 10:20:15 2024-03-14T09:20:15.263Z root INFO [hosted-plugin: 82333] PLUGIN_HOST(82333): PluginManagerExtImpl/loadPlugin(/tmp/.mount_arduinlOaNmf/resources/app/plugins/cortex-debug/extension/dist/extension.js)
2024-03-14 10:20:15 2024-03-14T09:20:15.282Z root INFO [hosted-plugin: 82333] Debug configuration provider has been registered: cortex-debug, trigger: 1
2024-03-14 10:20:15 2024-03-14T09:20:15.282Z root INFO [hosted-plugin: 82333] calling activation function on Cortex-Debug
2024-03-14 10:20:15 2024-03-14T09:20:15.284Z root INFO [hosted-plugin: 82333] GDB server console created
2024-03-14 10:20:15 2024-03-14T09:20:15.287Z root INFO [a28599a2-2b47-4cf5-9f27-3e168d201670] Start of 23 plugins: 724.2 ms [Finished 6.287 s after frontend start]
2024-03-14 10:20:15 Update for version 2.3.2 is not available (latest version: 2.3.2, downgrade is allowed).
2024-03-14 10:20:16 2024-03-14T09:20:16.208Z daemon INFO time="2024-03-14T10:20:16+01:00" level=info msg="Checking signature" index=/home/andojas/.arduino15/package_index.json signatureFile=/home/andojas/.arduino15/package_index.json.sig trusted=true
2024-03-14 10:20:16 2024-03-14T09:20:16.208Z daemon INFO time="2024-03-14T10:20:16+01:00" level=info msg="Loading hardware from: /home/andojas/.arduino15/packages"
2024-03-14 10:20:16 2024-03-14T09:20:16.208Z daemon INFO time="2024-03-14T10:20:16+01:00" level=info msg="Loading package builtin from: /home/andojas/.arduino15/packages/builtin"
2024-03-14 10:20:16 2024-03-14T09:20:16.208Z daemon INFO time="2024-03-14T10:20:16+01:00" level=info msg="Checking existence of 'tools' path: /home/andojas/.arduino15/packages/builtin/tools"
time="2024-03-14T10:20:16+01:00" level=info msg="Loading tools from dir: /home/andojas/.arduino15/packages/builtin/tools"
2024-03-14 10:20:16 2024-03-14T09:20:16.208Z daemon INFO time="2024-03-14T10:20:16+01:00" level=info msg="Loaded tool" tool="builtin:ctags@5.8-arduino11"
2024-03-14 10:20:16 2024-03-14T09:20:16.208Z daemon INFO time="2024-03-14T10:20:16+01:00" level=info msg="Loaded tool" tool="builtin:dfu-discovery@0.1.2"
2024-03-14 10:20:16 2024-03-14T09:20:16.208Z daemon INFO time="2024-03-14T10:20:16+01:00" level=info msg="Loaded tool" tool="builtin:mdns-discovery@1.0.9"
2024-03-14 10:20:16 2024-03-14T09:20:16.208Z daemon INFO time="2024-03-14T10:20:16+01:00" level=info msg="Loaded tool" tool="builtin:serial-discovery@1.4.0"
2024-03-14 10:20:16 2024-03-14T09:20:16.208Z daemon INFO time="2024-03-14T10:20:16+01:00" level=info msg="Loaded tool" tool="builtin:serial-monitor@0.14.1"
2024-03-14 10:20:19 2024-03-14T09:20:19.717Z daemon INFO time="2024-03-14T10:20:19+01:00" level=info msg="Starting download" url="http://downloads.arduino.cc/tools/avrdude-6.3.0-arduino17-x86_64-pc-linux-gnu.tar.bz2"
2024-03-14 10:20:20 2024-03-14T09:20:20.297Z daemon INFO time="2024-03-14T10:20:20+01:00" level=info msg="Starting download" url="http://downloads.arduino.cc/tools/arduinoOTA-1.3.0-linux_amd64.tar.bz2"
2024-03-14 10:20:21 2024-03-14T09:20:21.152Z daemon INFO time="2024-03-14T10:20:21+01:00" level=info msg="Starting download" url="http://downloads.arduino.cc/cores/staging/avr-1.8.6.tar.bz2"
2024-03-14 10:20:22 2024-03-14T09:20:22.128Z daemon INFO time="2024-03-14T10:20:22+01:00" level=info msg="Installing tool" Tool="arduino:avr-gcc@7.3.0-atmel3.6.1-arduino7"
2024-03-14 10:20:26 2024-03-14T09:20:26.423Z daemon INFO time="2024-03-14T10:20:26+01:00" level=info msg="Running tool post_install script" Tool="arduino:avr-gcc@7.3.0-atmel3.6.1-arduino7"
time="2024-03-14T10:20:26+01:00" level=info msg="Tool installed" Tool="arduino:avr-gcc@7.3.0-atmel3.6.1-arduino7"
time="2024-03-14T10:20:26+01:00" level=info msg="Installing tool" Tool="arduino:avrdude@6.3.0-arduino17"
2024-03-14 10:20:26 2024-03-14T09:20:26.450Z daemon INFO time="2024-03-14T10:20:26+01:00" level=info msg="Running tool post_install script" Tool="arduino:avrdude@6.3.0-arduino17"
time="2024-03-14T10:20:26+01:00" level=info msg="Tool installed" Tool="arduino:avrdude@6.3.0-arduino17"
time="2024-03-14T10:20:26+01:00" level=info msg="Installing tool" Tool="arduino:arduinoOTA@1.3.0"
2024-03-14 10:20:26 2024-03-14T09:20:26.678Z daemon INFO time="2024-03-14T10:20:26+01:00" level=info msg="Running tool post_install script" Tool="arduino:arduinoOTA@1.3.0"
time="2024-03-14T10:20:26+01:00" level=info msg="Tool installed" Tool="arduino:arduinoOTA@1.3.0"
time="2024-03-14T10:20:26+01:00" level=info msg="Installing platform" platform="arduino:avr@1.8.6"
2024-03-14 10:20:27 2024-03-14T09:20:27.295Z daemon INFO time="2024-03-14T10:20:27+01:00" level=info msg="Running post_install script" platform="arduino:avr@1.8.6"
time="2024-03-14T10:20:27+01:00" level=info msg="Platform installed" platform="arduino:avr@1.8.6"
2024-03-14 10:20:27 2024-03-14T09:20:27.296Z daemon INFO time="2024-03-14T10:20:27+01:00" level=info msg="sending command QUIT to discovery builtin:serial-discovery"
2024-03-14 10:20:27 2024-03-14T09:20:27.296Z daemon INFO time="2024-03-14T10:20:27+01:00" level=info msg="from discovery builtin:serial-discovery received message type: quit, message: OK"
time="2024-03-14T10:20:27+01:00" level=info msg="killing discovery builtin:serial-discovery process"
time="2024-03-14T10:20:27+01:00" level=info msg="Discovery event channel closed builtin:serial-discovery. Exiting goroutine."
time="2024-03-14T10:20:27+01:00" level=info msg="killed discovery builtin:serial-discovery process"
time="2024-03-14T10:20:27+01:00" level=info msg="Closed and removed discovery builtin:serial-discovery"
time="2024-03-14T10:20:27+01:00" level=info msg="sending command QUIT to discovery builtin:mdns-discovery"
2024-03-14 10:20:27 2024-03-14T09:20:27.296Z daemon INFO time="2024-03-14T10:20:27+01:00" level=info msg="from discovery builtin:mdns-discovery received message type: quit, message: OK"
2024-03-14 10:20:27 2024-03-14T09:20:27.296Z daemon INFO time="2024-03-14T10:20:27+01:00" level=info msg="killing discovery builtin:mdns-discovery process"
2024-03-14 10:20:27 2024-03-14T09:20:27.296Z daemon INFO time="2024-03-14T10:20:27+01:00" level=info msg="Discovery event channel closed builtin:mdns-discovery. Exiting goroutine."
2024-03-14 10:20:27 2024-03-14T09:20:27.297Z daemon INFO time="2024-03-14T10:20:27+01:00" level=info msg="killed discovery builtin:mdns-discovery process"
time="2024-03-14T10:20:27+01:00" level=info msg="Closed and removed discovery builtin:mdns-discovery"
2024-03-14 10:20:27 2024-03-14T09:20:27.297Z daemon INFO time="2024-03-14T10:20:27+01:00" level=info msg="starting discovery builtin:serial-discovery process"
2024-03-14 10:20:27 2024-03-14T09:20:27.297Z daemon INFO time="2024-03-14T10:20:27+01:00" level=info msg="started discovery builtin:serial-discovery process"
time="2024-03-14T10:20:27+01:00" level=info msg="sending command HELLO 1 \"arduino-cli 0.35.3\" to discovery builtin:serial-discovery"
2024-03-14 10:20:27 2024-03-14T09:20:27.298Z daemon INFO time="2024-03-14T10:20:27+01:00" level=info msg="from discovery builtin:serial-discovery received message type: hello, message: OK, protocol version: 1"
2024-03-14 10:20:27 2024-03-14T09:20:27.298Z daemon INFO time="2024-03-14T10:20:27+01:00" level=info msg="sending command START_SYNC to discovery builtin:serial-discovery"
2024-03-14 10:20:27 2024-03-14T09:20:27.299Z daemon INFO time="2024-03-14T10:20:27+01:00" level=info msg="from discovery builtin:serial-discovery received message type: start_sync, message: OK"
2024-03-14 10:20:27 2024-03-14T09:20:27.299Z daemon INFO time="2024-03-14T10:20:27+01:00" level=info msg="starting discovery builtin:mdns-discovery process"
2024-03-14 10:20:27 2024-03-14T09:20:27.299Z daemon INFO time="2024-03-14T10:20:27+01:00" level=info msg="started discovery builtin:mdns-discovery process"
2024-03-14 10:20:27 2024-03-14T09:20:27.299Z daemon INFO time="2024-03-14T10:20:27+01:00" level=info msg="sending command HELLO 1 \"arduino-cli 0.35.3\" to discovery builtin:mdns-discovery"
2024-03-14 10:20:27 2024-03-14T09:20:27.302Z daemon INFO time="2024-03-14T10:20:27+01:00" level=info msg="from discovery builtin:mdns-discovery received message type: hello, message: OK, protocol version: 1"
2024-03-14 10:20:27 2024-03-14T09:20:27.302Z daemon INFO time="2024-03-14T10:20:27+01:00" level=info msg="sending command START_SYNC to discovery builtin:mdns-discovery"
2024-03-14 10:20:27 2024-03-14T09:20:27.302Z daemon INFO time="2024-03-14T10:20:27+01:00" level=info msg="from discovery builtin:mdns-discovery received message type: start_sync, message: OK"
2024-03-14 10:20:27 2024-03-14T09:20:27.302Z daemon INFO time="2024-03-14T10:20:27+01:00" level=info msg="Loading libraries index file" index=/home/andojas/.arduino15/library_index.json
2024-03-14 10:20:27 2024-03-14T09:20:27.309Z daemon INFO time="2024-03-14T10:20:27+01:00" level=info msg="Checking signature" index=/home/andojas/.arduino15/package_index.json signatureFile=/home/andojas/.arduino15/package_index.json.sig trusted=true
2024-03-14 10:20:27 2024-03-14T09:20:27.310Z daemon INFO time="2024-03-14T10:20:27+01:00" level=info msg="Loading hardware from: /home/andojas/.arduino15/packages"
2024-03-14 10:20:27 2024-03-14T09:20:27.310Z daemon INFO time="2024-03-14T10:20:27+01:00" level=info msg="Loading package arduino from: /home/andojas/.arduino15/packages/arduino/hardware"
2024-03-14 10:20:27 2024-03-14T09:20:27.311Z daemon INFO time="2024-03-14T10:20:27+01:00" level=info msg="Missing signature file" index=/home/andojas/.arduino15/packages/arduino/hardware/avr/1.8.6/installed.json
2024-03-14 10:20:27 2024-03-14T09:20:27.312Z daemon INFO time="2024-03-14T10:20:27+01:00" level=info msg="Adding monitor tool" protocol=serial tool="builtin:serial-monitor"
time="2024-03-14T10:20:27+01:00" level=info msg="Loaded platform" platform="arduino:avr@1.8.6"
2024-03-14 10:20:27 2024-03-14T09:20:27.312Z daemon INFO time="2024-03-14T10:20:27+01:00" level=info msg="Checking existence of 'tools' path: /home/andojas/.arduino15/packages/arduino/tools"
time="2024-03-14T10:20:27+01:00" level=info msg="Loading tools from dir: /home/andojas/.arduino15/packages/arduino/tools"
2024-03-14 10:20:27 2024-03-14T09:20:27.312Z daemon INFO time="2024-03-14T10:20:27+01:00" level=info msg="Loaded tool" tool="arduino:arduinoOTA@1.3.0"
2024-03-14 10:20:27 2024-03-14T09:20:27.312Z daemon INFO time="2024-03-14T10:20:27+01:00" level=info msg="Loaded tool" tool="arduino:avr-gcc@7.3.0-atmel3.6.1-arduino7"
2024-03-14 10:20:27 2024-03-14T09:20:27.312Z daemon INFO time="2024-03-14T10:20:27+01:00" level=info msg="Loaded tool" tool="arduino:avrdude@6.3.0-arduino17"
2024-03-14 10:20:27 2024-03-14T09:20:27.312Z daemon INFO time="2024-03-14T10:20:27+01:00" level=info msg="Loading package builtin from: /home/andojas/.arduino15/packages/builtin"
2024-03-14 10:20:27 2024-03-14T09:20:27.312Z daemon INFO time="2024-03-14T10:20:27+01:00" level=info msg="Checking existence of 'tools' path: /home/andojas/.arduino15/packages/builtin/tools"
time="2024-03-14T10:20:27+01:00" level=info msg="Loading tools from dir: /home/andojas/.arduino15/packages/builtin/tools"
2024-03-14 10:20:27 2024-03-14T09:20:27.312Z daemon INFO time="2024-03-14T10:20:27+01:00" level=info msg="Loaded tool" tool="builtin:ctags@5.8-arduino11"
2024-03-14 10:20:27 2024-03-14T09:20:27.312Z daemon INFO time="2024-03-14T10:20:27+01:00" level=info msg="Loaded tool" tool="builtin:dfu-discovery@0.1.2"
time="2024-03-14T10:20:27+01:00" level=info msg="Loaded tool" tool="builtin:mdns-discovery@1.0.9"
2024-03-14 10:20:27 2024-03-14T09:20:27.312Z daemon INFO time="2024-03-14T10:20:27+01:00" level=info msg="Loaded tool" tool="builtin:serial-discovery@1.4.0"
2024-03-14 10:20:27 2024-03-14T09:20:27.312Z daemon INFO time="2024-03-14T10:20:27+01:00" level=info msg="Loaded tool" tool="builtin:serial-monitor@0.14.1"
2024-03-14 10:20:27 2024-03-14T09:20:27.407Z daemon INFO time="2024-03-14T10:20:27+01:00" level=info msg="Adding libraries dir" dir=/home/andojas/.arduino15/libraries location=ide
time="2024-03-14T10:20:27+01:00" level=info msg="Adding libraries dir" dir=/home/andojas/Arduino/libraries location=user
2024-03-14 10:20:27 2024-03-14T09:20:27.408Z daemon INFO time="2024-03-14T10:20:27+01:00" level=info msg="sending command QUIT to discovery builtin:serial-discovery"
2024-03-14 10:20:27 2024-03-14T09:20:27.409Z daemon INFO time="2024-03-14T10:20:27+01:00" level=info msg="from discovery builtin:serial-discovery received message type: quit, message: OK"
time="2024-03-14T10:20:27+01:00" level=info msg="killing discovery builtin:serial-discovery process"
time="2024-03-14T10:20:27+01:00" level=info msg="Discovery event channel closed builtin:serial-discovery. Exiting goroutine."
time="2024-03-14T10:20:27+01:00" level=info msg="killed discovery builtin:serial-discovery process"
time="2024-03-14T10:20:27+01:00" level=info msg="Closed and removed discovery builtin:serial-discovery"
time="2024-03-14T10:20:27+01:00" level=info msg="sending command QUIT to discovery builtin:mdns-discovery"
time="2024-03-14T10:20:27+01:00" level=info msg="from discovery builtin:mdns-discovery received message type: quit, message: OK"
time="2024-03-14T10:20:27+01:00" level=info msg="killing discovery builtin:mdns-discovery process"
time="2024-03-14T10:20:27+01:00" level=info msg="Discovery event channel closed builtin:mdns-discovery. Exiting goroutine."
time="2024-03-14T10:20:27+01:00" level=info msg="killed discovery builtin:mdns-discovery process"
2024-03-14 10:20:27 2024-03-14T09:20:27.409Z daemon INFO time="2024-03-14T10:20:27+01:00" level=info msg="Closed and removed discovery builtin:mdns-discovery"
time="2024-03-14T10:20:27+01:00" level=info msg="starting discovery builtin:serial-discovery process"
2024-03-14 10:20:27 2024-03-14T09:20:27.409Z daemon INFO time="2024-03-14T10:20:27+01:00" level=info msg="started discovery builtin:serial-discovery process"
time="2024-03-14T10:20:27+01:00" level=info msg="sending command HELLO 1 \"arduino-cli 0.35.3\" to discovery builtin:serial-discovery"
2024-03-14 10:20:27 2024-03-14T09:20:27.410Z daemon INFO time="2024-03-14T10:20:27+01:00" level=info msg="from discovery builtin:serial-discovery received message type: hello, message: OK, protocol version: 1"
time="2024-03-14T10:20:27+01:00" level=info msg="sending command START_SYNC to discovery builtin:serial-discovery"
2024-03-14 10:20:27 2024-03-14T09:20:27.410Z daemon INFO time="2024-03-14T10:20:27+01:00" level=info msg="from discovery builtin:serial-discovery received message type: start_sync, message: OK"
2024-03-14 10:20:27 2024-03-14T09:20:27.410Z daemon INFO time="2024-03-14T10:20:27+01:00" level=info msg="starting discovery builtin:mdns-discovery process"
2024-03-14 10:20:27 2024-03-14T09:20:27.414Z daemon INFO time="2024-03-14T10:20:27+01:00" level=info msg="started discovery builtin:mdns-discovery process"
time="2024-03-14T10:20:27+01:00" level=info msg="sending command HELLO 1 \"arduino-cli 0.35.3\" to discovery builtin:mdns-discovery"
2024-03-14 10:20:27 2024-03-14T09:20:27.415Z daemon INFO time="2024-03-14T10:20:27+01:00" level=info msg="from discovery builtin:mdns-discovery received message type: hello, message: OK, protocol version: 1"
time="2024-03-14T10:20:27+01:00" level=info msg="sending command START_SYNC to discovery builtin:mdns-discovery"
time="2024-03-14T10:20:27+01:00" level=info msg="from discovery builtin:mdns-discovery received message type: start_sync, message: OK"
time="2024-03-14T10:20:27+01:00" level=info msg="Adding libraries dir" dir=/home/andojas/.arduino15/packages/arduino/hardware/avr/1.8.6/libraries location=platform
time="2024-03-14T10:20:27+01:00" level=info msg="Loading libraries index file" index=/home/andojas/.arduino15/library_index.json
2024-03-14 10:20:27 2024-03-14T09:20:27.507Z daemon INFO time="2024-03-14T10:20:27+01:00" level=info msg="Adding libraries dir" dir=/home/andojas/.arduino15/libraries location=ide
time="2024-03-14T10:20:27+01:00" level=info msg="Adding libraries dir" dir=/home/andojas/Arduino/libraries location=user
2024-03-14 10:20:27 2024-03-14T09:20:27.510Z discovery-log INFO start
2024-03-14 10:20:27 2024-03-14T09:20:27.510Z discovery-log INFO start new deferred
2024-03-14 10:20:27 2024-03-14T09:20:27.510Z discovery-log INFO start resolved watching
2024-03-14 10:20:27 2024-03-14T09:20:27.520Z root INFO <<< Boards package installation done. {
  id: 'arduino:avr',
  name: 'Arduino AVR Boards',
  author: 'Arduino',
  availableVersions: [
    '1.8.6',  '1.8.5',  '1.8.4',
    '1.8.3',  '1.8.2',  '1.8.1',
    '1.6.23', '1.6.22', '1.6.21',
    '1.6.20', '1.6.19', '1.6.18',
    '1.6.17', '1.6.16', '1.6.15',
    '1.6.14', '1.6.13', '1.6.12',
    '1.6.11', '1.6.10', '1.6.9',
    '1.6.8',  '1.6.7',  '1.6.6',
    '1.6.5',  '1.6.4',  '1.6.3',
    '1.6.2'
  ],
  description: 'Arduino Yún, Arduino UNO, Arduino UNO Mini, Arduino UNO WiFi, Arduino Diecimila, Arduino Nano, Arduino Mega, Arduino Mega ADK, Arduino Leonardo, Arduino Leonardo Ethernet, Arduino Micro, Arduino Esplora, Arduino Mini, Arduino Ethernet, Arduino Fio, Arduino BT, Arduino LilyPad USB, Arduino LilyPad, Arduino Pro, Arduino ATMegaNG, Arduino Robot Control, Arduino Robot Motor, Arduino Gemma, Adafruit Circuit Playground, Arduino Yún Mini, Arduino Industrial 101, Linino One',
  types: [ 'Arduino' ],
  deprecated: false,
  summary: 'Boards included in this package:',
  installedVersion: undefined,
  boards: [
    { name: 'Arduino Yún', fqbn: '' },
    { name: 'Arduino UNO', fqbn: '' },
    { name: 'Arduino UNO Mini', fqbn: '' },
    { name: 'Arduino UNO WiFi', fqbn: '' },
    { name: 'Arduino Diecimila', fqbn: '' },
    { name: 'Arduino Nano', fqbn: '' },
    { name: 'Arduino Mega', fqbn: '' },
    { name: 'Arduino Mega ADK', fqbn: '' },
    { name: 'Arduino Leonardo', fqbn: '' },
    { name: 'Arduino Leonardo Ethernet', fqbn: '' },
    { name: 'Arduino Micro', fqbn: '' },
    { name: 'Arduino Esplora', fqbn: '' },
    { name: 'Arduino Mini', fqbn: '' },
    { name: 'Arduino Ethernet', fqbn: '' },
    { name: 'Arduino Fio', fqbn: '' },
    { name: 'Arduino BT', fqbn: '' },
    { name: 'Arduino LilyPad USB', fqbn: '' },
    { name: 'Arduino LilyPad', fqbn: '' },
    { name: 'Arduino Pro', fqbn: '' },
    { name: 'Arduino ATMegaNG', fqbn: '' },
    { name: 'Arduino Robot Control', fqbn: '' },
    { name: 'Arduino Robot Motor', fqbn: '' },
    { name: 'Arduino Gemma', fqbn: '' },
    { name: 'Adafruit Circuit Playground', fqbn: '' },
    { name: 'Arduino Yún Mini', fqbn: '' },
    { name: 'Arduino Industrial 101', fqbn: '' },
    { name: 'Linino One', fqbn: '' }
  ],
  moreInfoLink: 'http://www.arduino.cc/',
  index: 0
}
2024-03-14 10:20:27 2024-03-14T09:20:27.526Z root INFO >>> Starting library package installation... {
  name: 'Arduino_BuiltIn',
  exampleUris: [],
  location: 0,
  installedVersion: undefined,
  author: 'Arduino',
  availableVersions: [ '1.0.0' ],
  includes: [],
  description: 'The sole purpose of this library is to install the standard Arduino libraries which are typically included with the Arduino IDE.',
  moreInfoLink: 'https://github.com/arduino-libraries/Arduino_BuiltIn',
  summary: 'Shell Arduino library to provide the standard built-in libraries',
  category: 'Other',
  types: [ 'Arduino' ],
  index: 0
}
2024-03-14 10:20:27 2024-03-14T09:20:27.526Z discovery-log INFO stop
2024-03-14 10:20:27 2024-03-14T09:20:27.526Z discovery-log INFO >>> Stopping boards watcher...
2024-03-14 10:20:27 2024-03-14T09:20:27.526Z discovery-log INFO Canceling boards watcher...
2024-03-14 10:20:27 2024-03-14T09:20:27.526Z discovery-log INFO disposing requesting cancel
2024-03-14 10:20:27 2024-03-14T09:20:27.526Z discovery-log INFO disposing canceled
2024-03-14 10:20:27 2024-03-14T09:20:27.527Z discovery-log INFO error received
2024-03-14 10:20:27 2024-03-14T09:20:27.527Z discovery-log INFO cancel error received!
2024-03-14 10:20:27 2024-03-14T09:20:27.527Z discovery-log INFO stop received event: either end or cancel
2024-03-14 10:20:27 2024-03-14T09:20:27.527Z discovery-log INFO stop stopped
2024-03-14 10:20:27 2024-03-14T09:20:27.527Z discovery-log INFO received end
2024-03-14 10:20:27 2024-03-14T09:20:27.545Z daemon INFO time="2024-03-14T10:20:27+01:00" level=info msg="Starting download" url="https://downloads.arduino.cc/libraries/github.com/arduino-libraries/Mouse-1.0.1.zip?query=depends"
2024-03-14 10:20:27 2024-03-14T09:20:27.745Z daemon INFO time="2024-03-14T10:20:27+01:00" level=info msg="Installing library" library=Mouse@1.0.1
2024-03-14 10:20:27 2024-03-14T09:20:27.747Z daemon INFO time="2024-03-14T10:20:27+01:00" level=info msg="Starting download" url="https://downloads.arduino.cc/libraries/github.com/firmata/Firmata-2.5.9.zip?query=depends"
2024-03-14 10:20:28 2024-03-14T09:20:28.018Z daemon INFO time="2024-03-14T10:20:28+01:00" level=info msg="Installing library" library=Firmata@2.5.9
2024-03-14 10:20:28 2024-03-14T09:20:28.038Z daemon INFO time="2024-03-14T10:20:28+01:00" level=info msg="Starting download" url="https://downloads.arduino.cc/libraries/github.com/arduino-libraries/Keyboard-1.0.5.zip?query=depends"
2024-03-14 10:20:28 2024-03-14T09:20:28.547Z daemon INFO time="2024-03-14T10:20:28+01:00" level=info msg="Installing library" library=Keyboard@1.0.5
2024-03-14 10:20:28 2024-03-14T09:20:28.549Z daemon INFO time="2024-03-14T10:20:28+01:00" level=info msg="Starting download" url="https://downloads.arduino.cc/libraries/github.com/arduino-libraries/Servo-1.2.1.zip?query=depends"
2024-03-14 10:20:29 2024-03-14T09:20:29.101Z daemon INFO time="2024-03-14T10:20:29+01:00" level=info msg="Installing library" library=Servo@1.2.1
2024-03-14 10:20:29 2024-03-14T09:20:29.106Z daemon INFO time="2024-03-14T10:20:29+01:00" level=info msg="Starting download" url="https://downloads.arduino.cc/libraries/github.com/arduino-libraries/Stepper-1.1.3.zip?query=depends"
2024-03-14 10:20:29 2024-03-14T09:20:29.692Z daemon INFO time="2024-03-14T10:20:29+01:00" level=info msg="Installing library" library=Stepper@1.1.3
2024-03-14 10:20:29 2024-03-14T09:20:29.694Z daemon INFO time="2024-03-14T10:20:29+01:00" level=info msg="Starting download" url="https://downloads.arduino.cc/libraries/github.com/arduino-libraries/Arduino_BuiltIn-1.0.0.zip?query=install-builtin"
2024-03-14 10:20:30 2024-03-14T09:20:30.198Z daemon INFO time="2024-03-14T10:20:30+01:00" level=info msg="Installing library" library=Arduino_BuiltIn@1.0.0
2024-03-14 10:20:30 2024-03-14T09:20:30.200Z daemon INFO time="2024-03-14T10:20:30+01:00" level=info msg="Starting download" url="https://downloads.arduino.cc/libraries/github.com/arduino-libraries/Ethernet-2.0.2.zip?query=depends"
2024-03-14 10:20:30 2024-03-14T09:20:30.439Z daemon INFO time="2024-03-14T10:20:30+01:00" level=info msg="Installing library" library=Ethernet@2.0.2
2024-03-14 10:20:30 2024-03-14T09:20:30.446Z daemon INFO time="2024-03-14T10:20:30+01:00" level=info msg="Starting download" url="https://downloads.arduino.cc/libraries/github.com/arduino-libraries/LiquidCrystal-1.0.7.zip?query=depends"
2024-03-14 10:20:31 2024-03-14T09:20:31.027Z daemon INFO time="2024-03-14T10:20:31+01:00" level=info msg="Installing library" library=LiquidCrystal@1.0.7
2024-03-14 10:20:31 2024-03-14T09:20:31.029Z daemon INFO time="2024-03-14T10:20:31+01:00" level=info msg="Starting download" url="https://downloads.arduino.cc/libraries/github.com/arduino-libraries/SD-1.2.4.zip?query=depends"
2024-03-14 10:20:31 2024-03-14T09:20:31.241Z daemon INFO time="2024-03-14T10:20:31+01:00" level=info msg="Installing library" library=SD@1.2.4
2024-03-14 10:20:31 2024-03-14T09:20:31.244Z daemon INFO time="2024-03-14T10:20:31+01:00" level=info msg="Starting download" url="https://downloads.arduino.cc/libraries/github.com/arduino-libraries/TFT-1.0.6.zip?query=depends"
2024-03-14 10:20:31 2024-03-14T09:20:31.845Z daemon INFO time="2024-03-14T10:20:31+01:00" level=info msg="Installing library" library=TFT@1.0.6
2024-03-14 10:20:31 2024-03-14T09:20:31.861Z daemon INFO time="2024-03-14T10:20:31+01:00" level=info msg="Checking signature" index=/home/andojas/.arduino15/package_index.json signatureFile=/home/andojas/.arduino15/package_index.json.sig trusted=true
2024-03-14 10:20:31 2024-03-14T09:20:31.862Z daemon INFO time="2024-03-14T10:20:31+01:00" level=info msg="Loading hardware from: /home/andojas/.arduino15/packages"
2024-03-14 10:20:31 2024-03-14T09:20:31.862Z daemon INFO time="2024-03-14T10:20:31+01:00" level=info msg="Loading package arduino from: /home/andojas/.arduino15/packages/arduino/hardware"
2024-03-14 10:20:31 2024-03-14T09:20:31.862Z daemon INFO time="2024-03-14T10:20:31+01:00" level=info msg="Missing signature file" index=/home/andojas/.arduino15/packages/arduino/hardware/avr/1.8.6/installed.json
2024-03-14 10:20:31 2024-03-14T09:20:31.864Z daemon INFO time="2024-03-14T10:20:31+01:00" level=info msg="Adding monitor tool" protocol=serial tool="builtin:serial-monitor"
time="2024-03-14T10:20:31+01:00" level=info msg="Loaded platform" platform="arduino:avr@1.8.6"
2024-03-14 10:20:31 2024-03-14T09:20:31.864Z daemon INFO time="2024-03-14T10:20:31+01:00" level=info msg="Checking existence of 'tools' path: /home/andojas/.arduino15/packages/arduino/tools"
time="2024-03-14T10:20:31+01:00" level=info msg="Loading tools from dir: /home/andojas/.arduino15/packages/arduino/tools"
2024-03-14 10:20:31 2024-03-14T09:20:31.864Z daemon INFO time="2024-03-14T10:20:31+01:00" level=info msg="Loaded tool" tool="arduino:arduinoOTA@1.3.0"
2024-03-14 10:20:31 2024-03-14T09:20:31.864Z daemon INFO time="2024-03-14T10:20:31+01:00" level=info msg="Loaded tool" tool="arduino:avr-gcc@7.3.0-atmel3.6.1-arduino7"
time="2024-03-14T10:20:31+01:00" level=info msg="Loaded tool" tool="arduino:avrdude@6.3.0-arduino17"
2024-03-14 10:20:31 2024-03-14T09:20:31.864Z daemon INFO time="2024-03-14T10:20:31+01:00" level=info msg="Loading package builtin from: /home/andojas/.arduino15/packages/builtin"
2024-03-14 10:20:31 2024-03-14T09:20:31.864Z daemon INFO time="2024-03-14T10:20:31+01:00" level=info msg="Checking existence of 'tools' path: /home/andojas/.arduino15/packages/builtin/tools"
time="2024-03-14T10:20:31+01:00" level=info msg="Loading tools from dir: /home/andojas/.arduino15/packages/builtin/tools"
2024-03-14 10:20:31 2024-03-14T09:20:31.864Z daemon INFO time="2024-03-14T10:20:31+01:00" level=info msg="Loaded tool" tool="builtin:ctags@5.8-arduino11"
2024-03-14 10:20:31 2024-03-14T09:20:31.864Z daemon INFO time="2024-03-14T10:20:31+01:00" level=info msg="Loaded tool" tool="builtin:dfu-discovery@0.1.2"
2024-03-14 10:20:31 2024-03-14T09:20:31.864Z daemon INFO time="2024-03-14T10:20:31+01:00" level=info msg="Loaded tool" tool="builtin:mdns-discovery@1.0.9"
2024-03-14 10:20:31 2024-03-14T09:20:31.864Z daemon INFO time="2024-03-14T10:20:31+01:00" level=info msg="Loaded tool" tool="builtin:serial-discovery@1.4.0"
2024-03-14 10:20:31 2024-03-14T09:20:31.864Z daemon INFO time="2024-03-14T10:20:31+01:00" level=info msg="Loaded tool" tool="builtin:serial-monitor@0.14.1"
2024-03-14 10:20:31 2024-03-14T09:20:31.864Z daemon INFO time="2024-03-14T10:20:31+01:00" level=info msg="sending command QUIT to discovery builtin:serial-discovery"
2024-03-14 10:20:31 2024-03-14T09:20:31.864Z daemon INFO time="2024-03-14T10:20:31+01:00" level=info msg="from discovery builtin:serial-discovery received message type: quit, message: OK"
2024-03-14 10:20:31 2024-03-14T09:20:31.864Z daemon INFO time="2024-03-14T10:20:31+01:00" level=info msg="killing discovery builtin:serial-discovery process"
2024-03-14 10:20:31 2024-03-14T09:20:31.864Z daemon INFO time="2024-03-14T10:20:31+01:00" level=info msg="Discovery event channel closed builtin:serial-discovery. Exiting goroutine."
2024-03-14 10:20:31 2024-03-14T09:20:31.864Z daemon INFO time="2024-03-14T10:20:31+01:00" level=info msg="killed discovery builtin:serial-discovery process"
time="2024-03-14T10:20:31+01:00" level=info msg="Closed and removed discovery builtin:serial-discovery"
2024-03-14 10:20:31 2024-03-14T09:20:31.864Z daemon INFO time="2024-03-14T10:20:31+01:00" level=info msg="sending command QUIT to discovery builtin:mdns-discovery"
2024-03-14 10:20:31 2024-03-14T09:20:31.865Z daemon INFO time="2024-03-14T10:20:31+01:00" level=info msg="from discovery builtin:mdns-discovery received message type: quit, message: OK"
2024-03-14 10:20:31 2024-03-14T09:20:31.865Z daemon INFO time="2024-03-14T10:20:31+01:00" level=info msg="killing discovery builtin:mdns-discovery process"
2024-03-14 10:20:31 2024-03-14T09:20:31.865Z daemon INFO time="2024-03-14T10:20:31+01:00" level=info msg="Discovery event channel closed builtin:mdns-discovery. Exiting goroutine."
2024-03-14 10:20:31 2024-03-14T09:20:31.865Z daemon INFO time="2024-03-14T10:20:31+01:00" level=info msg="killed discovery builtin:mdns-discovery process"
time="2024-03-14T10:20:31+01:00" level=info msg="Closed and removed discovery builtin:mdns-discovery"
2024-03-14 10:20:31 2024-03-14T09:20:31.865Z daemon INFO time="2024-03-14T10:20:31+01:00" level=info msg="starting discovery builtin:serial-discovery process"
2024-03-14 10:20:31 2024-03-14T09:20:31.865Z daemon INFO time="2024-03-14T10:20:31+01:00" level=info msg="started discovery builtin:serial-discovery process"
time="2024-03-14T10:20:31+01:00" level=info msg="sending command HELLO 1 \"arduino-cli 0.35.3\" to discovery builtin:serial-discovery"
2024-03-14 10:20:31 2024-03-14T09:20:31.868Z daemon INFO time="2024-03-14T10:20:31+01:00" level=info msg="from discovery builtin:serial-discovery received message type: hello, message: OK, protocol version: 1"
time="2024-03-14T10:20:31+01:00" level=info msg="sending command START_SYNC to discovery builtin:serial-discovery"
2024-03-14 10:20:31 2024-03-14T09:20:31.869Z daemon INFO time="2024-03-14T10:20:31+01:00" level=info msg="from discovery builtin:serial-discovery received message type: start_sync, message: OK"
2024-03-14 10:20:31 2024-03-14T09:20:31.869Z daemon INFO time="2024-03-14T10:20:31+01:00" level=info msg="starting discovery builtin:mdns-discovery process"
2024-03-14 10:20:31 2024-03-14T09:20:31.869Z daemon INFO time="2024-03-14T10:20:31+01:00" level=info msg="started discovery builtin:mdns-discovery process"
2024-03-14 10:20:31 2024-03-14T09:20:31.869Z daemon INFO time="2024-03-14T10:20:31+01:00" level=info msg="sending command HELLO 1 \"arduino-cli 0.35.3\" to discovery builtin:mdns-discovery"
2024-03-14 10:20:31 2024-03-14T09:20:31.870Z daemon INFO time="2024-03-14T10:20:31+01:00" level=info msg="from discovery builtin:mdns-discovery received message type: hello, message: OK, protocol version: 1"
2024-03-14 10:20:31 2024-03-14T09:20:31.870Z daemon INFO time="2024-03-14T10:20:31+01:00" level=info msg="sending command START_SYNC to discovery builtin:mdns-discovery"
2024-03-14 10:20:31 2024-03-14T09:20:31.870Z daemon INFO time="2024-03-14T10:20:31+01:00" level=info msg="from discovery builtin:mdns-discovery received message type: start_sync, message: OK"
2024-03-14 10:20:31 2024-03-14T09:20:31.872Z daemon INFO time="2024-03-14T10:20:31+01:00" level=info msg="Adding libraries dir" dir=/home/andojas/.arduino15/packages/arduino/hardware/avr/1.8.6/libraries location=platform
time="2024-03-14T10:20:31+01:00" level=info msg="Loading libraries index file" index=/home/andojas/.arduino15/library_index.json
2024-03-14 10:20:32 2024-03-14T09:20:32.016Z daemon INFO time="2024-03-14T10:20:32+01:00" level=info msg="Adding libraries dir" dir=/home/andojas/.arduino15/libraries location=ide
time="2024-03-14T10:20:32+01:00" level=info msg="Adding libraries dir" dir=/home/andojas/Arduino/libraries location=user
2024-03-14 10:20:32 2024-03-14T09:20:32.023Z discovery-log INFO start
2024-03-14 10:20:32 2024-03-14T09:20:32.023Z discovery-log INFO start new deferred
2024-03-14 10:20:32 2024-03-14T09:20:32.023Z discovery-log INFO start resolved watching
2024-03-14 10:20:32 2024-03-14T09:20:32.261Z root ERROR ---- !!!SLOW!!! DURATION: search took 238.355 ms. Args: [{}] ----
2024-03-14 10:20:32 2024-03-14T09:20:32.261Z root INFO <<< Library package installation done. {
  name: 'Arduino_BuiltIn',
  exampleUris: [],
  location: 0,
  installedVersion: undefined,
  author: 'Arduino',
  availableVersions: [ '1.0.0' ],
  includes: [],
  description: 'The sole purpose of this library is to install the standard Arduino libraries which are typically included with the Arduino IDE.',
  moreInfoLink: 'https://github.com/arduino-libraries/Arduino_BuiltIn',
  summary: 'Shell Arduino library to provide the standard built-in libraries',
  category: 'Other',
  types: [ 'Arduino' ],
  index: 0
}
2024-03-14 10:21:12 isTempSketch: true. Input was /tmp/.arduinoIDE-unsaved2024214-82193-1yayl0v.1yw6/sketch_mar14a
2024-03-14 10:21:12 Ignored marking workspace as a closed sketch. The sketch was detected as temporary. Workspace URI: file:///tmp/.arduinoIDE-unsaved2024214-82193-1yayl0v.1yw6/sketch_mar14a.
2024-03-14 10:21:12 isTempSketch: true. Input was /tmp/.arduinoIDE-unsaved2024214-82193-1yayl0v.1yw6/sketch_mar14a
2024-03-14 10:21:12 Ignored marking workspace as a closed sketch. The sketch was detected as temporary. Workspace URI: file:///tmp/.arduinoIDE-unsaved2024214-82193-1yayl0v.1yw6/sketch_mar14a.
2024-03-14 10:21:12 Closing channel on service path '/services/electron-window'.
2024-03-14 10:21:12 Closing channel on service path '/services/ide-updater'.
2024-03-14 10:21:12 Stored workspaces roots: 
2024-03-14 10:21:12 No sketches were scheduled for deletion.
