2024-07-14 22:30:53.140 [info] Log level: Info
2024-07-14 22:30:53.140 [info] Validating found git in: "git"
2024-07-14 22:30:53.140 [info] Using git "2.45.2" from "git"
2024-07-14 22:30:53.140 [info] > git rev-parse --show-toplevel [6ms]
2024-07-14 22:30:53.140 [info] > git rev-parse --git-dir --git-common-dir [4ms]
2024-07-14 22:30:53.140 [info] Open repository: /home/andojas/Documents/dahu
2024-07-14 22:30:53.140 [info] > git config --get commit.template [5ms]
2024-07-14 22:30:53.140 [info] > git rev-parse --show-toplevel [1ms]
2024-07-14 22:30:53.153 [info] > git for-each-ref --format=%(refname)%00%(upstream:short)%00%(objectname)%00%(upstream:track)%00%(upstream:remotename)%00%(upstream:remoteref) refs/heads/develop refs/remotes/develop [9ms]
2024-07-14 22:30:53.153 [info] > git rev-parse --show-toplevel [1ms]
2024-07-14 22:30:53.168 [info] > git status -z -uall [6ms]
2024-07-14 22:30:53.177 [info] > git rev-parse --show-toplevel [20ms]
2024-07-14 22:30:53.185 [info] > git for-each-ref --format=%(refname)%00%(upstream:short)%00%(objectname)%00%(upstream:track)%00%(upstream:remotename)%00%(upstream:remoteref) refs/heads/develop refs/remotes/develop [12ms]
2024-07-14 22:30:53.211 [info] > git config --local branch.develop.vscode-merge-base [21ms]
2024-07-14 22:30:53.215 [info] > git rev-parse --show-toplevel [31ms]
2024-07-14 22:30:53.216 [info] > git config --get commit.template [35ms]
2024-07-14 22:30:53.229 [info] > git for-each-ref --format=%(refname)%00%(upstream:short)%00%(objectname)%00%(upstream:track)%00%(upstream:remotename)%00%(upstream:remoteref) refs/heads/origin/main refs/remotes/origin/main [14ms]
2024-07-14 22:30:53.258 [info] > git merge-base refs/heads/develop refs/remotes/origin/develop [23ms]
2024-07-14 22:30:53.262 [info] > git rev-parse --show-toplevel [34ms]
2024-07-14 22:30:53.267 [info] > git for-each-ref --format=%(refname)%00%(upstream:short)%00%(objectname)%00%(upstream:track)%00%(upstream:remotename)%00%(upstream:remoteref) refs/heads/develop refs/remotes/develop [13ms]
2024-07-14 22:30:53.275 [info] > git rev-parse --show-toplevel [8ms]
2024-07-14 22:30:53.275 [info] > git rev-list --count --left-right refs/heads/develop...refs/remotes/origin/develop [13ms]
2024-07-14 22:30:53.291 [info] > git rev-parse --show-toplevel [7ms]
2024-07-14 22:30:53.291 [info] > git diff --name-status -z --diff-filter=ADMR e1b1f6917776a9bebd0cb89b57d3a3cb6560fe55...refs/remotes/origin/develop [11ms]
2024-07-14 22:30:53.300 [info] > git status -z -uall [4ms]
2024-07-14 22:30:53.307 [info] > git for-each-ref --format=%(refname)%00%(upstream:short)%00%(objectname)%00%(upstream:track)%00%(upstream:remotename)%00%(upstream:remoteref) refs/heads/develop refs/remotes/develop [2ms]
2024-07-14 22:30:53.311 [info] > git rev-parse --show-toplevel [12ms]
2024-07-14 22:30:53.316 [info] > git rev-parse --show-toplevel [1ms]
2024-07-14 22:30:53.317 [info] > git config --local branch.develop.vscode-merge-base [6ms]
2024-07-14 22:30:53.322 [info] > git for-each-ref --format=%(refname)%00%(upstream:short)%00%(objectname)%00%(upstream:track)%00%(upstream:remotename)%00%(upstream:remoteref) refs/heads/origin/main refs/remotes/origin/main [1ms]
2024-07-14 22:30:53.557 [info] > git show --textconv :.vscode/tasks.json [5ms]
2024-07-14 22:30:53.557 [info] > git ls-files --stage -- /home/andojas/Documents/dahu/.vscode/tasks.json [1ms]
2024-07-14 22:30:53.561 [info] > git cat-file -s 3b17e53b62cc6ffaacd997adeb1915422fb6858f [1ms]
2024-07-14 22:30:53.685 [info] > git fetch [554ms]
2024-07-14 22:30:53.693 [info] > git for-each-ref --format=%(refname)%00%(upstream:short)%00%(objectname)%00%(upstream:track)%00%(upstream:remotename)%00%(upstream:remoteref) refs/heads/develop refs/remotes/develop [2ms]
2024-07-14 22:30:53.693 [info] > git config --get commit.template [5ms]
2024-07-14 22:30:53.698 [info] > git status -z -uall [1ms]
2024-07-14 22:30:53.704 [info] > git for-each-ref --format=%(refname)%00%(upstream:short)%00%(objectname)%00%(upstream:track)%00%(upstream:remotename)%00%(upstream:remoteref) refs/heads/develop refs/remotes/develop [2ms]
2024-07-14 22:30:53.708 [info] > git config --local branch.develop.vscode-merge-base [1ms]
2024-07-14 22:30:53.712 [info] > git for-each-ref --format=%(refname)%00%(upstream:short)%00%(objectname)%00%(upstream:track)%00%(upstream:remotename)%00%(upstream:remoteref) refs/heads/origin/main refs/remotes/origin/main [1ms]
2024-07-14 22:30:53.723 [info] > git check-ignore -v -z --stdin [1ms]
2024-07-14 22:30:55.281 [info] > git config --get commit.template [3ms]
2024-07-14 22:30:55.282 [info] > git for-each-ref --format=%(refname)%00%(upstream:short)%00%(objectname)%00%(upstream:track)%00%(upstream:remotename)%00%(upstream:remoteref) refs/heads/develop refs/remotes/develop [1ms]
2024-07-14 22:30:55.286 [info] > git status -z -uall [2ms]
2024-07-14 22:30:55.290 [info] > git for-each-ref --format=%(refname)%00%(upstream:short)%00%(objectname)%00%(upstream:track)%00%(upstream:remotename)%00%(upstream:remoteref) refs/heads/develop refs/remotes/develop [1ms]
2024-07-14 22:30:55.293 [info] > git config --local branch.develop.vscode-merge-base [0ms]
2024-07-14 22:30:55.297 [info] > git for-each-ref --format=%(refname)%00%(upstream:short)%00%(objectname)%00%(upstream:track)%00%(upstream:remotename)%00%(upstream:remoteref) refs/heads/origin/main refs/remotes/origin/main [1ms]
2024-07-14 22:30:55.384 [info] > git ls-files --stage -- /home/andojas/Documents/dahu/.vscode/tasks.json [2ms]
2024-07-14 22:30:55.389 [info] > git cat-file -s 3b17e53b62cc6ffaacd997adeb1915422fb6858f [1ms]
2024-07-14 22:30:55.394 [info] > git show --textconv :.vscode/tasks.json [1ms]
2024-07-14 22:32:00.796 [info] > git config --get commit.template [5ms]
2024-07-14 22:32:00.796 [info] > git for-each-ref --format=%(refname)%00%(upstream:short)%00%(objectname)%00%(upstream:track)%00%(upstream:remotename)%00%(upstream:remoteref) refs/heads/develop refs/remotes/develop [1ms]
2024-07-14 22:32:00.802 [info] > git status -z -uall [2ms]
2024-07-14 22:32:00.809 [info] > git for-each-ref --format=%(refname)%00%(upstream:short)%00%(objectname)%00%(upstream:track)%00%(upstream:remotename)%00%(upstream:remoteref) refs/heads/develop refs/remotes/develop [1ms]
2024-07-14 22:32:00.814 [info] > git config --local branch.develop.vscode-merge-base [1ms]
2024-07-14 22:32:00.818 [info] > git for-each-ref --format=%(refname)%00%(upstream:short)%00%(objectname)%00%(upstream:track)%00%(upstream:remotename)%00%(upstream:remoteref) refs/heads/origin/main refs/remotes/origin/main [1ms]
2024-07-14 22:32:12.369 [info] > git config --get commit.template [5ms]
2024-07-14 22:32:12.369 [info] > git for-each-ref --format=%(refname)%00%(upstream:short)%00%(objectname)%00%(upstream:track)%00%(upstream:remotename)%00%(upstream:remoteref) refs/heads/develop refs/remotes/develop [1ms]
2024-07-14 22:32:12.375 [info] > git status -z -uall [1ms]
2024-07-14 22:32:12.381 [info] > git for-each-ref --format=%(refname)%00%(upstream:short)%00%(objectname)%00%(upstream:track)%00%(upstream:remotename)%00%(upstream:remoteref) refs/heads/develop refs/remotes/develop [1ms]
2024-07-14 22:32:12.386 [info] > git config --local branch.develop.vscode-merge-base [1ms]
2024-07-14 22:32:12.392 [info] > git for-each-ref --format=%(refname)%00%(upstream:short)%00%(objectname)%00%(upstream:track)%00%(upstream:remotename)%00%(upstream:remoteref) refs/heads/origin/main refs/remotes/origin/main [1ms]
2024-07-14 22:32:12.466 [info] > git ls-files --stage -- /home/andojas/Documents/dahu/.vscode/tasks.json [1ms]
2024-07-14 22:32:12.472 [info] > git cat-file -s 3b17e53b62cc6ffaacd997adeb1915422fb6858f [2ms]
2024-07-14 22:32:12.477 [info] > git show --textconv :.vscode/tasks.json [1ms]
2024-07-14 22:33:06.913 [info] > git config --get commit.template [7ms]
2024-07-14 22:33:06.913 [info] > git for-each-ref --format=%(refname)%00%(upstream:short)%00%(objectname)%00%(upstream:track)%00%(upstream:remotename)%00%(upstream:remoteref) refs/heads/develop refs/remotes/develop [1ms]
2024-07-14 22:33:06.919 [info] > git status -z -uall [2ms]
2024-07-14 22:33:06.924 [info] > git for-each-ref --format=%(refname)%00%(upstream:short)%00%(objectname)%00%(upstream:track)%00%(upstream:remotename)%00%(upstream:remoteref) refs/heads/develop refs/remotes/develop [2ms]
2024-07-14 22:33:06.928 [info] > git config --local branch.develop.vscode-merge-base [1ms]
2024-07-14 22:33:06.933 [info] > git for-each-ref --format=%(refname)%00%(upstream:short)%00%(objectname)%00%(upstream:track)%00%(upstream:remotename)%00%(upstream:remoteref) refs/heads/origin/main refs/remotes/origin/main [1ms]
2024-07-14 22:33:07.009 [info] > git ls-files --stage -- /home/andojas/Documents/dahu/.vscode/tasks.json [2ms]
2024-07-14 22:33:07.015 [info] > git cat-file -s 3b17e53b62cc6ffaacd997adeb1915422fb6858f [2ms]
2024-07-14 22:33:07.020 [info] > git show --textconv :.vscode/tasks.json [1ms]
2024-07-14 22:33:20.583 [info] > git config --get commit.template [6ms]
2024-07-14 22:33:20.584 [info] > git for-each-ref --format=%(refname)%00%(upstream:short)%00%(objectname)%00%(upstream:track)%00%(upstream:remotename)%00%(upstream:remoteref) refs/heads/develop refs/remotes/develop [1ms]
2024-07-14 22:33:20.588 [info] > git status -z -uall [1ms]
2024-07-14 22:33:20.593 [info] > git for-each-ref --format=%(refname)%00%(upstream:short)%00%(objectname)%00%(upstream:track)%00%(upstream:remotename)%00%(upstream:remoteref) refs/heads/develop refs/remotes/develop [1ms]
2024-07-14 22:33:20.598 [info] > git config --local branch.develop.vscode-merge-base [1ms]
2024-07-14 22:33:20.606 [info] > git for-each-ref --format=%(refname)%00%(upstream:short)%00%(objectname)%00%(upstream:track)%00%(upstream:remotename)%00%(upstream:remoteref) refs/heads/origin/main refs/remotes/origin/main [1ms]
2024-07-14 22:33:20.680 [info] > git ls-files --stage -- /home/andojas/Documents/dahu/.vscode/tasks.json [1ms]
2024-07-14 22:33:20.685 [info] > git cat-file -s 3b17e53b62cc6ffaacd997adeb1915422fb6858f [1ms]
2024-07-14 22:33:20.691 [info] > git show --textconv :.vscode/tasks.json [1ms]
2024-07-14 22:33:28.695 [info] > git config --get commit.template [6ms]
2024-07-14 22:33:28.695 [info] > git for-each-ref --format=%(refname)%00%(upstream:short)%00%(objectname)%00%(upstream:track)%00%(upstream:remotename)%00%(upstream:remoteref) refs/heads/develop refs/remotes/develop [1ms]
2024-07-14 22:33:28.700 [info] > git status -z -uall [2ms]
2024-07-14 22:33:28.705 [info] > git for-each-ref --format=%(refname)%00%(upstream:short)%00%(objectname)%00%(upstream:track)%00%(upstream:remotename)%00%(upstream:remoteref) refs/heads/develop refs/remotes/develop [1ms]
2024-07-14 22:33:28.710 [info] > git config --local branch.develop.vscode-merge-base [1ms]
2024-07-14 22:33:28.716 [info] > git for-each-ref --format=%(refname)%00%(upstream:short)%00%(objectname)%00%(upstream:track)%00%(upstream:remotename)%00%(upstream:remoteref) refs/heads/origin/main refs/remotes/origin/main [1ms]
2024-07-14 22:33:28.793 [info] > git ls-files --stage -- /home/andojas/Documents/dahu/.vscode/tasks.json [1ms]
2024-07-14 22:33:28.799 [info] > git cat-file -s 3b17e53b62cc6ffaacd997adeb1915422fb6858f [1ms]
2024-07-14 22:33:28.804 [info] > git show --textconv :.vscode/tasks.json [1ms]
2024-07-14 22:33:41.235 [info] > git show --textconv :src/app/edit-workbench/edit-workbench.component.html [4ms]
2024-07-14 22:33:41.236 [info] > git ls-files --stage -- /home/andojas/Documents/dahu/src/app/edit-workbench/edit-workbench.component.html [1ms]
2024-07-14 22:33:41.240 [info] > git cat-file -s 4ce91bb30ba89c30d1d09876c0118d41f19d5729 [1ms]
2024-07-14 22:33:51.546 [info] > git config --get commit.template [5ms]
2024-07-14 22:33:51.546 [info] > git for-each-ref --format=%(refname)%00%(upstream:short)%00%(objectname)%00%(upstream:track)%00%(upstream:remotename)%00%(upstream:remoteref) refs/heads/develop refs/remotes/develop [1ms]
2024-07-14 22:33:51.553 [info] > git status -z -uall [3ms]
2024-07-14 22:33:51.560 [info] > git for-each-ref --format=%(refname)%00%(upstream:short)%00%(objectname)%00%(upstream:track)%00%(upstream:remotename)%00%(upstream:remoteref) refs/heads/develop refs/remotes/develop [1ms]
2024-07-14 22:33:51.565 [info] > git config --local branch.develop.vscode-merge-base [1ms]
2024-07-14 22:33:51.569 [info] > git for-each-ref --format=%(refname)%00%(upstream:short)%00%(objectname)%00%(upstream:track)%00%(upstream:remotename)%00%(upstream:remoteref) refs/heads/origin/main refs/remotes/origin/main [1ms]
2024-07-14 22:33:54.298 [info] > git fetch [588ms]
2024-07-14 22:33:54.308 [info] > git config --get commit.template [5ms]
2024-07-14 22:33:54.308 [info] > git for-each-ref --format=%(refname)%00%(upstream:short)%00%(objectname)%00%(upstream:track)%00%(upstream:remotename)%00%(upstream:remoteref) refs/heads/develop refs/remotes/develop [0ms]
2024-07-14 22:33:54.314 [info] > git status -z -uall [2ms]
2024-07-14 22:33:54.319 [info] > git for-each-ref --format=%(refname)%00%(upstream:short)%00%(objectname)%00%(upstream:track)%00%(upstream:remotename)%00%(upstream:remoteref) refs/heads/develop refs/remotes/develop [1ms]
2024-07-14 22:33:54.324 [info] > git config --local branch.develop.vscode-merge-base [1ms]
2024-07-14 22:33:54.328 [info] > git for-each-ref --format=%(refname)%00%(upstream:short)%00%(objectname)%00%(upstream:track)%00%(upstream:remotename)%00%(upstream:remoteref) refs/heads/origin/main refs/remotes/origin/main [0ms]
2024-07-14 22:33:55.842 [info] > git ls-files --stage -- /home/andojas/Documents/dahu/src/app/edit-workbench/edit-workbench.component.html [2ms]
2024-07-14 22:33:55.848 [info] > git cat-file -s 4ce91bb30ba89c30d1d09876c0118d41f19d5729 [1ms]
2024-07-14 22:33:55.853 [info] > git show --textconv :src/app/edit-workbench/edit-workbench.component.html [1ms]
2024-07-14 22:33:56.571 [info] > git config --get commit.template [4ms]
2024-07-14 22:33:56.572 [info] > git for-each-ref --format=%(refname)%00%(upstream:short)%00%(objectname)%00%(upstream:track)%00%(upstream:remotename)%00%(upstream:remoteref) refs/heads/develop refs/remotes/develop [1ms]
2024-07-14 22:33:56.578 [info] > git status -z -uall [2ms]
2024-07-14 22:33:56.585 [info] > git for-each-ref --format=%(refname)%00%(upstream:short)%00%(objectname)%00%(upstream:track)%00%(upstream:remotename)%00%(upstream:remoteref) refs/heads/develop refs/remotes/develop [2ms]
2024-07-14 22:33:56.591 [info] > git config --local branch.develop.vscode-merge-base [1ms]
2024-07-14 22:33:56.595 [info] > git for-each-ref --format=%(refname)%00%(upstream:short)%00%(objectname)%00%(upstream:track)%00%(upstream:remotename)%00%(upstream:remoteref) refs/heads/origin/main refs/remotes/origin/main [0ms]
2024-07-14 22:34:41.298 [info] > git config --get commit.template [6ms]
2024-07-14 22:34:41.299 [info] > git for-each-ref --format=%(refname)%00%(upstream:short)%00%(objectname)%00%(upstream:track)%00%(upstream:remotename)%00%(upstream:remoteref) refs/heads/develop refs/remotes/develop [2ms]
2024-07-14 22:34:41.304 [info] > git status -z -uall [2ms]
2024-07-14 22:34:41.310 [info] > git for-each-ref --format=%(refname)%00%(upstream:short)%00%(objectname)%00%(upstream:track)%00%(upstream:remotename)%00%(upstream:remoteref) refs/heads/develop refs/remotes/develop [2ms]
2024-07-14 22:34:41.316 [info] > git config --local branch.develop.vscode-merge-base [1ms]
2024-07-14 22:34:41.322 [info] > git for-each-ref --format=%(refname)%00%(upstream:short)%00%(objectname)%00%(upstream:track)%00%(upstream:remotename)%00%(upstream:remoteref) refs/heads/origin/main refs/remotes/origin/main [1ms]
2024-07-14 22:34:41.327 [info] > git merge-base refs/heads/develop refs/remotes/origin/develop [1ms]
2024-07-14 22:34:41.331 [info] > git rev-list --count --left-right refs/heads/develop...refs/remotes/origin/develop [1ms]
2024-07-14 22:34:41.337 [info] > git diff --name-status -z --diff-filter=ADMR e1b1f6917776a9bebd0cb89b57d3a3cb6560fe55...refs/remotes/origin/develop [1ms]
2024-07-14 22:34:41.392 [info] > git ls-files --stage -- /home/andojas/Documents/dahu/src/app/edit-workbench/edit-workbench.component.html [2ms]
2024-07-14 22:34:41.397 [info] > git cat-file -s 4ce91bb30ba89c30d1d09876c0118d41f19d5729 [1ms]
2024-07-14 22:34:41.403 [info] > git show --textconv :src/app/edit-workbench/edit-workbench.component.html [1ms]
2024-07-14 22:34:47.741 [info] > git config --get commit.template [2ms]
2024-07-14 22:34:47.747 [info] > git for-each-ref --format=%(refname)%00%(upstream:short)%00%(objectname)%00%(upstream:track)%00%(upstream:remotename)%00%(upstream:remoteref) refs/heads/develop refs/remotes/develop [2ms]
2024-07-14 22:34:47.753 [info] > git status -z -uall [2ms]
2024-07-14 22:34:47.762 [info] > git for-each-ref --format=%(refname)%00%(upstream:short)%00%(objectname)%00%(upstream:track)%00%(upstream:remotename)%00%(upstream:remoteref) refs/heads/develop refs/remotes/develop [4ms]
2024-07-14 22:34:47.766 [info] > git config --local branch.develop.vscode-merge-base [0ms]
2024-07-14 22:34:47.771 [info] > git for-each-ref --format=%(refname)%00%(upstream:short)%00%(objectname)%00%(upstream:track)%00%(upstream:remotename)%00%(upstream:remoteref) refs/heads/origin/main refs/remotes/origin/main [1ms]
2024-07-14 22:34:47.776 [info] > git merge-base refs/heads/develop refs/remotes/origin/develop [1ms]
2024-07-14 22:34:47.781 [info] > git rev-list --count --left-right refs/heads/develop...refs/remotes/origin/develop [1ms]
2024-07-14 22:34:47.785 [info] > git diff --name-status -z --diff-filter=ADMR 78174add9c4b41349ea27c33135d2575a6ed3722...refs/remotes/origin/develop [1ms]
2024-07-14 22:34:47.843 [info] > git ls-files --stage -- /home/andojas/Documents/dahu/src/app/edit-workbench/edit-workbench.component.html [2ms]
2024-07-14 22:34:47.849 [info] > git cat-file -s 4ce91bb30ba89c30d1d09876c0118d41f19d5729 [1ms]
2024-07-14 22:34:47.855 [info] > git show --textconv :src/app/edit-workbench/edit-workbench.component.html [1ms]
2024-07-14 22:35:03.573 [info] > git check-ignore -v -z --stdin [1ms]
2024-07-14 22:35:07.958 [info] > git check-ignore -v -z --stdin [2ms]
2024-07-14 22:35:10.575 [info] > git check-ignore -v -z --stdin [1ms]
2024-07-14 22:35:12.990 [info] > git show --textconv :src/app/library/library.component.css [5ms]
2024-07-14 22:35:12.991 [info] > git ls-files --stage -- /home/andojas/Documents/dahu/src/app/library/library.component.css [2ms]
2024-07-14 22:35:12.996 [info] > git cat-file -s cd47792970745303c38b95c42e8343a9f4067bec [1ms]
2024-07-14 22:35:35.613 [info] > git show --textconv :src/app/app.component.css [5ms]
2024-07-14 22:35:35.614 [info] > git ls-files --stage -- /home/andojas/Documents/dahu/src/app/app.component.css [0ms]
2024-07-14 22:35:35.619 [info] > git cat-file -s 5cb73dd17cfb3dc4fd2c5c04111d7f8038b6cbef [1ms]
2024-07-14 22:35:38.908 [info] > git show --textconv :src/app/library/library.component.css [7ms]
2024-07-14 22:35:38.908 [info] > git ls-files --stage -- /home/andojas/Documents/dahu/src/app/library/library.component.css [1ms]
2024-07-14 22:35:38.913 [info] > git cat-file -s cd47792970745303c38b95c42e8343a9f4067bec [1ms]
2024-07-14 22:35:49.679 [info] > git config --get commit.template [6ms]
2024-07-14 22:35:49.679 [info] > git for-each-ref --format=%(refname)%00%(upstream:short)%00%(objectname)%00%(upstream:track)%00%(upstream:remotename)%00%(upstream:remoteref) refs/heads/develop refs/remotes/develop [1ms]
2024-07-14 22:35:49.685 [info] > git status -z -uall [2ms]
2024-07-14 22:35:49.691 [info] > git for-each-ref --format=%(refname)%00%(upstream:short)%00%(objectname)%00%(upstream:track)%00%(upstream:remotename)%00%(upstream:remoteref) refs/heads/develop refs/remotes/develop [1ms]
2024-07-14 22:35:49.698 [info] > git config --local branch.develop.vscode-merge-base [1ms]
2024-07-14 22:35:49.702 [info] > git for-each-ref --format=%(refname)%00%(upstream:short)%00%(objectname)%00%(upstream:track)%00%(upstream:remotename)%00%(upstream:remoteref) refs/heads/origin/main refs/remotes/origin/main [1ms]
2024-07-14 22:36:01.105 [info] > git config --get commit.template [6ms]
2024-07-14 22:36:01.106 [info] > git for-each-ref --format=%(refname)%00%(upstream:short)%00%(objectname)%00%(upstream:track)%00%(upstream:remotename)%00%(upstream:remoteref) refs/heads/develop refs/remotes/develop [2ms]
2024-07-14 22:36:01.112 [info] > git status -z -uall [2ms]
2024-07-14 22:36:01.119 [info] > git for-each-ref --format=%(refname)%00%(upstream:short)%00%(objectname)%00%(upstream:track)%00%(upstream:remotename)%00%(upstream:remoteref) refs/heads/develop refs/remotes/develop [1ms]
2024-07-14 22:36:01.124 [info] > git config --local branch.develop.vscode-merge-base [0ms]
2024-07-14 22:36:01.130 [info] > git for-each-ref --format=%(refname)%00%(upstream:short)%00%(objectname)%00%(upstream:track)%00%(upstream:remotename)%00%(upstream:remoteref) refs/heads/origin/main refs/remotes/origin/main [1ms]
2024-07-14 22:36:06.132 [info] > git for-each-ref --format=%(refname)%00%(upstream:short)%00%(objectname)%00%(upstream:track)%00%(upstream:remotename)%00%(upstream:remoteref) refs/heads/develop refs/remotes/develop [2ms]
2024-07-14 22:36:06.132 [info] > git config --get commit.template [6ms]
2024-07-14 22:36:06.137 [info] > git status -z -uall [2ms]
2024-07-14 22:36:06.144 [info] > git for-each-ref --format=%(refname)%00%(upstream:short)%00%(objectname)%00%(upstream:track)%00%(upstream:remotename)%00%(upstream:remoteref) refs/heads/develop refs/remotes/develop [2ms]
2024-07-14 22:36:06.149 [info] > git config --local branch.develop.vscode-merge-base [0ms]
2024-07-14 22:36:06.155 [info] > git for-each-ref --format=%(refname)%00%(upstream:short)%00%(objectname)%00%(upstream:track)%00%(upstream:remotename)%00%(upstream:remoteref) refs/heads/origin/main refs/remotes/origin/main [1ms]
2024-07-14 22:36:16.395 [info] > git config --get commit.template [5ms]
2024-07-14 22:36:16.396 [info] > git for-each-ref --format=%(refname)%00%(upstream:short)%00%(objectname)%00%(upstream:track)%00%(upstream:remotename)%00%(upstream:remoteref) refs/heads/develop refs/remotes/develop [1ms]
2024-07-14 22:36:16.402 [info] > git status -z -uall [1ms]
2024-07-14 22:36:16.408 [info] > git for-each-ref --format=%(refname)%00%(upstream:short)%00%(objectname)%00%(upstream:track)%00%(upstream:remotename)%00%(upstream:remoteref) refs/heads/develop refs/remotes/develop [1ms]
2024-07-14 22:36:16.412 [info] > git config --local branch.develop.vscode-merge-base [0ms]
2024-07-14 22:36:16.419 [info] > git for-each-ref --format=%(refname)%00%(upstream:short)%00%(objectname)%00%(upstream:track)%00%(upstream:remotename)%00%(upstream:remoteref) refs/heads/origin/main refs/remotes/origin/main [1ms]
2024-07-14 22:36:55.013 [info] > git fetch [686ms]
2024-07-14 22:36:55.022 [info] > git config --get commit.template [4ms]
2024-07-14 22:36:55.022 [info] > git for-each-ref --format=%(refname)%00%(upstream:short)%00%(objectname)%00%(upstream:track)%00%(upstream:remotename)%00%(upstream:remoteref) refs/heads/develop refs/remotes/develop [0ms]
2024-07-14 22:36:55.028 [info] > git status -z -uall [2ms]
2024-07-14 22:36:55.034 [info] > git for-each-ref --format=%(refname)%00%(upstream:short)%00%(objectname)%00%(upstream:track)%00%(upstream:remotename)%00%(upstream:remoteref) refs/heads/develop refs/remotes/develop [2ms]
2024-07-14 22:36:55.039 [info] > git config --local branch.develop.vscode-merge-base [1ms]
2024-07-14 22:36:55.043 [info] > git for-each-ref --format=%(refname)%00%(upstream:short)%00%(objectname)%00%(upstream:track)%00%(upstream:remotename)%00%(upstream:remoteref) refs/heads/origin/main refs/remotes/origin/main [0ms]
2024-07-14 22:36:56.092 [info] > git config --get commit.template [2ms]
2024-07-14 22:36:56.097 [info] > git for-each-ref --format=%(refname)%00%(upstream:short)%00%(objectname)%00%(upstream:track)%00%(upstream:remotename)%00%(upstream:remoteref) refs/heads/develop refs/remotes/develop [1ms]
2024-07-14 22:36:56.103 [info] > git status -z -uall [2ms]
2024-07-14 22:36:56.108 [info] > git for-each-ref --format=%(refname)%00%(upstream:short)%00%(objectname)%00%(upstream:track)%00%(upstream:remotename)%00%(upstream:remoteref) refs/heads/develop refs/remotes/develop [1ms]
2024-07-14 22:36:56.113 [info] > git config --local branch.develop.vscode-merge-base [1ms]
2024-07-14 22:36:56.117 [info] > git for-each-ref --format=%(refname)%00%(upstream:short)%00%(objectname)%00%(upstream:track)%00%(upstream:remotename)%00%(upstream:remoteref) refs/heads/origin/main refs/remotes/origin/main [1ms]
2024-07-14 22:36:56.194 [info] > git ls-files --stage -- /home/andojas/Documents/dahu/src/app/library/library.component.css [2ms]
2024-07-14 22:36:56.200 [info] > git cat-file -s cd47792970745303c38b95c42e8343a9f4067bec [2ms]
2024-07-14 22:36:56.204 [info] > git show --textconv :src/app/library/library.component.css [0ms]
2024-07-14 22:37:16.366 [info] > git show --textconv :src/app/library/library.component.html [7ms]
2024-07-14 22:37:16.366 [info] > git ls-files --stage -- /home/andojas/Documents/dahu/src/app/library/library.component.html [1ms]
2024-07-14 22:37:16.372 [info] > git cat-file -s 7d6277586d1c8aa7dfea12aa650f4068ed9a4dc4 [1ms]
2024-07-14 22:37:26.314 [info] > git show --textconv :src/app/library/library.component.css [4ms]
2024-07-14 22:37:26.315 [info] > git ls-files --stage -- /home/andojas/Documents/dahu/src/app/library/library.component.css [1ms]
2024-07-14 22:37:26.320 [info] > git cat-file -s cd47792970745303c38b95c42e8343a9f4067bec [2ms]
2024-07-14 22:37:48.355 [info] > git show --textconv :src/app/library/library.component.html [4ms]
2024-07-14 22:37:48.356 [info] > git ls-files --stage -- /home/andojas/Documents/dahu/src/app/library/library.component.html [1ms]
2024-07-14 22:37:48.361 [info] > git cat-file -s 7d6277586d1c8aa7dfea12aa650f4068ed9a4dc4 [1ms]
2024-07-14 22:40:39.057 [info] > git fetch [571ms]
2024-07-14 22:40:39.067 [info] > git config --get commit.template [4ms]
2024-07-14 22:40:39.068 [info] > git for-each-ref --format=%(refname)%00%(upstream:short)%00%(objectname)%00%(upstream:track)%00%(upstream:remotename)%00%(upstream:remoteref) refs/heads/develop refs/remotes/develop [1ms]
2024-07-14 22:40:39.074 [info] > git status -z -uall [2ms]
2024-07-14 22:40:39.081 [info] > git for-each-ref --format=%(refname)%00%(upstream:short)%00%(objectname)%00%(upstream:track)%00%(upstream:remotename)%00%(upstream:remoteref) refs/heads/develop refs/remotes/develop [1ms]
2024-07-14 22:40:39.086 [info] > git config --local branch.develop.vscode-merge-base [1ms]
2024-07-14 22:40:39.091 [info] > git for-each-ref --format=%(refname)%00%(upstream:short)%00%(objectname)%00%(upstream:track)%00%(upstream:remotename)%00%(upstream:remoteref) refs/heads/origin/main refs/remotes/origin/main [1ms]
2024-07-14 22:40:40.215 [info] > git config --get commit.template [4ms]
2024-07-14 22:40:40.216 [info] > git for-each-ref --format=%(refname)%00%(upstream:short)%00%(objectname)%00%(upstream:track)%00%(upstream:remotename)%00%(upstream:remoteref) refs/heads/develop refs/remotes/develop [1ms]
2024-07-14 22:40:40.223 [info] > git status -z -uall [2ms]
2024-07-14 22:40:40.229 [info] > git for-each-ref --format=%(refname)%00%(upstream:short)%00%(objectname)%00%(upstream:track)%00%(upstream:remotename)%00%(upstream:remoteref) refs/heads/develop refs/remotes/develop [1ms]
2024-07-14 22:40:40.234 [info] > git config --local branch.develop.vscode-merge-base [1ms]
2024-07-14 22:40:40.245 [info] > git for-each-ref --format=%(refname)%00%(upstream:short)%00%(objectname)%00%(upstream:track)%00%(upstream:remotename)%00%(upstream:remoteref) refs/heads/origin/main refs/remotes/origin/main [7ms]
2024-07-14 22:40:40.245 [info] > git ls-files --stage -- /home/andojas/Documents/dahu/src/app/library/library.component.html [1ms]
2024-07-14 22:40:40.250 [info] > git cat-file -s 7d6277586d1c8aa7dfea12aa650f4068ed9a4dc4 [1ms]
2024-07-14 22:40:40.256 [info] > git show --textconv :src/app/library/library.component.html [1ms]
2024-07-14 22:40:42.671 [info] > git show --textconv :src/app/library/library.component.css [3ms]
2024-07-14 22:40:42.672 [info] > git ls-files --stage -- /home/andojas/Documents/dahu/src/app/library/library.component.css [1ms]
2024-07-14 22:40:42.676 [info] > git cat-file -s cd47792970745303c38b95c42e8343a9f4067bec [1ms]
2024-07-14 22:41:07.437 [info] > git config --get commit.template [5ms]
2024-07-14 22:41:07.438 [info] > git for-each-ref --format=%(refname)%00%(upstream:short)%00%(objectname)%00%(upstream:track)%00%(upstream:remotename)%00%(upstream:remoteref) refs/heads/develop refs/remotes/develop [2ms]
2024-07-14 22:41:07.443 [info] > git status -z -uall [2ms]
2024-07-14 22:41:07.449 [info] > git for-each-ref --format=%(refname)%00%(upstream:short)%00%(objectname)%00%(upstream:track)%00%(upstream:remotename)%00%(upstream:remoteref) refs/heads/develop refs/remotes/develop [1ms]
2024-07-14 22:41:07.454 [info] > git config --local branch.develop.vscode-merge-base [1ms]
2024-07-14 22:41:07.459 [info] > git for-each-ref --format=%(refname)%00%(upstream:short)%00%(objectname)%00%(upstream:track)%00%(upstream:remotename)%00%(upstream:remoteref) refs/heads/origin/main refs/remotes/origin/main [0ms]
2024-07-14 22:41:13.893 [info] > git config --get commit.template [4ms]
2024-07-14 22:41:13.893 [info] > git for-each-ref --format=%(refname)%00%(upstream:short)%00%(objectname)%00%(upstream:track)%00%(upstream:remotename)%00%(upstream:remoteref) refs/heads/develop refs/remotes/develop [1ms]
2024-07-14 22:41:13.899 [info] > git status -z -uall [2ms]
2024-07-14 22:41:13.906 [info] > git for-each-ref --format=%(refname)%00%(upstream:short)%00%(objectname)%00%(upstream:track)%00%(upstream:remotename)%00%(upstream:remoteref) refs/heads/develop refs/remotes/develop [2ms]
2024-07-14 22:41:13.911 [info] > git config --local branch.develop.vscode-merge-base [1ms]
2024-07-14 22:41:13.917 [info] > git for-each-ref --format=%(refname)%00%(upstream:short)%00%(objectname)%00%(upstream:track)%00%(upstream:remotename)%00%(upstream:remoteref) refs/heads/origin/main refs/remotes/origin/main [1ms]
2024-07-14 22:41:18.918 [info] > git config --get commit.template [6ms]
2024-07-14 22:41:18.918 [info] > git for-each-ref --format=%(refname)%00%(upstream:short)%00%(objectname)%00%(upstream:track)%00%(upstream:remotename)%00%(upstream:remoteref) refs/heads/develop refs/remotes/develop [1ms]
2024-07-14 22:41:18.926 [info] > git status -z -uall [3ms]
2024-07-14 22:41:18.933 [info] > git for-each-ref --format=%(refname)%00%(upstream:short)%00%(objectname)%00%(upstream:track)%00%(upstream:remotename)%00%(upstream:remoteref) refs/heads/develop refs/remotes/develop [1ms]
2024-07-14 22:41:18.939 [info] > git config --local branch.develop.vscode-merge-base [1ms]
2024-07-14 22:41:18.945 [info] > git for-each-ref --format=%(refname)%00%(upstream:short)%00%(objectname)%00%(upstream:track)%00%(upstream:remotename)%00%(upstream:remoteref) refs/heads/origin/main refs/remotes/origin/main [1ms]
2024-07-14 22:59:17.223 [info] > git config --get commit.template [5ms]
2024-07-14 22:59:17.224 [info] > git for-each-ref --format=%(refname)%00%(upstream:short)%00%(objectname)%00%(upstream:track)%00%(upstream:remotename)%00%(upstream:remoteref) refs/heads/develop refs/remotes/develop [1ms]
2024-07-14 22:59:17.231 [info] > git status -z -uall [2ms]
2024-07-14 22:59:17.239 [info] > git for-each-ref --format=%(refname)%00%(upstream:short)%00%(objectname)%00%(upstream:track)%00%(upstream:remotename)%00%(upstream:remoteref) refs/heads/develop refs/remotes/develop [2ms]
2024-07-14 22:59:17.245 [info] > git config --local branch.develop.vscode-merge-base [1ms]
2024-07-14 22:59:17.249 [info] > git for-each-ref --format=%(refname)%00%(upstream:short)%00%(objectname)%00%(upstream:track)%00%(upstream:remotename)%00%(upstream:remoteref) refs/heads/origin/main refs/remotes/origin/main [1ms]
2024-07-14 22:59:26.974 [info] > git show --textconv :src/app/library/library.component.html [4ms]
2024-07-14 22:59:26.974 [info] > git ls-files --stage -- /home/andojas/Documents/dahu/src/app/library/library.component.html [1ms]
2024-07-14 22:59:26.979 [info] > git cat-file -s 7d6277586d1c8aa7dfea12aa650f4068ed9a4dc4 [1ms]
2024-07-14 23:00:33.745 [info] > git fetch [698ms]
2024-07-14 23:00:33.754 [info] > git config --get commit.template [4ms]
2024-07-14 23:00:33.754 [info] > git for-each-ref --format=%(refname)%00%(upstream:short)%00%(objectname)%00%(upstream:track)%00%(upstream:remotename)%00%(upstream:remoteref) refs/heads/develop refs/remotes/develop [1ms]
2024-07-14 23:00:33.761 [info] > git status -z -uall [2ms]
2024-07-14 23:00:33.766 [info] > git for-each-ref --format=%(refname)%00%(upstream:short)%00%(objectname)%00%(upstream:track)%00%(upstream:remotename)%00%(upstream:remoteref) refs/heads/develop refs/remotes/develop [1ms]
2024-07-14 23:00:33.770 [info] > git config --local branch.develop.vscode-merge-base [1ms]
2024-07-14 23:00:33.774 [info] > git for-each-ref --format=%(refname)%00%(upstream:short)%00%(objectname)%00%(upstream:track)%00%(upstream:remotename)%00%(upstream:remoteref) refs/heads/origin/main refs/remotes/origin/main [0ms]
2024-07-14 23:00:34.830 [info] > git config --get commit.template [5ms]
2024-07-14 23:00:34.831 [info] > git for-each-ref --format=%(refname)%00%(upstream:short)%00%(objectname)%00%(upstream:track)%00%(upstream:remotename)%00%(upstream:remoteref) refs/heads/develop refs/remotes/develop [1ms]
2024-07-14 23:00:34.836 [info] > git status -z -uall [1ms]
2024-07-14 23:00:34.841 [info] > git for-each-ref --format=%(refname)%00%(upstream:short)%00%(objectname)%00%(upstream:track)%00%(upstream:remotename)%00%(upstream:remoteref) refs/heads/develop refs/remotes/develop [1ms]
2024-07-14 23:00:34.846 [info] > git config --local branch.develop.vscode-merge-base [1ms]
2024-07-14 23:00:34.851 [info] > git for-each-ref --format=%(refname)%00%(upstream:short)%00%(objectname)%00%(upstream:track)%00%(upstream:remotename)%00%(upstream:remoteref) refs/heads/origin/main refs/remotes/origin/main [1ms]
2024-07-14 23:00:34.946 [info] > git ls-files --stage -- /home/andojas/Documents/dahu/src/app/library/library.component.html [1ms]
2024-07-14 23:00:34.952 [info] > git cat-file -s 7d6277586d1c8aa7dfea12aa650f4068ed9a4dc4 [0ms]
2024-07-14 23:00:34.956 [info] > git show --textconv :src/app/library/library.component.html [0ms]
2024-07-14 23:00:51.818 [info] > git show --textconv :src/app/library/library.component.css [5ms]
2024-07-14 23:00:51.819 [info] > git ls-files --stage -- /home/andojas/Documents/dahu/src/app/library/library.component.css [1ms]
2024-07-14 23:00:51.825 [info] > git cat-file -s cd47792970745303c38b95c42e8343a9f4067bec [2ms]
2024-07-14 23:01:50.971 [info] > git config --get commit.template [6ms]
2024-07-14 23:01:50.971 [info] > git for-each-ref --format=%(refname)%00%(upstream:short)%00%(objectname)%00%(upstream:track)%00%(upstream:remotename)%00%(upstream:remoteref) refs/heads/develop refs/remotes/develop [1ms]
2024-07-14 23:01:50.977 [info] > git status -z -uall [1ms]
2024-07-14 23:01:50.982 [info] > git for-each-ref --format=%(refname)%00%(upstream:short)%00%(objectname)%00%(upstream:track)%00%(upstream:remotename)%00%(upstream:remoteref) refs/heads/develop refs/remotes/develop [1ms]
2024-07-14 23:01:50.986 [info] > git config --local branch.develop.vscode-merge-base [0ms]
2024-07-14 23:01:50.991 [info] > git for-each-ref --format=%(refname)%00%(upstream:short)%00%(objectname)%00%(upstream:track)%00%(upstream:remotename)%00%(upstream:remoteref) refs/heads/origin/main refs/remotes/origin/main [1ms]
2024-07-14 23:01:55.993 [info] > git config --get commit.template [4ms]
2024-07-14 23:01:55.993 [info] > git for-each-ref --format=%(refname)%00%(upstream:short)%00%(objectname)%00%(upstream:track)%00%(upstream:remotename)%00%(upstream:remoteref) refs/heads/develop refs/remotes/develop [1ms]
2024-07-14 23:01:56.000 [info] > git status -z -uall [2ms]
2024-07-14 23:01:56.007 [info] > git for-each-ref --format=%(refname)%00%(upstream:short)%00%(objectname)%00%(upstream:track)%00%(upstream:remotename)%00%(upstream:remoteref) refs/heads/develop refs/remotes/develop [2ms]
2024-07-14 23:01:56.012 [info] > git config --local branch.develop.vscode-merge-base [1ms]
2024-07-14 23:01:56.018 [info] > git for-each-ref --format=%(refname)%00%(upstream:short)%00%(objectname)%00%(upstream:track)%00%(upstream:remotename)%00%(upstream:remoteref) refs/heads/origin/main refs/remotes/origin/main [1ms]
2024-07-14 23:02:01.017 [info] > git config --get commit.template [6ms]
2024-07-14 23:02:01.017 [info] > git for-each-ref --format=%(refname)%00%(upstream:short)%00%(objectname)%00%(upstream:track)%00%(upstream:remotename)%00%(upstream:remoteref) refs/heads/develop refs/remotes/develop [1ms]
2024-07-14 23:02:01.024 [info] > git status -z -uall [2ms]
2024-07-14 23:02:01.030 [info] > git for-each-ref --format=%(refname)%00%(upstream:short)%00%(objectname)%00%(upstream:track)%00%(upstream:remotename)%00%(upstream:remoteref) refs/heads/develop refs/remotes/develop [1ms]
2024-07-14 23:02:01.035 [info] > git config --local branch.develop.vscode-merge-base [1ms]
2024-07-14 23:02:01.040 [info] > git for-each-ref --format=%(refname)%00%(upstream:short)%00%(objectname)%00%(upstream:track)%00%(upstream:remotename)%00%(upstream:remoteref) refs/heads/origin/main refs/remotes/origin/main [1ms]
2024-07-14 23:02:35.267 [info] > git config --get commit.template [7ms]
2024-07-14 23:02:35.267 [info] > git for-each-ref --format=%(refname)%00%(upstream:short)%00%(objectname)%00%(upstream:track)%00%(upstream:remotename)%00%(upstream:remoteref) refs/heads/develop refs/remotes/develop [1ms]
2024-07-14 23:02:35.276 [info] > git status -z -uall [2ms]
2024-07-14 23:02:35.284 [info] > git for-each-ref --format=%(refname)%00%(upstream:short)%00%(objectname)%00%(upstream:track)%00%(upstream:remotename)%00%(upstream:remoteref) refs/heads/develop refs/remotes/develop [1ms]
2024-07-14 23:02:35.292 [info] > git config --local branch.develop.vscode-merge-base [1ms]
2024-07-14 23:02:35.297 [info] > git for-each-ref --format=%(refname)%00%(upstream:short)%00%(objectname)%00%(upstream:track)%00%(upstream:remotename)%00%(upstream:remoteref) refs/heads/origin/main refs/remotes/origin/main [0ms]
2024-07-14 23:02:42.640 [info] > git check-ignore -v -z --stdin [1ms]
2024-07-14 23:02:45.071 [info] > git show --textconv :src/app/app.component.css [6ms]
2024-07-14 23:02:45.072 [info] > git ls-files --stage -- /home/andojas/Documents/dahu/src/app/app.component.css [2ms]
2024-07-14 23:02:45.077 [info] > git cat-file -s 5cb73dd17cfb3dc4fd2c5c04111d7f8038b6cbef [1ms]
2024-07-14 23:02:53.397 [info] > git show --textconv :src/app/app.component.html [4ms]
2024-07-14 23:02:53.398 [info] > git ls-files --stage -- /home/andojas/Documents/dahu/src/app/app.component.html [1ms]
2024-07-14 23:02:53.403 [info] > git cat-file -s cbbf97f7dfa8482eccd693c3bbfea4b43dbcbfaf [1ms]
2024-07-14 23:02:59.734 [info] > git show --textconv :src/app/app.component.css [4ms]
2024-07-14 23:02:59.735 [info] > git ls-files --stage -- /home/andojas/Documents/dahu/src/app/app.component.css [1ms]
2024-07-14 23:02:59.739 [info] > git cat-file -s 5cb73dd17cfb3dc4fd2c5c04111d7f8038b6cbef [1ms]
2024-07-14 23:03:33.224 [info] > git show --textconv :ext-src/extension.ts [7ms]
2024-07-14 23:03:33.225 [info] > git ls-files --stage -- /home/andojas/Documents/dahu/ext-src/extension.ts [1ms]
2024-07-14 23:03:33.234 [info] > git cat-file -s 4606b1c335946288076db180b446811b8fe9b883 [3ms]
2024-07-14 23:03:34.340 [info] > git fetch [569ms]
2024-07-14 23:03:34.351 [info] > git config --get commit.template [6ms]
2024-07-14 23:03:34.352 [info] > git for-each-ref --format=%(refname)%00%(upstream:short)%00%(objectname)%00%(upstream:track)%00%(upstream:remotename)%00%(upstream:remoteref) refs/heads/develop refs/remotes/develop [1ms]
2024-07-14 23:03:34.359 [info] > git status -z -uall [2ms]
2024-07-14 23:03:34.367 [info] > git for-each-ref --format=%(refname)%00%(upstream:short)%00%(objectname)%00%(upstream:track)%00%(upstream:remotename)%00%(upstream:remoteref) refs/heads/develop refs/remotes/develop [2ms]
2024-07-14 23:03:34.372 [info] > git config --local branch.develop.vscode-merge-base [1ms]
2024-07-14 23:03:34.377 [info] > git for-each-ref --format=%(refname)%00%(upstream:short)%00%(objectname)%00%(upstream:track)%00%(upstream:remotename)%00%(upstream:remoteref) refs/heads/origin/main refs/remotes/origin/main [1ms]
2024-07-14 23:03:35.418 [info] > git config --get commit.template [1ms]
2024-07-14 23:03:35.424 [info] > git for-each-ref --format=%(refname)%00%(upstream:short)%00%(objectname)%00%(upstream:track)%00%(upstream:remotename)%00%(upstream:remoteref) refs/heads/develop refs/remotes/develop [1ms]
2024-07-14 23:03:35.430 [info] > git status -z -uall [3ms]
2024-07-14 23:03:35.436 [info] > git for-each-ref --format=%(refname)%00%(upstream:short)%00%(objectname)%00%(upstream:track)%00%(upstream:remotename)%00%(upstream:remoteref) refs/heads/develop refs/remotes/develop [1ms]
2024-07-14 23:03:35.442 [info] > git config --local branch.develop.vscode-merge-base [1ms]
2024-07-14 23:03:35.449 [info] > git for-each-ref --format=%(refname)%00%(upstream:short)%00%(objectname)%00%(upstream:track)%00%(upstream:remotename)%00%(upstream:remoteref) refs/heads/origin/main refs/remotes/origin/main [1ms]
2024-07-14 23:03:35.519 [info] > git ls-files --stage -- /home/andojas/Documents/dahu/ext-src/extension.ts [1ms]
2024-07-14 23:03:35.524 [info] > git cat-file -s 4606b1c335946288076db180b446811b8fe9b883 [1ms]
2024-07-14 23:03:35.530 [info] > git show --textconv :ext-src/extension.ts [2ms]
2024-07-14 23:06:35.063 [info] > git fetch [690ms]
2024-07-14 23:06:35.073 [info] > git config --get commit.template [5ms]
2024-07-14 23:06:35.074 [info] > git for-each-ref --format=%(refname)%00%(upstream:short)%00%(objectname)%00%(upstream:track)%00%(upstream:remotename)%00%(upstream:remoteref) refs/heads/develop refs/remotes/develop [2ms]
2024-07-14 23:06:35.081 [info] > git status -z -uall [3ms]
2024-07-14 23:06:35.086 [info] > git for-each-ref --format=%(refname)%00%(upstream:short)%00%(objectname)%00%(upstream:track)%00%(upstream:remotename)%00%(upstream:remoteref) refs/heads/develop refs/remotes/develop [1ms]
2024-07-14 23:06:35.092 [info] > git config --local branch.develop.vscode-merge-base [1ms]
2024-07-14 23:06:35.097 [info] > git for-each-ref --format=%(refname)%00%(upstream:short)%00%(objectname)%00%(upstream:track)%00%(upstream:remotename)%00%(upstream:remoteref) refs/heads/origin/main refs/remotes/origin/main [1ms]
2024-07-14 23:06:36.149 [info] > git config --get commit.template [6ms]
2024-07-14 23:06:36.149 [info] > git for-each-ref --format=%(refname)%00%(upstream:short)%00%(objectname)%00%(upstream:track)%00%(upstream:remotename)%00%(upstream:remoteref) refs/heads/develop refs/remotes/develop [1ms]
2024-07-14 23:06:36.156 [info] > git status -z -uall [3ms]
2024-07-14 23:06:36.162 [info] > git for-each-ref --format=%(refname)%00%(upstream:short)%00%(objectname)%00%(upstream:track)%00%(upstream:remotename)%00%(upstream:remoteref) refs/heads/develop refs/remotes/develop [1ms]
2024-07-14 23:06:36.167 [info] > git config --local branch.develop.vscode-merge-base [1ms]
2024-07-14 23:06:36.173 [info] > git for-each-ref --format=%(refname)%00%(upstream:short)%00%(objectname)%00%(upstream:track)%00%(upstream:remotename)%00%(upstream:remoteref) refs/heads/origin/main refs/remotes/origin/main [2ms]
2024-07-14 23:06:36.242 [info] > git ls-files --stage -- /home/andojas/Documents/dahu/ext-src/extension.ts [1ms]
2024-07-14 23:06:36.248 [info] > git cat-file -s 4606b1c335946288076db180b446811b8fe9b883 [2ms]
2024-07-14 23:06:36.254 [info] > git show --textconv :ext-src/extension.ts [1ms]
2024-07-14 23:07:06.801 [info] > git config --get commit.template [5ms]
2024-07-14 23:07:06.802 [info] > git for-each-ref --format=%(refname)%00%(upstream:short)%00%(objectname)%00%(upstream:track)%00%(upstream:remotename)%00%(upstream:remoteref) refs/heads/develop refs/remotes/develop [2ms]
2024-07-14 23:07:06.808 [info] > git status -z -uall [2ms]
2024-07-14 23:07:06.815 [info] > git for-each-ref --format=%(refname)%00%(upstream:short)%00%(objectname)%00%(upstream:track)%00%(upstream:remotename)%00%(upstream:remoteref) refs/heads/develop refs/remotes/develop [2ms]
2024-07-14 23:07:06.820 [info] > git config --local branch.develop.vscode-merge-base [1ms]
2024-07-14 23:07:06.825 [info] > git for-each-ref --format=%(refname)%00%(upstream:short)%00%(objectname)%00%(upstream:track)%00%(upstream:remotename)%00%(upstream:remoteref) refs/heads/origin/main refs/remotes/origin/main [1ms]
2024-07-14 23:08:01.179 [info] > git config --get commit.template [5ms]
2024-07-14 23:08:01.180 [info] > git for-each-ref --format=%(refname)%00%(upstream:short)%00%(objectname)%00%(upstream:track)%00%(upstream:remotename)%00%(upstream:remoteref) refs/heads/develop refs/remotes/develop [1ms]
2024-07-14 23:08:01.186 [info] > git status -z -uall [2ms]
2024-07-14 23:08:01.192 [info] > git for-each-ref --format=%(refname)%00%(upstream:short)%00%(objectname)%00%(upstream:track)%00%(upstream:remotename)%00%(upstream:remoteref) refs/heads/develop refs/remotes/develop [1ms]
2024-07-14 23:08:01.197 [info] > git config --local branch.develop.vscode-merge-base [1ms]
2024-07-14 23:08:01.202 [info] > git for-each-ref --format=%(refname)%00%(upstream:short)%00%(objectname)%00%(upstream:track)%00%(upstream:remotename)%00%(upstream:remoteref) refs/heads/origin/main refs/remotes/origin/main [1ms]
2024-07-14 23:08:06.205 [info] > git config --get commit.template [5ms]
2024-07-14 23:08:06.206 [info] > git for-each-ref --format=%(refname)%00%(upstream:short)%00%(objectname)%00%(upstream:track)%00%(upstream:remotename)%00%(upstream:remoteref) refs/heads/develop refs/remotes/develop [2ms]
2024-07-14 23:08:06.213 [info] > git status -z -uall [2ms]
2024-07-14 23:08:06.220 [info] > git for-each-ref --format=%(refname)%00%(upstream:short)%00%(objectname)%00%(upstream:track)%00%(upstream:remotename)%00%(upstream:remoteref) refs/heads/develop refs/remotes/develop [1ms]
2024-07-14 23:08:06.226 [info] > git config --local branch.develop.vscode-merge-base [1ms]
2024-07-14 23:08:06.231 [info] > git for-each-ref --format=%(refname)%00%(upstream:short)%00%(objectname)%00%(upstream:track)%00%(upstream:remotename)%00%(upstream:remoteref) refs/heads/origin/main refs/remotes/origin/main [1ms]
2024-07-14 23:08:11.233 [info] > git config --get commit.template [5ms]
2024-07-14 23:08:11.233 [info] > git for-each-ref --format=%(refname)%00%(upstream:short)%00%(objectname)%00%(upstream:track)%00%(upstream:remotename)%00%(upstream:remoteref) refs/heads/develop refs/remotes/develop [1ms]
2024-07-14 23:08:11.239 [info] > git status -z -uall [2ms]
2024-07-14 23:08:11.245 [info] > git for-each-ref --format=%(refname)%00%(upstream:short)%00%(objectname)%00%(upstream:track)%00%(upstream:remotename)%00%(upstream:remoteref) refs/heads/develop refs/remotes/develop [1ms]
2024-07-14 23:08:11.250 [info] > git config --local branch.develop.vscode-merge-base [1ms]
2024-07-14 23:08:11.255 [info] > git for-each-ref --format=%(refname)%00%(upstream:short)%00%(objectname)%00%(upstream:track)%00%(upstream:remotename)%00%(upstream:remoteref) refs/heads/origin/main refs/remotes/origin/main [0ms]
2024-07-14 23:08:22.228 [info] > git config --get commit.template [6ms]
2024-07-14 23:08:22.229 [info] > git for-each-ref --format=%(refname)%00%(upstream:short)%00%(objectname)%00%(upstream:track)%00%(upstream:remotename)%00%(upstream:remoteref) refs/heads/develop refs/remotes/develop [1ms]
2024-07-14 23:08:22.235 [info] > git status -z -uall [2ms]
2024-07-14 23:08:22.241 [info] > git for-each-ref --format=%(refname)%00%(upstream:short)%00%(objectname)%00%(upstream:track)%00%(upstream:remotename)%00%(upstream:remoteref) refs/heads/develop refs/remotes/develop [1ms]
2024-07-14 23:08:22.246 [info] > git config --local branch.develop.vscode-merge-base [1ms]
2024-07-14 23:08:22.252 [info] > git for-each-ref --format=%(refname)%00%(upstream:short)%00%(objectname)%00%(upstream:track)%00%(upstream:remotename)%00%(upstream:remoteref) refs/heads/origin/main refs/remotes/origin/main [1ms]
2024-07-14 23:09:36.003 [info] > git fetch [908ms]
2024-07-14 23:09:36.013 [info] > git config --get commit.template [5ms]
2024-07-14 23:09:36.013 [info] > git for-each-ref --format=%(refname)%00%(upstream:short)%00%(objectname)%00%(upstream:track)%00%(upstream:remotename)%00%(upstream:remoteref) refs/heads/develop refs/remotes/develop [0ms]
2024-07-14 23:09:36.020 [info] > git status -z -uall [2ms]
2024-07-14 23:09:36.025 [info] > git for-each-ref --format=%(refname)%00%(upstream:short)%00%(objectname)%00%(upstream:track)%00%(upstream:remotename)%00%(upstream:remoteref) refs/heads/develop refs/remotes/develop [1ms]
2024-07-14 23:09:36.030 [info] > git config --local branch.develop.vscode-merge-base [0ms]
2024-07-14 23:09:36.035 [info] > git for-each-ref --format=%(refname)%00%(upstream:short)%00%(objectname)%00%(upstream:track)%00%(upstream:remotename)%00%(upstream:remoteref) refs/heads/origin/main refs/remotes/origin/main [1ms]
2024-07-14 23:09:37.090 [info] > git config --get commit.template [7ms]
2024-07-14 23:09:37.091 [info] > git for-each-ref --format=%(refname)%00%(upstream:short)%00%(objectname)%00%(upstream:track)%00%(upstream:remotename)%00%(upstream:remoteref) refs/heads/develop refs/remotes/develop [2ms]
2024-07-14 23:09:37.096 [info] > git status -z -uall [2ms]
2024-07-14 23:09:37.102 [info] > git for-each-ref --format=%(refname)%00%(upstream:short)%00%(objectname)%00%(upstream:track)%00%(upstream:remotename)%00%(upstream:remoteref) refs/heads/develop refs/remotes/develop [2ms]
2024-07-14 23:09:37.107 [info] > git config --local branch.develop.vscode-merge-base [1ms]
2024-07-14 23:09:37.111 [info] > git for-each-ref --format=%(refname)%00%(upstream:short)%00%(objectname)%00%(upstream:track)%00%(upstream:remotename)%00%(upstream:remoteref) refs/heads/origin/main refs/remotes/origin/main [1ms]
2024-07-14 23:09:37.205 [info] > git ls-files --stage -- /home/andojas/Documents/dahu/ext-src/extension.ts [1ms]
2024-07-14 23:09:37.210 [info] > git cat-file -s 4606b1c335946288076db180b446811b8fe9b883 [1ms]
2024-07-14 23:09:37.216 [info] > git show --textconv :ext-src/extension.ts [2ms]
2024-07-14 23:12:36.701 [info] > git fetch [668ms]
2024-07-14 23:12:36.711 [info] > git config --get commit.template [4ms]
2024-07-14 23:12:36.712 [info] > git for-each-ref --format=%(refname)%00%(upstream:short)%00%(objectname)%00%(upstream:track)%00%(upstream:remotename)%00%(upstream:remoteref) refs/heads/develop refs/remotes/develop [1ms]
2024-07-14 23:12:36.718 [info] > git status -z -uall [2ms]
2024-07-14 23:12:36.723 [info] > git for-each-ref --format=%(refname)%00%(upstream:short)%00%(objectname)%00%(upstream:track)%00%(upstream:remotename)%00%(upstream:remoteref) refs/heads/develop refs/remotes/develop [1ms]
2024-07-14 23:12:36.728 [info] > git config --local branch.develop.vscode-merge-base [1ms]
2024-07-14 23:12:36.732 [info] > git for-each-ref --format=%(refname)%00%(upstream:short)%00%(objectname)%00%(upstream:track)%00%(upstream:remotename)%00%(upstream:remoteref) refs/heads/origin/main refs/remotes/origin/main [0ms]
2024-07-14 23:12:37.786 [info] > git config --get commit.template [5ms]
2024-07-14 23:12:37.786 [info] > git for-each-ref --format=%(refname)%00%(upstream:short)%00%(objectname)%00%(upstream:track)%00%(upstream:remotename)%00%(upstream:remoteref) refs/heads/develop refs/remotes/develop [1ms]
2024-07-14 23:12:37.792 [info] > git status -z -uall [2ms]
2024-07-14 23:12:37.798 [info] > git for-each-ref --format=%(refname)%00%(upstream:short)%00%(objectname)%00%(upstream:track)%00%(upstream:remotename)%00%(upstream:remoteref) refs/heads/develop refs/remotes/develop [1ms]
2024-07-14 23:12:37.803 [info] > git config --local branch.develop.vscode-merge-base [1ms]
2024-07-14 23:12:37.809 [info] > git for-each-ref --format=%(refname)%00%(upstream:short)%00%(objectname)%00%(upstream:track)%00%(upstream:remotename)%00%(upstream:remoteref) refs/heads/origin/main refs/remotes/origin/main [1ms]
2024-07-14 23:12:37.883 [info] > git ls-files --stage -- /home/andojas/Documents/dahu/ext-src/extension.ts [2ms]
2024-07-14 23:12:37.889 [info] > git cat-file -s 4606b1c335946288076db180b446811b8fe9b883 [2ms]
2024-07-14 23:12:37.894 [info] > git show --textconv :ext-src/extension.ts [1ms]
2024-07-14 23:17:09.745 [info] > git fetch [671ms]
2024-07-14 23:17:09.755 [info] > git config --get commit.template [5ms]
2024-07-14 23:17:09.756 [info] > git for-each-ref --format=%(refname)%00%(upstream:short)%00%(objectname)%00%(upstream:track)%00%(upstream:remotename)%00%(upstream:remoteref) refs/heads/develop refs/remotes/develop [1ms]
2024-07-14 23:17:09.762 [info] > git status -z -uall [2ms]
2024-07-14 23:17:09.768 [info] > git for-each-ref --format=%(refname)%00%(upstream:short)%00%(objectname)%00%(upstream:track)%00%(upstream:remotename)%00%(upstream:remoteref) refs/heads/develop refs/remotes/develop [1ms]
2024-07-14 23:17:09.774 [info] > git config --local branch.develop.vscode-merge-base [1ms]
2024-07-14 23:17:09.779 [info] > git for-each-ref --format=%(refname)%00%(upstream:short)%00%(objectname)%00%(upstream:track)%00%(upstream:remotename)%00%(upstream:remoteref) refs/heads/origin/main refs/remotes/origin/main [1ms]
2024-07-14 23:17:10.826 [info] > git config --get commit.template [5ms]
2024-07-14 23:17:10.827 [info] > git for-each-ref --format=%(refname)%00%(upstream:short)%00%(objectname)%00%(upstream:track)%00%(upstream:remotename)%00%(upstream:remoteref) refs/heads/develop refs/remotes/develop [2ms]
2024-07-14 23:17:10.835 [info] > git status -z -uall [3ms]
2024-07-14 23:17:10.840 [info] > git for-each-ref --format=%(refname)%00%(upstream:short)%00%(objectname)%00%(upstream:track)%00%(upstream:remotename)%00%(upstream:remoteref) refs/heads/develop refs/remotes/develop [1ms]
2024-07-14 23:17:10.845 [info] > git config --local branch.develop.vscode-merge-base [0ms]
2024-07-14 23:17:10.851 [info] > git for-each-ref --format=%(refname)%00%(upstream:short)%00%(objectname)%00%(upstream:track)%00%(upstream:remotename)%00%(upstream:remoteref) refs/heads/origin/main refs/remotes/origin/main [1ms]
2024-07-14 23:17:10.925 [info] > git ls-files --stage -- /home/andojas/Documents/dahu/ext-src/extension.ts [1ms]
2024-07-14 23:17:10.933 [info] > git cat-file -s 4606b1c335946288076db180b446811b8fe9b883 [2ms]
2024-07-14 23:17:10.939 [info] > git show --textconv :ext-src/extension.ts [1ms]
2024-07-14 23:17:34.122 [info] > git show --textconv :themes/extensionTheme.json [7ms]
2024-07-14 23:17:34.123 [info] > git ls-files --stage -- /home/andojas/Documents/dahu/themes/extensionTheme.json [2ms]
2024-07-14 23:17:34.127 [info] > git cat-file -s 7406c3ef569a4716b0fb7f34b54249594f9cab3f [1ms]
2024-07-14 23:19:32.658 [info] > git show --textconv :ext-src/extension.ts [5ms]
2024-07-14 23:19:32.659 [info] > git ls-files --stage -- /home/andojas/Documents/dahu/ext-src/extension.ts [1ms]
2024-07-14 23:19:32.663 [info] > git cat-file -s 4606b1c335946288076db180b446811b8fe9b883 [0ms]
2024-07-14 23:19:37.640 [info] > git config --get commit.template [7ms]
2024-07-14 23:19:37.640 [info] > git for-each-ref --format=%(refname)%00%(upstream:short)%00%(objectname)%00%(upstream:track)%00%(upstream:remotename)%00%(upstream:remoteref) refs/heads/develop refs/remotes/develop [1ms]
2024-07-14 23:19:37.646 [info] > git status -z -uall [2ms]
2024-07-14 23:19:37.652 [info] > git for-each-ref --format=%(refname)%00%(upstream:short)%00%(objectname)%00%(upstream:track)%00%(upstream:remotename)%00%(upstream:remoteref) refs/heads/develop refs/remotes/develop [1ms]
2024-07-14 23:19:37.657 [info] > git config --local branch.develop.vscode-merge-base [0ms]
2024-07-14 23:19:37.662 [info] > git for-each-ref --format=%(refname)%00%(upstream:short)%00%(objectname)%00%(upstream:track)%00%(upstream:remotename)%00%(upstream:remoteref) refs/heads/origin/main refs/remotes/origin/main [1ms]
2024-07-14 23:19:42.664 [info] > git config --get commit.template [6ms]
2024-07-14 23:19:42.664 [info] > git for-each-ref --format=%(refname)%00%(upstream:short)%00%(objectname)%00%(upstream:track)%00%(upstream:remotename)%00%(upstream:remoteref) refs/heads/develop refs/remotes/develop [1ms]
2024-07-14 23:19:42.670 [info] > git status -z -uall [2ms]
2024-07-14 23:19:42.677 [info] > git for-each-ref --format=%(refname)%00%(upstream:short)%00%(objectname)%00%(upstream:track)%00%(upstream:remotename)%00%(upstream:remoteref) refs/heads/develop refs/remotes/develop [1ms]
2024-07-14 23:19:42.683 [info] > git config --local branch.develop.vscode-merge-base [1ms]
2024-07-14 23:19:42.688 [info] > git for-each-ref --format=%(refname)%00%(upstream:short)%00%(objectname)%00%(upstream:track)%00%(upstream:remotename)%00%(upstream:remoteref) refs/heads/origin/main refs/remotes/origin/main [1ms]
2024-07-14 23:19:47.691 [info] > git config --get commit.template [6ms]
2024-07-14 23:19:47.692 [info] > git for-each-ref --format=%(refname)%00%(upstream:short)%00%(objectname)%00%(upstream:track)%00%(upstream:remotename)%00%(upstream:remoteref) refs/heads/develop refs/remotes/develop [2ms]
2024-07-14 23:19:47.698 [info] > git status -z -uall [2ms]
2024-07-14 23:19:47.703 [info] > git for-each-ref --format=%(refname)%00%(upstream:short)%00%(objectname)%00%(upstream:track)%00%(upstream:remotename)%00%(upstream:remoteref) refs/heads/develop refs/remotes/develop [1ms]
2024-07-14 23:19:47.708 [info] > git config --local branch.develop.vscode-merge-base [1ms]
2024-07-14 23:19:47.712 [info] > git for-each-ref --format=%(refname)%00%(upstream:short)%00%(objectname)%00%(upstream:track)%00%(upstream:remotename)%00%(upstream:remoteref) refs/heads/origin/main refs/remotes/origin/main [0ms]
2024-07-14 23:21:14.928 [info] > git config --get commit.template [5ms]
2024-07-14 23:21:14.929 [info] > git for-each-ref --format=%(refname)%00%(upstream:short)%00%(objectname)%00%(upstream:track)%00%(upstream:remotename)%00%(upstream:remoteref) refs/heads/develop refs/remotes/develop [1ms]
2024-07-14 23:21:14.934 [info] > git status -z -uall [2ms]
2024-07-14 23:21:14.940 [info] > git for-each-ref --format=%(refname)%00%(upstream:short)%00%(objectname)%00%(upstream:track)%00%(upstream:remotename)%00%(upstream:remoteref) refs/heads/develop refs/remotes/develop [2ms]
2024-07-14 23:21:14.945 [info] > git config --local branch.develop.vscode-merge-base [1ms]
2024-07-14 23:21:14.949 [info] > git for-each-ref --format=%(refname)%00%(upstream:short)%00%(objectname)%00%(upstream:track)%00%(upstream:remotename)%00%(upstream:remoteref) refs/heads/origin/main refs/remotes/origin/main [0ms]
2024-07-14 23:21:15.548 [info] > git fetch [630ms]
2024-07-14 23:21:15.558 [info] > git config --get commit.template [5ms]
2024-07-14 23:21:15.559 [info] > git for-each-ref --format=%(refname)%00%(upstream:short)%00%(objectname)%00%(upstream:track)%00%(upstream:remotename)%00%(upstream:remoteref) refs/heads/develop refs/remotes/develop [1ms]
2024-07-14 23:21:15.566 [info] > git status -z -uall [1ms]
2024-07-14 23:21:15.573 [info] > git for-each-ref --format=%(refname)%00%(upstream:short)%00%(objectname)%00%(upstream:track)%00%(upstream:remotename)%00%(upstream:remoteref) refs/heads/develop refs/remotes/develop [3ms]
2024-07-14 23:21:15.580 [info] > git config --local branch.develop.vscode-merge-base [2ms]
2024-07-14 23:21:15.585 [info] > git for-each-ref --format=%(refname)%00%(upstream:short)%00%(objectname)%00%(upstream:track)%00%(upstream:remotename)%00%(upstream:remoteref) refs/heads/origin/main refs/remotes/origin/main [1ms]
2024-07-14 23:21:16.727 [info] > git ls-files --stage -- /home/andojas/Documents/dahu/ext-src/extension.ts [1ms]
2024-07-14 23:21:16.735 [info] > git cat-file -s 4606b1c335946288076db180b446811b8fe9b883 [2ms]
2024-07-14 23:21:16.741 [info] > git show --textconv :ext-src/extension.ts [1ms]
2024-07-14 23:21:19.953 [info] > git config --get commit.template [6ms]
2024-07-14 23:21:19.953 [info] > git for-each-ref --format=%(refname)%00%(upstream:short)%00%(objectname)%00%(upstream:track)%00%(upstream:remotename)%00%(upstream:remoteref) refs/heads/develop refs/remotes/develop [1ms]
2024-07-14 23:21:19.959 [info] > git status -z -uall [2ms]
2024-07-14 23:21:19.965 [info] > git for-each-ref --format=%(refname)%00%(upstream:short)%00%(objectname)%00%(upstream:track)%00%(upstream:remotename)%00%(upstream:remoteref) refs/heads/develop refs/remotes/develop [2ms]
2024-07-14 23:21:19.969 [info] > git config --local branch.develop.vscode-merge-base [0ms]
2024-07-14 23:21:19.974 [info] > git for-each-ref --format=%(refname)%00%(upstream:short)%00%(objectname)%00%(upstream:track)%00%(upstream:remotename)%00%(upstream:remoteref) refs/heads/origin/main refs/remotes/origin/main [0ms]
