2024-07-28 19:59:18.268 [info] Log level: Info
2024-07-28 19:59:18.268 [info] Validating found git in: "git"
2024-07-28 19:59:18.268 [info] Using git "2.45.2" from "git"
2024-07-28 19:59:18.268 [info] > git rev-parse --show-toplevel [3ms]
2024-07-28 19:59:18.268 [info] > git rev-parse --git-dir --git-common-dir [2ms]
2024-07-28 19:59:18.268 [info] Open repository: /home/andojas/Documents/dahu
2024-07-28 19:59:18.283 [info] > git rev-parse --show-toplevel [35ms]
2024-07-28 19:59:18.284 [info] > git config --get commit.template [43ms]
2024-07-28 19:59:18.327 [info] > git for-each-ref --format=%(refname)%00%(upstream:short)%00%(objectname)%00%(upstream:track)%00%(upstream:remotename)%00%(upstream:remoteref) refs/heads/develop refs/remotes/develop [10ms]
2024-07-28 19:59:18.331 [info] > git rev-parse --show-toplevel [5ms]
2024-07-28 19:59:18.347 [info] > git rev-parse --show-toplevel [4ms]
2024-07-28 19:59:18.367 [info] > git status -z -uall [9ms]
2024-07-28 19:59:18.389 [info] > git for-each-ref --format=%(refname)%00%(upstream:short)%00%(objectname)%00%(upstream:track)%00%(upstream:remotename)%00%(upstream:remoteref) refs/heads/develop refs/remotes/develop [14ms]
2024-07-28 19:59:18.397 [info] > git rev-parse --show-toplevel [32ms]
2024-07-28 19:59:18.413 [info] > git config --local branch.develop.vscode-merge-base [15ms]
2024-07-28 19:59:18.423 [info] > git config --get commit.template [34ms]
2024-07-28 19:59:18.435 [info] > git for-each-ref --format=%(refname)%00%(upstream:short)%00%(objectname)%00%(upstream:track)%00%(upstream:remotename)%00%(upstream:remoteref) refs/heads/origin/main refs/remotes/origin/main [13ms]
2024-07-28 19:59:18.443 [info] > git rev-parse --show-toplevel [33ms]
2024-07-28 19:59:18.455 [info] > git merge-base refs/heads/develop refs/remotes/origin/develop [13ms]
2024-07-28 19:59:18.461 [info] > git rev-parse --show-toplevel [7ms]
2024-07-28 19:59:18.461 [info] > git for-each-ref --format=%(refname)%00%(upstream:short)%00%(objectname)%00%(upstream:track)%00%(upstream:remotename)%00%(upstream:remoteref) refs/heads/develop refs/remotes/develop [11ms]
2024-07-28 19:59:18.469 [info] > git rev-list --count --left-right refs/heads/develop...refs/remotes/origin/develop [9ms]
2024-07-28 19:59:18.482 [info] > git diff --name-status -z --diff-filter=ADMR 78174add9c4b41349ea27c33135d2575a6ed3722...refs/remotes/origin/develop [8ms]
2024-07-28 19:59:18.483 [info] > git rev-parse --show-toplevel [15ms]
2024-07-28 19:59:18.506 [info] > git rev-parse --show-toplevel [17ms]
2024-07-28 19:59:18.523 [info] > git status -z -uall [17ms]
2024-07-28 19:59:18.533 [info] > git for-each-ref --format=%(refname)%00%(upstream:short)%00%(objectname)%00%(upstream:track)%00%(upstream:remotename)%00%(upstream:remoteref) refs/heads/develop refs/remotes/develop [4ms]
2024-07-28 19:59:18.539 [info] > git rev-parse --show-toplevel [17ms]
2024-07-28 19:59:18.542 [info] > git config --local branch.develop.vscode-merge-base [3ms]
2024-07-28 19:59:18.552 [info] > git for-each-ref --format=%(refname)%00%(upstream:short)%00%(objectname)%00%(upstream:track)%00%(upstream:remotename)%00%(upstream:remoteref) refs/heads/origin/main refs/remotes/origin/main [4ms]
2024-07-28 19:59:18.764 [info] > git show --textconv :ext-src/extension.ts [6ms]
2024-07-28 19:59:18.770 [info] > git ls-files --stage -- /home/andojas/Documents/dahu/ext-src/extension.ts [6ms]
2024-07-28 19:59:18.776 [info] > git check-ignore -v -z --stdin [7ms]
2024-07-28 19:59:18.777 [info] > git cat-file -s 4606b1c335946288076db180b446811b8fe9b883 [1ms]
2024-07-28 19:59:18.841 [info] > git fetch [628ms]
2024-07-28 19:59:18.850 [info] > git config --get commit.template [5ms]
2024-07-28 19:59:18.852 [info] > git for-each-ref --format=%(refname)%00%(upstream:short)%00%(objectname)%00%(upstream:track)%00%(upstream:remotename)%00%(upstream:remoteref) refs/heads/develop refs/remotes/develop [1ms]
2024-07-28 19:59:18.860 [info] > git status -z -uall [3ms]
2024-07-28 19:59:18.867 [info] > git for-each-ref --format=%(refname)%00%(upstream:short)%00%(objectname)%00%(upstream:track)%00%(upstream:remotename)%00%(upstream:remoteref) refs/heads/develop refs/remotes/develop [1ms]
2024-07-28 19:59:18.873 [info] > git config --local branch.develop.vscode-merge-base [1ms]
2024-07-28 19:59:18.881 [info] > git for-each-ref --format=%(refname)%00%(upstream:short)%00%(objectname)%00%(upstream:track)%00%(upstream:remotename)%00%(upstream:remoteref) refs/heads/origin/main refs/remotes/origin/main [2ms]
2024-07-28 19:59:20.765 [info] > git config --get commit.template [4ms]
2024-07-28 19:59:20.766 [info] > git for-each-ref --format=%(refname)%00%(upstream:short)%00%(objectname)%00%(upstream:track)%00%(upstream:remotename)%00%(upstream:remoteref) refs/heads/develop refs/remotes/develop [1ms]
2024-07-28 19:59:20.772 [info] > git status -z -uall [2ms]
2024-07-28 19:59:20.779 [info] > git for-each-ref --format=%(refname)%00%(upstream:short)%00%(objectname)%00%(upstream:track)%00%(upstream:remotename)%00%(upstream:remoteref) refs/heads/develop refs/remotes/develop [2ms]
2024-07-28 19:59:20.784 [info] > git config --local branch.develop.vscode-merge-base [1ms]
2024-07-28 19:59:20.790 [info] > git for-each-ref --format=%(refname)%00%(upstream:short)%00%(objectname)%00%(upstream:track)%00%(upstream:remotename)%00%(upstream:remoteref) refs/heads/origin/main refs/remotes/origin/main [2ms]
2024-07-28 19:59:20.863 [info] > git ls-files --stage -- /home/andojas/Documents/dahu/ext-src/extension.ts [1ms]
2024-07-28 19:59:20.868 [info] > git cat-file -s 4606b1c335946288076db180b446811b8fe9b883 [2ms]
2024-07-28 19:59:20.874 [info] > git show --textconv :ext-src/extension.ts [2ms]
2024-07-28 19:59:31.574 [info] > git config --get commit.template [5ms]
2024-07-28 19:59:31.574 [info] > git for-each-ref --format=%(refname)%00%(upstream:short)%00%(objectname)%00%(upstream:track)%00%(upstream:remotename)%00%(upstream:remoteref) refs/heads/develop refs/remotes/develop [1ms]
2024-07-28 19:59:31.580 [info] > git status -z -uall [2ms]
2024-07-28 19:59:31.585 [info] > git for-each-ref --format=%(refname)%00%(upstream:short)%00%(objectname)%00%(upstream:track)%00%(upstream:remotename)%00%(upstream:remoteref) refs/heads/develop refs/remotes/develop [1ms]
2024-07-28 19:59:31.589 [info] > git config --local branch.develop.vscode-merge-base [0ms]
2024-07-28 19:59:31.595 [info] > git for-each-ref --format=%(refname)%00%(upstream:short)%00%(objectname)%00%(upstream:track)%00%(upstream:remotename)%00%(upstream:remoteref) refs/heads/origin/main refs/remotes/origin/main [1ms]
2024-07-28 19:59:36.596 [info] > git config --get commit.template [4ms]
2024-07-28 19:59:36.596 [info] > git for-each-ref --format=%(refname)%00%(upstream:short)%00%(objectname)%00%(upstream:track)%00%(upstream:remotename)%00%(upstream:remoteref) refs/heads/develop refs/remotes/develop [1ms]
2024-07-28 19:59:36.602 [info] > git status -z -uall [2ms]
2024-07-28 19:59:36.609 [info] > git for-each-ref --format=%(refname)%00%(upstream:short)%00%(objectname)%00%(upstream:track)%00%(upstream:remotename)%00%(upstream:remoteref) refs/heads/develop refs/remotes/develop [2ms]
2024-07-28 19:59:36.614 [info] > git config --local branch.develop.vscode-merge-base [1ms]
2024-07-28 19:59:36.619 [info] > git for-each-ref --format=%(refname)%00%(upstream:short)%00%(objectname)%00%(upstream:track)%00%(upstream:remotename)%00%(upstream:remoteref) refs/heads/origin/main refs/remotes/origin/main [1ms]
2024-07-28 19:59:41.624 [info] > git config --get commit.template [7ms]
2024-07-28 19:59:41.625 [info] > git for-each-ref --format=%(refname)%00%(upstream:short)%00%(objectname)%00%(upstream:track)%00%(upstream:remotename)%00%(upstream:remoteref) refs/heads/develop refs/remotes/develop [2ms]
2024-07-28 19:59:41.636 [info] > git status -z -uall [4ms]
2024-07-28 19:59:41.646 [info] > git for-each-ref --format=%(refname)%00%(upstream:short)%00%(objectname)%00%(upstream:track)%00%(upstream:remotename)%00%(upstream:remoteref) refs/heads/develop refs/remotes/develop [3ms]
2024-07-28 19:59:41.655 [info] > git config --local branch.develop.vscode-merge-base [2ms]
2024-07-28 19:59:41.664 [info] > git for-each-ref --format=%(refname)%00%(upstream:short)%00%(objectname)%00%(upstream:track)%00%(upstream:remotename)%00%(upstream:remoteref) refs/heads/origin/main refs/remotes/origin/main [2ms]
2024-07-28 20:00:43.418 [info] > git config --get commit.template [10ms]
2024-07-28 20:00:43.419 [info] > git for-each-ref --format=%(refname)%00%(upstream:short)%00%(objectname)%00%(upstream:track)%00%(upstream:remotename)%00%(upstream:remoteref) refs/heads/develop refs/remotes/develop [3ms]
2024-07-28 20:00:43.433 [info] > git status -z -uall [5ms]
2024-07-28 20:00:43.448 [info] > git for-each-ref --format=%(refname)%00%(upstream:short)%00%(objectname)%00%(upstream:track)%00%(upstream:remotename)%00%(upstream:remoteref) refs/heads/develop refs/remotes/develop [2ms]
2024-07-28 20:00:43.460 [info] > git config --local branch.develop.vscode-merge-base [2ms]
2024-07-28 20:00:43.473 [info] > git for-each-ref --format=%(refname)%00%(upstream:short)%00%(objectname)%00%(upstream:track)%00%(upstream:remotename)%00%(upstream:remoteref) refs/heads/origin/main refs/remotes/origin/main [3ms]
2024-07-28 20:00:55.565 [info] > git config --get commit.template [11ms]
2024-07-28 20:00:55.567 [info] > git for-each-ref --format=%(refname)%00%(upstream:short)%00%(objectname)%00%(upstream:track)%00%(upstream:remotename)%00%(upstream:remoteref) refs/heads/develop refs/remotes/develop [3ms]
2024-07-28 20:00:55.580 [info] > git status -z -uall [4ms]
2024-07-28 20:00:55.592 [info] > git for-each-ref --format=%(refname)%00%(upstream:short)%00%(objectname)%00%(upstream:track)%00%(upstream:remotename)%00%(upstream:remoteref) refs/heads/develop refs/remotes/develop [2ms]
2024-07-28 20:00:55.604 [info] > git config --local branch.develop.vscode-merge-base [2ms]
2024-07-28 20:00:55.615 [info] > git for-each-ref --format=%(refname)%00%(upstream:short)%00%(objectname)%00%(upstream:track)%00%(upstream:remotename)%00%(upstream:remoteref) refs/heads/origin/main refs/remotes/origin/main [2ms]
2024-07-28 20:00:56.686 [info] > git ls-files --stage -- /home/andojas/Documents/dahu/ext-src/extension.ts [2ms]
2024-07-28 20:00:56.697 [info] > git cat-file -s 4606b1c335946288076db180b446811b8fe9b883 [2ms]
2024-07-28 20:00:56.710 [info] > git show --textconv :ext-src/extension.ts [2ms]
2024-07-28 20:01:06.878 [info] > git config --get commit.template [2ms]
2024-07-28 20:01:06.888 [info] > git for-each-ref --format=%(refname)%00%(upstream:short)%00%(objectname)%00%(upstream:track)%00%(upstream:remotename)%00%(upstream:remoteref) refs/heads/develop refs/remotes/develop [2ms]
2024-07-28 20:01:06.900 [info] > git status -z -uall [3ms]
2024-07-28 20:01:06.913 [info] > git for-each-ref --format=%(refname)%00%(upstream:short)%00%(objectname)%00%(upstream:track)%00%(upstream:remotename)%00%(upstream:remoteref) refs/heads/develop refs/remotes/develop [4ms]
2024-07-28 20:01:06.923 [info] > git config --local branch.develop.vscode-merge-base [2ms]
2024-07-28 20:01:06.932 [info] > git for-each-ref --format=%(refname)%00%(upstream:short)%00%(objectname)%00%(upstream:track)%00%(upstream:remotename)%00%(upstream:remoteref) refs/heads/origin/main refs/remotes/origin/main [2ms]
2024-07-28 20:01:06.978 [info] > git ls-files --stage -- /home/andojas/Documents/dahu/ext-src/extension.ts [1ms]
2024-07-28 20:01:06.988 [info] > git cat-file -s 4606b1c335946288076db180b446811b8fe9b883 [2ms]
2024-07-28 20:01:07.000 [info] > git show --textconv :ext-src/extension.ts [3ms]
2024-07-28 20:01:43.898 [info] > git config --get commit.template [7ms]
2024-07-28 20:01:43.899 [info] > git for-each-ref --format=%(refname)%00%(upstream:short)%00%(objectname)%00%(upstream:track)%00%(upstream:remotename)%00%(upstream:remoteref) refs/heads/develop refs/remotes/develop [2ms]
2024-07-28 20:01:43.907 [info] > git status -z -uall [2ms]
2024-07-28 20:01:43.914 [info] > git for-each-ref --format=%(refname)%00%(upstream:short)%00%(objectname)%00%(upstream:track)%00%(upstream:remotename)%00%(upstream:remoteref) refs/heads/develop refs/remotes/develop [2ms]
2024-07-28 20:01:43.919 [info] > git config --local branch.develop.vscode-merge-base [1ms]
2024-07-28 20:01:43.925 [info] > git for-each-ref --format=%(refname)%00%(upstream:short)%00%(objectname)%00%(upstream:track)%00%(upstream:remotename)%00%(upstream:remoteref) refs/heads/origin/main refs/remotes/origin/main [1ms]
2024-07-28 20:01:49.800 [info] > git config --get commit.template [4ms]
2024-07-28 20:01:49.801 [info] > git for-each-ref --format=%(refname)%00%(upstream:short)%00%(objectname)%00%(upstream:track)%00%(upstream:remotename)%00%(upstream:remoteref) refs/heads/develop refs/remotes/develop [1ms]
2024-07-28 20:01:49.808 [info] > git status -z -uall [2ms]
2024-07-28 20:01:49.815 [info] > git for-each-ref --format=%(refname)%00%(upstream:short)%00%(objectname)%00%(upstream:track)%00%(upstream:remotename)%00%(upstream:remoteref) refs/heads/develop refs/remotes/develop [1ms]
2024-07-28 20:01:49.822 [info] > git config --local branch.develop.vscode-merge-base [2ms]
2024-07-28 20:01:49.827 [info] > git for-each-ref --format=%(refname)%00%(upstream:short)%00%(objectname)%00%(upstream:track)%00%(upstream:remotename)%00%(upstream:remoteref) refs/heads/origin/main refs/remotes/origin/main [1ms]
2024-07-28 20:01:54.831 [info] > git config --get commit.template [8ms]
2024-07-28 20:01:54.831 [info] > git for-each-ref --format=%(refname)%00%(upstream:short)%00%(objectname)%00%(upstream:track)%00%(upstream:remotename)%00%(upstream:remoteref) refs/heads/develop refs/remotes/develop [1ms]
2024-07-28 20:01:54.842 [info] > git status -z -uall [3ms]
2024-07-28 20:01:54.853 [info] > git for-each-ref --format=%(refname)%00%(upstream:short)%00%(objectname)%00%(upstream:track)%00%(upstream:remotename)%00%(upstream:remoteref) refs/heads/develop refs/remotes/develop [3ms]
2024-07-28 20:01:54.862 [info] > git config --local branch.develop.vscode-merge-base [1ms]
2024-07-28 20:01:54.871 [info] > git for-each-ref --format=%(refname)%00%(upstream:short)%00%(objectname)%00%(upstream:track)%00%(upstream:remotename)%00%(upstream:remoteref) refs/heads/origin/main refs/remotes/origin/main [2ms]
2024-07-28 20:02:39.010 [info] > git config --get commit.template [2ms]
2024-07-28 20:02:39.022 [info] > git for-each-ref --format=%(refname)%00%(upstream:short)%00%(objectname)%00%(upstream:track)%00%(upstream:remotename)%00%(upstream:remoteref) refs/heads/develop refs/remotes/develop [3ms]
2024-07-28 20:02:39.036 [info] > git status -z -uall [4ms]
2024-07-28 20:02:39.050 [info] > git for-each-ref --format=%(refname)%00%(upstream:short)%00%(objectname)%00%(upstream:track)%00%(upstream:remotename)%00%(upstream:remoteref) refs/heads/develop refs/remotes/develop [2ms]
2024-07-28 20:02:39.060 [info] > git config --local branch.develop.vscode-merge-base [1ms]
2024-07-28 20:02:39.072 [info] > git for-each-ref --format=%(refname)%00%(upstream:short)%00%(objectname)%00%(upstream:track)%00%(upstream:remotename)%00%(upstream:remoteref) refs/heads/origin/main refs/remotes/origin/main [2ms]
2024-07-28 20:02:39.649 [info] > git fetch [651ms]
2024-07-28 20:02:39.661 [info] > git config --get commit.template [2ms]
2024-07-28 20:02:39.672 [info] > git for-each-ref --format=%(refname)%00%(upstream:short)%00%(objectname)%00%(upstream:track)%00%(upstream:remotename)%00%(upstream:remoteref) refs/heads/develop refs/remotes/develop [2ms]
2024-07-28 20:02:39.686 [info] > git status -z -uall [4ms]
2024-07-28 20:02:39.701 [info] > git for-each-ref --format=%(refname)%00%(upstream:short)%00%(objectname)%00%(upstream:track)%00%(upstream:remotename)%00%(upstream:remoteref) refs/heads/develop refs/remotes/develop [3ms]
2024-07-28 20:02:39.712 [info] > git config --local branch.develop.vscode-merge-base [2ms]
2024-07-28 20:02:39.723 [info] > git for-each-ref --format=%(refname)%00%(upstream:short)%00%(objectname)%00%(upstream:track)%00%(upstream:remotename)%00%(upstream:remoteref) refs/heads/origin/main refs/remotes/origin/main [2ms]
2024-07-28 20:02:40.838 [info] > git ls-files --stage -- /home/andojas/Documents/dahu/ext-src/extension.ts [2ms]
2024-07-28 20:02:40.850 [info] > git cat-file -s 4606b1c335946288076db180b446811b8fe9b883 [3ms]
2024-07-28 20:02:40.863 [info] > git show --textconv :ext-src/extension.ts [2ms]
2024-07-28 20:02:44.070 [info] > git config --get commit.template [9ms]
2024-07-28 20:02:44.072 [info] > git for-each-ref --format=%(refname)%00%(upstream:short)%00%(objectname)%00%(upstream:track)%00%(upstream:remotename)%00%(upstream:remoteref) refs/heads/develop refs/remotes/develop [3ms]
2024-07-28 20:02:44.086 [info] > git status -z -uall [5ms]
2024-07-28 20:02:44.099 [info] > git for-each-ref --format=%(refname)%00%(upstream:short)%00%(objectname)%00%(upstream:track)%00%(upstream:remotename)%00%(upstream:remoteref) refs/heads/develop refs/remotes/develop [2ms]
2024-07-28 20:02:44.110 [info] > git config --local branch.develop.vscode-merge-base [2ms]
2024-07-28 20:02:44.120 [info] > git for-each-ref --format=%(refname)%00%(upstream:short)%00%(objectname)%00%(upstream:track)%00%(upstream:remotename)%00%(upstream:remoteref) refs/heads/origin/main refs/remotes/origin/main [2ms]
2024-07-28 20:02:48.843 [info] > git check-ignore -v -z --stdin [2ms]
2024-07-28 20:02:52.399 [info] > git check-ignore -v -z --stdin [2ms]
2024-07-28 20:02:54.816 [info] > git check-ignore -v -z --stdin [2ms]
2024-07-28 20:02:56.140 [info] > git show --textconv :src/app/library/library.component.css [10ms]
2024-07-28 20:02:56.142 [info] > git ls-files --stage -- /home/andojas/Documents/dahu/src/app/library/library.component.css [3ms]
2024-07-28 20:02:56.152 [info] > git cat-file -s cd47792970745303c38b95c42e8343a9f4067bec [2ms]
2024-07-28 20:03:15.172 [info] > git show --textconv :src/app/library/library.component.spec.ts [11ms]
2024-07-28 20:03:15.173 [info] > git ls-files --stage -- /home/andojas/Documents/dahu/src/app/library/library.component.spec.ts [2ms]
2024-07-28 20:03:15.184 [info] > git cat-file -s ed2ac4014aa3712abf90b5207941555927a770bf [2ms]
2024-07-28 20:03:15.919 [info] > git show --textconv :src/app/library/library.component.html [13ms]
2024-07-28 20:03:15.920 [info] > git ls-files --stage -- /home/andojas/Documents/dahu/src/app/library/library.component.html [2ms]
2024-07-28 20:03:15.933 [info] > git cat-file -s 7d6277586d1c8aa7dfea12aa650f4068ed9a4dc4 [3ms]
2024-07-28 20:03:18.435 [info] > git show --textconv :src/app/library/library.component.css [11ms]
2024-07-28 20:03:18.436 [info] > git ls-files --stage -- /home/andojas/Documents/dahu/src/app/library/library.component.css [2ms]
2024-07-28 20:03:18.447 [info] > git cat-file -s cd47792970745303c38b95c42e8343a9f4067bec [2ms]
2024-07-28 20:03:48.803 [info] > git show --textconv :src/app/app.component.css [10ms]
2024-07-28 20:03:48.805 [info] > git ls-files --stage -- /home/andojas/Documents/dahu/src/app/app.component.css [3ms]
2024-07-28 20:03:48.816 [info] > git cat-file -s 5cb73dd17cfb3dc4fd2c5c04111d7f8038b6cbef [2ms]
2024-07-28 20:04:47.074 [info] > git show --textconv :src/app/library/library.component.css [9ms]
2024-07-28 20:04:47.075 [info] > git ls-files --stage -- /home/andojas/Documents/dahu/src/app/library/library.component.css [2ms]
2024-07-28 20:04:47.086 [info] > git cat-file -s cd47792970745303c38b95c42e8343a9f4067bec [3ms]
2024-07-28 20:04:52.437 [info] > git config --get commit.template [14ms]
2024-07-28 20:04:52.438 [info] > git for-each-ref --format=%(refname)%00%(upstream:short)%00%(objectname)%00%(upstream:track)%00%(upstream:remotename)%00%(upstream:remoteref) refs/heads/develop refs/remotes/develop [2ms]
2024-07-28 20:04:52.453 [info] > git status -z -uall [5ms]
2024-07-28 20:04:52.467 [info] > git for-each-ref --format=%(refname)%00%(upstream:short)%00%(objectname)%00%(upstream:track)%00%(upstream:remotename)%00%(upstream:remoteref) refs/heads/develop refs/remotes/develop [3ms]
2024-07-28 20:04:52.478 [info] > git config --local branch.develop.vscode-merge-base [2ms]
2024-07-28 20:04:52.490 [info] > git for-each-ref --format=%(refname)%00%(upstream:short)%00%(objectname)%00%(upstream:track)%00%(upstream:remotename)%00%(upstream:remoteref) refs/heads/origin/main refs/remotes/origin/main [2ms]
2024-07-28 20:04:58.373 [info] > git config --get commit.template [7ms]
2024-07-28 20:04:58.374 [info] > git for-each-ref --format=%(refname)%00%(upstream:short)%00%(objectname)%00%(upstream:track)%00%(upstream:remotename)%00%(upstream:remoteref) refs/heads/develop refs/remotes/develop [2ms]
2024-07-28 20:04:58.383 [info] > git status -z -uall [2ms]
2024-07-28 20:04:58.390 [info] > git for-each-ref --format=%(refname)%00%(upstream:short)%00%(objectname)%00%(upstream:track)%00%(upstream:remotename)%00%(upstream:remoteref) refs/heads/develop refs/remotes/develop [2ms]
2024-07-28 20:04:58.396 [info] > git config --local branch.develop.vscode-merge-base [1ms]
2024-07-28 20:04:58.403 [info] > git for-each-ref --format=%(refname)%00%(upstream:short)%00%(objectname)%00%(upstream:track)%00%(upstream:remotename)%00%(upstream:remoteref) refs/heads/origin/main refs/remotes/origin/main [1ms]
2024-07-28 20:05:03.403 [info] > git config --get commit.template [7ms]
2024-07-28 20:05:03.404 [info] > git for-each-ref --format=%(refname)%00%(upstream:short)%00%(objectname)%00%(upstream:track)%00%(upstream:remotename)%00%(upstream:remoteref) refs/heads/develop refs/remotes/develop [1ms]
2024-07-28 20:05:03.414 [info] > git status -z -uall [2ms]
2024-07-28 20:05:03.424 [info] > git for-each-ref --format=%(refname)%00%(upstream:short)%00%(objectname)%00%(upstream:track)%00%(upstream:remotename)%00%(upstream:remoteref) refs/heads/develop refs/remotes/develop [1ms]
2024-07-28 20:05:03.434 [info] > git config --local branch.develop.vscode-merge-base [1ms]
2024-07-28 20:05:03.442 [info] > git for-each-ref --format=%(refname)%00%(upstream:short)%00%(objectname)%00%(upstream:track)%00%(upstream:remotename)%00%(upstream:remoteref) refs/heads/origin/main refs/remotes/origin/main [1ms]
2024-07-28 20:05:16.288 [info] > git config --get commit.template [11ms]
2024-07-28 20:05:16.289 [info] > git for-each-ref --format=%(refname)%00%(upstream:short)%00%(objectname)%00%(upstream:track)%00%(upstream:remotename)%00%(upstream:remoteref) refs/heads/develop refs/remotes/develop [2ms]
2024-07-28 20:05:16.304 [info] > git status -z -uall [4ms]
2024-07-28 20:05:16.318 [info] > git for-each-ref --format=%(refname)%00%(upstream:short)%00%(objectname)%00%(upstream:track)%00%(upstream:remotename)%00%(upstream:remoteref) refs/heads/develop refs/remotes/develop [2ms]
2024-07-28 20:05:16.332 [info] > git config --local branch.develop.vscode-merge-base [2ms]
2024-07-28 20:05:16.346 [info] > git for-each-ref --format=%(refname)%00%(upstream:short)%00%(objectname)%00%(upstream:track)%00%(upstream:remotename)%00%(upstream:remoteref) refs/heads/origin/main refs/remotes/origin/main [3ms]
