2024-07-28 19:52:43.956 [info] Log level: Info
2024-07-28 19:52:43.956 [info] Validating found git in: "git"
2024-07-28 19:52:43.956 [info] Using git "2.45.2" from "git"
2024-07-28 19:52:43.956 [info] > git rev-parse --show-toplevel [2ms]
2024-07-28 19:52:43.956 [info] > git rev-parse --git-dir --git-common-dir [2ms]
2024-07-28 19:52:43.956 [info] Open repository: /home/andojas/Documents/dahu
2024-07-28 19:52:43.980 [info] > git rev-parse --show-toplevel [14ms]
2024-07-28 19:52:43.980 [info] > git config --get commit.template [19ms]
2024-07-28 19:52:43.991 [info] > git for-each-ref --format=%(refname)%00%(upstream:short)%00%(objectname)%00%(upstream:track)%00%(upstream:remotename)%00%(upstream:remoteref) refs/heads/develop refs/remotes/develop [5ms]
2024-07-28 19:52:43.992 [info] > git rev-parse --show-toplevel [2ms]
2024-07-28 19:52:44.001 [info] > git rev-parse --show-toplevel [5ms]
2024-07-28 19:52:44.006 [info] > git status -z -uall [6ms]
2024-07-28 19:52:44.016 [info] > git for-each-ref --format=%(refname)%00%(upstream:short)%00%(objectname)%00%(upstream:track)%00%(upstream:remotename)%00%(upstream:remoteref) refs/heads/develop refs/remotes/develop [5ms]
2024-07-28 19:52:44.019 [info] > git rev-parse --show-toplevel [14ms]
2024-07-28 19:52:44.023 [info] > git config --get commit.template [8ms]
2024-07-28 19:52:44.027 [info] > git rev-parse --show-toplevel [4ms]
2024-07-28 19:52:44.028 [info] > git config --local branch.develop.vscode-merge-base [9ms]
2024-07-28 19:52:44.048 [info] > git rev-parse --show-toplevel [10ms]
2024-07-28 19:52:44.048 [info] > git for-each-ref --format=%(refname)%00%(upstream:short)%00%(objectname)%00%(upstream:track)%00%(upstream:remotename)%00%(upstream:remoteref) refs/heads/develop refs/remotes/develop [14ms]
2024-07-28 19:52:44.048 [info] > git for-each-ref --format=%(refname)%00%(upstream:short)%00%(objectname)%00%(upstream:track)%00%(upstream:remotename)%00%(upstream:remoteref) refs/heads/origin/main refs/remotes/origin/main [17ms]
2024-07-28 19:52:44.059 [info] > git merge-base refs/heads/develop refs/remotes/origin/develop [8ms]
2024-07-28 19:52:44.068 [info] > git rev-list --count --left-right refs/heads/develop...refs/remotes/origin/develop [6ms]
2024-07-28 19:52:44.071 [info] > git rev-parse --show-toplevel [13ms]
2024-07-28 19:52:44.078 [info] > git diff --name-status -z --diff-filter=ADMR 78174add9c4b41349ea27c33135d2575a6ed3722...refs/remotes/origin/develop [7ms]
2024-07-28 19:52:44.079 [info] > git rev-parse --show-toplevel [5ms]
2024-07-28 19:52:44.088 [info] > git status -z -uall [11ms]
2024-07-28 19:52:44.094 [info] > git for-each-ref --format=%(refname)%00%(upstream:short)%00%(objectname)%00%(upstream:track)%00%(upstream:remotename)%00%(upstream:remoteref) refs/heads/develop refs/remotes/develop [2ms]
2024-07-28 19:52:44.098 [info] > git rev-parse --show-toplevel [14ms]
2024-07-28 19:52:44.101 [info] > git config --local branch.develop.vscode-merge-base [3ms]
2024-07-28 19:52:44.106 [info] > git for-each-ref --format=%(refname)%00%(upstream:short)%00%(objectname)%00%(upstream:track)%00%(upstream:remotename)%00%(upstream:remoteref) refs/heads/origin/main refs/remotes/origin/main [1ms]
2024-07-28 19:52:44.235 [info] > git show --textconv :src/app/library/library.component.css [3ms]
2024-07-28 19:52:44.236 [info] > git ls-files --stage -- /home/andojas/Documents/dahu/src/app/library/library.component.css [1ms]
2024-07-28 19:52:44.239 [info] > git cat-file -s cd47792970745303c38b95c42e8343a9f4067bec [1ms]
2024-07-28 19:52:44.458 [info] > git check-ignore -v -z --stdin [1ms]
2024-07-28 19:52:44.594 [info] > git fetch [661ms]
2024-07-28 19:52:44.601 [info] > git config --get commit.template [3ms]
2024-07-28 19:52:44.602 [info] > git for-each-ref --format=%(refname)%00%(upstream:short)%00%(objectname)%00%(upstream:track)%00%(upstream:remotename)%00%(upstream:remoteref) refs/heads/develop refs/remotes/develop [2ms]
2024-07-28 19:52:44.606 [info] > git status -z -uall [2ms]
2024-07-28 19:52:44.612 [info] > git for-each-ref --format=%(refname)%00%(upstream:short)%00%(objectname)%00%(upstream:track)%00%(upstream:remotename)%00%(upstream:remoteref) refs/heads/develop refs/remotes/develop [2ms]
2024-07-28 19:52:44.616 [info] > git config --local branch.develop.vscode-merge-base [1ms]
2024-07-28 19:52:44.620 [info] > git for-each-ref --format=%(refname)%00%(upstream:short)%00%(objectname)%00%(upstream:track)%00%(upstream:remotename)%00%(upstream:remoteref) refs/heads/origin/main refs/remotes/origin/main [1ms]
2024-07-28 19:52:45.678 [info] > git config --get commit.template [3ms]
2024-07-28 19:52:45.678 [info] > git for-each-ref --format=%(refname)%00%(upstream:short)%00%(objectname)%00%(upstream:track)%00%(upstream:remotename)%00%(upstream:remoteref) refs/heads/develop refs/remotes/develop [1ms]
2024-07-28 19:52:45.686 [info] > git status -z -uall [2ms]
2024-07-28 19:52:45.693 [info] > git for-each-ref --format=%(refname)%00%(upstream:short)%00%(objectname)%00%(upstream:track)%00%(upstream:remotename)%00%(upstream:remoteref) refs/heads/develop refs/remotes/develop [1ms]
2024-07-28 19:52:45.698 [info] > git config --local branch.develop.vscode-merge-base [1ms]
2024-07-28 19:52:45.702 [info] > git for-each-ref --format=%(refname)%00%(upstream:short)%00%(objectname)%00%(upstream:track)%00%(upstream:remotename)%00%(upstream:remoteref) refs/heads/origin/main refs/remotes/origin/main [1ms]
2024-07-28 19:52:45.777 [info] > git ls-files --stage -- /home/andojas/Documents/dahu/src/app/library/library.component.css [2ms]
2024-07-28 19:52:45.781 [info] > git cat-file -s cd47792970745303c38b95c42e8343a9f4067bec [1ms]
2024-07-28 19:52:45.788 [info] > git show --textconv :src/app/library/library.component.css [1ms]
2024-07-28 19:54:14.268 [info] > git check-ignore -v -z --stdin [2ms]
2024-07-28 19:54:14.837 [info] > git check-ignore -v -z --stdin [2ms]
2024-07-28 19:54:17.677 [info] > git show --textconv :package.json [7ms]
2024-07-28 19:54:17.678 [info] > git ls-files --stage -- /home/andojas/Documents/dahu/package.json [2ms]
2024-07-28 19:54:17.685 [info] > git cat-file -s d94571eac399b3b06f3e8d0c599384b3c1edac53 [2ms]
2024-07-28 19:54:38.210 [info] > git show --textconv :angular.json [6ms]
2024-07-28 19:54:38.212 [info] > git ls-files --stage -- /home/andojas/Documents/dahu/angular.json [1ms]
2024-07-28 19:54:38.219 [info] > git cat-file -s 3e70d892a024966d6f3149e3fc0b19d68d93aecb [2ms]
2024-07-28 19:54:57.059 [info] > git show --textconv :package.json [6ms]
2024-07-28 19:54:57.060 [info] > git ls-files --stage -- /home/andojas/Documents/dahu/package.json [2ms]
2024-07-28 19:54:57.068 [info] > git cat-file -s d94571eac399b3b06f3e8d0c599384b3c1edac53 [3ms]
2024-07-28 19:55:14.207 [info] > git check-ignore -v -z --stdin [2ms]
2024-07-28 19:55:15.023 [info] > git check-ignore -v -z --stdin [2ms]
2024-07-28 19:55:16.417 [info] > git ls-files --stage -- /home/andojas/Documents/dahu/.vscode/settings.json [3ms]
2024-07-28 19:55:16.423 [info] > git show --textconv :.vscode/settings.json [15ms]
2024-07-28 19:55:16.425 [info] > git cat-file -s afdab66cc1d452013b737f167598168226f4ed45 [2ms]
2024-07-28 19:55:18.967 [info] > git show --textconv :.vscode/extensions.json [8ms]
2024-07-28 19:55:18.968 [info] > git ls-files --stage -- /home/andojas/Documents/dahu/.vscode/extensions.json [2ms]
2024-07-28 19:55:18.976 [info] > git cat-file -s 186459d58a129e72f2ef75efb4ab07520b565332 [2ms]
2024-07-28 19:55:26.229 [info] > git show --textconv :angular.json [7ms]
2024-07-28 19:55:26.231 [info] > git ls-files --stage -- /home/andojas/Documents/dahu/angular.json [2ms]
2024-07-28 19:55:26.239 [info] > git cat-file -s 3e70d892a024966d6f3149e3fc0b19d68d93aecb [3ms]
2024-07-28 19:55:32.990 [info] > git show --textconv :package.json [7ms]
2024-07-28 19:55:32.992 [info] > git ls-files --stage -- /home/andojas/Documents/dahu/package.json [2ms]
2024-07-28 19:55:33.000 [info] > git cat-file -s d94571eac399b3b06f3e8d0c599384b3c1edac53 [2ms]
2024-07-28 19:55:43.940 [info] > git show --textconv :vsc-extension-quickstart.md [16ms]
2024-07-28 19:55:43.963 [info] > git ls-files --stage -- /home/andojas/Documents/dahu/vsc-extension-quickstart.md [32ms]
2024-07-28 19:55:43.989 [info] > git cat-file -s 3d8ce067daca40635eaac0a4c5dec567610f1287 [19ms]
2024-07-28 19:55:45.269 [info] > git fetch [648ms]
2024-07-28 19:55:45.283 [info] > git config --get commit.template [6ms]
2024-07-28 19:55:45.284 [info] > git for-each-ref --format=%(refname)%00%(upstream:short)%00%(objectname)%00%(upstream:track)%00%(upstream:remotename)%00%(upstream:remoteref) refs/heads/develop refs/remotes/develop [3ms]
2024-07-28 19:55:45.293 [info] > git status -z -uall [4ms]
2024-07-28 19:55:45.303 [info] > git for-each-ref --format=%(refname)%00%(upstream:short)%00%(objectname)%00%(upstream:track)%00%(upstream:remotename)%00%(upstream:remoteref) refs/heads/develop refs/remotes/develop [2ms]
2024-07-28 19:55:45.310 [info] > git config --local branch.develop.vscode-merge-base [2ms]
2024-07-28 19:55:45.319 [info] > git for-each-ref --format=%(refname)%00%(upstream:short)%00%(objectname)%00%(upstream:track)%00%(upstream:remotename)%00%(upstream:remoteref) refs/heads/origin/main refs/remotes/origin/main [2ms]
2024-07-28 19:55:46.357 [info] > git config --get commit.template [6ms]
2024-07-28 19:55:46.359 [info] > git for-each-ref --format=%(refname)%00%(upstream:short)%00%(objectname)%00%(upstream:track)%00%(upstream:remotename)%00%(upstream:remoteref) refs/heads/develop refs/remotes/develop [2ms]
2024-07-28 19:55:46.369 [info] > git status -z -uall [4ms]
2024-07-28 19:55:46.379 [info] > git for-each-ref --format=%(refname)%00%(upstream:short)%00%(objectname)%00%(upstream:track)%00%(upstream:remotename)%00%(upstream:remoteref) refs/heads/develop refs/remotes/develop [3ms]
2024-07-28 19:55:46.386 [info] > git config --local branch.develop.vscode-merge-base [1ms]
2024-07-28 19:55:46.394 [info] > git for-each-ref --format=%(refname)%00%(upstream:short)%00%(objectname)%00%(upstream:track)%00%(upstream:remotename)%00%(upstream:remoteref) refs/heads/origin/main refs/remotes/origin/main [2ms]
2024-07-28 19:55:46.454 [info] > git ls-files --stage -- /home/andojas/Documents/dahu/vsc-extension-quickstart.md [3ms]
2024-07-28 19:55:46.462 [info] > git cat-file -s 3d8ce067daca40635eaac0a4c5dec567610f1287 [2ms]
2024-07-28 19:55:46.472 [info] > git show --textconv :vsc-extension-quickstart.md [2ms]
2024-07-28 19:55:47.115 [info] > git show --textconv :tsconfig.json [9ms]
2024-07-28 19:55:47.116 [info] > git ls-files --stage -- /home/andojas/Documents/dahu/tsconfig.json [2ms]
2024-07-28 19:55:47.125 [info] > git cat-file -s c38d952ef52bd09cd8898184e2198a3d62da4460 [3ms]
2024-07-28 19:55:51.736 [info] > git show --textconv :tsconfig.extension.json [8ms]
2024-07-28 19:55:51.737 [info] > git ls-files --stage -- /home/andojas/Documents/dahu/tsconfig.extension.json [2ms]
2024-07-28 19:55:51.746 [info] > git cat-file -s 3efcf2a413abecc1d0afa9a7b62d75056c0e1965 [2ms]
2024-07-28 19:55:53.318 [info] > git show --textconv :tsconfig.app.json [8ms]
2024-07-28 19:55:53.319 [info] > git ls-files --stage -- /home/andojas/Documents/dahu/tsconfig.app.json [2ms]
2024-07-28 19:55:53.328 [info] > git cat-file -s 303bea373d22392eccc8ad8a6685c57ad6f77151 [3ms]
2024-07-28 19:55:56.180 [info] > git show --textconv :package.json [7ms]
2024-07-28 19:55:56.181 [info] > git ls-files --stage -- /home/andojas/Documents/dahu/package.json [2ms]
2024-07-28 19:55:56.190 [info] > git cat-file -s d94571eac399b3b06f3e8d0c599384b3c1edac53 [3ms]
2024-07-28 19:56:12.300 [info] > git show --textconv :package-lock.json [17ms]
2024-07-28 19:56:12.301 [info] > git ls-files --stage -- /home/andojas/Documents/dahu/package-lock.json [2ms]
2024-07-28 19:56:12.312 [info] > git cat-file -s d228508dca1fd88a2369afe0de7091e297a287f9 [4ms]
2024-07-28 19:56:19.181 [info] > git show --textconv :angular.json [8ms]
2024-07-28 19:56:19.182 [info] > git ls-files --stage -- /home/andojas/Documents/dahu/angular.json [1ms]
2024-07-28 19:56:19.190 [info] > git cat-file -s 3e70d892a024966d6f3149e3fc0b19d68d93aecb [2ms]
2024-07-28 19:56:59.305 [info] > git check-ignore -v -z --stdin [1ms]
2024-07-28 19:57:01.681 [info] > git show --textconv :.vscode/extensions.json [8ms]
2024-07-28 19:57:01.682 [info] > git ls-files --stage -- /home/andojas/Documents/dahu/.vscode/extensions.json [2ms]
2024-07-28 19:57:01.691 [info] > git cat-file -s 186459d58a129e72f2ef75efb4ab07520b565332 [2ms]
2024-07-28 19:57:02.519 [info] > git show --textconv :.vscode/launch.json [8ms]
2024-07-28 19:57:02.520 [info] > git ls-files --stage -- /home/andojas/Documents/dahu/.vscode/launch.json [2ms]
2024-07-28 19:57:02.529 [info] > git cat-file -s 888046536f168da876db0810c400f2e3c7275612 [3ms]
2024-07-28 19:57:07.038 [info] > git show --textconv :.vscode/settings.json [9ms]
2024-07-28 19:57:07.039 [info] > git ls-files --stage -- /home/andojas/Documents/dahu/.vscode/settings.json [3ms]
2024-07-28 19:57:07.049 [info] > git cat-file -s afdab66cc1d452013b737f167598168226f4ed45 [2ms]
2024-07-28 19:57:08.585 [info] > git show --textconv :.vscode/tasks.json [9ms]
2024-07-28 19:57:08.587 [info] > git ls-files --stage -- /home/andojas/Documents/dahu/.vscode/tasks.json [3ms]
2024-07-28 19:57:08.596 [info] > git cat-file -s 3b17e53b62cc6ffaacd997adeb1915422fb6858f [2ms]
2024-07-28 19:57:16.095 [info] > git show --textconv :ext-src/extension.ts [152ms]
2024-07-28 19:57:16.096 [info] > git ls-files --stage -- /home/andojas/Documents/dahu/ext-src/extension.ts [140ms]
2024-07-28 19:57:16.178 [info] > git cat-file -s 4606b1c335946288076db180b446811b8fe9b883 [68ms]
2024-07-28 19:58:46.495 [info] > git config --get commit.template [10ms]
2024-07-28 19:58:46.496 [info] > git for-each-ref --format=%(refname)%00%(upstream:short)%00%(objectname)%00%(upstream:track)%00%(upstream:remotename)%00%(upstream:remoteref) refs/heads/develop refs/remotes/develop [2ms]
2024-07-28 19:58:46.508 [info] > git status -z -uall [4ms]
2024-07-28 19:58:46.520 [info] > git for-each-ref --format=%(refname)%00%(upstream:short)%00%(objectname)%00%(upstream:track)%00%(upstream:remotename)%00%(upstream:remoteref) refs/heads/develop refs/remotes/develop [3ms]
2024-07-28 19:58:46.529 [info] > git config --local branch.develop.vscode-merge-base [2ms]
2024-07-28 19:58:46.540 [info] > git for-each-ref --format=%(refname)%00%(upstream:short)%00%(objectname)%00%(upstream:track)%00%(upstream:remotename)%00%(upstream:remoteref) refs/heads/origin/main refs/remotes/origin/main [2ms]
2024-07-28 19:58:46.566 [info] > git ls-files --stage -- /home/andojas/Documents/dahu/ext-src/extension.ts [2ms]
2024-07-28 19:58:46.580 [info] > git cat-file -s 4606b1c335946288076db180b446811b8fe9b883 [2ms]
2024-07-28 19:58:46.606 [info] > git show --textconv :ext-src/extension.ts [3ms]
2024-07-28 19:58:47.104 [info] > git fetch [629ms]
2024-07-28 19:58:47.121 [info] > git config --get commit.template [9ms]
2024-07-28 19:58:47.123 [info] > git for-each-ref --format=%(refname)%00%(upstream:short)%00%(objectname)%00%(upstream:track)%00%(upstream:remotename)%00%(upstream:remoteref) refs/heads/develop refs/remotes/develop [3ms]
2024-07-28 19:58:47.134 [info] > git status -z -uall [3ms]
2024-07-28 19:58:47.146 [info] > git for-each-ref --format=%(refname)%00%(upstream:short)%00%(objectname)%00%(upstream:track)%00%(upstream:remotename)%00%(upstream:remoteref) refs/heads/develop refs/remotes/develop [4ms]
2024-07-28 19:58:47.155 [info] > git config --local branch.develop.vscode-merge-base [2ms]
2024-07-28 19:58:47.165 [info] > git for-each-ref --format=%(refname)%00%(upstream:short)%00%(objectname)%00%(upstream:track)%00%(upstream:remotename)%00%(upstream:remoteref) refs/heads/origin/main refs/remotes/origin/main [3ms]
2024-07-28 19:58:48.289 [info] > git ls-files --stage -- /home/andojas/Documents/dahu/ext-src/extension.ts [2ms]
2024-07-28 19:58:48.297 [info] > git cat-file -s 4606b1c335946288076db180b446811b8fe9b883 [2ms]
2024-07-28 19:58:48.308 [info] > git show --textconv :ext-src/extension.ts [3ms]
2024-07-28 19:58:51.590 [info] > git config --get commit.template [6ms]
2024-07-28 19:58:51.607 [info] > git for-each-ref --format=%(refname)%00%(upstream:short)%00%(objectname)%00%(upstream:track)%00%(upstream:remotename)%00%(upstream:remoteref) refs/heads/develop refs/remotes/develop [3ms]
2024-07-28 19:58:51.632 [info] > git status -z -uall [12ms]
2024-07-28 19:58:51.650 [info] > git for-each-ref --format=%(refname)%00%(upstream:short)%00%(objectname)%00%(upstream:track)%00%(upstream:remotename)%00%(upstream:remoteref) refs/heads/develop refs/remotes/develop [8ms]
2024-07-28 19:58:51.666 [info] > git config --local branch.develop.vscode-merge-base [5ms]
2024-07-28 19:58:51.714 [info] > git for-each-ref --format=%(refname)%00%(upstream:short)%00%(objectname)%00%(upstream:track)%00%(upstream:remotename)%00%(upstream:remoteref) refs/heads/origin/main refs/remotes/origin/main [39ms]
2024-07-28 19:58:58.342 [info] > git config --get commit.template [1ms]
2024-07-28 19:58:58.349 [info] > git for-each-ref --format=%(refname)%00%(upstream:short)%00%(objectname)%00%(upstream:track)%00%(upstream:remotename)%00%(upstream:remoteref) refs/heads/develop refs/remotes/develop [2ms]
2024-07-28 19:58:58.357 [info] > git status -z -uall [2ms]
2024-07-28 19:58:58.364 [info] > git for-each-ref --format=%(refname)%00%(upstream:short)%00%(objectname)%00%(upstream:track)%00%(upstream:remotename)%00%(upstream:remoteref) refs/heads/develop refs/remotes/develop [1ms]
2024-07-28 19:58:58.371 [info] > git config --local branch.develop.vscode-merge-base [1ms]
2024-07-28 19:58:58.377 [info] > git for-each-ref --format=%(refname)%00%(upstream:short)%00%(objectname)%00%(upstream:track)%00%(upstream:remotename)%00%(upstream:remoteref) refs/heads/origin/main refs/remotes/origin/main [1ms]
