2024-07-28 19:52:44.039 [warning] [cmake-tools]: Couldn't find message for key cmake-tools.configuration.cmake.deleteBuildDirOnCleanCconfigure.description.
2024-07-28 19:52:44.153 [warning] [cmake-tools]: Couldn't find message for key cmake-tools.configuration.cmake.deleteBuildDirOnCleanCconfigure.description.
2024-07-28 19:52:44.231 [warning] [cmake-tools]: Couldn't find message for key cmake-tools.configuration.cmake.deleteBuildDirOnCleanCconfigure.description.
2024-07-28 19:52:44.917 [warning] [cmake-tools]: Couldn't find message for key cmake-tools.configuration.cmake.deleteBuildDirOnCleanCconfigure.description.
2024-07-28 19:52:44.966 [warning] [cmake-tools]: Couldn't find message for key cmake-tools.configuration.cmake.deleteBuildDirOnCleanCconfigure.description.
2024-07-28 19:52:45.060 [warning] [cmake-tools]: Couldn't find message for key cmake-tools.configuration.cmake.deleteBuildDirOnCleanCconfigure.description.
2024-07-28 19:52:45.080 [warning] [cmake-tools]: Couldn't find message for key cmake-tools.configuration.cmake.deleteBuildDirOnCleanCconfigure.description.
2024-07-28 19:52:45.128 [warning] [cmake-tools]: Couldn't find message for key cmake-tools.configuration.cmake.deleteBuildDirOnCleanCconfigure.description.
2024-07-28 19:52:45.603 [warning] [cmake-tools]: Couldn't find message for key cmake-tools.configuration.cmake.deleteBuildDirOnCleanCconfigure.description.
2024-07-28 19:52:45.733 [warning] [cmake-tools]: Couldn't find message for key cmake-tools.configuration.cmake.deleteBuildDirOnCleanCconfigure.description.
2024-07-28 19:52:45.745 [warning] [cmake-tools]: Couldn't find message for key cmake-tools.configuration.cmake.deleteBuildDirOnCleanCconfigure.description.
2024-07-28 19:52:46.859 [warning] [cmake-tools]: Couldn't find message for key cmake-tools.configuration.cmake.deleteBuildDirOnCleanCconfigure.description.
2024-07-28 19:52:48.978 [info] Getting Manifest... ms-vscode.cpptools
2024-07-28 19:52:48.980 [info] Getting Manifest... vscjava.vscode-java-dependency
2024-07-28 19:52:49.232 [info] Installing extension: ms-vscode.cpptools {"productVersion":{"version":"1.91.1","date":"2024-07-09T22:08:12.169Z"},"pinned":false,"isApplicationScoped":false,"profileLocation":{"$mid":1,"external":"vscode-userdata:/home/andojas/.vscode/extensions/extensions.json","path":"/home/andojas/.vscode/extensions/extensions.json","scheme":"vscode-userdata"},"installOnlyNewlyAddedFromExtensionPack":true}
2024-07-28 19:52:49.277 [warning] [cmake-tools]: Couldn't find message for key cmake-tools.configuration.cmake.deleteBuildDirOnCleanCconfigure.description.
2024-07-28 19:52:49.341 [warning] [cmake-tools]: Couldn't find message for key cmake-tools.configuration.cmake.deleteBuildDirOnCleanCconfigure.description.
2024-07-28 19:52:49.378 [warning] [cmake-tools]: Couldn't find message for key cmake-tools.configuration.cmake.deleteBuildDirOnCleanCconfigure.description.
2024-07-28 19:52:49.912 [info] Installing extension: vscjava.vscode-java-dependency {"productVersion":{"version":"1.91.1","date":"2024-07-09T22:08:12.169Z"},"pinned":false,"isApplicationScoped":false,"profileLocation":{"$mid":1,"external":"vscode-userdata:/home/andojas/.vscode/extensions/extensions.json","path":"/home/andojas/.vscode/extensions/extensions.json","scheme":"vscode-userdata"},"installOnlyNewlyAddedFromExtensionPack":true}
2024-07-28 19:52:49.942 [warning] [cmake-tools]: Couldn't find message for key cmake-tools.configuration.cmake.deleteBuildDirOnCleanCconfigure.description.
2024-07-28 19:52:50.018 [warning] [cmake-tools]: Couldn't find message for key cmake-tools.configuration.cmake.deleteBuildDirOnCleanCconfigure.description.
2024-07-28 19:52:50.048 [warning] [cmake-tools]: Couldn't find message for key cmake-tools.configuration.cmake.deleteBuildDirOnCleanCconfigure.description.
2024-07-28 19:52:50.639 [info] Extension signature verification result for vscjava.vscode-java-dependency: UnknownError. Executed: true. Duration: 17ms.
2024-07-28 19:52:50.720 [warning] [cmake-tools]: Couldn't find message for key cmake-tools.configuration.cmake.deleteBuildDirOnCleanCconfigure.description.
2024-07-28 19:52:50.838 [info] Extracted extension to file:///home/andojas/.vscode/extensions/vscjava.vscode-java-dependency-0.24.0: vscjava.vscode-java-dependency
2024-07-28 19:52:50.875 [info] Renamed to /home/andojas/.vscode/extensions/vscjava.vscode-java-dependency-0.24.0
2024-07-28 19:52:50.916 [info] Marked extension as uninstalled vscjava.vscode-java-dependency-0.23.7
2024-07-28 19:52:50.948 [warning] [cmake-tools]: Couldn't find message for key cmake-tools.configuration.cmake.deleteBuildDirOnCleanCconfigure.description.
2024-07-28 19:52:50.952 [info] Extension installed successfully: vscjava.vscode-java-dependency vscode-userdata:/home/andojas/.vscode/extensions/extensions.json
2024-07-28 19:52:50.979 [error] [uncaught exception in sharedProcess]: Error: ENOENT: no such file or directory, stat '/home/andojas/.vscode/extensions/extensions.json.vsctmp': EntryNotFound (FileSystemError): Error: ENOENT: no such file or directory, stat '/home/andojas/.vscode/extensions/extensions.json.vsctmp'
    at h.create (/usr/share/code/resources/app/out/vs/code/node/sharedProcess/sharedProcessMain.js:54:19262)
    at f (/usr/share/code/resources/app/out/vs/code/node/sharedProcess/sharedProcessMain.js:54:19372)
    at P.hb (/usr/share/code/resources/app/out/vs/code/node/sharedProcess/sharedProcessMain.js:59:36571)
    at P.stat (/usr/share/code/resources/app/out/vs/code/node/sharedProcess/sharedProcessMain.js:59:28919)
    at async s.stat (/usr/share/code/resources/app/out/vs/code/node/sharedProcess/sharedProcessMain.js:59:14907)
    at async V.vb (/usr/share/code/resources/app/out/vs/code/node/sharedProcess/sharedProcessMain.js:105:119283)
2024-07-28 19:52:53.894 [info] Extension signature verification result for ms-vscode.cpptools: UnknownError. Executed: true. Duration: 11ms.
2024-07-28 19:52:55.301 [info] Extracted extension to file:///home/andojas/.vscode/extensions/ms-vscode.cpptools-1.21.4-linux-x64: ms-vscode.cpptools
2024-07-28 19:52:55.320 [info] Renamed to /home/andojas/.vscode/extensions/ms-vscode.cpptools-1.21.4-linux-x64
2024-07-28 19:52:55.346 [warning] [cmake-tools]: Couldn't find message for key cmake-tools.configuration.cmake.deleteBuildDirOnCleanCconfigure.description.
2024-07-28 19:52:55.351 [info] Marked extension as uninstalled ms-vscode.cpptools-1.20.5-linux-x64
2024-07-28 19:52:55.356 [info] Extension installed successfully: ms-vscode.cpptools vscode-userdata:/home/andojas/.vscode/extensions/extensions.json
2024-07-28 19:52:55.407 [error] [uncaught exception in sharedProcess]: Error: ENOENT: no such file or directory, stat '/home/andojas/.vscode/extensions/extensions.json.vsctmp': EntryNotFound (FileSystemError): Error: ENOENT: no such file or directory, stat '/home/andojas/.vscode/extensions/extensions.json.vsctmp'
    at h.create (/usr/share/code/resources/app/out/vs/code/node/sharedProcess/sharedProcessMain.js:54:19262)
    at f (/usr/share/code/resources/app/out/vs/code/node/sharedProcess/sharedProcessMain.js:54:19372)
    at P.hb (/usr/share/code/resources/app/out/vs/code/node/sharedProcess/sharedProcessMain.js:59:36571)
    at P.stat (/usr/share/code/resources/app/out/vs/code/node/sharedProcess/sharedProcessMain.js:59:28919)
    at async s.stat (/usr/share/code/resources/app/out/vs/code/node/sharedProcess/sharedProcessMain.js:59:14907)
    at async V.vb (/usr/share/code/resources/app/out/vs/code/node/sharedProcess/sharedProcessMain.js:105:119283)
2024-07-28 19:57:45.784 [warning] [cmake-tools]: Couldn't find message for key cmake-tools.configuration.cmake.deleteBuildDirOnCleanCconfigure.description.
