2024-07-28 20:06:23.627 [info] Added views:workbench.panel.markers.view in workbench.panel.markers
2024-07-28 20:06:23.627 [info] Added views:workbench.panel.output in workbench.panel.output
2024-07-28 20:06:23.627 [info] Added views:terminal in terminal
2024-07-28 20:06:23.627 [info] Added views:outline in workbench.view.explorer
2024-07-28 20:06:23.627 [info] Added views:workbench.scm in workbench.view.scm
2024-07-28 20:06:23.627 [info] Added views:workbench.view.search in workbench.view.search
2024-07-28 20:06:23.627 [info] Added views:timeline in workbench.view.explorer
2024-07-28 20:06:23.627 [info] Added views:workbench.explorer.fileView in workbench.view.explorer
2024-07-28 20:06:23.954 [info] Added views:workbench.debug.variablesView,workbench.debug.watchExpressionsView,workbench.debug.callStackView,workbench.debug.breakPointsView in workbench.view.debug
2024-07-28 20:06:24.470 [info] Added views:platformio-ide.quickAccess in workbench.view.extension.platformio
2024-07-28 20:06:24.470 [info] Added views:platformio-debug.peripherals,platformio-debug.registers,platformio-debug.memory,platformio-debug.disassembly in workbench.view.debug
2024-07-28 20:06:24.573 [info] Added views:workbench.panel.repl.view in workbench.panel.repl
2024-07-28 20:06:25.073 [info] Added views:workbench.view.testing in workbench.view.extension.test
2024-07-28 20:06:25.122 [info] Added views:~remote.forwardedPorts in ~remote.forwardedPortsContainer
2024-07-28 20:06:50.233 [info] Added views:javaProjectExplorer in workbench.view.explorer
2024-07-28 20:06:52.796 [info] Added views:platformio-ide.projectTasks in workbench.view.extension.platformio
2024-07-28 20:06:55.204 [info] Added views:workbench.debug.loadedScriptsView in workbench.view.debug
2024-07-28 20:06:56.727 [info] Added views:jsBrowserBreakpoints in workbench.view.debug
2024-07-28 20:07:16.358 [info] Removed views:workbench.debug.loadedScriptsView from workbench.view.debug
2024-07-28 20:08:39.590 [info] Removed views:jsBrowserBreakpoints from workbench.view.debug
2024-07-28 20:08:39.615 [info] Added views:workbench.debug.loadedScriptsView in workbench.view.debug
2024-07-28 20:08:41.580 [info] Added views:jsBrowserBreakpoints in workbench.view.debug
2024-07-28 20:09:22.071 [info] Removed views:workbench.debug.loadedScriptsView from workbench.view.debug
2024-07-28 20:12:59.573 [info] Removed views:jsBrowserBreakpoints from workbench.view.debug
2024-07-28 20:12:59.597 [info] Added views:workbench.debug.loadedScriptsView in workbench.view.debug
2024-07-28 20:13:01.555 [info] Added views:jsBrowserBreakpoints in workbench.view.debug
2024-07-28 20:13:40.453 [info] Removed views:workbench.debug.loadedScriptsView from workbench.view.debug
2024-07-28 20:14:33.289 [info] Removed views:jsBrowserBreakpoints from workbench.view.debug
2024-07-28 20:14:33.304 [info] Added views:workbench.debug.loadedScriptsView in workbench.view.debug
2024-07-28 20:14:34.906 [info] Added views:jsBrowserBreakpoints in workbench.view.debug
2024-07-28 20:15:18.927 [info] Removed views:workbench.debug.loadedScriptsView from workbench.view.debug
2024-07-28 20:15:54.453 [info] Removed views:jsBrowserBreakpoints from workbench.view.debug
2024-07-28 20:15:54.469 [info] Added views:workbench.debug.loadedScriptsView in workbench.view.debug
