2024-07-16 11:54:42.892 [info] Extension host with pid 4928 started
2024-07-16 11:54:42.897 [info] ExtensionService#_doActivateExtension vscode.emmet, startup: false, activationEvent: 'onLanguage'
2024-07-16 11:54:42.903 [info] ExtensionService#_doActivateExtension vscode.extension-editing, startup: false, activationEvent: 'onLanguage:markdown'
2024-07-16 11:54:42.907 [info] ExtensionService#_doActivateExtension vscode.markdown-language-features, startup: false, activationEvent: 'onLanguage:markdown'
2024-07-16 11:54:42.957 [info] ExtensionService#_doActivateExtension yzane.markdown-pdf, startup: false, activationEvent: 'onLanguage:markdown'
2024-07-16 11:54:43.259 [info] Extension host with pid 5000 started
2024-07-16 11:54:43.263 [info] ExtensionService#_doActivateExtension vscode.emmet, startup: false, activationEvent: 'onLanguage'
2024-07-16 11:54:43.267 [info] ExtensionService#_doActivateExtension vscode.extension-editing, startup: false, activationEvent: 'onLanguage:markdown'
2024-07-16 11:54:43.270 [info] ExtensionService#_doActivateExtension vscode.markdown-language-features, startup: false, activationEvent: 'onLanguage:markdown'
2024-07-16 11:54:43.314 [info] ExtensionService#_doActivateExtension yzane.markdown-pdf, startup: false, activationEvent: 'onLanguage:markdown'
2024-07-16 11:54:43.465 [info] ExtensionService#_doActivateExtension vscode.git-base, startup: true, activationEvent: '*', root cause: vscode.git
2024-07-16 11:54:43.468 [info] ExtensionService#_doActivateExtension vscode.git, startup: true, activationEvent: '*'
2024-07-16 11:54:43.484 [info] ExtensionService#_doActivateExtension vscode.github, startup: true, activationEvent: '*'
2024-07-16 11:54:43.510 [info] Eager extensions activated
2024-07-16 11:54:43.555 [info] ExtensionService#_doActivateExtension vscode.debug-auto-launch, startup: false, activationEvent: 'onStartupFinished'
2024-07-16 11:54:43.557 [info] ExtensionService#_doActivateExtension vscode.merge-conflict, startup: false, activationEvent: 'onStartupFinished'
2024-07-16 11:54:43.561 [info] ExtensionService#_doActivateExtension dbaeumer.vscode-eslint, startup: false, activationEvent: 'onStartupFinished'
2024-07-16 11:54:43.568 [info] ExtensionService#_doActivateExtension vscode.markdown-math, startup: false, activationEvent: 'api', root cause: vscode.markdown-language-features
2024-07-16 11:56:09.888 [info] Extension host terminating: renderer closed the MessagePort
2024-07-16 11:56:09.897 [info] Extension host with pid 5000 exiting with code 0
