2024-07-15 16:05:10.479 [info] Added views:workbench.panel.markers.view in workbench.panel.markers
2024-07-15 16:05:10.479 [info] Added views:workbench.panel.output in workbench.panel.output
2024-07-15 16:05:10.479 [info] Added views:terminal in terminal
2024-07-15 16:05:10.479 [info] Added views:outline in workbench.view.explorer
2024-07-15 16:05:10.479 [info] Added views:workbench.scm in workbench.view.scm
2024-07-15 16:05:10.479 [info] Added views:workbench.view.search in workbench.view.search
2024-07-15 16:05:10.479 [info] Added views:timeline in workbench.view.explorer
2024-07-15 16:05:10.479 [info] Added views:workbench.explorer.emptyView in workbench.view.explorer
2024-07-15 16:05:10.990 [info] Added views:platformio-ide.quickAccess in workbench.view.extension.platformio
2024-07-15 16:05:10.991 [info] Added views:platformio-debug.peripherals,platformio-debug.registers,platformio-debug.memory,platformio-debug.disassembly in workbench.view.debug
2024-07-15 16:05:10.991 [info] Added views:mavenProjects in workbench.view.explorer
2024-07-15 16:05:11.058 [info] Added views:workbench.debug.variablesView,workbench.debug.watchExpressionsView,workbench.debug.callStackView,workbench.debug.breakPointsView in workbench.view.debug
2024-07-15 16:05:11.088 [info] Added views:workbench.panel.repl.view in workbench.panel.repl
2024-07-15 16:05:11.088 [info] Removed views:workbench.debug.breakPointsView,workbench.debug.callStackView,workbench.debug.watchExpressionsView,workbench.debug.variablesView from workbench.view.debug
2024-07-15 16:05:11.089 [info] Added views:workbench.debug.welcome in workbench.view.debug
2024-07-15 16:05:11.287 [info] Added views:~remote.forwardedPorts in ~remote.forwardedPortsContainer
2024-07-15 16:05:17.359 [info] Added views:platformio-ide.projectTasks in workbench.view.extension.platformio
2024-07-15 16:05:33.188 [info] Added views:workbench.panel.markers.view in workbench.panel.markers
2024-07-15 16:05:33.188 [info] Added views:workbench.panel.output in workbench.panel.output
2024-07-15 16:05:33.188 [info] Added views:terminal in terminal
2024-07-15 16:05:33.188 [info] Added views:outline in workbench.view.explorer
2024-07-15 16:05:33.188 [info] Added views:workbench.scm in workbench.view.scm
2024-07-15 16:05:33.188 [info] Added views:workbench.view.search in workbench.view.search
2024-07-15 16:05:33.188 [info] Added views:timeline in workbench.view.explorer
2024-07-15 16:05:33.188 [info] Added views:workbench.explorer.fileView in workbench.view.explorer
2024-07-15 16:05:33.449 [info] Added views:workbench.debug.variablesView,workbench.debug.watchExpressionsView,workbench.debug.callStackView,workbench.debug.breakPointsView in workbench.view.debug
2024-07-15 16:05:34.008 [info] Added views:platformio-ide.quickAccess in workbench.view.extension.platformio
2024-07-15 16:05:34.008 [info] Added views:platformio-debug.peripherals,platformio-debug.registers,platformio-debug.memory,platformio-debug.disassembly in workbench.view.debug
2024-07-15 16:05:34.166 [info] Added views:workbench.panel.repl.view in workbench.panel.repl
2024-07-15 16:05:34.723 [info] Added views:~remote.forwardedPorts in ~remote.forwardedPortsContainer
2024-07-15 16:05:36.016 [info] Added views:platformio-ide.projectTasks in workbench.view.extension.platformio
2024-07-15 16:05:36.280 [info] Added views:workbench.view.testing in workbench.view.extension.test
2024-07-15 16:05:41.560 [info] Added views:javaProjectExplorer in workbench.view.explorer
