2024-07-28 19:59:16.767 [info] Added views:workbench.panel.markers.view in workbench.panel.markers
2024-07-28 19:59:16.768 [info] Added views:workbench.panel.output in workbench.panel.output
2024-07-28 19:59:16.768 [info] Added views:terminal in terminal
2024-07-28 19:59:16.768 [info] Added views:outline in workbench.view.explorer
2024-07-28 19:59:16.768 [info] Added views:workbench.scm in workbench.view.scm
2024-07-28 19:59:16.768 [info] Added views:workbench.view.search in workbench.view.search
2024-07-28 19:59:16.768 [info] Added views:timeline in workbench.view.explorer
2024-07-28 19:59:16.768 [info] Added views:workbench.explorer.fileView in workbench.view.explorer
2024-07-28 19:59:17.103 [info] Added views:workbench.debug.variablesView,workbench.debug.watchExpressionsView,workbench.debug.callStackView,workbench.debug.breakPointsView in workbench.view.debug
2024-07-28 19:59:17.238 [info] Added views:platformio-ide.quickAccess in workbench.view.extension.platformio
2024-07-28 19:59:17.238 [info] Added views:platformio-debug.peripherals,platformio-debug.registers,platformio-debug.memory,platformio-debug.disassembly in workbench.view.debug
2024-07-28 19:59:17.461 [info] Added views:workbench.panel.repl.view in workbench.panel.repl
2024-07-28 19:59:18.348 [info] Added views:workbench.view.testing in workbench.view.extension.test
2024-07-28 19:59:18.522 [info] Added views:~remote.forwardedPorts in ~remote.forwardedPortsContainer
2024-07-28 19:59:49.604 [info] Added views:javaProjectExplorer in workbench.view.explorer
2024-07-28 19:59:51.901 [info] Added views:platformio-ide.projectTasks in workbench.view.extension.platformio
2024-07-28 19:59:54.483 [info] Added views:workbench.debug.loadedScriptsView in workbench.view.debug
2024-07-28 19:59:56.023 [info] Added views:jsBrowserBreakpoints in workbench.view.debug
2024-07-28 20:00:44.647 [info] Removed views:workbench.debug.loadedScriptsView from workbench.view.debug
2024-07-28 20:01:57.275 [info] Removed views:jsBrowserBreakpoints from workbench.view.debug
2024-07-28 20:01:57.289 [info] Added views:workbench.debug.loadedScriptsView in workbench.view.debug
2024-07-28 20:01:58.819 [info] Added views:jsBrowserBreakpoints in workbench.view.debug
2024-07-28 20:02:41.843 [info] Removed views:workbench.debug.loadedScriptsView from workbench.view.debug
2024-07-28 20:05:06.270 [info] Removed views:jsBrowserBreakpoints from workbench.view.debug
2024-07-28 20:05:06.280 [info] Added views:workbench.debug.loadedScriptsView in workbench.view.debug
2024-07-28 20:05:07.876 [info] Added views:jsBrowserBreakpoints in workbench.view.debug
