2024-07-28 20:05:36.932 [info] Log level: Info
2024-07-28 20:05:36.932 [info] Validating found git in: "git"
2024-07-28 20:05:36.932 [info] Using git "2.45.2" from "git"
2024-07-28 20:05:36.932 [info] > git rev-parse --show-toplevel [9ms]
2024-07-28 20:05:36.932 [info] > git rev-parse --git-dir --git-common-dir [1ms]
2024-07-28 20:05:36.940 [info] Open repository: /home/andojas/Documents/dahu
2024-07-28 20:05:36.951 [info] > git rev-parse --show-toplevel [4ms]
2024-07-28 20:05:36.951 [info] > git config --get commit.template [7ms]
2024-07-28 20:05:36.963 [info] > git for-each-ref --format=%(refname)%00%(upstream:short)%00%(objectname)%00%(upstream:track)%00%(upstream:remotename)%00%(upstream:remoteref) refs/heads/develop refs/remotes/develop [4ms]
2024-07-28 20:05:36.978 [info] > git rev-parse --show-toplevel [15ms]
2024-07-28 20:05:36.987 [info] > git rev-parse --show-toplevel [2ms]
2024-07-28 20:05:37.002 [info] > git status -z -uall [4ms]
2024-07-28 20:05:37.018 [info] > git for-each-ref --format=%(refname)%00%(upstream:short)%00%(objectname)%00%(upstream:track)%00%(upstream:remotename)%00%(upstream:remoteref) refs/heads/develop refs/remotes/develop [12ms]
2024-07-28 20:05:37.021 [info] > git rev-parse --show-toplevel [20ms]
2024-07-28 20:05:37.025 [info] > git config --local branch.develop.vscode-merge-base [4ms]
2024-07-28 20:05:37.029 [info] > git config --get commit.template [11ms]
2024-07-28 20:05:37.032 [info] > git for-each-ref --format=%(refname)%00%(upstream:short)%00%(objectname)%00%(upstream:track)%00%(upstream:remotename)%00%(upstream:remoteref) refs/heads/origin/main refs/remotes/origin/main [3ms]
2024-07-28 20:05:37.036 [info] > git rev-parse --show-toplevel [11ms]
2024-07-28 20:05:37.045 [info] > git merge-base refs/heads/develop refs/remotes/origin/develop [9ms]
2024-07-28 20:05:37.057 [info] > git rev-list --count --left-right refs/heads/develop...refs/remotes/origin/develop [8ms]
2024-07-28 20:05:37.062 [info] > git rev-parse --show-toplevel [16ms]
2024-07-28 20:05:37.062 [info] > git for-each-ref --format=%(refname)%00%(upstream:short)%00%(objectname)%00%(upstream:track)%00%(upstream:remotename)%00%(upstream:remoteref) refs/heads/develop refs/remotes/develop [21ms]
2024-07-28 20:05:37.068 [info] > git diff --name-status -z --diff-filter=ADMR 78174add9c4b41349ea27c33135d2575a6ed3722...refs/remotes/origin/develop [7ms]
2024-07-28 20:05:37.069 [info] > git rev-parse --show-toplevel [2ms]
2024-07-28 20:05:37.078 [info] > git rev-parse --show-toplevel [5ms]
2024-07-28 20:05:37.082 [info] > git status -z -uall [5ms]
2024-07-28 20:05:37.087 [info] > git for-each-ref --format=%(refname)%00%(upstream:short)%00%(objectname)%00%(upstream:track)%00%(upstream:remotename)%00%(upstream:remoteref) refs/heads/develop refs/remotes/develop [2ms]
2024-07-28 20:05:37.091 [info] > git rev-parse --show-toplevel [10ms]
2024-07-28 20:05:37.093 [info] > git config --local branch.develop.vscode-merge-base [2ms]
2024-07-28 20:05:37.103 [info] > git for-each-ref --format=%(refname)%00%(upstream:short)%00%(objectname)%00%(upstream:track)%00%(upstream:remotename)%00%(upstream:remoteref) refs/heads/origin/main refs/remotes/origin/main [6ms]
2024-07-28 20:05:37.333 [info] > git show --textconv :src/app/library/library.component.css [3ms]
2024-07-28 20:05:37.334 [info] > git ls-files --stage -- /home/andojas/Documents/dahu/src/app/library/library.component.css [1ms]
2024-07-28 20:05:37.337 [info] > git cat-file -s cd47792970745303c38b95c42e8343a9f4067bec [1ms]
2024-07-28 20:05:37.456 [info] > git check-ignore -v -z --stdin [1ms]
2024-07-28 20:05:37.645 [info] > git fetch [705ms]
2024-07-28 20:05:37.653 [info] > git config --get commit.template [4ms]
2024-07-28 20:05:37.654 [info] > git for-each-ref --format=%(refname)%00%(upstream:short)%00%(objectname)%00%(upstream:track)%00%(upstream:remotename)%00%(upstream:remoteref) refs/heads/develop refs/remotes/develop [0ms]
2024-07-28 20:05:37.658 [info] > git status -z -uall [2ms]
2024-07-28 20:05:37.663 [info] > git for-each-ref --format=%(refname)%00%(upstream:short)%00%(objectname)%00%(upstream:track)%00%(upstream:remotename)%00%(upstream:remoteref) refs/heads/develop refs/remotes/develop [1ms]
2024-07-28 20:05:37.666 [info] > git config --local branch.develop.vscode-merge-base [1ms]
2024-07-28 20:05:37.671 [info] > git for-each-ref --format=%(refname)%00%(upstream:short)%00%(objectname)%00%(upstream:track)%00%(upstream:remotename)%00%(upstream:remoteref) refs/heads/origin/main refs/remotes/origin/main [2ms]
2024-07-28 20:05:38.733 [info] > git config --get commit.template [7ms]
2024-07-28 20:05:38.735 [info] > git for-each-ref --format=%(refname)%00%(upstream:short)%00%(objectname)%00%(upstream:track)%00%(upstream:remotename)%00%(upstream:remoteref) refs/heads/develop refs/remotes/develop [3ms]
2024-07-28 20:05:38.744 [info] > git status -z -uall [4ms]
2024-07-28 20:05:38.753 [info] > git for-each-ref --format=%(refname)%00%(upstream:short)%00%(objectname)%00%(upstream:track)%00%(upstream:remotename)%00%(upstream:remoteref) refs/heads/develop refs/remotes/develop [2ms]
2024-07-28 20:05:38.759 [info] > git config --local branch.develop.vscode-merge-base [1ms]
2024-07-28 20:05:38.767 [info] > git for-each-ref --format=%(refname)%00%(upstream:short)%00%(objectname)%00%(upstream:track)%00%(upstream:remotename)%00%(upstream:remoteref) refs/heads/origin/main refs/remotes/origin/main [2ms]
2024-07-28 20:05:38.829 [info] > git ls-files --stage -- /home/andojas/Documents/dahu/src/app/library/library.component.css [2ms]
2024-07-28 20:05:38.836 [info] > git cat-file -s cd47792970745303c38b95c42e8343a9f4067bec [2ms]
2024-07-28 20:05:38.845 [info] > git show --textconv :src/app/library/library.component.css [3ms]
2024-07-28 20:05:44.529 [info] > git config --get commit.template [2ms]
2024-07-28 20:05:44.536 [info] > git for-each-ref --format=%(refname)%00%(upstream:short)%00%(objectname)%00%(upstream:track)%00%(upstream:remotename)%00%(upstream:remoteref) refs/heads/develop refs/remotes/develop [2ms]
2024-07-28 20:05:44.546 [info] > git status -z -uall [4ms]
2024-07-28 20:05:44.555 [info] > git for-each-ref --format=%(refname)%00%(upstream:short)%00%(objectname)%00%(upstream:track)%00%(upstream:remotename)%00%(upstream:remoteref) refs/heads/develop refs/remotes/develop [2ms]
2024-07-28 20:05:44.562 [info] > git config --local branch.develop.vscode-merge-base [1ms]
2024-07-28 20:05:44.570 [info] > git for-each-ref --format=%(refname)%00%(upstream:short)%00%(objectname)%00%(upstream:track)%00%(upstream:remotename)%00%(upstream:remoteref) refs/heads/origin/main refs/remotes/origin/main [2ms]
2024-07-28 20:05:45.640 [info] > git ls-files --stage -- /home/andojas/Documents/dahu/src/app/library/library.component.css [2ms]
2024-07-28 20:05:45.647 [info] > git cat-file -s cd47792970745303c38b95c42e8343a9f4067bec [2ms]
2024-07-28 20:05:45.656 [info] > git show --textconv :src/app/library/library.component.css [3ms]
2024-07-28 20:05:57.107 [info] > git config --get commit.template [5ms]
2024-07-28 20:05:57.107 [info] > git for-each-ref --format=%(refname)%00%(upstream:short)%00%(objectname)%00%(upstream:track)%00%(upstream:remotename)%00%(upstream:remoteref) refs/heads/develop refs/remotes/develop [1ms]
2024-07-28 20:05:57.114 [info] > git status -z -uall [2ms]
2024-07-28 20:05:57.120 [info] > git for-each-ref --format=%(refname)%00%(upstream:short)%00%(objectname)%00%(upstream:track)%00%(upstream:remotename)%00%(upstream:remoteref) refs/heads/develop refs/remotes/develop [1ms]
2024-07-28 20:05:57.126 [info] > git config --local branch.develop.vscode-merge-base [2ms]
2024-07-28 20:05:57.130 [info] > git for-each-ref --format=%(refname)%00%(upstream:short)%00%(objectname)%00%(upstream:track)%00%(upstream:remotename)%00%(upstream:remoteref) refs/heads/origin/main refs/remotes/origin/main [1ms]
2024-07-28 20:06:02.131 [info] > git config --get commit.template [4ms]
2024-07-28 20:06:02.131 [info] > git for-each-ref --format=%(refname)%00%(upstream:short)%00%(objectname)%00%(upstream:track)%00%(upstream:remotename)%00%(upstream:remoteref) refs/heads/develop refs/remotes/develop [1ms]
2024-07-28 20:06:02.137 [info] > git status -z -uall [2ms]
2024-07-28 20:06:02.142 [info] > git for-each-ref --format=%(refname)%00%(upstream:short)%00%(objectname)%00%(upstream:track)%00%(upstream:remotename)%00%(upstream:remoteref) refs/heads/develop refs/remotes/develop [2ms]
2024-07-28 20:06:02.147 [info] > git config --local branch.develop.vscode-merge-base [1ms]
2024-07-28 20:06:02.152 [info] > git for-each-ref --format=%(refname)%00%(upstream:short)%00%(objectname)%00%(upstream:track)%00%(upstream:remotename)%00%(upstream:remoteref) refs/heads/origin/main refs/remotes/origin/main [1ms]
