2024-07-14 23:23:34.396 [info] Extension host with pid 19678 started
2024-07-14 23:23:34.396 [info] Skipping acquiring lock for /home/andojas/.config/Code/User/workspaceStorage/be03bdc5636572565a645d5ccef04fee.
2024-07-14 23:23:34.490 [info] ExtensionService#_doActivateExtension vscode.emmet, startup: false, activationEvent: 'onLanguage'
2024-07-14 23:23:34.494 [info] ExtensionService#_doActivateExtension vscode.typescript-language-features, startup: false, activationEvent: 'onLanguage:typescript'
2024-07-14 23:23:34.508 [info] ExtensionService#_doActivateExtension Angular.ng-template, startup: false, activationEvent: 'onLanguage:typescript'
2024-07-14 23:23:34.583 [info] ExtensionService#_doActivateExtension VisualStudioExptTeam.intellicode-api-usage-examples, startup: false, activationEvent: 'onLanguage:typescript'
2024-07-14 23:23:34.623 [info] ExtensionService#_doActivateExtension VisualStudioExptTeam.vscodeintellicode, startup: false, activationEvent: 'onLanguage:typescript'
2024-07-14 23:23:35.023 [info] ExtensionService#_doActivateExtension vscode.git-base, startup: true, activationEvent: '*', root cause: vscode.git
2024-07-14 23:23:35.025 [info] ExtensionService#_doActivateExtension vscode.npm, startup: true, activationEvent: 'workspaceContains:package.json'
2024-07-14 23:23:35.088 [info] ExtensionService#_doActivateExtension vscode.git, startup: true, activationEvent: '*'
2024-07-14 23:23:35.110 [info] ExtensionService#_doActivateExtension vscode.github, startup: true, activationEvent: '*'
2024-07-14 23:23:35.227 [info] ExtensionService#_doActivateExtension ms-vscode.extension-test-runner, startup: true, activationEvent: 'workspaceContains:**/.vscode-test.{js,cjs,mjs}'
2024-07-14 23:23:35.290 [info] Eager extensions activated
2024-07-14 23:23:35.329 [info] ExtensionService#_doActivateExtension vscode.debug-auto-launch, startup: false, activationEvent: 'onStartupFinished'
2024-07-14 23:23:35.331 [info] ExtensionService#_doActivateExtension vscode.merge-conflict, startup: false, activationEvent: 'onStartupFinished'
2024-07-14 23:23:35.336 [info] ExtensionService#_doActivateExtension dbaeumer.vscode-eslint, startup: false, activationEvent: 'onStartupFinished'
2024-07-14 23:23:35.365 [info] ExtensionService#_doActivateExtension vscode.github-authentication, startup: false, activationEvent: 'onAuthenticationRequest:github'
2024-07-14 23:23:36.533 [error] [VisualStudioExptTeam.intellicode-api-usage-examples] provider FAILED
2024-07-14 23:23:36.533 [error] Error: Unhandled method getIdAtPosition
	at /home/andojas/.vscode/extensions/visualstudioexptteam.intellicode-api-usage-examples-0.2.8/dist/extension.js:2:398068
	at re (/home/andojas/.vscode/extensions/visualstudioexptteam.intellicode-api-usage-examples-0.2.8/dist/extension.js:2:398362)
	at /home/andojas/.vscode/extensions/visualstudioexptteam.intellicode-api-usage-examples-0.2.8/dist/extension.js:2:393146
	at Immediate.<anonymous> (/home/andojas/.vscode/extensions/visualstudioexptteam.intellicode-api-usage-examples-0.2.8/dist/extension.js:2:393166)
	at process.processImmediate (node:internal/timers:478:21)
2024-07-14 23:23:43.031 [error] [Angular.ng-template] provider FAILED
2024-07-14 23:23:43.031 [error] Error: Connection got disposed.
	at Object.dispose (/home/andojas/.vscode/extensions/angular.ng-template-18.1.2/node_modules/vscode-jsonrpc/lib/common/connection.js:1044:27)
	at Object.dispose (/home/andojas/.vscode/extensions/angular.ng-template-18.1.2/node_modules/vscode-languageclient/lib/common/client.js:73:35)
	at LanguageClient.handleConnectionClosed (/home/andojas/.vscode/extensions/angular.ng-template-18.1.2/node_modules/vscode-languageclient/lib/common/client.js:2424:42)
	at LanguageClient.handleConnectionClosed (/home/andojas/.vscode/extensions/angular.ng-template-18.1.2/node_modules/vscode-languageclient/lib/node/main.js:155:15)
	at closeHandler (/home/andojas/.vscode/extensions/angular.ng-template-18.1.2/node_modules/vscode-languageclient/lib/common/client.js:2411:18)
	at CallbackList.invoke (/home/andojas/.vscode/extensions/angular.ng-template-18.1.2/node_modules/vscode-jsonrpc/lib/common/events.js:55:39)
	at Emitter.fire (/home/andojas/.vscode/extensions/angular.ng-template-18.1.2/node_modules/vscode-jsonrpc/lib/common/events.js:117:36)
	at closeHandler (/home/andojas/.vscode/extensions/angular.ng-template-18.1.2/node_modules/vscode-jsonrpc/lib/common/connection.js:256:26)
	at CallbackList.invoke (/home/andojas/.vscode/extensions/angular.ng-template-18.1.2/node_modules/vscode-jsonrpc/lib/common/events.js:55:39)
	at Emitter.fire (/home/andojas/.vscode/extensions/angular.ng-template-18.1.2/node_modules/vscode-jsonrpc/lib/common/events.js:117:36)
	at IPCMessageReader.fireClose (/home/andojas/.vscode/extensions/angular.ng-template-18.1.2/node_modules/vscode-jsonrpc/lib/common/messageReader.js:40:27)
	at ChildProcess.<anonymous> (/home/andojas/.vscode/extensions/angular.ng-template-18.1.2/node_modules/vscode-jsonrpc/lib/node/main.js:33:45)
	at ChildProcess.emit (node:events:526:35)
	at maybeClose (node:internal/child_process:1105:16)
	at ChildProcess._handle.onexit (node:internal/child_process:305:5)
2024-07-14 23:23:43.036 [error] [VisualStudioExptTeam.intellicode-api-usage-examples] provider FAILED
2024-07-14 23:23:43.036 [error] Error: Unhandled method getIdAtPosition
	at /home/andojas/.vscode/extensions/visualstudioexptteam.intellicode-api-usage-examples-0.2.8/dist/extension.js:2:398068
	at re (/home/andojas/.vscode/extensions/visualstudioexptteam.intellicode-api-usage-examples-0.2.8/dist/extension.js:2:398362)
	at /home/andojas/.vscode/extensions/visualstudioexptteam.intellicode-api-usage-examples-0.2.8/dist/extension.js:2:393146
	at Immediate.<anonymous> (/home/andojas/.vscode/extensions/visualstudioexptteam.intellicode-api-usage-examples-0.2.8/dist/extension.js:2:393166)
	at process.processImmediate (node:internal/timers:478:21)
2024-07-14 23:23:43.386 [error] [VisualStudioExptTeam.intellicode-api-usage-examples] provider FAILED
2024-07-14 23:23:43.386 [error] Error: Unhandled method getIdAtPosition
	at /home/andojas/.vscode/extensions/visualstudioexptteam.intellicode-api-usage-examples-0.2.8/dist/extension.js:2:398068
	at re (/home/andojas/.vscode/extensions/visualstudioexptteam.intellicode-api-usage-examples-0.2.8/dist/extension.js:2:398362)
	at /home/andojas/.vscode/extensions/visualstudioexptteam.intellicode-api-usage-examples-0.2.8/dist/extension.js:2:393146
	at Immediate.<anonymous> (/home/andojas/.vscode/extensions/visualstudioexptteam.intellicode-api-usage-examples-0.2.8/dist/extension.js:2:393166)
	at process.processImmediate (node:internal/timers:478:21)
2024-07-14 23:23:48.238 [error] [VisualStudioExptTeam.intellicode-api-usage-examples] provider FAILED
2024-07-14 23:23:48.238 [error] Error: Unhandled method getIdAtPosition
	at /home/andojas/.vscode/extensions/visualstudioexptteam.intellicode-api-usage-examples-0.2.8/dist/extension.js:2:398068
	at re (/home/andojas/.vscode/extensions/visualstudioexptteam.intellicode-api-usage-examples-0.2.8/dist/extension.js:2:398362)
	at /home/andojas/.vscode/extensions/visualstudioexptteam.intellicode-api-usage-examples-0.2.8/dist/extension.js:2:393146
	at Immediate.<anonymous> (/home/andojas/.vscode/extensions/visualstudioexptteam.intellicode-api-usage-examples-0.2.8/dist/extension.js:2:393166)
	at process.processImmediate (node:internal/timers:478:21)
2024-07-14 23:23:51.599 [info] ExtensionService#_doActivateExtension vscode.debug-server-ready, startup: false, activationEvent: 'onDebugResolve'
2024-07-14 23:23:51.601 [info] ExtensionService#_doActivateExtension ms-vscode.js-debug, startup: false, activationEvent: 'onDebugResolve:extensionHost'
2024-07-14 23:23:51.659 [info] ExtensionService#_doActivateExtension vscode.grunt, startup: false, activationEvent: 'onTaskType:grunt'
2024-07-14 23:23:51.659 [info] ExtensionService#_doActivateExtension vscode.gulp, startup: false, activationEvent: 'onTaskType:gulp'
2024-07-14 23:23:51.660 [info] ExtensionService#_doActivateExtension vscode.jake, startup: false, activationEvent: 'onTaskType:jake'
2024-07-14 23:23:51.660 [info] ExtensionService#_doActivateExtension ms-vscode.cmake-tools, startup: false, activationEvent: 'onTaskType:cmake'
2024-07-14 23:23:51.695 [info] ExtensionService#_doActivateExtension ms-vscode.cpptools, startup: false, activationEvent: 'onTaskType:cppbuild'
2024-07-14 23:23:51.740 [info] ExtensionService#_doActivateExtension vscjava.vscode-java-dependency, startup: false, activationEvent: 'onTaskType:java (buildArtifact)'
2024-07-14 23:23:51.791 [info] ExtensionService#_doActivateExtension redhat.java, startup: false, activationEvent: 'api', root cause: vscjava.vscode-java-dependency
2024-07-14 23:23:51.840 [error] [VisualStudioExptTeam.intellicode-api-usage-examples] provider FAILED
2024-07-14 23:23:51.840 [error] Error: Unhandled method getIdAtPosition
	at /home/andojas/.vscode/extensions/visualstudioexptteam.intellicode-api-usage-examples-0.2.8/dist/extension.js:2:398068
	at re (/home/andojas/.vscode/extensions/visualstudioexptteam.intellicode-api-usage-examples-0.2.8/dist/extension.js:2:398362)
	at /home/andojas/.vscode/extensions/visualstudioexptteam.intellicode-api-usage-examples-0.2.8/dist/extension.js:2:393146
	at Immediate.<anonymous> (/home/andojas/.vscode/extensions/visualstudioexptteam.intellicode-api-usage-examples-0.2.8/dist/extension.js:2:393166)
	at process.processImmediate (node:internal/timers:478:21)
2024-07-14 23:23:51.936 [error] [VisualStudioExptTeam.intellicode-api-usage-examples] provider FAILED
2024-07-14 23:23:51.936 [error] Error: Unhandled method getIdAtPosition
	at /home/andojas/.vscode/extensions/visualstudioexptteam.intellicode-api-usage-examples-0.2.8/dist/extension.js:2:398068
	at re (/home/andojas/.vscode/extensions/visualstudioexptteam.intellicode-api-usage-examples-0.2.8/dist/extension.js:2:398362)
	at /home/andojas/.vscode/extensions/visualstudioexptteam.intellicode-api-usage-examples-0.2.8/dist/extension.js:2:393146
	at Immediate.<anonymous> (/home/andojas/.vscode/extensions/visualstudioexptteam.intellicode-api-usage-examples-0.2.8/dist/extension.js:2:393166)
	at process.processImmediate (node:internal/timers:478:21)
2024-07-14 23:23:51.937 [info] ExtensionService#_doActivateExtension platformio.platformio-ide, startup: false, activationEvent: 'onTaskType:PlatformIO'
2024-07-14 23:23:52.032 [error] [VisualStudioExptTeam.intellicode-api-usage-examples] provider FAILED
2024-07-14 23:23:52.032 [error] Error: Unhandled method getIdAtPosition
	at /home/andojas/.vscode/extensions/visualstudioexptteam.intellicode-api-usage-examples-0.2.8/dist/extension.js:2:398068
	at re (/home/andojas/.vscode/extensions/visualstudioexptteam.intellicode-api-usage-examples-0.2.8/dist/extension.js:2:398362)
	at /home/andojas/.vscode/extensions/visualstudioexptteam.intellicode-api-usage-examples-0.2.8/dist/extension.js:2:393146
	at Immediate.<anonymous> (/home/andojas/.vscode/extensions/visualstudioexptteam.intellicode-api-usage-examples-0.2.8/dist/extension.js:2:393166)
	at process.processImmediate (node:internal/timers:478:21)
2024-07-14 23:23:52.034 [warning] [redhat.java] Accessing a resource scoped configuration without providing a resource is not expected. To get the effective value for '[java]', provide the URI of a resource or 'null' for any resource.
2024-07-14 23:23:52.065 [warning] [redhat.java] Accessing a resource scoped configuration without providing a resource is not expected. To get the effective value for '[java]', provide the URI of a resource or 'null' for any resource.
2024-07-14 23:23:52.240 [info] ExtensionService#_doActivateExtension vscode.configuration-editing, startup: false, activationEvent: 'onLanguage:json'
2024-07-14 23:23:52.242 [info] ExtensionService#_doActivateExtension vscode.extension-editing, startup: false, activationEvent: 'onLanguage:json'
2024-07-14 23:23:52.245 [info] ExtensionService#_doActivateExtension vscode.json-language-features, startup: false, activationEvent: 'onLanguage:json'
2024-07-14 23:23:52.287 [error] [VisualStudioExptTeam.intellicode-api-usage-examples] provider FAILED
2024-07-14 23:23:52.287 [error] Error: Unhandled method getIdAtPosition
	at /home/andojas/.vscode/extensions/visualstudioexptteam.intellicode-api-usage-examples-0.2.8/dist/extension.js:2:398068
	at re (/home/andojas/.vscode/extensions/visualstudioexptteam.intellicode-api-usage-examples-0.2.8/dist/extension.js:2:398362)
	at /home/andojas/.vscode/extensions/visualstudioexptteam.intellicode-api-usage-examples-0.2.8/dist/extension.js:2:393146
	at Immediate.<anonymous> (/home/andojas/.vscode/extensions/visualstudioexptteam.intellicode-api-usage-examples-0.2.8/dist/extension.js:2:393166)
	at process.processImmediate (node:internal/timers:478:21)
2024-07-14 23:23:52.435 [error] [VisualStudioExptTeam.intellicode-api-usage-examples] provider FAILED
2024-07-14 23:23:52.436 [error] Error: Unhandled method getIdAtPosition
	at /home/andojas/.vscode/extensions/visualstudioexptteam.intellicode-api-usage-examples-0.2.8/dist/extension.js:2:398068
	at re (/home/andojas/.vscode/extensions/visualstudioexptteam.intellicode-api-usage-examples-0.2.8/dist/extension.js:2:398362)
	at /home/andojas/.vscode/extensions/visualstudioexptteam.intellicode-api-usage-examples-0.2.8/dist/extension.js:2:393146
	at Immediate.<anonymous> (/home/andojas/.vscode/extensions/visualstudioexptteam.intellicode-api-usage-examples-0.2.8/dist/extension.js:2:393166)
	at process.processImmediate (node:internal/timers:478:21)
2024-07-14 23:23:53.076 [error] [VisualStudioExptTeam.intellicode-api-usage-examples] provider FAILED
2024-07-14 23:23:53.076 [error] Error: Unhandled method getIdAtPosition
	at /home/andojas/.vscode/extensions/visualstudioexptteam.intellicode-api-usage-examples-0.2.8/dist/extension.js:2:398068
	at re (/home/andojas/.vscode/extensions/visualstudioexptteam.intellicode-api-usage-examples-0.2.8/dist/extension.js:2:398362)
	at /home/andojas/.vscode/extensions/visualstudioexptteam.intellicode-api-usage-examples-0.2.8/dist/extension.js:2:393146
	at Immediate.<anonymous> (/home/andojas/.vscode/extensions/visualstudioexptteam.intellicode-api-usage-examples-0.2.8/dist/extension.js:2:393166)
	at process.processImmediate (node:internal/timers:478:21)
2024-07-14 23:23:54.364 [error] [VisualStudioExptTeam.intellicode-api-usage-examples] provider FAILED
2024-07-14 23:23:54.364 [error] Error: Unhandled method getIdAtPosition
	at /home/andojas/.vscode/extensions/visualstudioexptteam.intellicode-api-usage-examples-0.2.8/dist/extension.js:2:398068
	at re (/home/andojas/.vscode/extensions/visualstudioexptteam.intellicode-api-usage-examples-0.2.8/dist/extension.js:2:398362)
	at /home/andojas/.vscode/extensions/visualstudioexptteam.intellicode-api-usage-examples-0.2.8/dist/extension.js:2:393146
	at Immediate.<anonymous> (/home/andojas/.vscode/extensions/visualstudioexptteam.intellicode-api-usage-examples-0.2.8/dist/extension.js:2:393166)
	at process.processImmediate (node:internal/timers:478:21)
2024-07-14 23:23:54.367 [error] [VisualStudioExptTeam.intellicode-api-usage-examples] provider FAILED
2024-07-14 23:23:54.368 [error] Error: Unhandled method getIdAtPosition
	at /home/andojas/.vscode/extensions/visualstudioexptteam.intellicode-api-usage-examples-0.2.8/dist/extension.js:2:398068
	at re (/home/andojas/.vscode/extensions/visualstudioexptteam.intellicode-api-usage-examples-0.2.8/dist/extension.js:2:398362)
	at /home/andojas/.vscode/extensions/visualstudioexptteam.intellicode-api-usage-examples-0.2.8/dist/extension.js:2:393146
	at Immediate.<anonymous> (/home/andojas/.vscode/extensions/visualstudioexptteam.intellicode-api-usage-examples-0.2.8/dist/extension.js:2:393166)
	at process.processImmediate (node:internal/timers:478:21)
2024-07-14 23:23:54.368 [error] [VisualStudioExptTeam.intellicode-api-usage-examples] provider FAILED
2024-07-14 23:23:54.368 [error] Error: Unhandled method getIdAtPosition
	at /home/andojas/.vscode/extensions/visualstudioexptteam.intellicode-api-usage-examples-0.2.8/dist/extension.js:2:398068
	at re (/home/andojas/.vscode/extensions/visualstudioexptteam.intellicode-api-usage-examples-0.2.8/dist/extension.js:2:398362)
	at /home/andojas/.vscode/extensions/visualstudioexptteam.intellicode-api-usage-examples-0.2.8/dist/extension.js:2:393146
	at Immediate.<anonymous> (/home/andojas/.vscode/extensions/visualstudioexptteam.intellicode-api-usage-examples-0.2.8/dist/extension.js:2:393166)
	at process.processImmediate (node:internal/timers:478:21)
2024-07-14 23:23:54.371 [error] [VisualStudioExptTeam.intellicode-api-usage-examples] provider FAILED
2024-07-14 23:23:54.371 [error] Error: Unhandled method getIdAtPosition
	at /home/andojas/.vscode/extensions/visualstudioexptteam.intellicode-api-usage-examples-0.2.8/dist/extension.js:2:398068
	at re (/home/andojas/.vscode/extensions/visualstudioexptteam.intellicode-api-usage-examples-0.2.8/dist/extension.js:2:398362)
	at /home/andojas/.vscode/extensions/visualstudioexptteam.intellicode-api-usage-examples-0.2.8/dist/extension.js:2:393146
	at Immediate.<anonymous> (/home/andojas/.vscode/extensions/visualstudioexptteam.intellicode-api-usage-examples-0.2.8/dist/extension.js:2:393166)
	at process.processImmediate (node:internal/timers:478:21)
2024-07-14 23:23:54.562 [error] [VisualStudioExptTeam.intellicode-api-usage-examples] provider FAILED
2024-07-14 23:23:54.562 [error] Error: Unhandled method getIdAtPosition
	at /home/andojas/.vscode/extensions/visualstudioexptteam.intellicode-api-usage-examples-0.2.8/dist/extension.js:2:398068
	at re (/home/andojas/.vscode/extensions/visualstudioexptteam.intellicode-api-usage-examples-0.2.8/dist/extension.js:2:398362)
	at /home/andojas/.vscode/extensions/visualstudioexptteam.intellicode-api-usage-examples-0.2.8/dist/extension.js:2:393146
	at Immediate.<anonymous> (/home/andojas/.vscode/extensions/visualstudioexptteam.intellicode-api-usage-examples-0.2.8/dist/extension.js:2:393166)
	at process.processImmediate (node:internal/timers:478:21)
2024-07-14 23:24:15.521 [error] [VisualStudioExptTeam.intellicode-api-usage-examples] provider FAILED
2024-07-14 23:24:15.521 [error] Error: Unhandled method getIdAtPosition
	at /home/andojas/.vscode/extensions/visualstudioexptteam.intellicode-api-usage-examples-0.2.8/dist/extension.js:2:398068
	at re (/home/andojas/.vscode/extensions/visualstudioexptteam.intellicode-api-usage-examples-0.2.8/dist/extension.js:2:398362)
	at /home/andojas/.vscode/extensions/visualstudioexptteam.intellicode-api-usage-examples-0.2.8/dist/extension.js:2:393146
	at Immediate.<anonymous> (/home/andojas/.vscode/extensions/visualstudioexptteam.intellicode-api-usage-examples-0.2.8/dist/extension.js:2:393166)
	at process.processImmediate (node:internal/timers:478:21)
2024-07-14 23:24:29.185 [error] [VisualStudioExptTeam.intellicode-api-usage-examples] provider FAILED
2024-07-14 23:24:29.185 [error] Error: Unhandled method getIdAtPosition
	at /home/andojas/.vscode/extensions/visualstudioexptteam.intellicode-api-usage-examples-0.2.8/dist/extension.js:2:398068
	at re (/home/andojas/.vscode/extensions/visualstudioexptteam.intellicode-api-usage-examples-0.2.8/dist/extension.js:2:398362)
	at /home/andojas/.vscode/extensions/visualstudioexptteam.intellicode-api-usage-examples-0.2.8/dist/extension.js:2:393146
	at Immediate.<anonymous> (/home/andojas/.vscode/extensions/visualstudioexptteam.intellicode-api-usage-examples-0.2.8/dist/extension.js:2:393166)
	at process.processImmediate (node:internal/timers:478:21)
2024-07-14 23:24:29.686 [error] [VisualStudioExptTeam.intellicode-api-usage-examples] provider FAILED
2024-07-14 23:24:29.686 [error] Error: Unhandled method getIdAtPosition
	at /home/andojas/.vscode/extensions/visualstudioexptteam.intellicode-api-usage-examples-0.2.8/dist/extension.js:2:398068
	at re (/home/andojas/.vscode/extensions/visualstudioexptteam.intellicode-api-usage-examples-0.2.8/dist/extension.js:2:398362)
	at /home/andojas/.vscode/extensions/visualstudioexptteam.intellicode-api-usage-examples-0.2.8/dist/extension.js:2:393146
	at Immediate.<anonymous> (/home/andojas/.vscode/extensions/visualstudioexptteam.intellicode-api-usage-examples-0.2.8/dist/extension.js:2:393166)
	at process.processImmediate (node:internal/timers:478:21)
2024-07-14 23:24:30.562 [error] [VisualStudioExptTeam.intellicode-api-usage-examples] provider FAILED
2024-07-14 23:24:30.562 [error] Error: Unhandled method getIdAtPosition
	at /home/andojas/.vscode/extensions/visualstudioexptteam.intellicode-api-usage-examples-0.2.8/dist/extension.js:2:398068
	at re (/home/andojas/.vscode/extensions/visualstudioexptteam.intellicode-api-usage-examples-0.2.8/dist/extension.js:2:398362)
	at /home/andojas/.vscode/extensions/visualstudioexptteam.intellicode-api-usage-examples-0.2.8/dist/extension.js:2:393146
	at Immediate.<anonymous> (/home/andojas/.vscode/extensions/visualstudioexptteam.intellicode-api-usage-examples-0.2.8/dist/extension.js:2:393166)
	at process.processImmediate (node:internal/timers:478:21)
2024-07-14 23:25:33.587 [error] [VisualStudioExptTeam.intellicode-api-usage-examples] provider FAILED
2024-07-14 23:25:33.588 [error] Error: Unhandled method getIdAtPosition
	at /home/andojas/.vscode/extensions/visualstudioexptteam.intellicode-api-usage-examples-0.2.8/dist/extension.js:2:398068
	at re (/home/andojas/.vscode/extensions/visualstudioexptteam.intellicode-api-usage-examples-0.2.8/dist/extension.js:2:398362)
	at /home/andojas/.vscode/extensions/visualstudioexptteam.intellicode-api-usage-examples-0.2.8/dist/extension.js:2:393146
	at Immediate.<anonymous> (/home/andojas/.vscode/extensions/visualstudioexptteam.intellicode-api-usage-examples-0.2.8/dist/extension.js:2:393166)
	at process.processImmediate (node:internal/timers:478:21)
2024-07-14 23:25:40.166 [info] ExtensionService#_doActivateExtension vscode.css-language-features, startup: false, activationEvent: 'onLanguage:css'
2024-07-15 16:12:14.530 [info] Extension host terminating: renderer closed the MessagePort
2024-07-15 16:12:14.597 [error] Canceled: Canceled
	at new I (/usr/share/code/resources/app/out/vs/workbench/api/node/extensionHostProcess.js:144:34990)
	at S.U (/usr/share/code/resources/app/out/vs/workbench/api/node/extensionHostProcess.js:151:6023)
	at z.<computed>.F.charCodeAt.T.CharCode.DollarSign.z.<computed> (/usr/share/code/resources/app/out/vs/workbench/api/node/extensionHostProcess.js:151:3107)
	at f.g (/usr/share/code/resources/app/out/vs/workbench/api/node/extensionHostProcess.js:154:203861)
	at f.executeCommand (/usr/share/code/resources/app/out/vs/workbench/api/node/extensionHostProcess.js:154:203299)
	at A.registerCommand.description (/usr/share/code/resources/app/out/vs/workbench/api/node/extensionHostProcess.js:154:202623)
	at f.h (/usr/share/code/resources/app/out/vs/workbench/api/node/extensionHostProcess.js:154:204400)
	at f.g (/usr/share/code/resources/app/out/vs/workbench/api/node/extensionHostProcess.js:154:203392)
	at f.executeCommand (/usr/share/code/resources/app/out/vs/workbench/api/node/extensionHostProcess.js:154:203299)
	at Object.executeCommand (/usr/share/code/resources/app/out/vs/workbench/api/node/extensionHostProcess.js:164:23051)
	at n.O [as value] (/usr/share/code/resources/app/extensions/git/dist/main.js:2:949496)
	at r.B (/usr/share/code/resources/app/out/vs/workbench/api/node/extensionHostProcess.js:83:737)
	at r.C (/usr/share/code/resources/app/out/vs/workbench/api/node/extensionHostProcess.js:83:807)
	at r.fire (/usr/share/code/resources/app/out/vs/workbench/api/node/extensionHostProcess.js:83:1023)
	at Object.p [as dispose] (/usr/share/code/resources/app/extensions/git/dist/main.js:2:968700)
	at /usr/share/code/resources/app/extensions/git/dist/main.js:2:974738
	at Array.forEach (<anonymous>)
	at f.dispose (/usr/share/code/resources/app/extensions/git/dist/main.js:2:974724)
	at c.<anonymous> (/usr/share/code/resources/app/out/vs/workbench/api/node/extensionHostProcess.js:152:4048)
	at c.dispose (/usr/share/code/resources/app/out/vs/workbench/api/node/extensionHostProcess.js:152:4145)
	at c.<anonymous> (/usr/share/code/resources/app/extensions/git/dist/main.js:2:951753)
	at c.dispose (/usr/share/code/resources/app/out/vs/workbench/api/node/extensionHostProcess.js:152:4145)
	at d (/usr/share/code/resources/app/out/vs/workbench/api/node/extensionHostProcess.js:30:744)
	at m.eb (/usr/share/code/resources/app/out/vs/workbench/api/node/extensionHostProcess.js:160:10039)
	at /usr/share/code/resources/app/out/vs/workbench/api/node/extensionHostProcess.js:160:7915
	at Array.map (<anonymous>)
	at m.$ (/usr/share/code/resources/app/out/vs/workbench/api/node/extensionHostProcess.js:160:7902)
	at m.terminate (/usr/share/code/resources/app/out/vs/workbench/api/node/extensionHostProcess.js:160:8175)
	at d.terminate (/usr/share/code/resources/app/out/vs/workbench/api/node/extensionHostProcess.js:164:1513)
	at i (/usr/share/code/resources/app/out/vs/workbench/api/node/extensionHostProcess.js:177:10617)
	at MessagePortMain.<anonymous> (/usr/share/code/resources/app/out/vs/workbench/api/node/extensionHostProcess.js:177:6809)
	at MessagePortMain.emit (node:events:514:28)
	at MessagePortMain.emit (node:domain:488:12)
	at MessagePortMain._internalPort.emit (node:electron/js2c/utility_init:2:2285) setContext undefined
2024-07-15 16:12:14.598 [error] Canceled: Canceled
	at new I (/usr/share/code/resources/app/out/vs/workbench/api/node/extensionHostProcess.js:144:34990)
	at S.U (/usr/share/code/resources/app/out/vs/workbench/api/node/extensionHostProcess.js:151:6023)
	at z.<computed>.F.charCodeAt.T.CharCode.DollarSign.z.<computed> (/usr/share/code/resources/app/out/vs/workbench/api/node/extensionHostProcess.js:151:3107)
	at f.g (/usr/share/code/resources/app/out/vs/workbench/api/node/extensionHostProcess.js:154:203861)
	at f.executeCommand (/usr/share/code/resources/app/out/vs/workbench/api/node/extensionHostProcess.js:154:203299)
	at A.registerCommand.description (/usr/share/code/resources/app/out/vs/workbench/api/node/extensionHostProcess.js:154:202623)
	at f.h (/usr/share/code/resources/app/out/vs/workbench/api/node/extensionHostProcess.js:154:204400)
	at f.g (/usr/share/code/resources/app/out/vs/workbench/api/node/extensionHostProcess.js:154:203392)
	at f.executeCommand (/usr/share/code/resources/app/out/vs/workbench/api/node/extensionHostProcess.js:154:203299)
	at Object.executeCommand (/usr/share/code/resources/app/out/vs/workbench/api/node/extensionHostProcess.js:164:23051)
	at set hasGitHubRepositories (/usr/share/code/resources/app/extensions/github/dist/extension.js:2:322969)
	at /usr/share/code/resources/app/extensions/github/dist/extension.js:2:323928
	at n.value (/usr/share/code/resources/app/extensions/git/dist/main.js:2:1055238)
	at r.B (/usr/share/code/resources/app/out/vs/workbench/api/node/extensionHostProcess.js:83:737)
	at r.C (/usr/share/code/resources/app/out/vs/workbench/api/node/extensionHostProcess.js:83:807)
	at r.fire (/usr/share/code/resources/app/out/vs/workbench/api/node/extensionHostProcess.js:83:1023)
	at Object.p [as dispose] (/usr/share/code/resources/app/extensions/git/dist/main.js:2:968700)
	at /usr/share/code/resources/app/extensions/git/dist/main.js:2:974738
	at Array.forEach (<anonymous>)
	at f.dispose (/usr/share/code/resources/app/extensions/git/dist/main.js:2:974724)
	at c.<anonymous> (/usr/share/code/resources/app/out/vs/workbench/api/node/extensionHostProcess.js:152:4048)
	at c.dispose (/usr/share/code/resources/app/out/vs/workbench/api/node/extensionHostProcess.js:152:4145)
	at c.<anonymous> (/usr/share/code/resources/app/extensions/git/dist/main.js:2:951753)
	at c.dispose (/usr/share/code/resources/app/out/vs/workbench/api/node/extensionHostProcess.js:152:4145)
	at d (/usr/share/code/resources/app/out/vs/workbench/api/node/extensionHostProcess.js:30:744)
	at m.eb (/usr/share/code/resources/app/out/vs/workbench/api/node/extensionHostProcess.js:160:10039)
	at /usr/share/code/resources/app/out/vs/workbench/api/node/extensionHostProcess.js:160:7915
	at Array.map (<anonymous>)
	at m.$ (/usr/share/code/resources/app/out/vs/workbench/api/node/extensionHostProcess.js:160:7902)
	at m.terminate (/usr/share/code/resources/app/out/vs/workbench/api/node/extensionHostProcess.js:160:8175)
	at d.terminate (/usr/share/code/resources/app/out/vs/workbench/api/node/extensionHostProcess.js:164:1513)
	at i (/usr/share/code/resources/app/out/vs/workbench/api/node/extensionHostProcess.js:177:10617)
	at MessagePortMain.<anonymous> (/usr/share/code/resources/app/out/vs/workbench/api/node/extensionHostProcess.js:177:6809)
	at MessagePortMain.emit (node:events:514:28)
	at MessagePortMain.emit (node:domain:488:12)
	at MessagePortMain._internalPort.emit (node:electron/js2c/utility_init:2:2285) setContext undefined
2024-07-15 16:12:14.598 [error] Canceled: Canceled
	at new I (/usr/share/code/resources/app/out/vs/workbench/api/node/extensionHostProcess.js:144:34990)
	at S.U (/usr/share/code/resources/app/out/vs/workbench/api/node/extensionHostProcess.js:151:6023)
	at z.<computed>.F.charCodeAt.T.CharCode.DollarSign.z.<computed> (/usr/share/code/resources/app/out/vs/workbench/api/node/extensionHostProcess.js:151:3107)
	at f.g (/usr/share/code/resources/app/out/vs/workbench/api/node/extensionHostProcess.js:154:203861)
	at f.executeCommand (/usr/share/code/resources/app/out/vs/workbench/api/node/extensionHostProcess.js:154:203299)
	at A.registerCommand.description (/usr/share/code/resources/app/out/vs/workbench/api/node/extensionHostProcess.js:154:202623)
	at f.h (/usr/share/code/resources/app/out/vs/workbench/api/node/extensionHostProcess.js:154:204400)
	at f.g (/usr/share/code/resources/app/out/vs/workbench/api/node/extensionHostProcess.js:154:203392)
	at f.executeCommand (/usr/share/code/resources/app/out/vs/workbench/api/node/extensionHostProcess.js:154:203299)
	at Object.executeCommand (/usr/share/code/resources/app/out/vs/workbench/api/node/extensionHostProcess.js:164:23051)
	at Object.disposeLocalSubscriptions (/home/andojas/.vscode/extensions/platformio.platformio-ide-3.3.3-linux-x64/dist/extension.js:1:47245)
	at Object.deactivate (/home/andojas/.vscode/extensions/platformio.platformio-ide-3.3.3-linux-x64/dist/extension.js:1:47395)
	at Module.V (/home/andojas/.vscode/extensions/platformio.platformio-ide-3.3.3-linux-x64/dist/extension.js:1:47477)
	at m.eb (/usr/share/code/resources/app/out/vs/workbench/api/node/extensionHostProcess.js:160:9844)
	at /usr/share/code/resources/app/out/vs/workbench/api/node/extensionHostProcess.js:160:7915
	at Array.map (<anonymous>)
	at m.$ (/usr/share/code/resources/app/out/vs/workbench/api/node/extensionHostProcess.js:160:7902)
	at m.terminate (/usr/share/code/resources/app/out/vs/workbench/api/node/extensionHostProcess.js:160:8175)
	at d.terminate (/usr/share/code/resources/app/out/vs/workbench/api/node/extensionHostProcess.js:164:1513)
	at i (/usr/share/code/resources/app/out/vs/workbench/api/node/extensionHostProcess.js:177:10617)
	at MessagePortMain.<anonymous> (/usr/share/code/resources/app/out/vs/workbench/api/node/extensionHostProcess.js:177:6809)
	at MessagePortMain.emit (node:events:514:28)
	at MessagePortMain.emit (node:domain:488:12)
	at MessagePortMain._internalPort.emit (node:electron/js2c/utility_init:2:2285) setContext undefined
2024-07-15 16:12:14.599 [error] Canceled: Canceled
	at new I (/usr/share/code/resources/app/out/vs/workbench/api/node/extensionHostProcess.js:144:34990)
	at S.U (/usr/share/code/resources/app/out/vs/workbench/api/node/extensionHostProcess.js:151:6023)
	at z.<computed>.F.charCodeAt.T.CharCode.DollarSign.z.<computed> (/usr/share/code/resources/app/out/vs/workbench/api/node/extensionHostProcess.js:151:3107)
	at f.g (/usr/share/code/resources/app/out/vs/workbench/api/node/extensionHostProcess.js:154:203861)
	at f.executeCommand (/usr/share/code/resources/app/out/vs/workbench/api/node/extensionHostProcess.js:154:203299)
	at A.registerCommand.description (/usr/share/code/resources/app/out/vs/workbench/api/node/extensionHostProcess.js:154:202623)
	at f.h (/usr/share/code/resources/app/out/vs/workbench/api/node/extensionHostProcess.js:154:204400)
	at f.g (/usr/share/code/resources/app/out/vs/workbench/api/node/extensionHostProcess.js:154:203392)
	at f.executeCommand (/usr/share/code/resources/app/out/vs/workbench/api/node/extensionHostProcess.js:154:203299)
	at Object.executeCommand (/usr/share/code/resources/app/out/vs/workbench/api/node/extensionHostProcess.js:164:23051)
	at Object.disposeLocalSubscriptions (/home/andojas/.vscode/extensions/platformio.platformio-ide-3.3.3-linux-x64/dist/extension.js:1:47305)
	at Object.deactivate (/home/andojas/.vscode/extensions/platformio.platformio-ide-3.3.3-linux-x64/dist/extension.js:1:47395)
	at Module.V (/home/andojas/.vscode/extensions/platformio.platformio-ide-3.3.3-linux-x64/dist/extension.js:1:47477)
	at m.eb (/usr/share/code/resources/app/out/vs/workbench/api/node/extensionHostProcess.js:160:9844)
	at /usr/share/code/resources/app/out/vs/workbench/api/node/extensionHostProcess.js:160:7915
	at Array.map (<anonymous>)
	at m.$ (/usr/share/code/resources/app/out/vs/workbench/api/node/extensionHostProcess.js:160:7902)
	at m.terminate (/usr/share/code/resources/app/out/vs/workbench/api/node/extensionHostProcess.js:160:8175)
	at d.terminate (/usr/share/code/resources/app/out/vs/workbench/api/node/extensionHostProcess.js:164:1513)
	at i (/usr/share/code/resources/app/out/vs/workbench/api/node/extensionHostProcess.js:177:10617)
	at MessagePortMain.<anonymous> (/usr/share/code/resources/app/out/vs/workbench/api/node/extensionHostProcess.js:177:6809)
	at MessagePortMain.emit (node:events:514:28)
	at MessagePortMain.emit (node:domain:488:12)
	at MessagePortMain._internalPort.emit (node:electron/js2c/utility_init:2:2285) setContext undefined
2024-07-15 16:12:14.641 [info] Extension host with pid 19678 exiting with code 0
