2024-07-28 20:16:40.535 [info] Log level: Info
2024-07-28 20:16:40.535 [info] Validating found git in: "git"
2024-07-28 20:16:40.535 [info] Using git "2.45.2" from "git"
2024-07-28 20:16:40.535 [info] > git rev-parse --show-toplevel [7ms]
2024-07-28 20:16:40.535 [info] > git rev-parse --git-dir --git-common-dir [4ms]
2024-07-28 20:16:40.535 [info] Open repository: /home/andojas/Documents/dahu
2024-07-28 20:16:40.535 [info] > git rev-parse --show-toplevel [18ms]
2024-07-28 20:16:40.535 [info] > git config --get commit.template [22ms]
2024-07-28 20:16:40.547 [info] > git for-each-ref --format=%(refname)%00%(upstream:short)%00%(objectname)%00%(upstream:track)%00%(upstream:remotename)%00%(upstream:remoteref) refs/heads/develop refs/remotes/develop [2ms]
2024-07-28 20:16:40.555 [info] > git rev-parse --show-toplevel [2ms]
2024-07-28 20:16:40.563 [info] > git rev-parse --show-toplevel [5ms]
2024-07-28 20:16:40.566 [info] > git status -z -uall [5ms]
2024-07-28 20:16:40.580 [info] > git for-each-ref --format=%(refname)%00%(upstream:short)%00%(objectname)%00%(upstream:track)%00%(upstream:remotename)%00%(upstream:remoteref) refs/heads/develop refs/remotes/develop [10ms]
2024-07-28 20:16:40.584 [info] > git rev-parse --show-toplevel [18ms]
2024-07-28 20:16:40.589 [info] > git config --local branch.develop.vscode-merge-base [5ms]
2024-07-28 20:16:40.592 [info] > git config --get commit.template [15ms]
2024-07-28 20:16:40.594 [info] > git for-each-ref --format=%(refname)%00%(upstream:short)%00%(objectname)%00%(upstream:track)%00%(upstream:remotename)%00%(upstream:remoteref) refs/heads/origin/main refs/remotes/origin/main [2ms]
2024-07-28 20:16:40.599 [info] > git rev-parse --show-toplevel [10ms]
2024-07-28 20:16:40.612 [info] > git rev-parse --show-toplevel [7ms]
2024-07-28 20:16:40.613 [info] > git for-each-ref --format=%(refname)%00%(upstream:short)%00%(objectname)%00%(upstream:track)%00%(upstream:remotename)%00%(upstream:remoteref) refs/heads/develop refs/remotes/develop [11ms]
2024-07-28 20:16:40.613 [info] > git merge-base refs/heads/develop refs/remotes/origin/develop [14ms]
2024-07-28 20:16:40.624 [info] > git rev-parse --show-toplevel [5ms]
2024-07-28 20:16:40.624 [info] > git rev-list --count --left-right refs/heads/develop...refs/remotes/origin/develop [8ms]
2024-07-28 20:16:40.635 [info] > git rev-parse --show-toplevel [4ms]
2024-07-28 20:16:40.635 [info] > git diff --name-status -z --diff-filter=ADMR 78174add9c4b41349ea27c33135d2575a6ed3722...refs/remotes/origin/develop [7ms]
2024-07-28 20:16:40.645 [info] > git status -z -uall [11ms]
2024-07-28 20:16:40.654 [info] > git for-each-ref --format=%(refname)%00%(upstream:short)%00%(objectname)%00%(upstream:track)%00%(upstream:remotename)%00%(upstream:remoteref) refs/heads/develop refs/remotes/develop [5ms]
2024-07-28 20:16:40.657 [info] > git rev-parse --show-toplevel [18ms]
2024-07-28 20:16:40.659 [info] > git config --local branch.develop.vscode-merge-base [2ms]
2024-07-28 20:16:40.664 [info] > git for-each-ref --format=%(refname)%00%(upstream:short)%00%(objectname)%00%(upstream:track)%00%(upstream:remotename)%00%(upstream:remoteref) refs/heads/origin/main refs/remotes/origin/main [2ms]
2024-07-28 20:16:40.806 [info] > git show --textconv :src/app/app.component.html [6ms]
2024-07-28 20:16:40.807 [info] > git ls-files --stage -- /home/andojas/Documents/dahu/src/app/app.component.html [1ms]
2024-07-28 20:16:40.813 [info] > git cat-file -s cbbf97f7dfa8482eccd693c3bbfea4b43dbcbfaf [1ms]
2024-07-28 20:16:41.026 [info] > git check-ignore -v -z --stdin [1ms]
2024-07-28 20:16:41.121 [info] > git fetch [628ms]
2024-07-28 20:16:41.129 [info] > git config --get commit.template [4ms]
2024-07-28 20:16:41.130 [info] > git for-each-ref --format=%(refname)%00%(upstream:short)%00%(objectname)%00%(upstream:track)%00%(upstream:remotename)%00%(upstream:remoteref) refs/heads/develop refs/remotes/develop [1ms]
2024-07-28 20:16:41.137 [info] > git status -z -uall [3ms]
2024-07-28 20:16:41.146 [info] > git for-each-ref --format=%(refname)%00%(upstream:short)%00%(objectname)%00%(upstream:track)%00%(upstream:remotename)%00%(upstream:remoteref) refs/heads/develop refs/remotes/develop [3ms]
2024-07-28 20:16:41.152 [info] > git config --local branch.develop.vscode-merge-base [1ms]
2024-07-28 20:16:41.157 [info] > git for-each-ref --format=%(refname)%00%(upstream:short)%00%(objectname)%00%(upstream:track)%00%(upstream:remotename)%00%(upstream:remoteref) refs/heads/origin/main refs/remotes/origin/main [1ms]
2024-07-28 20:16:42.510 [info] > git config --get commit.template [3ms]
2024-07-28 20:16:42.511 [info] > git for-each-ref --format=%(refname)%00%(upstream:short)%00%(objectname)%00%(upstream:track)%00%(upstream:remotename)%00%(upstream:remoteref) refs/heads/develop refs/remotes/develop [1ms]
2024-07-28 20:16:42.516 [info] > git status -z -uall [2ms]
2024-07-28 20:16:42.520 [info] > git for-each-ref --format=%(refname)%00%(upstream:short)%00%(objectname)%00%(upstream:track)%00%(upstream:remotename)%00%(upstream:remoteref) refs/heads/develop refs/remotes/develop [1ms]
2024-07-28 20:16:42.524 [info] > git config --local branch.develop.vscode-merge-base [1ms]
2024-07-28 20:16:42.528 [info] > git for-each-ref --format=%(refname)%00%(upstream:short)%00%(objectname)%00%(upstream:track)%00%(upstream:remotename)%00%(upstream:remoteref) refs/heads/origin/main refs/remotes/origin/main [1ms]
2024-07-28 20:16:42.609 [info] > git ls-files --stage -- /home/andojas/Documents/dahu/src/app/app.component.html [1ms]
2024-07-28 20:16:42.612 [info] > git cat-file -s cbbf97f7dfa8482eccd693c3bbfea4b43dbcbfaf [1ms]
2024-07-28 20:16:42.618 [info] > git show --textconv :src/app/app.component.html [1ms]
2024-07-28 20:17:43.533 [info] > git config --get commit.template [13ms]
2024-07-28 20:17:43.534 [info] > git for-each-ref --format=%(refname)%00%(upstream:short)%00%(objectname)%00%(upstream:track)%00%(upstream:remotename)%00%(upstream:remoteref) refs/heads/develop refs/remotes/develop [2ms]
2024-07-28 20:17:43.549 [info] > git status -z -uall [4ms]
2024-07-28 20:17:43.565 [info] > git for-each-ref --format=%(refname)%00%(upstream:short)%00%(objectname)%00%(upstream:track)%00%(upstream:remotename)%00%(upstream:remoteref) refs/heads/develop refs/remotes/develop [3ms]
2024-07-28 20:17:43.578 [info] > git config --local branch.develop.vscode-merge-base [2ms]
2024-07-28 20:17:43.589 [info] > git for-each-ref --format=%(refname)%00%(upstream:short)%00%(objectname)%00%(upstream:track)%00%(upstream:remotename)%00%(upstream:remoteref) refs/heads/origin/main refs/remotes/origin/main [3ms]
2024-07-28 20:22:06.072 [info] > git fetch [642ms]
2024-07-28 20:22:06.083 [info] > git config --get commit.template [2ms]
2024-07-28 20:22:06.093 [info] > git for-each-ref --format=%(refname)%00%(upstream:short)%00%(objectname)%00%(upstream:track)%00%(upstream:remotename)%00%(upstream:remoteref) refs/heads/develop refs/remotes/develop [2ms]
2024-07-28 20:22:06.106 [info] > git status -z -uall [4ms]
2024-07-28 20:22:06.117 [info] > git for-each-ref --format=%(refname)%00%(upstream:short)%00%(objectname)%00%(upstream:track)%00%(upstream:remotename)%00%(upstream:remoteref) refs/heads/develop refs/remotes/develop [2ms]
2024-07-28 20:22:06.128 [info] > git config --local branch.develop.vscode-merge-base [2ms]
2024-07-28 20:22:06.138 [info] > git for-each-ref --format=%(refname)%00%(upstream:short)%00%(objectname)%00%(upstream:track)%00%(upstream:remotename)%00%(upstream:remoteref) refs/heads/origin/main refs/remotes/origin/main [2ms]
2024-07-28 20:22:07.167 [info] > git config --get commit.template [11ms]
2024-07-28 20:22:07.169 [info] > git for-each-ref --format=%(refname)%00%(upstream:short)%00%(objectname)%00%(upstream:track)%00%(upstream:remotename)%00%(upstream:remoteref) refs/heads/develop refs/remotes/develop [2ms]
2024-07-28 20:22:07.183 [info] > git status -z -uall [4ms]
2024-07-28 20:22:07.197 [info] > git for-each-ref --format=%(refname)%00%(upstream:short)%00%(objectname)%00%(upstream:track)%00%(upstream:remotename)%00%(upstream:remoteref) refs/heads/develop refs/remotes/develop [3ms]
2024-07-28 20:22:07.208 [info] > git config --local branch.develop.vscode-merge-base [2ms]
2024-07-28 20:22:07.220 [info] > git for-each-ref --format=%(refname)%00%(upstream:short)%00%(objectname)%00%(upstream:track)%00%(upstream:remotename)%00%(upstream:remoteref) refs/heads/origin/main refs/remotes/origin/main [3ms]
2024-07-28 20:22:07.259 [info] > git ls-files --stage -- /home/andojas/Documents/dahu/src/app/app.component.html [2ms]
2024-07-28 20:22:07.272 [info] > git cat-file -s cbbf97f7dfa8482eccd693c3bbfea4b43dbcbfaf [2ms]
2024-07-28 20:22:07.286 [info] > git show --textconv :src/app/app.component.html [3ms]
2024-07-28 20:22:09.845 [info] > git show --textconv :src/app/app.component.css [10ms]
2024-07-28 20:22:09.845 [info] > git ls-files --stage -- /home/andojas/Documents/dahu/src/app/app.component.css [1ms]
2024-07-28 20:22:09.857 [info] > git cat-file -s 5cb73dd17cfb3dc4fd2c5c04111d7f8038b6cbef [2ms]
2024-07-28 20:22:49.658 [info] > git config --get commit.template [12ms]
2024-07-28 20:22:49.660 [info] > git for-each-ref --format=%(refname)%00%(upstream:short)%00%(objectname)%00%(upstream:track)%00%(upstream:remotename)%00%(upstream:remoteref) refs/heads/develop refs/remotes/develop [2ms]
2024-07-28 20:22:49.674 [info] > git status -z -uall [4ms]
2024-07-28 20:22:49.689 [info] > git for-each-ref --format=%(refname)%00%(upstream:short)%00%(objectname)%00%(upstream:track)%00%(upstream:remotename)%00%(upstream:remoteref) refs/heads/develop refs/remotes/develop [2ms]
2024-07-28 20:22:49.702 [info] > git config --local branch.develop.vscode-merge-base [2ms]
2024-07-28 20:22:49.714 [info] > git for-each-ref --format=%(refname)%00%(upstream:short)%00%(objectname)%00%(upstream:track)%00%(upstream:remotename)%00%(upstream:remoteref) refs/heads/origin/main refs/remotes/origin/main [2ms]
2024-07-28 20:22:55.776 [info] > git config --get commit.template [8ms]
2024-07-28 20:22:55.778 [info] > git for-each-ref --format=%(refname)%00%(upstream:short)%00%(objectname)%00%(upstream:track)%00%(upstream:remotename)%00%(upstream:remoteref) refs/heads/develop refs/remotes/develop [3ms]
2024-07-28 20:22:55.791 [info] > git status -z -uall [5ms]
2024-07-28 20:22:55.804 [info] > git for-each-ref --format=%(refname)%00%(upstream:short)%00%(objectname)%00%(upstream:track)%00%(upstream:remotename)%00%(upstream:remoteref) refs/heads/develop refs/remotes/develop [3ms]
2024-07-28 20:22:55.815 [info] > git config --local branch.develop.vscode-merge-base [2ms]
2024-07-28 20:22:55.826 [info] > git for-each-ref --format=%(refname)%00%(upstream:short)%00%(objectname)%00%(upstream:track)%00%(upstream:remotename)%00%(upstream:remoteref) refs/heads/origin/main refs/remotes/origin/main [2ms]
2024-07-28 20:23:09.132 [info] > git config --get commit.template [6ms]
2024-07-28 20:23:09.132 [info] > git for-each-ref --format=%(refname)%00%(upstream:short)%00%(objectname)%00%(upstream:track)%00%(upstream:remotename)%00%(upstream:remoteref) refs/heads/develop refs/remotes/develop [1ms]
2024-07-28 20:23:09.141 [info] > git status -z -uall [2ms]
2024-07-28 20:23:09.150 [info] > git for-each-ref --format=%(refname)%00%(upstream:short)%00%(objectname)%00%(upstream:track)%00%(upstream:remotename)%00%(upstream:remoteref) refs/heads/develop refs/remotes/develop [2ms]
2024-07-28 20:23:09.156 [info] > git config --local branch.develop.vscode-merge-base [1ms]
2024-07-28 20:23:09.163 [info] > git for-each-ref --format=%(refname)%00%(upstream:short)%00%(objectname)%00%(upstream:track)%00%(upstream:remotename)%00%(upstream:remoteref) refs/heads/origin/main refs/remotes/origin/main [1ms]
2024-07-28 20:23:14.162 [info] > git config --get commit.template [6ms]
2024-07-28 20:23:14.163 [info] > git for-each-ref --format=%(refname)%00%(upstream:short)%00%(objectname)%00%(upstream:track)%00%(upstream:remotename)%00%(upstream:remoteref) refs/heads/develop refs/remotes/develop [2ms]
2024-07-28 20:23:14.170 [info] > git status -z -uall [2ms]
2024-07-28 20:23:14.177 [info] > git for-each-ref --format=%(refname)%00%(upstream:short)%00%(objectname)%00%(upstream:track)%00%(upstream:remotename)%00%(upstream:remoteref) refs/heads/develop refs/remotes/develop [1ms]
2024-07-28 20:23:14.183 [info] > git config --local branch.develop.vscode-merge-base [1ms]
2024-07-28 20:23:14.190 [info] > git for-each-ref --format=%(refname)%00%(upstream:short)%00%(objectname)%00%(upstream:track)%00%(upstream:remotename)%00%(upstream:remoteref) refs/heads/origin/main refs/remotes/origin/main [1ms]
2024-07-28 20:23:59.466 [info] > git config --get commit.template [11ms]
2024-07-28 20:23:59.467 [info] > git for-each-ref --format=%(refname)%00%(upstream:short)%00%(objectname)%00%(upstream:track)%00%(upstream:remotename)%00%(upstream:remoteref) refs/heads/develop refs/remotes/develop [2ms]
2024-07-28 20:23:59.482 [info] > git status -z -uall [4ms]
2024-07-28 20:23:59.497 [info] > git for-each-ref --format=%(refname)%00%(upstream:short)%00%(objectname)%00%(upstream:track)%00%(upstream:remotename)%00%(upstream:remoteref) refs/heads/develop refs/remotes/develop [3ms]
2024-07-28 20:23:59.508 [info] > git config --local branch.develop.vscode-merge-base [2ms]
2024-07-28 20:23:59.520 [info] > git for-each-ref --format=%(refname)%00%(upstream:short)%00%(objectname)%00%(upstream:track)%00%(upstream:remotename)%00%(upstream:remoteref) refs/heads/origin/main refs/remotes/origin/main [3ms]
2024-07-28 20:24:26.383 [info] > git show --textconv :src/app/library/library.component.css [12ms]
2024-07-28 20:24:26.384 [info] > git ls-files --stage -- /home/andojas/Documents/dahu/src/app/library/library.component.css [2ms]
2024-07-28 20:24:26.397 [info] > git cat-file -s cd47792970745303c38b95c42e8343a9f4067bec [3ms]
2024-07-28 20:24:26.622 [info] > git check-ignore -v -z --stdin [2ms]
2024-07-28 20:24:57.781 [info] > git show --textconv :src/app/app.component.css [10ms]
2024-07-28 20:24:57.782 [info] > git ls-files --stage -- /home/andojas/Documents/dahu/src/app/app.component.css [2ms]
2024-07-28 20:24:57.792 [info] > git cat-file -s 5cb73dd17cfb3dc4fd2c5c04111d7f8038b6cbef [2ms]
2024-07-28 20:25:06.797 [info] > git fetch [668ms]
2024-07-28 20:25:06.822 [info] > git config --get commit.template [12ms]
2024-07-28 20:25:06.824 [info] > git for-each-ref --format=%(refname)%00%(upstream:short)%00%(objectname)%00%(upstream:track)%00%(upstream:remotename)%00%(upstream:remoteref) refs/heads/develop refs/remotes/develop [2ms]
2024-07-28 20:25:06.839 [info] > git status -z -uall [5ms]
2024-07-28 20:25:06.854 [info] > git for-each-ref --format=%(refname)%00%(upstream:short)%00%(objectname)%00%(upstream:track)%00%(upstream:remotename)%00%(upstream:remoteref) refs/heads/develop refs/remotes/develop [4ms]
2024-07-28 20:25:06.867 [info] > git config --local branch.develop.vscode-merge-base [3ms]
2024-07-28 20:25:06.881 [info] > git for-each-ref --format=%(refname)%00%(upstream:short)%00%(objectname)%00%(upstream:track)%00%(upstream:remotename)%00%(upstream:remoteref) refs/heads/origin/main refs/remotes/origin/main [3ms]
2024-07-28 20:25:07.890 [info] > git config --get commit.template [11ms]
2024-07-28 20:25:07.891 [info] > git for-each-ref --format=%(refname)%00%(upstream:short)%00%(objectname)%00%(upstream:track)%00%(upstream:remotename)%00%(upstream:remoteref) refs/heads/develop refs/remotes/develop [2ms]
2024-07-28 20:25:07.904 [info] > git status -z -uall [4ms]
2024-07-28 20:25:07.916 [info] > git for-each-ref --format=%(refname)%00%(upstream:short)%00%(objectname)%00%(upstream:track)%00%(upstream:remotename)%00%(upstream:remoteref) refs/heads/develop refs/remotes/develop [3ms]
2024-07-28 20:25:07.926 [info] > git config --local branch.develop.vscode-merge-base [1ms]
2024-07-28 20:25:07.937 [info] > git for-each-ref --format=%(refname)%00%(upstream:short)%00%(objectname)%00%(upstream:track)%00%(upstream:remotename)%00%(upstream:remoteref) refs/heads/origin/main refs/remotes/origin/main [2ms]
2024-07-28 20:25:07.982 [info] > git ls-files --stage -- /home/andojas/Documents/dahu/src/app/app.component.css [2ms]
2024-07-28 20:25:07.992 [info] > git cat-file -s 5cb73dd17cfb3dc4fd2c5c04111d7f8038b6cbef [2ms]
2024-07-28 20:25:08.004 [info] > git show --textconv :src/app/app.component.css [2ms]
2024-07-28 20:26:05.965 [info] > git show --textconv :src/app/library/library.component.css [11ms]
2024-07-28 20:26:05.966 [info] > git ls-files --stage -- /home/andojas/Documents/dahu/src/app/library/library.component.css [2ms]
2024-07-28 20:26:05.977 [info] > git cat-file -s cd47792970745303c38b95c42e8343a9f4067bec [3ms]
2024-07-28 20:27:28.483 [info] > git show --textconv :src/app/app.component.css [9ms]
2024-07-28 20:27:28.484 [info] > git ls-files --stage -- /home/andojas/Documents/dahu/src/app/app.component.css [1ms]
2024-07-28 20:27:28.493 [info] > git cat-file -s 5cb73dd17cfb3dc4fd2c5c04111d7f8038b6cbef [2ms]
2024-07-28 20:28:07.527 [info] > git fetch [663ms]
2024-07-28 20:28:07.547 [info] > git config --get commit.template [10ms]
2024-07-28 20:28:07.549 [info] > git for-each-ref --format=%(refname)%00%(upstream:short)%00%(objectname)%00%(upstream:track)%00%(upstream:remotename)%00%(upstream:remoteref) refs/heads/develop refs/remotes/develop [3ms]
2024-07-28 20:28:07.563 [info] > git status -z -uall [5ms]
2024-07-28 20:28:07.579 [info] > git for-each-ref --format=%(refname)%00%(upstream:short)%00%(objectname)%00%(upstream:track)%00%(upstream:remotename)%00%(upstream:remoteref) refs/heads/develop refs/remotes/develop [2ms]
2024-07-28 20:28:07.591 [info] > git config --local branch.develop.vscode-merge-base [2ms]
2024-07-28 20:28:07.605 [info] > git for-each-ref --format=%(refname)%00%(upstream:short)%00%(objectname)%00%(upstream:track)%00%(upstream:remotename)%00%(upstream:remoteref) refs/heads/origin/main refs/remotes/origin/main [3ms]
2024-07-28 20:28:08.623 [info] > git config --get commit.template [9ms]
2024-07-28 20:28:08.624 [info] > git for-each-ref --format=%(refname)%00%(upstream:short)%00%(objectname)%00%(upstream:track)%00%(upstream:remotename)%00%(upstream:remoteref) refs/heads/develop refs/remotes/develop [2ms]
2024-07-28 20:28:08.637 [info] > git status -z -uall [4ms]
2024-07-28 20:28:08.651 [info] > git for-each-ref --format=%(refname)%00%(upstream:short)%00%(objectname)%00%(upstream:track)%00%(upstream:remotename)%00%(upstream:remoteref) refs/heads/develop refs/remotes/develop [3ms]
2024-07-28 20:28:08.661 [info] > git config --local branch.develop.vscode-merge-base [1ms]
2024-07-28 20:28:08.674 [info] > git for-each-ref --format=%(refname)%00%(upstream:short)%00%(objectname)%00%(upstream:track)%00%(upstream:remotename)%00%(upstream:remoteref) refs/heads/origin/main refs/remotes/origin/main [3ms]
2024-07-28 20:28:08.717 [info] > git ls-files --stage -- /home/andojas/Documents/dahu/src/app/app.component.css [2ms]
2024-07-28 20:28:08.728 [info] > git cat-file -s 5cb73dd17cfb3dc4fd2c5c04111d7f8038b6cbef [2ms]
2024-07-28 20:28:08.743 [info] > git show --textconv :src/app/app.component.css [3ms]
2024-07-28 20:28:18.328 [info] > git config --get commit.template [6ms]
2024-07-28 20:28:18.329 [info] > git for-each-ref --format=%(refname)%00%(upstream:short)%00%(objectname)%00%(upstream:track)%00%(upstream:remotename)%00%(upstream:remoteref) refs/heads/develop refs/remotes/develop [2ms]
2024-07-28 20:28:18.337 [info] > git status -z -uall [2ms]
2024-07-28 20:28:18.343 [info] > git for-each-ref --format=%(refname)%00%(upstream:short)%00%(objectname)%00%(upstream:track)%00%(upstream:remotename)%00%(upstream:remoteref) refs/heads/develop refs/remotes/develop [1ms]
2024-07-28 20:28:18.351 [info] > git config --local branch.develop.vscode-merge-base [1ms]
2024-07-28 20:28:18.357 [info] > git for-each-ref --format=%(refname)%00%(upstream:short)%00%(objectname)%00%(upstream:track)%00%(upstream:remotename)%00%(upstream:remoteref) refs/heads/origin/main refs/remotes/origin/main [1ms]
2024-07-28 20:28:35.676 [info] > git config --get commit.template [6ms]
2024-07-28 20:28:35.676 [info] > git for-each-ref --format=%(refname)%00%(upstream:short)%00%(objectname)%00%(upstream:track)%00%(upstream:remotename)%00%(upstream:remoteref) refs/heads/develop refs/remotes/develop [1ms]
2024-07-28 20:28:35.683 [info] > git status -z -uall [2ms]
2024-07-28 20:28:35.691 [info] > git for-each-ref --format=%(refname)%00%(upstream:short)%00%(objectname)%00%(upstream:track)%00%(upstream:remotename)%00%(upstream:remoteref) refs/heads/develop refs/remotes/develop [2ms]
2024-07-28 20:28:35.698 [info] > git config --local branch.develop.vscode-merge-base [1ms]
2024-07-28 20:28:35.705 [info] > git for-each-ref --format=%(refname)%00%(upstream:short)%00%(objectname)%00%(upstream:track)%00%(upstream:remotename)%00%(upstream:remoteref) refs/heads/origin/main refs/remotes/origin/main [1ms]
2024-07-28 20:28:40.697 [info] > git config --get commit.template [1ms]
2024-07-28 20:28:40.703 [info] > git for-each-ref --format=%(refname)%00%(upstream:short)%00%(objectname)%00%(upstream:track)%00%(upstream:remotename)%00%(upstream:remoteref) refs/heads/develop refs/remotes/develop [1ms]
2024-07-28 20:28:40.711 [info] > git status -z -uall [2ms]
2024-07-28 20:28:40.718 [info] > git for-each-ref --format=%(refname)%00%(upstream:short)%00%(objectname)%00%(upstream:track)%00%(upstream:remotename)%00%(upstream:remoteref) refs/heads/develop refs/remotes/develop [1ms]
2024-07-28 20:28:40.724 [info] > git config --local branch.develop.vscode-merge-base [1ms]
2024-07-28 20:28:40.730 [info] > git for-each-ref --format=%(refname)%00%(upstream:short)%00%(objectname)%00%(upstream:track)%00%(upstream:remotename)%00%(upstream:remoteref) refs/heads/origin/main refs/remotes/origin/main [1ms]
2024-07-28 20:29:12.173 [info] > git config --get commit.template [12ms]
2024-07-28 20:29:12.174 [info] > git for-each-ref --format=%(refname)%00%(upstream:short)%00%(objectname)%00%(upstream:track)%00%(upstream:remotename)%00%(upstream:remoteref) refs/heads/develop refs/remotes/develop [3ms]
2024-07-28 20:29:12.189 [info] > git status -z -uall [5ms]
2024-07-28 20:29:12.203 [info] > git for-each-ref --format=%(refname)%00%(upstream:short)%00%(objectname)%00%(upstream:track)%00%(upstream:remotename)%00%(upstream:remoteref) refs/heads/develop refs/remotes/develop [3ms]
2024-07-28 20:29:12.216 [info] > git config --local branch.develop.vscode-merge-base [2ms]
2024-07-28 20:29:12.229 [info] > git for-each-ref --format=%(refname)%00%(upstream:short)%00%(objectname)%00%(upstream:track)%00%(upstream:remotename)%00%(upstream:remoteref) refs/heads/origin/main refs/remotes/origin/main [3ms]
2024-07-28 20:29:16.612 [info] > git show --textconv :src/app/library/library.component.css [11ms]
2024-07-28 20:29:16.613 [info] > git ls-files --stage -- /home/andojas/Documents/dahu/src/app/library/library.component.css [2ms]
2024-07-28 20:29:16.625 [info] > git cat-file -s cd47792970745303c38b95c42e8343a9f4067bec [2ms]
