2024-07-28 19:52:42.951 [info] Added views:workbench.panel.markers.view in workbench.panel.markers
2024-07-28 19:52:42.951 [info] Added views:workbench.panel.output in workbench.panel.output
2024-07-28 19:52:42.951 [info] Added views:terminal in terminal
2024-07-28 19:52:42.951 [info] Added views:outline in workbench.view.explorer
2024-07-28 19:52:42.951 [info] Added views:workbench.scm in workbench.view.scm
2024-07-28 19:52:42.951 [info] Added views:workbench.view.search in workbench.view.search
2024-07-28 19:52:42.951 [info] Added views:timeline in workbench.view.explorer
2024-07-28 19:52:42.951 [info] Added views:workbench.explorer.fileView in workbench.view.explorer
2024-07-28 19:52:43.171 [info] Added views:workbench.debug.variablesView,workbench.debug.watchExpressionsView,workbench.debug.callStackView,workbench.debug.breakPointsView in workbench.view.debug
2024-07-28 19:52:43.529 [info] Added views:platformio-ide.quickAccess in workbench.view.extension.platformio
2024-07-28 19:52:43.530 [info] Added views:platformio-debug.peripherals,platformio-debug.registers,platformio-debug.memory,platformio-debug.disassembly in workbench.view.debug
2024-07-28 19:52:43.604 [info] Added views:workbench.panel.repl.view in workbench.panel.repl
2024-07-28 19:52:43.840 [info] Added views:~remote.forwardedPorts in ~remote.forwardedPortsContainer
2024-07-28 19:52:44.030 [info] Added views:workbench.view.testing in workbench.view.extension.test
2024-07-28 19:58:50.858 [info] Added views:javaProjectExplorer in workbench.view.explorer
2024-07-28 19:58:53.186 [info] Added views:platformio-ide.projectTasks in workbench.view.extension.platformio
2024-07-28 19:58:55.995 [info] Added views:workbench.debug.loadedScriptsView in workbench.view.debug
2024-07-28 19:58:57.519 [info] Added views:jsBrowserBreakpoints in workbench.view.debug
2024-07-28 19:58:58.363 [info] Removed views:workbench.debug.loadedScriptsView from workbench.view.debug
2024-07-28 19:59:01.924 [info] Removed views:jsBrowserBreakpoints from workbench.view.debug
2024-07-28 19:59:01.944 [info] Added views:workbench.debug.loadedScriptsView in workbench.view.debug
