2024-08-20 15:01:42.010 [info] Log level: Info
2024-08-20 15:01:42.010 [info] Validating found git in: "git"
2024-08-20 15:01:42.010 [info] Using git "2.45.2" from "git"
2024-08-20 15:01:42.010 [info] > git rev-parse --show-toplevel [1ms]
2024-08-20 15:01:42.010 [info] > git rev-parse --git-dir --git-common-dir [12ms]
2024-08-20 15:01:42.010 [info] Open repository: /home/andojas/Documents/dahu
2024-08-20 15:01:42.010 [info] > git rev-parse --show-toplevel [2ms]
2024-08-20 15:01:42.010 [info] > git config --get commit.template [5ms]
2024-08-20 15:01:42.010 [info] > git rev-parse --show-toplevel [5ms]
2024-08-20 15:01:42.014 [info] > git for-each-ref --format=%(refname)%00%(upstream:short)%00%(objectname)%00%(upstream:track)%00%(upstream:remotename)%00%(upstream:remoteref) refs/heads/develop refs/remotes/develop [6ms]
2024-08-20 15:01:42.015 [info] > git rev-parse --show-toplevel [1ms]
2024-08-20 15:01:42.025 [info] > git rev-parse --show-toplevel [6ms]
2024-08-20 15:01:42.029 [info] > git status -z -uall [6ms]
2024-08-20 15:01:42.041 [info] > git for-each-ref --format=%(refname)%00%(upstream:short)%00%(objectname)%00%(upstream:track)%00%(upstream:remotename)%00%(upstream:remoteref) refs/heads/develop refs/remotes/develop [6ms]
2024-08-20 15:01:42.046 [info] > git rev-parse --show-toplevel [18ms]
2024-08-20 15:01:42.051 [info] > git config --get commit.template [11ms]
2024-08-20 15:01:42.051 [info] > git config --local branch.develop.vscode-merge-base [6ms]
2024-08-20 15:01:42.059 [info] > git rev-parse --show-toplevel [9ms]
2024-08-20 15:01:42.063 [info] > git for-each-ref --format=%(refname)%00%(upstream:short)%00%(objectname)%00%(upstream:track)%00%(upstream:remotename)%00%(upstream:remoteref) refs/heads/origin/main refs/remotes/origin/main [6ms]
2024-08-20 15:01:42.087 [info] > git merge-base refs/heads/develop refs/remotes/origin/develop [20ms]
2024-08-20 15:01:42.091 [info] > git rev-parse --show-toplevel [28ms]
2024-08-20 15:01:42.091 [info] > git for-each-ref --format=%(refname)%00%(upstream:short)%00%(objectname)%00%(upstream:track)%00%(upstream:remotename)%00%(upstream:remoteref) refs/heads/develop refs/remotes/develop [32ms]
2024-08-20 15:01:42.101 [info] > git rev-list --count --left-right refs/heads/develop...refs/remotes/origin/develop [11ms]
2024-08-20 15:01:42.115 [info] > git diff --name-status -z --diff-filter=ADMR 78174add9c4b41349ea27c33135d2575a6ed3722...refs/remotes/origin/develop [11ms]
2024-08-20 15:01:42.116 [info] > git rev-parse --show-toplevel [15ms]
2024-08-20 15:01:42.124 [info] > git rev-parse --show-toplevel [4ms]
2024-08-20 15:01:42.126 [info] > git status -z -uall [3ms]
2024-08-20 15:01:42.133 [info] > git for-each-ref --format=%(refname)%00%(upstream:short)%00%(objectname)%00%(upstream:track)%00%(upstream:remotename)%00%(upstream:remoteref) refs/heads/develop refs/remotes/develop [2ms]
2024-08-20 15:01:42.149 [info] > git config --local branch.develop.vscode-merge-base [13ms]
2024-08-20 15:01:42.160 [info] > git for-each-ref --format=%(refname)%00%(upstream:short)%00%(objectname)%00%(upstream:track)%00%(upstream:remotename)%00%(upstream:remoteref) refs/heads/origin/main refs/remotes/origin/main [7ms]
2024-08-20 15:01:42.507 [info] > git check-ignore -v -z --stdin [1ms]
2024-08-20 15:01:42.507 [info] > git fetch [521ms]
2024-08-20 15:01:42.514 [info] > git config --get commit.template [3ms]
2024-08-20 15:01:42.515 [info] > git for-each-ref --format=%(refname)%00%(upstream:short)%00%(objectname)%00%(upstream:track)%00%(upstream:remotename)%00%(upstream:remoteref) refs/heads/develop refs/remotes/develop [1ms]
2024-08-20 15:01:42.520 [info] > git status -z -uall [2ms]
2024-08-20 15:01:42.526 [info] > git for-each-ref --format=%(refname)%00%(upstream:short)%00%(objectname)%00%(upstream:track)%00%(upstream:remotename)%00%(upstream:remoteref) refs/heads/develop refs/remotes/develop [2ms]
2024-08-20 15:01:42.529 [info] > git config --local branch.develop.vscode-merge-base [1ms]
2024-08-20 15:01:42.533 [info] > git for-each-ref --format=%(refname)%00%(upstream:short)%00%(objectname)%00%(upstream:track)%00%(upstream:remotename)%00%(upstream:remoteref) refs/heads/origin/main refs/remotes/origin/main [1ms]
2024-08-20 15:01:42.553 [info] > git show --textconv :src/app/library/library.component.css [4ms]
2024-08-20 15:01:42.554 [info] > git ls-files --stage -- /home/andojas/Documents/dahu/src/app/library/library.component.css [1ms]
2024-08-20 15:01:42.557 [info] > git cat-file -s cd47792970745303c38b95c42e8343a9f4067bec [1ms]
2024-08-20 15:01:44.430 [info] > git config --get commit.template [5ms]
2024-08-20 15:01:44.430 [info] > git for-each-ref --format=%(refname)%00%(upstream:short)%00%(objectname)%00%(upstream:track)%00%(upstream:remotename)%00%(upstream:remoteref) refs/heads/develop refs/remotes/develop [1ms]
2024-08-20 15:01:44.436 [info] > git status -z -uall [2ms]
2024-08-20 15:01:44.442 [info] > git for-each-ref --format=%(refname)%00%(upstream:short)%00%(objectname)%00%(upstream:track)%00%(upstream:remotename)%00%(upstream:remoteref) refs/heads/develop refs/remotes/develop [1ms]
2024-08-20 15:01:44.445 [info] > git config --local branch.develop.vscode-merge-base [1ms]
2024-08-20 15:01:44.449 [info] > git for-each-ref --format=%(refname)%00%(upstream:short)%00%(objectname)%00%(upstream:track)%00%(upstream:remotename)%00%(upstream:remoteref) refs/heads/origin/main refs/remotes/origin/main [1ms]
2024-08-20 15:01:44.527 [info] > git ls-files --stage -- /home/andojas/Documents/dahu/src/app/library/library.component.css [1ms]
2024-08-20 15:01:44.532 [info] > git cat-file -s cd47792970745303c38b95c42e8343a9f4067bec [2ms]
2024-08-20 15:01:44.537 [info] > git show --textconv :src/app/library/library.component.css [1ms]
2024-08-20 15:01:50.776 [info] > git config --get commit.template [5ms]
2024-08-20 15:01:50.777 [info] > git for-each-ref --format=%(refname)%00%(upstream:short)%00%(objectname)%00%(upstream:track)%00%(upstream:remotename)%00%(upstream:remoteref) refs/heads/develop refs/remotes/develop [2ms]
2024-08-20 15:01:50.785 [info] > git status -z -uall [4ms]
2024-08-20 15:01:50.791 [info] > git for-each-ref --format=%(refname)%00%(upstream:short)%00%(objectname)%00%(upstream:track)%00%(upstream:remotename)%00%(upstream:remoteref) refs/heads/develop refs/remotes/develop [2ms]
2024-08-20 15:01:50.796 [info] > git config --local branch.develop.vscode-merge-base [1ms]
2024-08-20 15:01:50.801 [info] > git for-each-ref --format=%(refname)%00%(upstream:short)%00%(objectname)%00%(upstream:track)%00%(upstream:remotename)%00%(upstream:remoteref) refs/heads/origin/main refs/remotes/origin/main [1ms]
2024-08-20 15:01:57.047 [info] > git check-ignore -v -z --stdin [2ms]
2024-08-20 15:02:01.637 [info] > git check-ignore -v -z --stdin [2ms]
2024-08-20 15:02:08.179 [info] > git config --get commit.template [5ms]
2024-08-20 15:02:08.180 [info] > git for-each-ref --format=%(refname)%00%(upstream:short)%00%(objectname)%00%(upstream:track)%00%(upstream:remotename)%00%(upstream:remoteref) refs/heads/develop refs/remotes/develop [1ms]
2024-08-20 15:02:08.189 [info] > git status -z -uall [3ms]
2024-08-20 15:02:08.197 [info] > git for-each-ref --format=%(refname)%00%(upstream:short)%00%(objectname)%00%(upstream:track)%00%(upstream:remotename)%00%(upstream:remoteref) refs/heads/develop refs/remotes/develop [1ms]
2024-08-20 15:02:08.202 [info] > git config --local branch.develop.vscode-merge-base [1ms]
2024-08-20 15:02:08.206 [info] > git for-each-ref --format=%(refname)%00%(upstream:short)%00%(objectname)%00%(upstream:track)%00%(upstream:remotename)%00%(upstream:remoteref) refs/heads/origin/main refs/remotes/origin/main [1ms]
2024-08-20 15:02:08.276 [info] > git ls-files --stage -- /home/andojas/Documents/dahu/src/app/library/library.component.css [1ms]
2024-08-20 15:02:08.281 [info] > git cat-file -s cd47792970745303c38b95c42e8343a9f4067bec [1ms]
2024-08-20 15:02:08.291 [info] > git show --textconv :src/app/library/library.component.css [2ms]
2024-08-20 15:02:17.144 [info] > git config --get commit.template [6ms]
2024-08-20 15:02:17.145 [info] > git for-each-ref --format=%(refname)%00%(upstream:short)%00%(objectname)%00%(upstream:track)%00%(upstream:remotename)%00%(upstream:remoteref) refs/heads/develop refs/remotes/develop [2ms]
2024-08-20 15:02:17.154 [info] > git status -z -uall [3ms]
2024-08-20 15:02:17.162 [info] > git for-each-ref --format=%(refname)%00%(upstream:short)%00%(objectname)%00%(upstream:track)%00%(upstream:remotename)%00%(upstream:remoteref) refs/heads/develop refs/remotes/develop [2ms]
2024-08-20 15:02:17.170 [info] > git config --local branch.develop.vscode-merge-base [2ms]
2024-08-20 15:02:17.178 [info] > git for-each-ref --format=%(refname)%00%(upstream:short)%00%(objectname)%00%(upstream:track)%00%(upstream:remotename)%00%(upstream:remoteref) refs/heads/origin/main refs/remotes/origin/main [2ms]
2024-08-20 15:02:17.242 [info] > git ls-files --stage -- /home/andojas/Documents/dahu/src/app/library/library.component.css [2ms]
2024-08-20 15:02:17.248 [info] > git cat-file -s cd47792970745303c38b95c42e8343a9f4067bec [2ms]
2024-08-20 15:02:17.258 [info] > git show --textconv :src/app/library/library.component.css [1ms]
2024-08-22 14:31:14.766 [info] > git fetch [524ms]
2024-08-22 14:31:14.775 [info] > git config --get commit.template [5ms]
2024-08-22 14:31:14.776 [info] > git for-each-ref --format=%(refname)%00%(upstream:short)%00%(objectname)%00%(upstream:track)%00%(upstream:remotename)%00%(upstream:remoteref) refs/heads/develop refs/remotes/develop [2ms]
2024-08-22 14:31:14.784 [info] > git status -z -uall [4ms]
2024-08-22 14:31:14.792 [info] > git for-each-ref --format=%(refname)%00%(upstream:short)%00%(objectname)%00%(upstream:track)%00%(upstream:remotename)%00%(upstream:remoteref) refs/heads/develop refs/remotes/develop [1ms]
2024-08-22 14:31:14.798 [info] > git config --local branch.develop.vscode-merge-base [1ms]
2024-08-22 14:31:14.803 [info] > git for-each-ref --format=%(refname)%00%(upstream:short)%00%(objectname)%00%(upstream:track)%00%(upstream:remotename)%00%(upstream:remoteref) refs/heads/origin/main refs/remotes/origin/main [1ms]
2024-08-22 14:31:15.854 [info] > git config --get commit.template [6ms]
2024-08-22 14:31:15.855 [info] > git for-each-ref --format=%(refname)%00%(upstream:short)%00%(objectname)%00%(upstream:track)%00%(upstream:remotename)%00%(upstream:remoteref) refs/heads/develop refs/remotes/develop [2ms]
2024-08-22 14:31:15.863 [info] > git status -z -uall [3ms]
2024-08-22 14:31:15.870 [info] > git for-each-ref --format=%(refname)%00%(upstream:short)%00%(objectname)%00%(upstream:track)%00%(upstream:remotename)%00%(upstream:remoteref) refs/heads/develop refs/remotes/develop [2ms]
2024-08-22 14:31:15.877 [info] > git config --local branch.develop.vscode-merge-base [1ms]
2024-08-22 14:31:15.883 [info] > git for-each-ref --format=%(refname)%00%(upstream:short)%00%(objectname)%00%(upstream:track)%00%(upstream:remotename)%00%(upstream:remoteref) refs/heads/origin/main refs/remotes/origin/main [2ms]
2024-08-22 14:31:15.949 [info] > git ls-files --stage -- /home/andojas/Documents/dahu/src/app/library/library.component.css [2ms]
2024-08-22 14:31:15.956 [info] > git cat-file -s cd47792970745303c38b95c42e8343a9f4067bec [2ms]
2024-08-22 14:31:15.964 [info] > git show --textconv :src/app/library/library.component.css [2ms]
