2024-07-14 22:30:52.215 [info] Started local extension host with pid 13428.
2024-07-14 22:30:52.569 [warning] [twxs.cmake]: Cannot register 'cmake.cmakePath'. This property is already registered.
2024-07-14 22:30:54.841 [info] [perf] Render performance baseline is 19ms
2024-07-14 22:30:55.277 [warning] [cmake-tools]: Couldn't find message for key cmake-tools.configuration.cmake.deleteBuildDirOnCleanCconfigure.description.
2024-07-14 23:03:42.355 [error] Unhandled method getIdAtPosition: Error: Unhandled method getIdAtPosition
	at /home/andojas/.vscode/extensions/visualstudioexptteam.intellicode-api-usage-examples-0.2.8/dist/extension.js:2:398068
	at re (/home/andojas/.vscode/extensions/visualstudioexptteam.intellicode-api-usage-examples-0.2.8/dist/extension.js:2:398362)
	at /home/andojas/.vscode/extensions/visualstudioexptteam.intellicode-api-usage-examples-0.2.8/dist/extension.js:2:393146
	at Immediate.<anonymous> (/home/andojas/.vscode/extensions/visualstudioexptteam.intellicode-api-usage-examples-0.2.8/dist/extension.js:2:393166)
	at process.processImmediate (node:internal/timers:478:21)
2024-07-14 23:04:06.752 [error] Unhandled method getIdAtPosition: Error: Unhandled method getIdAtPosition
	at /home/andojas/.vscode/extensions/visualstudioexptteam.intellicode-api-usage-examples-0.2.8/dist/extension.js:2:398068
	at re (/home/andojas/.vscode/extensions/visualstudioexptteam.intellicode-api-usage-examples-0.2.8/dist/extension.js:2:398362)
	at /home/andojas/.vscode/extensions/visualstudioexptteam.intellicode-api-usage-examples-0.2.8/dist/extension.js:2:393146
	at Immediate.<anonymous> (/home/andojas/.vscode/extensions/visualstudioexptteam.intellicode-api-usage-examples-0.2.8/dist/extension.js:2:393166)
	at process.processImmediate (node:internal/timers:478:21)
2024-07-14 23:04:08.319 [error] Unhandled method getIdAtPosition: Error: Unhandled method getIdAtPosition
	at /home/andojas/.vscode/extensions/visualstudioexptteam.intellicode-api-usage-examples-0.2.8/dist/extension.js:2:398068
	at re (/home/andojas/.vscode/extensions/visualstudioexptteam.intellicode-api-usage-examples-0.2.8/dist/extension.js:2:398362)
	at /home/andojas/.vscode/extensions/visualstudioexptteam.intellicode-api-usage-examples-0.2.8/dist/extension.js:2:393146
	at Immediate.<anonymous> (/home/andojas/.vscode/extensions/visualstudioexptteam.intellicode-api-usage-examples-0.2.8/dist/extension.js:2:393166)
	at process.processImmediate (node:internal/timers:478:21)
2024-07-14 23:04:17.436 [error] Unhandled method getIdAtPosition: Error: Unhandled method getIdAtPosition
	at /home/andojas/.vscode/extensions/visualstudioexptteam.intellicode-api-usage-examples-0.2.8/dist/extension.js:2:398068
	at re (/home/andojas/.vscode/extensions/visualstudioexptteam.intellicode-api-usage-examples-0.2.8/dist/extension.js:2:398362)
	at /home/andojas/.vscode/extensions/visualstudioexptteam.intellicode-api-usage-examples-0.2.8/dist/extension.js:2:393146
	at Immediate.<anonymous> (/home/andojas/.vscode/extensions/visualstudioexptteam.intellicode-api-usage-examples-0.2.8/dist/extension.js:2:393166)
	at process.processImmediate (node:internal/timers:478:21)
2024-07-14 23:04:36.326 [error] Unhandled method getIdAtPosition: Error: Unhandled method getIdAtPosition
	at /home/andojas/.vscode/extensions/visualstudioexptteam.intellicode-api-usage-examples-0.2.8/dist/extension.js:2:398068
	at re (/home/andojas/.vscode/extensions/visualstudioexptteam.intellicode-api-usage-examples-0.2.8/dist/extension.js:2:398362)
	at /home/andojas/.vscode/extensions/visualstudioexptteam.intellicode-api-usage-examples-0.2.8/dist/extension.js:2:393146
	at Immediate.<anonymous> (/home/andojas/.vscode/extensions/visualstudioexptteam.intellicode-api-usage-examples-0.2.8/dist/extension.js:2:393166)
	at process.processImmediate (node:internal/timers:478:21)
2024-07-14 23:06:33.873 [error] Unhandled method getIdAtPosition: Error: Unhandled method getIdAtPosition
	at /home/andojas/.vscode/extensions/visualstudioexptteam.intellicode-api-usage-examples-0.2.8/dist/extension.js:2:398068
	at re (/home/andojas/.vscode/extensions/visualstudioexptteam.intellicode-api-usage-examples-0.2.8/dist/extension.js:2:398362)
	at /home/andojas/.vscode/extensions/visualstudioexptteam.intellicode-api-usage-examples-0.2.8/dist/extension.js:2:393146
	at Immediate.<anonymous> (/home/andojas/.vscode/extensions/visualstudioexptteam.intellicode-api-usage-examples-0.2.8/dist/extension.js:2:393166)
	at process.processImmediate (node:internal/timers:478:21)
2024-07-14 23:06:40.294 [error] Unhandled method getIdAtPosition: Error: Unhandled method getIdAtPosition
	at /home/andojas/.vscode/extensions/visualstudioexptteam.intellicode-api-usage-examples-0.2.8/dist/extension.js:2:398068
	at re (/home/andojas/.vscode/extensions/visualstudioexptteam.intellicode-api-usage-examples-0.2.8/dist/extension.js:2:398362)
	at /home/andojas/.vscode/extensions/visualstudioexptteam.intellicode-api-usage-examples-0.2.8/dist/extension.js:2:393146
	at Immediate.<anonymous> (/home/andojas/.vscode/extensions/visualstudioexptteam.intellicode-api-usage-examples-0.2.8/dist/extension.js:2:393166)
	at process.processImmediate (node:internal/timers:478:21)
2024-07-14 23:06:41.821 [error] Unhandled method getIdAtPosition: Error: Unhandled method getIdAtPosition
	at /home/andojas/.vscode/extensions/visualstudioexptteam.intellicode-api-usage-examples-0.2.8/dist/extension.js:2:398068
	at re (/home/andojas/.vscode/extensions/visualstudioexptteam.intellicode-api-usage-examples-0.2.8/dist/extension.js:2:398362)
	at /home/andojas/.vscode/extensions/visualstudioexptteam.intellicode-api-usage-examples-0.2.8/dist/extension.js:2:393146
	at Immediate.<anonymous> (/home/andojas/.vscode/extensions/visualstudioexptteam.intellicode-api-usage-examples-0.2.8/dist/extension.js:2:393166)
	at process.processImmediate (node:internal/timers:478:21)
2024-07-14 23:06:43.476 [error] Unhandled method getIdAtPosition: Error: Unhandled method getIdAtPosition
	at /home/andojas/.vscode/extensions/visualstudioexptteam.intellicode-api-usage-examples-0.2.8/dist/extension.js:2:398068
	at re (/home/andojas/.vscode/extensions/visualstudioexptteam.intellicode-api-usage-examples-0.2.8/dist/extension.js:2:398362)
	at /home/andojas/.vscode/extensions/visualstudioexptteam.intellicode-api-usage-examples-0.2.8/dist/extension.js:2:393146
	at Immediate.<anonymous> (/home/andojas/.vscode/extensions/visualstudioexptteam.intellicode-api-usage-examples-0.2.8/dist/extension.js:2:393166)
	at process.processImmediate (node:internal/timers:478:21)
2024-07-14 23:06:59.806 [error] Unhandled method getIdAtPosition: Error: Unhandled method getIdAtPosition
	at /home/andojas/.vscode/extensions/visualstudioexptteam.intellicode-api-usage-examples-0.2.8/dist/extension.js:2:398068
	at re (/home/andojas/.vscode/extensions/visualstudioexptteam.intellicode-api-usage-examples-0.2.8/dist/extension.js:2:398362)
	at /home/andojas/.vscode/extensions/visualstudioexptteam.intellicode-api-usage-examples-0.2.8/dist/extension.js:2:393146
	at Immediate.<anonymous> (/home/andojas/.vscode/extensions/visualstudioexptteam.intellicode-api-usage-examples-0.2.8/dist/extension.js:2:393166)
	at process.processImmediate (node:internal/timers:478:21)
2024-07-14 23:07:01.526 [error] Unhandled method getIdAtPosition: Error: Unhandled method getIdAtPosition
	at /home/andojas/.vscode/extensions/visualstudioexptteam.intellicode-api-usage-examples-0.2.8/dist/extension.js:2:398068
	at re (/home/andojas/.vscode/extensions/visualstudioexptteam.intellicode-api-usage-examples-0.2.8/dist/extension.js:2:398362)
	at /home/andojas/.vscode/extensions/visualstudioexptteam.intellicode-api-usage-examples-0.2.8/dist/extension.js:2:393146
	at Immediate.<anonymous> (/home/andojas/.vscode/extensions/visualstudioexptteam.intellicode-api-usage-examples-0.2.8/dist/extension.js:2:393166)
	at process.processImmediate (node:internal/timers:478:21)
2024-07-14 23:07:03.118 [error] Unhandled method getIdAtPosition: Error: Unhandled method getIdAtPosition
	at /home/andojas/.vscode/extensions/visualstudioexptteam.intellicode-api-usage-examples-0.2.8/dist/extension.js:2:398068
	at re (/home/andojas/.vscode/extensions/visualstudioexptteam.intellicode-api-usage-examples-0.2.8/dist/extension.js:2:398362)
	at /home/andojas/.vscode/extensions/visualstudioexptteam.intellicode-api-usage-examples-0.2.8/dist/extension.js:2:393146
	at Immediate.<anonymous> (/home/andojas/.vscode/extensions/visualstudioexptteam.intellicode-api-usage-examples-0.2.8/dist/extension.js:2:393166)
	at process.processImmediate (node:internal/timers:478:21)
2024-07-14 23:07:05.235 [error] Unhandled method getIdAtPosition: Error: Unhandled method getIdAtPosition
	at /home/andojas/.vscode/extensions/visualstudioexptteam.intellicode-api-usage-examples-0.2.8/dist/extension.js:2:398068
	at re (/home/andojas/.vscode/extensions/visualstudioexptteam.intellicode-api-usage-examples-0.2.8/dist/extension.js:2:398362)
	at /home/andojas/.vscode/extensions/visualstudioexptteam.intellicode-api-usage-examples-0.2.8/dist/extension.js:2:393146
	at Immediate.<anonymous> (/home/andojas/.vscode/extensions/visualstudioexptteam.intellicode-api-usage-examples-0.2.8/dist/extension.js:2:393166)
	at process.processImmediate (node:internal/timers:478:21)
2024-07-14 23:07:06.329 [error] Unhandled method getIdAtPosition: Error: Unhandled method getIdAtPosition
	at /home/andojas/.vscode/extensions/visualstudioexptteam.intellicode-api-usage-examples-0.2.8/dist/extension.js:2:398068
	at re (/home/andojas/.vscode/extensions/visualstudioexptteam.intellicode-api-usage-examples-0.2.8/dist/extension.js:2:398362)
	at /home/andojas/.vscode/extensions/visualstudioexptteam.intellicode-api-usage-examples-0.2.8/dist/extension.js:2:393146
	at Immediate.<anonymous> (/home/andojas/.vscode/extensions/visualstudioexptteam.intellicode-api-usage-examples-0.2.8/dist/extension.js:2:393166)
	at process.processImmediate (node:internal/timers:478:21)
2024-07-14 23:07:08.208 [error] Unhandled method getIdAtPosition: Error: Unhandled method getIdAtPosition
	at /home/andojas/.vscode/extensions/visualstudioexptteam.intellicode-api-usage-examples-0.2.8/dist/extension.js:2:398068
	at re (/home/andojas/.vscode/extensions/visualstudioexptteam.intellicode-api-usage-examples-0.2.8/dist/extension.js:2:398362)
	at /home/andojas/.vscode/extensions/visualstudioexptteam.intellicode-api-usage-examples-0.2.8/dist/extension.js:2:393146
	at Immediate.<anonymous> (/home/andojas/.vscode/extensions/visualstudioexptteam.intellicode-api-usage-examples-0.2.8/dist/extension.js:2:393166)
	at process.processImmediate (node:internal/timers:478:21)
2024-07-14 23:07:11.794 [error] Unhandled method getIdAtPosition: Error: Unhandled method getIdAtPosition
	at /home/andojas/.vscode/extensions/visualstudioexptteam.intellicode-api-usage-examples-0.2.8/dist/extension.js:2:398068
	at re (/home/andojas/.vscode/extensions/visualstudioexptteam.intellicode-api-usage-examples-0.2.8/dist/extension.js:2:398362)
	at /home/andojas/.vscode/extensions/visualstudioexptteam.intellicode-api-usage-examples-0.2.8/dist/extension.js:2:393146
	at Immediate.<anonymous> (/home/andojas/.vscode/extensions/visualstudioexptteam.intellicode-api-usage-examples-0.2.8/dist/extension.js:2:393166)
	at process.processImmediate (node:internal/timers:478:21)
2024-07-14 23:07:13.075 [error] Unhandled method getIdAtPosition: Error: Unhandled method getIdAtPosition
	at /home/andojas/.vscode/extensions/visualstudioexptteam.intellicode-api-usage-examples-0.2.8/dist/extension.js:2:398068
	at re (/home/andojas/.vscode/extensions/visualstudioexptteam.intellicode-api-usage-examples-0.2.8/dist/extension.js:2:398362)
	at /home/andojas/.vscode/extensions/visualstudioexptteam.intellicode-api-usage-examples-0.2.8/dist/extension.js:2:393146
	at Immediate.<anonymous> (/home/andojas/.vscode/extensions/visualstudioexptteam.intellicode-api-usage-examples-0.2.8/dist/extension.js:2:393166)
	at process.processImmediate (node:internal/timers:478:21)
2024-07-14 23:07:15.615 [error] Unhandled method getIdAtPosition: Error: Unhandled method getIdAtPosition
	at /home/andojas/.vscode/extensions/visualstudioexptteam.intellicode-api-usage-examples-0.2.8/dist/extension.js:2:398068
	at re (/home/andojas/.vscode/extensions/visualstudioexptteam.intellicode-api-usage-examples-0.2.8/dist/extension.js:2:398362)
	at /home/andojas/.vscode/extensions/visualstudioexptteam.intellicode-api-usage-examples-0.2.8/dist/extension.js:2:393146
	at Immediate.<anonymous> (/home/andojas/.vscode/extensions/visualstudioexptteam.intellicode-api-usage-examples-0.2.8/dist/extension.js:2:393166)
	at process.processImmediate (node:internal/timers:478:21)
2024-07-14 23:07:17.054 [error] Unhandled method getIdAtPosition: Error: Unhandled method getIdAtPosition
	at /home/andojas/.vscode/extensions/visualstudioexptteam.intellicode-api-usage-examples-0.2.8/dist/extension.js:2:398068
	at re (/home/andojas/.vscode/extensions/visualstudioexptteam.intellicode-api-usage-examples-0.2.8/dist/extension.js:2:398362)
	at /home/andojas/.vscode/extensions/visualstudioexptteam.intellicode-api-usage-examples-0.2.8/dist/extension.js:2:393146
	at Immediate.<anonymous> (/home/andojas/.vscode/extensions/visualstudioexptteam.intellicode-api-usage-examples-0.2.8/dist/extension.js:2:393166)
	at process.processImmediate (node:internal/timers:478:21)
2024-07-14 23:07:18.396 [error] Unhandled method getIdAtPosition: Error: Unhandled method getIdAtPosition
	at /home/andojas/.vscode/extensions/visualstudioexptteam.intellicode-api-usage-examples-0.2.8/dist/extension.js:2:398068
	at re (/home/andojas/.vscode/extensions/visualstudioexptteam.intellicode-api-usage-examples-0.2.8/dist/extension.js:2:398362)
	at /home/andojas/.vscode/extensions/visualstudioexptteam.intellicode-api-usage-examples-0.2.8/dist/extension.js:2:393146
	at Immediate.<anonymous> (/home/andojas/.vscode/extensions/visualstudioexptteam.intellicode-api-usage-examples-0.2.8/dist/extension.js:2:393166)
	at process.processImmediate (node:internal/timers:478:21)
2024-07-14 23:07:19.608 [error] Unhandled method getIdAtPosition: Error: Unhandled method getIdAtPosition
	at /home/andojas/.vscode/extensions/visualstudioexptteam.intellicode-api-usage-examples-0.2.8/dist/extension.js:2:398068
	at re (/home/andojas/.vscode/extensions/visualstudioexptteam.intellicode-api-usage-examples-0.2.8/dist/extension.js:2:398362)
	at /home/andojas/.vscode/extensions/visualstudioexptteam.intellicode-api-usage-examples-0.2.8/dist/extension.js:2:393146
	at Immediate.<anonymous> (/home/andojas/.vscode/extensions/visualstudioexptteam.intellicode-api-usage-examples-0.2.8/dist/extension.js:2:393166)
	at process.processImmediate (node:internal/timers:478:21)
2024-07-14 23:07:20.630 [error] Unhandled method getIdAtPosition: Error: Unhandled method getIdAtPosition
	at /home/andojas/.vscode/extensions/visualstudioexptteam.intellicode-api-usage-examples-0.2.8/dist/extension.js:2:398068
	at re (/home/andojas/.vscode/extensions/visualstudioexptteam.intellicode-api-usage-examples-0.2.8/dist/extension.js:2:398362)
	at /home/andojas/.vscode/extensions/visualstudioexptteam.intellicode-api-usage-examples-0.2.8/dist/extension.js:2:393146
	at Immediate.<anonymous> (/home/andojas/.vscode/extensions/visualstudioexptteam.intellicode-api-usage-examples-0.2.8/dist/extension.js:2:393166)
	at process.processImmediate (node:internal/timers:478:21)
2024-07-14 23:07:23.111 [error] Unhandled method getIdAtPosition: Error: Unhandled method getIdAtPosition
	at /home/andojas/.vscode/extensions/visualstudioexptteam.intellicode-api-usage-examples-0.2.8/dist/extension.js:2:398068
	at re (/home/andojas/.vscode/extensions/visualstudioexptteam.intellicode-api-usage-examples-0.2.8/dist/extension.js:2:398362)
	at /home/andojas/.vscode/extensions/visualstudioexptteam.intellicode-api-usage-examples-0.2.8/dist/extension.js:2:393146
	at Immediate.<anonymous> (/home/andojas/.vscode/extensions/visualstudioexptteam.intellicode-api-usage-examples-0.2.8/dist/extension.js:2:393166)
	at process.processImmediate (node:internal/timers:478:21)
2024-07-14 23:07:24.298 [error] Unhandled method getIdAtPosition: Error: Unhandled method getIdAtPosition
	at /home/andojas/.vscode/extensions/visualstudioexptteam.intellicode-api-usage-examples-0.2.8/dist/extension.js:2:398068
	at re (/home/andojas/.vscode/extensions/visualstudioexptteam.intellicode-api-usage-examples-0.2.8/dist/extension.js:2:398362)
	at /home/andojas/.vscode/extensions/visualstudioexptteam.intellicode-api-usage-examples-0.2.8/dist/extension.js:2:393146
	at Immediate.<anonymous> (/home/andojas/.vscode/extensions/visualstudioexptteam.intellicode-api-usage-examples-0.2.8/dist/extension.js:2:393166)
	at process.processImmediate (node:internal/timers:478:21)
2024-07-14 23:07:26.343 [error] Unhandled method getIdAtPosition: Error: Unhandled method getIdAtPosition
	at /home/andojas/.vscode/extensions/visualstudioexptteam.intellicode-api-usage-examples-0.2.8/dist/extension.js:2:398068
	at re (/home/andojas/.vscode/extensions/visualstudioexptteam.intellicode-api-usage-examples-0.2.8/dist/extension.js:2:398362)
	at /home/andojas/.vscode/extensions/visualstudioexptteam.intellicode-api-usage-examples-0.2.8/dist/extension.js:2:393146
	at Immediate.<anonymous> (/home/andojas/.vscode/extensions/visualstudioexptteam.intellicode-api-usage-examples-0.2.8/dist/extension.js:2:393166)
	at process.processImmediate (node:internal/timers:478:21)
2024-07-14 23:07:27.960 [error] Unhandled method getIdAtPosition: Error: Unhandled method getIdAtPosition
	at /home/andojas/.vscode/extensions/visualstudioexptteam.intellicode-api-usage-examples-0.2.8/dist/extension.js:2:398068
	at re (/home/andojas/.vscode/extensions/visualstudioexptteam.intellicode-api-usage-examples-0.2.8/dist/extension.js:2:398362)
	at /home/andojas/.vscode/extensions/visualstudioexptteam.intellicode-api-usage-examples-0.2.8/dist/extension.js:2:393146
	at Immediate.<anonymous> (/home/andojas/.vscode/extensions/visualstudioexptteam.intellicode-api-usage-examples-0.2.8/dist/extension.js:2:393166)
	at process.processImmediate (node:internal/timers:478:21)
2024-07-14 23:07:40.851 [error] Unhandled method getIdAtPosition: Error: Unhandled method getIdAtPosition
	at /home/andojas/.vscode/extensions/visualstudioexptteam.intellicode-api-usage-examples-0.2.8/dist/extension.js:2:398068
	at re (/home/andojas/.vscode/extensions/visualstudioexptteam.intellicode-api-usage-examples-0.2.8/dist/extension.js:2:398362)
	at /home/andojas/.vscode/extensions/visualstudioexptteam.intellicode-api-usage-examples-0.2.8/dist/extension.js:2:393146
	at Immediate.<anonymous> (/home/andojas/.vscode/extensions/visualstudioexptteam.intellicode-api-usage-examples-0.2.8/dist/extension.js:2:393166)
	at process.processImmediate (node:internal/timers:478:21)
2024-07-14 23:07:45.204 [error] Unhandled method getIdAtPosition: Error: Unhandled method getIdAtPosition
	at /home/andojas/.vscode/extensions/visualstudioexptteam.intellicode-api-usage-examples-0.2.8/dist/extension.js:2:398068
	at re (/home/andojas/.vscode/extensions/visualstudioexptteam.intellicode-api-usage-examples-0.2.8/dist/extension.js:2:398362)
	at /home/andojas/.vscode/extensions/visualstudioexptteam.intellicode-api-usage-examples-0.2.8/dist/extension.js:2:393146
	at Immediate.<anonymous> (/home/andojas/.vscode/extensions/visualstudioexptteam.intellicode-api-usage-examples-0.2.8/dist/extension.js:2:393166)
	at process.processImmediate (node:internal/timers:478:21)
2024-07-14 23:07:47.210 [error] Unhandled method getIdAtPosition: Error: Unhandled method getIdAtPosition
	at /home/andojas/.vscode/extensions/visualstudioexptteam.intellicode-api-usage-examples-0.2.8/dist/extension.js:2:398068
	at re (/home/andojas/.vscode/extensions/visualstudioexptteam.intellicode-api-usage-examples-0.2.8/dist/extension.js:2:398362)
	at /home/andojas/.vscode/extensions/visualstudioexptteam.intellicode-api-usage-examples-0.2.8/dist/extension.js:2:393146
	at Immediate.<anonymous> (/home/andojas/.vscode/extensions/visualstudioexptteam.intellicode-api-usage-examples-0.2.8/dist/extension.js:2:393166)
	at process.processImmediate (node:internal/timers:478:21)
2024-07-14 23:07:50.974 [error] Unhandled method getIdAtPosition: Error: Unhandled method getIdAtPosition
	at /home/andojas/.vscode/extensions/visualstudioexptteam.intellicode-api-usage-examples-0.2.8/dist/extension.js:2:398068
	at re (/home/andojas/.vscode/extensions/visualstudioexptteam.intellicode-api-usage-examples-0.2.8/dist/extension.js:2:398362)
	at /home/andojas/.vscode/extensions/visualstudioexptteam.intellicode-api-usage-examples-0.2.8/dist/extension.js:2:393146
	at Immediate.<anonymous> (/home/andojas/.vscode/extensions/visualstudioexptteam.intellicode-api-usage-examples-0.2.8/dist/extension.js:2:393166)
	at process.processImmediate (node:internal/timers:478:21)
2024-07-14 23:07:52.129 [error] Unhandled method getIdAtPosition: Error: Unhandled method getIdAtPosition
	at /home/andojas/.vscode/extensions/visualstudioexptteam.intellicode-api-usage-examples-0.2.8/dist/extension.js:2:398068
	at re (/home/andojas/.vscode/extensions/visualstudioexptteam.intellicode-api-usage-examples-0.2.8/dist/extension.js:2:398362)
	at /home/andojas/.vscode/extensions/visualstudioexptteam.intellicode-api-usage-examples-0.2.8/dist/extension.js:2:393146
	at Immediate.<anonymous> (/home/andojas/.vscode/extensions/visualstudioexptteam.intellicode-api-usage-examples-0.2.8/dist/extension.js:2:393166)
	at process.processImmediate (node:internal/timers:478:21)
2024-07-14 23:07:54.219 [error] Unhandled method getIdAtPosition: Error: Unhandled method getIdAtPosition
	at /home/andojas/.vscode/extensions/visualstudioexptteam.intellicode-api-usage-examples-0.2.8/dist/extension.js:2:398068
	at re (/home/andojas/.vscode/extensions/visualstudioexptteam.intellicode-api-usage-examples-0.2.8/dist/extension.js:2:398362)
	at /home/andojas/.vscode/extensions/visualstudioexptteam.intellicode-api-usage-examples-0.2.8/dist/extension.js:2:393146
	at Immediate.<anonymous> (/home/andojas/.vscode/extensions/visualstudioexptteam.intellicode-api-usage-examples-0.2.8/dist/extension.js:2:393166)
	at process.processImmediate (node:internal/timers:478:21)
2024-07-14 23:07:55.374 [error] Unhandled method getIdAtPosition: Error: Unhandled method getIdAtPosition
	at /home/andojas/.vscode/extensions/visualstudioexptteam.intellicode-api-usage-examples-0.2.8/dist/extension.js:2:398068
	at re (/home/andojas/.vscode/extensions/visualstudioexptteam.intellicode-api-usage-examples-0.2.8/dist/extension.js:2:398362)
	at /home/andojas/.vscode/extensions/visualstudioexptteam.intellicode-api-usage-examples-0.2.8/dist/extension.js:2:393146
	at Immediate.<anonymous> (/home/andojas/.vscode/extensions/visualstudioexptteam.intellicode-api-usage-examples-0.2.8/dist/extension.js:2:393166)
	at process.processImmediate (node:internal/timers:478:21)
2024-07-14 23:07:56.794 [error] Unhandled method getIdAtPosition: Error: Unhandled method getIdAtPosition
	at /home/andojas/.vscode/extensions/visualstudioexptteam.intellicode-api-usage-examples-0.2.8/dist/extension.js:2:398068
	at re (/home/andojas/.vscode/extensions/visualstudioexptteam.intellicode-api-usage-examples-0.2.8/dist/extension.js:2:398362)
	at /home/andojas/.vscode/extensions/visualstudioexptteam.intellicode-api-usage-examples-0.2.8/dist/extension.js:2:393146
	at Immediate.<anonymous> (/home/andojas/.vscode/extensions/visualstudioexptteam.intellicode-api-usage-examples-0.2.8/dist/extension.js:2:393166)
	at process.processImmediate (node:internal/timers:478:21)
2024-07-14 23:08:00.323 [error] Unhandled method getIdAtPosition: Error: Unhandled method getIdAtPosition
	at /home/andojas/.vscode/extensions/visualstudioexptteam.intellicode-api-usage-examples-0.2.8/dist/extension.js:2:398068
	at re (/home/andojas/.vscode/extensions/visualstudioexptteam.intellicode-api-usage-examples-0.2.8/dist/extension.js:2:398362)
	at /home/andojas/.vscode/extensions/visualstudioexptteam.intellicode-api-usage-examples-0.2.8/dist/extension.js:2:393146
	at Immediate.<anonymous> (/home/andojas/.vscode/extensions/visualstudioexptteam.intellicode-api-usage-examples-0.2.8/dist/extension.js:2:393166)
	at process.processImmediate (node:internal/timers:478:21)
2024-07-14 23:08:07.265 [error] Unhandled method getIdAtPosition: Error: Unhandled method getIdAtPosition
	at /home/andojas/.vscode/extensions/visualstudioexptteam.intellicode-api-usage-examples-0.2.8/dist/extension.js:2:398068
	at re (/home/andojas/.vscode/extensions/visualstudioexptteam.intellicode-api-usage-examples-0.2.8/dist/extension.js:2:398362)
	at /home/andojas/.vscode/extensions/visualstudioexptteam.intellicode-api-usage-examples-0.2.8/dist/extension.js:2:393146
	at Immediate.<anonymous> (/home/andojas/.vscode/extensions/visualstudioexptteam.intellicode-api-usage-examples-0.2.8/dist/extension.js:2:393166)
	at process.processImmediate (node:internal/timers:478:21)
2024-07-14 23:08:12.051 [error] Unhandled method getIdAtPosition: Error: Unhandled method getIdAtPosition
	at /home/andojas/.vscode/extensions/visualstudioexptteam.intellicode-api-usage-examples-0.2.8/dist/extension.js:2:398068
	at re (/home/andojas/.vscode/extensions/visualstudioexptteam.intellicode-api-usage-examples-0.2.8/dist/extension.js:2:398362)
	at /home/andojas/.vscode/extensions/visualstudioexptteam.intellicode-api-usage-examples-0.2.8/dist/extension.js:2:393146
	at Immediate.<anonymous> (/home/andojas/.vscode/extensions/visualstudioexptteam.intellicode-api-usage-examples-0.2.8/dist/extension.js:2:393166)
	at process.processImmediate (node:internal/timers:478:21)
2024-07-14 23:08:34.531 [error] Unhandled method getIdAtPosition: Error: Unhandled method getIdAtPosition
	at /home/andojas/.vscode/extensions/visualstudioexptteam.intellicode-api-usage-examples-0.2.8/dist/extension.js:2:398068
	at re (/home/andojas/.vscode/extensions/visualstudioexptteam.intellicode-api-usage-examples-0.2.8/dist/extension.js:2:398362)
	at /home/andojas/.vscode/extensions/visualstudioexptteam.intellicode-api-usage-examples-0.2.8/dist/extension.js:2:393146
	at Immediate.<anonymous> (/home/andojas/.vscode/extensions/visualstudioexptteam.intellicode-api-usage-examples-0.2.8/dist/extension.js:2:393166)
	at process.processImmediate (node:internal/timers:478:21)
2024-07-14 23:08:55.408 [error] Unhandled method getIdAtPosition: Error: Unhandled method getIdAtPosition
	at /home/andojas/.vscode/extensions/visualstudioexptteam.intellicode-api-usage-examples-0.2.8/dist/extension.js:2:398068
	at re (/home/andojas/.vscode/extensions/visualstudioexptteam.intellicode-api-usage-examples-0.2.8/dist/extension.js:2:398362)
	at /home/andojas/.vscode/extensions/visualstudioexptteam.intellicode-api-usage-examples-0.2.8/dist/extension.js:2:393146
	at Immediate.<anonymous> (/home/andojas/.vscode/extensions/visualstudioexptteam.intellicode-api-usage-examples-0.2.8/dist/extension.js:2:393166)
	at process.processImmediate (node:internal/timers:478:21)
2024-07-14 23:11:34.205 [error] Unhandled method getIdAtPosition: Error: Unhandled method getIdAtPosition
	at /home/andojas/.vscode/extensions/visualstudioexptteam.intellicode-api-usage-examples-0.2.8/dist/extension.js:2:398068
	at re (/home/andojas/.vscode/extensions/visualstudioexptteam.intellicode-api-usage-examples-0.2.8/dist/extension.js:2:398362)
	at /home/andojas/.vscode/extensions/visualstudioexptteam.intellicode-api-usage-examples-0.2.8/dist/extension.js:2:393146
	at Immediate.<anonymous> (/home/andojas/.vscode/extensions/visualstudioexptteam.intellicode-api-usage-examples-0.2.8/dist/extension.js:2:393166)
	at process.processImmediate (node:internal/timers:478:21)
2024-07-14 23:13:42.970 [error] Unhandled method getIdAtPosition: Error: Unhandled method getIdAtPosition
	at /home/andojas/.vscode/extensions/visualstudioexptteam.intellicode-api-usage-examples-0.2.8/dist/extension.js:2:398068
	at re (/home/andojas/.vscode/extensions/visualstudioexptteam.intellicode-api-usage-examples-0.2.8/dist/extension.js:2:398362)
	at /home/andojas/.vscode/extensions/visualstudioexptteam.intellicode-api-usage-examples-0.2.8/dist/extension.js:2:393146
	at Immediate.<anonymous> (/home/andojas/.vscode/extensions/visualstudioexptteam.intellicode-api-usage-examples-0.2.8/dist/extension.js:2:393166)
	at process.processImmediate (node:internal/timers:478:21)
2024-07-14 23:13:45.712 [error] Unhandled method getIdAtPosition: Error: Unhandled method getIdAtPosition
	at /home/andojas/.vscode/extensions/visualstudioexptteam.intellicode-api-usage-examples-0.2.8/dist/extension.js:2:398068
	at re (/home/andojas/.vscode/extensions/visualstudioexptteam.intellicode-api-usage-examples-0.2.8/dist/extension.js:2:398362)
	at /home/andojas/.vscode/extensions/visualstudioexptteam.intellicode-api-usage-examples-0.2.8/dist/extension.js:2:393146
	at Immediate.<anonymous> (/home/andojas/.vscode/extensions/visualstudioexptteam.intellicode-api-usage-examples-0.2.8/dist/extension.js:2:393166)
	at process.processImmediate (node:internal/timers:478:21)
2024-07-14 23:13:47.329 [error] Unhandled method getIdAtPosition: Error: Unhandled method getIdAtPosition
	at /home/andojas/.vscode/extensions/visualstudioexptteam.intellicode-api-usage-examples-0.2.8/dist/extension.js:2:398068
	at re (/home/andojas/.vscode/extensions/visualstudioexptteam.intellicode-api-usage-examples-0.2.8/dist/extension.js:2:398362)
	at /home/andojas/.vscode/extensions/visualstudioexptteam.intellicode-api-usage-examples-0.2.8/dist/extension.js:2:393146
	at Immediate.<anonymous> (/home/andojas/.vscode/extensions/visualstudioexptteam.intellicode-api-usage-examples-0.2.8/dist/extension.js:2:393166)
	at process.processImmediate (node:internal/timers:478:21)
2024-07-14 23:14:33.257 [error] Unhandled method getIdAtPosition: Error: Unhandled method getIdAtPosition
	at /home/andojas/.vscode/extensions/visualstudioexptteam.intellicode-api-usage-examples-0.2.8/dist/extension.js:2:398068
	at re (/home/andojas/.vscode/extensions/visualstudioexptteam.intellicode-api-usage-examples-0.2.8/dist/extension.js:2:398362)
	at /home/andojas/.vscode/extensions/visualstudioexptteam.intellicode-api-usage-examples-0.2.8/dist/extension.js:2:393146
	at Immediate.<anonymous> (/home/andojas/.vscode/extensions/visualstudioexptteam.intellicode-api-usage-examples-0.2.8/dist/extension.js:2:393166)
	at process.processImmediate (node:internal/timers:478:21)
2024-07-14 23:14:35.706 [error] Unhandled method getIdAtPosition: Error: Unhandled method getIdAtPosition
	at /home/andojas/.vscode/extensions/visualstudioexptteam.intellicode-api-usage-examples-0.2.8/dist/extension.js:2:398068
	at re (/home/andojas/.vscode/extensions/visualstudioexptteam.intellicode-api-usage-examples-0.2.8/dist/extension.js:2:398362)
	at /home/andojas/.vscode/extensions/visualstudioexptteam.intellicode-api-usage-examples-0.2.8/dist/extension.js:2:393146
	at Immediate.<anonymous> (/home/andojas/.vscode/extensions/visualstudioexptteam.intellicode-api-usage-examples-0.2.8/dist/extension.js:2:393166)
	at process.processImmediate (node:internal/timers:478:21)
2024-07-14 23:14:44.324 [error] Unhandled method getIdAtPosition: Error: Unhandled method getIdAtPosition
	at /home/andojas/.vscode/extensions/visualstudioexptteam.intellicode-api-usage-examples-0.2.8/dist/extension.js:2:398068
	at re (/home/andojas/.vscode/extensions/visualstudioexptteam.intellicode-api-usage-examples-0.2.8/dist/extension.js:2:398362)
	at /home/andojas/.vscode/extensions/visualstudioexptteam.intellicode-api-usage-examples-0.2.8/dist/extension.js:2:393146
	at Immediate.<anonymous> (/home/andojas/.vscode/extensions/visualstudioexptteam.intellicode-api-usage-examples-0.2.8/dist/extension.js:2:393166)
	at process.processImmediate (node:internal/timers:478:21)
2024-07-14 23:14:51.758 [error] Unhandled method getIdAtPosition: Error: Unhandled method getIdAtPosition
	at /home/andojas/.vscode/extensions/visualstudioexptteam.intellicode-api-usage-examples-0.2.8/dist/extension.js:2:398068
	at re (/home/andojas/.vscode/extensions/visualstudioexptteam.intellicode-api-usage-examples-0.2.8/dist/extension.js:2:398362)
	at /home/andojas/.vscode/extensions/visualstudioexptteam.intellicode-api-usage-examples-0.2.8/dist/extension.js:2:393146
	at Immediate.<anonymous> (/home/andojas/.vscode/extensions/visualstudioexptteam.intellicode-api-usage-examples-0.2.8/dist/extension.js:2:393166)
	at process.processImmediate (node:internal/timers:478:21)
2024-07-14 23:15:29.108 [error] Unhandled method getIdAtPosition: Error: Unhandled method getIdAtPosition
	at /home/andojas/.vscode/extensions/visualstudioexptteam.intellicode-api-usage-examples-0.2.8/dist/extension.js:2:398068
	at re (/home/andojas/.vscode/extensions/visualstudioexptteam.intellicode-api-usage-examples-0.2.8/dist/extension.js:2:398362)
	at /home/andojas/.vscode/extensions/visualstudioexptteam.intellicode-api-usage-examples-0.2.8/dist/extension.js:2:393146
	at Immediate.<anonymous> (/home/andojas/.vscode/extensions/visualstudioexptteam.intellicode-api-usage-examples-0.2.8/dist/extension.js:2:393166)
	at process.processImmediate (node:internal/timers:478:21)
2024-07-14 23:17:10.296 [error] Unhandled method getIdAtPosition: Error: Unhandled method getIdAtPosition
	at /home/andojas/.vscode/extensions/visualstudioexptteam.intellicode-api-usage-examples-0.2.8/dist/extension.js:2:398068
	at re (/home/andojas/.vscode/extensions/visualstudioexptteam.intellicode-api-usage-examples-0.2.8/dist/extension.js:2:398362)
	at /home/andojas/.vscode/extensions/visualstudioexptteam.intellicode-api-usage-examples-0.2.8/dist/extension.js:2:393146
	at Immediate.<anonymous> (/home/andojas/.vscode/extensions/visualstudioexptteam.intellicode-api-usage-examples-0.2.8/dist/extension.js:2:393166)
	at process.processImmediate (node:internal/timers:478:21)
2024-07-14 23:19:32.492 [error] Unhandled method getIdAtPosition: Error: Unhandled method getIdAtPosition
	at /home/andojas/.vscode/extensions/visualstudioexptteam.intellicode-api-usage-examples-0.2.8/dist/extension.js:2:398068
	at re (/home/andojas/.vscode/extensions/visualstudioexptteam.intellicode-api-usage-examples-0.2.8/dist/extension.js:2:398362)
	at /home/andojas/.vscode/extensions/visualstudioexptteam.intellicode-api-usage-examples-0.2.8/dist/extension.js:2:393146
	at Immediate.<anonymous> (/home/andojas/.vscode/extensions/visualstudioexptteam.intellicode-api-usage-examples-0.2.8/dist/extension.js:2:393166)
	at process.processImmediate (node:internal/timers:478:21)
2024-07-14 23:19:34.374 [error] Unhandled method getIdAtPosition: Error: Unhandled method getIdAtPosition
	at /home/andojas/.vscode/extensions/visualstudioexptteam.intellicode-api-usage-examples-0.2.8/dist/extension.js:2:398068
	at re (/home/andojas/.vscode/extensions/visualstudioexptteam.intellicode-api-usage-examples-0.2.8/dist/extension.js:2:398362)
	at /home/andojas/.vscode/extensions/visualstudioexptteam.intellicode-api-usage-examples-0.2.8/dist/extension.js:2:393146
	at Immediate.<anonymous> (/home/andojas/.vscode/extensions/visualstudioexptteam.intellicode-api-usage-examples-0.2.8/dist/extension.js:2:393166)
	at process.processImmediate (node:internal/timers:478:21)
2024-07-14 23:19:35.513 [error] Unhandled method getIdAtPosition: Error: Unhandled method getIdAtPosition
	at /home/andojas/.vscode/extensions/visualstudioexptteam.intellicode-api-usage-examples-0.2.8/dist/extension.js:2:398068
	at re (/home/andojas/.vscode/extensions/visualstudioexptteam.intellicode-api-usage-examples-0.2.8/dist/extension.js:2:398362)
	at /home/andojas/.vscode/extensions/visualstudioexptteam.intellicode-api-usage-examples-0.2.8/dist/extension.js:2:393146
	at Immediate.<anonymous> (/home/andojas/.vscode/extensions/visualstudioexptteam.intellicode-api-usage-examples-0.2.8/dist/extension.js:2:393166)
	at process.processImmediate (node:internal/timers:478:21)
2024-07-14 23:19:36.782 [error] Unhandled method getIdAtPosition: Error: Unhandled method getIdAtPosition
	at /home/andojas/.vscode/extensions/visualstudioexptteam.intellicode-api-usage-examples-0.2.8/dist/extension.js:2:398068
	at re (/home/andojas/.vscode/extensions/visualstudioexptteam.intellicode-api-usage-examples-0.2.8/dist/extension.js:2:398362)
	at /home/andojas/.vscode/extensions/visualstudioexptteam.intellicode-api-usage-examples-0.2.8/dist/extension.js:2:393146
	at Immediate.<anonymous> (/home/andojas/.vscode/extensions/visualstudioexptteam.intellicode-api-usage-examples-0.2.8/dist/extension.js:2:393166)
	at process.processImmediate (node:internal/timers:478:21)
2024-07-14 23:19:39.142 [error] Unhandled method getIdAtPosition: Error: Unhandled method getIdAtPosition
	at /home/andojas/.vscode/extensions/visualstudioexptteam.intellicode-api-usage-examples-0.2.8/dist/extension.js:2:398068
	at re (/home/andojas/.vscode/extensions/visualstudioexptteam.intellicode-api-usage-examples-0.2.8/dist/extension.js:2:398362)
	at /home/andojas/.vscode/extensions/visualstudioexptteam.intellicode-api-usage-examples-0.2.8/dist/extension.js:2:393146
	at Immediate.<anonymous> (/home/andojas/.vscode/extensions/visualstudioexptteam.intellicode-api-usage-examples-0.2.8/dist/extension.js:2:393166)
	at process.processImmediate (node:internal/timers:478:21)
2024-07-14 23:19:44.265 [error] Unhandled method getIdAtPosition: Error: Unhandled method getIdAtPosition
	at /home/andojas/.vscode/extensions/visualstudioexptteam.intellicode-api-usage-examples-0.2.8/dist/extension.js:2:398068
	at re (/home/andojas/.vscode/extensions/visualstudioexptteam.intellicode-api-usage-examples-0.2.8/dist/extension.js:2:398362)
	at /home/andojas/.vscode/extensions/visualstudioexptteam.intellicode-api-usage-examples-0.2.8/dist/extension.js:2:393146
	at Immediate.<anonymous> (/home/andojas/.vscode/extensions/visualstudioexptteam.intellicode-api-usage-examples-0.2.8/dist/extension.js:2:393166)
	at process.processImmediate (node:internal/timers:478:21)
2024-07-14 23:19:49.370 [error] Unhandled method getIdAtPosition: Error: Unhandled method getIdAtPosition
	at /home/andojas/.vscode/extensions/visualstudioexptteam.intellicode-api-usage-examples-0.2.8/dist/extension.js:2:398068
	at re (/home/andojas/.vscode/extensions/visualstudioexptteam.intellicode-api-usage-examples-0.2.8/dist/extension.js:2:398362)
	at /home/andojas/.vscode/extensions/visualstudioexptteam.intellicode-api-usage-examples-0.2.8/dist/extension.js:2:393146
	at Immediate.<anonymous> (/home/andojas/.vscode/extensions/visualstudioexptteam.intellicode-api-usage-examples-0.2.8/dist/extension.js:2:393166)
	at process.processImmediate (node:internal/timers:478:21)
2024-07-14 23:19:57.265 [error] [Extension Host] (node:13428) MaxListenersExceededWarning: Possible EventEmitter memory leak detected. 11 uncaughtException listeners added to [process]. Use emitter.setMaxListeners() to increase limit
(Use `exe --trace-warnings ...` to show where the warning was created)
2024-07-14 23:21:10.663 [error] Unhandled method getIdAtPosition: Error: Unhandled method getIdAtPosition
	at /home/andojas/.vscode/extensions/visualstudioexptteam.intellicode-api-usage-examples-0.2.8/dist/extension.js:2:398068
	at re (/home/andojas/.vscode/extensions/visualstudioexptteam.intellicode-api-usage-examples-0.2.8/dist/extension.js:2:398362)
	at /home/andojas/.vscode/extensions/visualstudioexptteam.intellicode-api-usage-examples-0.2.8/dist/extension.js:2:393146
	at Immediate.<anonymous> (/home/andojas/.vscode/extensions/visualstudioexptteam.intellicode-api-usage-examples-0.2.8/dist/extension.js:2:393166)
	at process.processImmediate (node:internal/timers:478:21)
2024-07-14 23:21:15.354 [error] Unhandled method getIdAtPosition: Error: Unhandled method getIdAtPosition
	at /home/andojas/.vscode/extensions/visualstudioexptteam.intellicode-api-usage-examples-0.2.8/dist/extension.js:2:398068
	at re (/home/andojas/.vscode/extensions/visualstudioexptteam.intellicode-api-usage-examples-0.2.8/dist/extension.js:2:398362)
	at /home/andojas/.vscode/extensions/visualstudioexptteam.intellicode-api-usage-examples-0.2.8/dist/extension.js:2:393146
	at Immediate.<anonymous> (/home/andojas/.vscode/extensions/visualstudioexptteam.intellicode-api-usage-examples-0.2.8/dist/extension.js:2:393166)
	at process.processImmediate (node:internal/timers:478:21)
2024-07-14 23:21:36.628 [error] Unhandled method getIdAtPosition: Error: Unhandled method getIdAtPosition
	at /home/andojas/.vscode/extensions/visualstudioexptteam.intellicode-api-usage-examples-0.2.8/dist/extension.js:2:398068
	at re (/home/andojas/.vscode/extensions/visualstudioexptteam.intellicode-api-usage-examples-0.2.8/dist/extension.js:2:398362)
	at /home/andojas/.vscode/extensions/visualstudioexptteam.intellicode-api-usage-examples-0.2.8/dist/extension.js:2:393146
	at Immediate.<anonymous> (/home/andojas/.vscode/extensions/visualstudioexptteam.intellicode-api-usage-examples-0.2.8/dist/extension.js:2:393166)
	at process.processImmediate (node:internal/timers:478:21)
2024-07-14 23:21:38.818 [error] Unhandled method getIdAtPosition: Error: Unhandled method getIdAtPosition
	at /home/andojas/.vscode/extensions/visualstudioexptteam.intellicode-api-usage-examples-0.2.8/dist/extension.js:2:398068
	at re (/home/andojas/.vscode/extensions/visualstudioexptteam.intellicode-api-usage-examples-0.2.8/dist/extension.js:2:398362)
	at /home/andojas/.vscode/extensions/visualstudioexptteam.intellicode-api-usage-examples-0.2.8/dist/extension.js:2:393146
	at Immediate.<anonymous> (/home/andojas/.vscode/extensions/visualstudioexptteam.intellicode-api-usage-examples-0.2.8/dist/extension.js:2:393166)
	at process.processImmediate (node:internal/timers:478:21)
