2024-07-14 23:23:34.097 [info] Started local extension host with pid 19678.
2024-07-14 23:23:34.381 [warning] [twxs.cmake]: Cannot register 'cmake.cmakePath'. This property is already registered.
2024-07-14 23:23:36.566 [error] Unhandled method getIdAtPosition: Error: Unhandled method getIdAtPosition
	at /home/andojas/.vscode/extensions/visualstudioexptteam.intellicode-api-usage-examples-0.2.8/dist/extension.js:2:398068
	at re (/home/andojas/.vscode/extensions/visualstudioexptteam.intellicode-api-usage-examples-0.2.8/dist/extension.js:2:398362)
	at /home/andojas/.vscode/extensions/visualstudioexptteam.intellicode-api-usage-examples-0.2.8/dist/extension.js:2:393146
	at Immediate.<anonymous> (/home/andojas/.vscode/extensions/visualstudioexptteam.intellicode-api-usage-examples-0.2.8/dist/extension.js:2:393166)
	at process.processImmediate (node:internal/timers:478:21)
2024-07-14 23:23:36.720 [info] [perf] Render performance baseline is 17ms
2024-07-14 23:23:37.177 [warning] [cmake-tools]: Couldn't find message for key cmake-tools.configuration.cmake.deleteBuildDirOnCleanCconfigure.description.
2024-07-14 23:23:43.036 [error] Connection got disposed.: Error: Connection got disposed.
	at Object.dispose (/home/andojas/.vscode/extensions/angular.ng-template-18.1.2/node_modules/vscode-jsonrpc/lib/common/connection.js:1044:27)
	at Object.dispose (/home/andojas/.vscode/extensions/angular.ng-template-18.1.2/node_modules/vscode-languageclient/lib/common/client.js:73:35)
	at LanguageClient.handleConnectionClosed (/home/andojas/.vscode/extensions/angular.ng-template-18.1.2/node_modules/vscode-languageclient/lib/common/client.js:2424:42)
	at LanguageClient.handleConnectionClosed (/home/andojas/.vscode/extensions/angular.ng-template-18.1.2/node_modules/vscode-languageclient/lib/node/main.js:155:15)
	at closeHandler (/home/andojas/.vscode/extensions/angular.ng-template-18.1.2/node_modules/vscode-languageclient/lib/common/client.js:2411:18)
	at CallbackList.invoke (/home/andojas/.vscode/extensions/angular.ng-template-18.1.2/node_modules/vscode-jsonrpc/lib/common/events.js:55:39)
	at Emitter.fire (/home/andojas/.vscode/extensions/angular.ng-template-18.1.2/node_modules/vscode-jsonrpc/lib/common/events.js:117:36)
	at closeHandler (/home/andojas/.vscode/extensions/angular.ng-template-18.1.2/node_modules/vscode-jsonrpc/lib/common/connection.js:256:26)
	at CallbackList.invoke (/home/andojas/.vscode/extensions/angular.ng-template-18.1.2/node_modules/vscode-jsonrpc/lib/common/events.js:55:39)
	at Emitter.fire (/home/andojas/.vscode/extensions/angular.ng-template-18.1.2/node_modules/vscode-jsonrpc/lib/common/events.js:117:36)
	at IPCMessageReader.fireClose (/home/andojas/.vscode/extensions/angular.ng-template-18.1.2/node_modules/vscode-jsonrpc/lib/common/messageReader.js:40:27)
	at ChildProcess.<anonymous> (/home/andojas/.vscode/extensions/angular.ng-template-18.1.2/node_modules/vscode-jsonrpc/lib/node/main.js:33:45)
	at ChildProcess.emit (node:events:526:35)
	at maybeClose (node:internal/child_process:1105:16)
	at ChildProcess._handle.onexit (node:internal/child_process:305:5)
2024-07-14 23:23:43.037 [error] Unhandled method getIdAtPosition: Error: Unhandled method getIdAtPosition
	at /home/andojas/.vscode/extensions/visualstudioexptteam.intellicode-api-usage-examples-0.2.8/dist/extension.js:2:398068
	at re (/home/andojas/.vscode/extensions/visualstudioexptteam.intellicode-api-usage-examples-0.2.8/dist/extension.js:2:398362)
	at /home/andojas/.vscode/extensions/visualstudioexptteam.intellicode-api-usage-examples-0.2.8/dist/extension.js:2:393146
	at Immediate.<anonymous> (/home/andojas/.vscode/extensions/visualstudioexptteam.intellicode-api-usage-examples-0.2.8/dist/extension.js:2:393166)
	at process.processImmediate (node:internal/timers:478:21)
2024-07-14 23:23:48.239 [error] Unhandled method getIdAtPosition: Error: Unhandled method getIdAtPosition
	at /home/andojas/.vscode/extensions/visualstudioexptteam.intellicode-api-usage-examples-0.2.8/dist/extension.js:2:398068
	at re (/home/andojas/.vscode/extensions/visualstudioexptteam.intellicode-api-usage-examples-0.2.8/dist/extension.js:2:398362)
	at /home/andojas/.vscode/extensions/visualstudioexptteam.intellicode-api-usage-examples-0.2.8/dist/extension.js:2:393146
	at Immediate.<anonymous> (/home/andojas/.vscode/extensions/visualstudioexptteam.intellicode-api-usage-examples-0.2.8/dist/extension.js:2:393166)
	at process.processImmediate (node:internal/timers:478:21)
2024-07-14 23:23:51.841 [error] Unhandled method getIdAtPosition: Error: Unhandled method getIdAtPosition
	at /home/andojas/.vscode/extensions/visualstudioexptteam.intellicode-api-usage-examples-0.2.8/dist/extension.js:2:398068
	at re (/home/andojas/.vscode/extensions/visualstudioexptteam.intellicode-api-usage-examples-0.2.8/dist/extension.js:2:398362)
	at /home/andojas/.vscode/extensions/visualstudioexptteam.intellicode-api-usage-examples-0.2.8/dist/extension.js:2:393146
	at Immediate.<anonymous> (/home/andojas/.vscode/extensions/visualstudioexptteam.intellicode-api-usage-examples-0.2.8/dist/extension.js:2:393166)
	at process.processImmediate (node:internal/timers:478:21)
2024-07-14 23:23:53.077 [error] Unhandled method getIdAtPosition: Error: Unhandled method getIdAtPosition
	at /home/andojas/.vscode/extensions/visualstudioexptteam.intellicode-api-usage-examples-0.2.8/dist/extension.js:2:398068
	at re (/home/andojas/.vscode/extensions/visualstudioexptteam.intellicode-api-usage-examples-0.2.8/dist/extension.js:2:398362)
	at /home/andojas/.vscode/extensions/visualstudioexptteam.intellicode-api-usage-examples-0.2.8/dist/extension.js:2:393146
	at Immediate.<anonymous> (/home/andojas/.vscode/extensions/visualstudioexptteam.intellicode-api-usage-examples-0.2.8/dist/extension.js:2:393166)
	at process.processImmediate (node:internal/timers:478:21)
2024-07-14 23:23:54.380 [error] Unhandled method getIdAtPosition: Error: Unhandled method getIdAtPosition
	at /home/andojas/.vscode/extensions/visualstudioexptteam.intellicode-api-usage-examples-0.2.8/dist/extension.js:2:398068
	at re (/home/andojas/.vscode/extensions/visualstudioexptteam.intellicode-api-usage-examples-0.2.8/dist/extension.js:2:398362)
	at /home/andojas/.vscode/extensions/visualstudioexptteam.intellicode-api-usage-examples-0.2.8/dist/extension.js:2:393146
	at Immediate.<anonymous> (/home/andojas/.vscode/extensions/visualstudioexptteam.intellicode-api-usage-examples-0.2.8/dist/extension.js:2:393166)
	at process.processImmediate (node:internal/timers:478:21)
2024-07-14 23:24:15.522 [error] Unhandled method getIdAtPosition: Error: Unhandled method getIdAtPosition
	at /home/andojas/.vscode/extensions/visualstudioexptteam.intellicode-api-usage-examples-0.2.8/dist/extension.js:2:398068
	at re (/home/andojas/.vscode/extensions/visualstudioexptteam.intellicode-api-usage-examples-0.2.8/dist/extension.js:2:398362)
	at /home/andojas/.vscode/extensions/visualstudioexptteam.intellicode-api-usage-examples-0.2.8/dist/extension.js:2:393146
	at Immediate.<anonymous> (/home/andojas/.vscode/extensions/visualstudioexptteam.intellicode-api-usage-examples-0.2.8/dist/extension.js:2:393166)
	at process.processImmediate (node:internal/timers:478:21)
2024-07-14 23:24:29.186 [error] Unhandled method getIdAtPosition: Error: Unhandled method getIdAtPosition
	at /home/andojas/.vscode/extensions/visualstudioexptteam.intellicode-api-usage-examples-0.2.8/dist/extension.js:2:398068
	at re (/home/andojas/.vscode/extensions/visualstudioexptteam.intellicode-api-usage-examples-0.2.8/dist/extension.js:2:398362)
	at /home/andojas/.vscode/extensions/visualstudioexptteam.intellicode-api-usage-examples-0.2.8/dist/extension.js:2:393146
	at Immediate.<anonymous> (/home/andojas/.vscode/extensions/visualstudioexptteam.intellicode-api-usage-examples-0.2.8/dist/extension.js:2:393166)
	at process.processImmediate (node:internal/timers:478:21)
2024-07-14 23:24:30.563 [error] Unhandled method getIdAtPosition: Error: Unhandled method getIdAtPosition
	at /home/andojas/.vscode/extensions/visualstudioexptteam.intellicode-api-usage-examples-0.2.8/dist/extension.js:2:398068
	at re (/home/andojas/.vscode/extensions/visualstudioexptteam.intellicode-api-usage-examples-0.2.8/dist/extension.js:2:398362)
	at /home/andojas/.vscode/extensions/visualstudioexptteam.intellicode-api-usage-examples-0.2.8/dist/extension.js:2:393146
	at Immediate.<anonymous> (/home/andojas/.vscode/extensions/visualstudioexptteam.intellicode-api-usage-examples-0.2.8/dist/extension.js:2:393166)
	at process.processImmediate (node:internal/timers:478:21)
2024-07-14 23:25:33.588 [error] Unhandled method getIdAtPosition: Error: Unhandled method getIdAtPosition
	at /home/andojas/.vscode/extensions/visualstudioexptteam.intellicode-api-usage-examples-0.2.8/dist/extension.js:2:398068
	at re (/home/andojas/.vscode/extensions/visualstudioexptteam.intellicode-api-usage-examples-0.2.8/dist/extension.js:2:398362)
	at /home/andojas/.vscode/extensions/visualstudioexptteam.intellicode-api-usage-examples-0.2.8/dist/extension.js:2:393146
	at Immediate.<anonymous> (/home/andojas/.vscode/extensions/visualstudioexptteam.intellicode-api-usage-examples-0.2.8/dist/extension.js:2:393166)
	at process.processImmediate (node:internal/timers:478:21)
