2024-07-14 23:23:33.962 [info] Added views:workbench.panel.markers.view in workbench.panel.markers
2024-07-14 23:23:33.962 [info] Added views:workbench.panel.output in workbench.panel.output
2024-07-14 23:23:33.962 [info] Added views:terminal in terminal
2024-07-14 23:23:33.962 [info] Added views:outline in workbench.view.explorer
2024-07-14 23:23:33.962 [info] Added views:workbench.scm in workbench.view.scm
2024-07-14 23:23:33.962 [info] Added views:workbench.view.search in workbench.view.search
2024-07-14 23:23:33.962 [info] Added views:timeline in workbench.view.explorer
2024-07-14 23:23:33.962 [info] Added views:workbench.explorer.fileView in workbench.view.explorer
2024-07-14 23:23:34.086 [info] Added views:workbench.debug.variablesView,workbench.debug.watchExpressionsView,workbench.debug.callStackView,workbench.debug.breakPointsView in workbench.view.debug
2024-07-14 23:23:34.419 [info] Added views:platformio-ide.quickAccess in workbench.view.extension.platformio
2024-07-14 23:23:34.419 [info] Added views:platformio-debug.peripherals,platformio-debug.registers,platformio-debug.memory,platformio-debug.disassembly in workbench.view.debug
2024-07-14 23:23:34.493 [info] Added views:workbench.panel.repl.view in workbench.panel.repl
2024-07-14 23:23:35.393 [info] Added views:~remote.forwardedPorts in ~remote.forwardedPortsContainer
2024-07-14 23:23:35.483 [info] Added views:workbench.view.testing in workbench.view.extension.test
2024-07-14 23:23:51.780 [info] Added views:javaProjectExplorer in workbench.view.explorer
2024-07-14 23:23:53.204 [info] Added views:platformio-ide.projectTasks in workbench.view.extension.platformio
2024-07-14 23:23:56.162 [info] Added views:workbench.debug.loadedScriptsView in workbench.view.debug
2024-07-14 23:23:57.749 [info] Added views:jsBrowserBreakpoints in workbench.view.debug
2024-07-14 23:23:59.101 [info] Removed views:workbench.debug.loadedScriptsView from workbench.view.debug
2024-07-14 23:24:01.554 [info] Removed views:jsBrowserBreakpoints from workbench.view.debug
2024-07-14 23:24:01.562 [info] Added views:workbench.debug.loadedScriptsView in workbench.view.debug
2024-07-14 23:24:03.081 [info] Added views:jsBrowserBreakpoints in workbench.view.debug
2024-07-14 23:25:36.927 [info] Removed views:workbench.debug.loadedScriptsView from workbench.view.debug
2024-07-15 16:12:14.539 [info] Removed views:workbench.view.testing from workbench.view.extension.test
