2024-07-15 16:05:10.960 [info] Extension host with pid 22660 started
2024-07-15 16:05:11.090 [info] ExtensionService#_doActivateExtension vscode.git-base, startup: true, activationEvent: '*', root cause: vscode.git
2024-07-15 16:05:11.116 [info] ExtensionService#_doActivateExtension vscode.git, startup: true, activationEvent: '*'
2024-07-15 16:05:11.134 [info] ExtensionService#_doActivateExtension vscode.github, startup: true, activationEvent: '*'
2024-07-15 16:05:11.166 [info] Eager extensions activated
2024-07-15 16:05:11.177 [info] ExtensionService#_doActivateExtension vscode.debug-auto-launch, startup: false, activationEvent: 'onStartupFinished'
2024-07-15 16:05:11.178 [info] ExtensionService#_doActivateExtension vscode.merge-conflict, startup: false, activationEvent: 'onStartupFinished'
2024-07-15 16:05:11.182 [info] ExtensionService#_doActivateExtension dbaeumer.vscode-eslint, startup: false, activationEvent: 'onStartupFinished'
2024-07-15 16:05:15.761 [info] ExtensionService#_doActivateExtension ms-vscode.cpptools, startup: false, activationEvent: 'onView:platformio-ide.quickAccess', root cause: platformio.platformio-ide
2024-07-15 16:05:15.973 [info] ExtensionService#_doActivateExtension platformio.platformio-ide, startup: false, activationEvent: 'onView:platformio-ide.quickAccess'
2024-07-15 16:05:32.657 [info] Extension host terminating: renderer closed the MessagePort
2024-07-15 16:05:32.682 [error] Canceled: Canceled
	at new I (/usr/share/code/resources/app/out/vs/workbench/api/node/extensionHostProcess.js:144:34990)
	at S.U (/usr/share/code/resources/app/out/vs/workbench/api/node/extensionHostProcess.js:151:6023)
	at z.<computed>.F.charCodeAt.T.CharCode.DollarSign.z.<computed> (/usr/share/code/resources/app/out/vs/workbench/api/node/extensionHostProcess.js:151:3107)
	at f.g (/usr/share/code/resources/app/out/vs/workbench/api/node/extensionHostProcess.js:154:203861)
	at f.executeCommand (/usr/share/code/resources/app/out/vs/workbench/api/node/extensionHostProcess.js:154:203299)
	at A.registerCommand.description (/usr/share/code/resources/app/out/vs/workbench/api/node/extensionHostProcess.js:154:202623)
	at f.h (/usr/share/code/resources/app/out/vs/workbench/api/node/extensionHostProcess.js:154:204400)
	at f.g (/usr/share/code/resources/app/out/vs/workbench/api/node/extensionHostProcess.js:154:203392)
	at f.executeCommand (/usr/share/code/resources/app/out/vs/workbench/api/node/extensionHostProcess.js:154:203299)
	at Object.executeCommand (/usr/share/code/resources/app/out/vs/workbench/api/node/extensionHostProcess.js:164:23051)
	at Object.disposeLocalSubscriptions (/home/andojas/.vscode/extensions/platformio.platformio-ide-3.3.3-linux-x64/dist/extension.js:1:47245)
	at Object.deactivate (/home/andojas/.vscode/extensions/platformio.platformio-ide-3.3.3-linux-x64/dist/extension.js:1:47395)
	at Module.V (/home/andojas/.vscode/extensions/platformio.platformio-ide-3.3.3-linux-x64/dist/extension.js:1:47477)
	at m.eb (/usr/share/code/resources/app/out/vs/workbench/api/node/extensionHostProcess.js:160:9844)
	at /usr/share/code/resources/app/out/vs/workbench/api/node/extensionHostProcess.js:160:7915
	at Array.map (<anonymous>)
	at m.$ (/usr/share/code/resources/app/out/vs/workbench/api/node/extensionHostProcess.js:160:7902)
	at m.terminate (/usr/share/code/resources/app/out/vs/workbench/api/node/extensionHostProcess.js:160:8175)
	at d.terminate (/usr/share/code/resources/app/out/vs/workbench/api/node/extensionHostProcess.js:164:1513)
	at i (/usr/share/code/resources/app/out/vs/workbench/api/node/extensionHostProcess.js:177:10617)
	at MessagePortMain.<anonymous> (/usr/share/code/resources/app/out/vs/workbench/api/node/extensionHostProcess.js:177:6809)
	at MessagePortMain.emit (node:events:514:28)
	at MessagePortMain.emit (node:domain:488:12)
	at MessagePortMain._internalPort.emit (node:electron/js2c/utility_init:2:2285) setContext undefined
2024-07-15 16:05:32.683 [error] Canceled: Canceled
	at new I (/usr/share/code/resources/app/out/vs/workbench/api/node/extensionHostProcess.js:144:34990)
	at S.U (/usr/share/code/resources/app/out/vs/workbench/api/node/extensionHostProcess.js:151:6023)
	at z.<computed>.F.charCodeAt.T.CharCode.DollarSign.z.<computed> (/usr/share/code/resources/app/out/vs/workbench/api/node/extensionHostProcess.js:151:3107)
	at f.g (/usr/share/code/resources/app/out/vs/workbench/api/node/extensionHostProcess.js:154:203861)
	at f.executeCommand (/usr/share/code/resources/app/out/vs/workbench/api/node/extensionHostProcess.js:154:203299)
	at A.registerCommand.description (/usr/share/code/resources/app/out/vs/workbench/api/node/extensionHostProcess.js:154:202623)
	at f.h (/usr/share/code/resources/app/out/vs/workbench/api/node/extensionHostProcess.js:154:204400)
	at f.g (/usr/share/code/resources/app/out/vs/workbench/api/node/extensionHostProcess.js:154:203392)
	at f.executeCommand (/usr/share/code/resources/app/out/vs/workbench/api/node/extensionHostProcess.js:154:203299)
	at Object.executeCommand (/usr/share/code/resources/app/out/vs/workbench/api/node/extensionHostProcess.js:164:23051)
	at Object.disposeLocalSubscriptions (/home/andojas/.vscode/extensions/platformio.platformio-ide-3.3.3-linux-x64/dist/extension.js:1:47305)
	at Object.deactivate (/home/andojas/.vscode/extensions/platformio.platformio-ide-3.3.3-linux-x64/dist/extension.js:1:47395)
	at Module.V (/home/andojas/.vscode/extensions/platformio.platformio-ide-3.3.3-linux-x64/dist/extension.js:1:47477)
	at m.eb (/usr/share/code/resources/app/out/vs/workbench/api/node/extensionHostProcess.js:160:9844)
	at /usr/share/code/resources/app/out/vs/workbench/api/node/extensionHostProcess.js:160:7915
	at Array.map (<anonymous>)
	at m.$ (/usr/share/code/resources/app/out/vs/workbench/api/node/extensionHostProcess.js:160:7902)
	at m.terminate (/usr/share/code/resources/app/out/vs/workbench/api/node/extensionHostProcess.js:160:8175)
	at d.terminate (/usr/share/code/resources/app/out/vs/workbench/api/node/extensionHostProcess.js:164:1513)
	at i (/usr/share/code/resources/app/out/vs/workbench/api/node/extensionHostProcess.js:177:10617)
	at MessagePortMain.<anonymous> (/usr/share/code/resources/app/out/vs/workbench/api/node/extensionHostProcess.js:177:6809)
	at MessagePortMain.emit (node:events:514:28)
	at MessagePortMain.emit (node:domain:488:12)
	at MessagePortMain._internalPort.emit (node:electron/js2c/utility_init:2:2285) setContext undefined
2024-07-15 16:05:32.705 [info] Extension host with pid 22660 exiting with code 0
2024-07-15 16:05:33.955 [info] Extension host with pid 22769 started
2024-07-15 16:05:33.955 [info] Skipping acquiring lock for /home/andojas/.config/Code/User/workspaceStorage/92ab30f2ab219bb95d65ac679888433f.
2024-07-15 16:05:34.164 [info] ExtensionService#_doActivateExtension vscode.emmet, startup: false, activationEvent: 'onLanguage'
2024-07-15 16:05:34.173 [info] ExtensionService#_doActivateExtension ms-vscode.cpptools, startup: false, activationEvent: 'onLanguage:cpp'
2024-07-15 16:05:34.797 [info] ExtensionService#_doActivateExtension vscode.configuration-editing, startup: false, activationEvent: 'onLanguage:json'
2024-07-15 16:05:34.799 [info] ExtensionService#_doActivateExtension vscode.extension-editing, startup: false, activationEvent: 'onLanguage:json'
2024-07-15 16:05:34.802 [info] ExtensionService#_doActivateExtension vscode.json-language-features, startup: false, activationEvent: 'onLanguage:json'
2024-07-15 16:05:34.815 [info] ExtensionService#_doActivateExtension vscode.npm, startup: false, activationEvent: 'onLanguage:json'
2024-07-15 16:05:34.849 [info] ExtensionService#_doActivateExtension vscode.typescript-language-features, startup: false, activationEvent: 'onLanguage:jsonc'
2024-07-15 16:05:34.869 [info] ExtensionService#_doActivateExtension vscode.git-base, startup: true, activationEvent: '*', root cause: vscode.git
2024-07-15 16:05:34.974 [info] ExtensionService#_doActivateExtension vscode.git, startup: true, activationEvent: '*'
2024-07-15 16:05:34.991 [info] ExtensionService#_doActivateExtension vscode.github, startup: true, activationEvent: '*'
2024-07-15 16:05:35.016 [info] ExtensionService#_doActivateExtension platformio.platformio-ide, startup: true, activationEvent: 'workspaceContains:**/platformio.ini'
2024-07-15 16:05:35.100 [info] Eager extensions activated
2024-07-15 16:05:35.114 [info] ExtensionService#_doActivateExtension vscode.debug-auto-launch, startup: false, activationEvent: 'onStartupFinished'
2024-07-15 16:05:35.114 [info] ExtensionService#_doActivateExtension vscode.merge-conflict, startup: false, activationEvent: 'onStartupFinished'
2024-07-15 16:05:35.118 [info] ExtensionService#_doActivateExtension dbaeumer.vscode-eslint, startup: false, activationEvent: 'onStartupFinished'
2024-07-15 16:05:41.416 [info] ExtensionService#_doActivateExtension vscode.grunt, startup: false, activationEvent: 'onTaskType:grunt'
2024-07-15 16:05:41.418 [info] ExtensionService#_doActivateExtension vscode.gulp, startup: false, activationEvent: 'onTaskType:gulp'
2024-07-15 16:05:41.419 [info] ExtensionService#_doActivateExtension vscode.jake, startup: false, activationEvent: 'onTaskType:jake'
2024-07-15 16:05:41.421 [info] ExtensionService#_doActivateExtension ms-vscode.cmake-tools, startup: false, activationEvent: 'onTaskType:cmake'
2024-07-15 16:05:41.487 [info] ExtensionService#_doActivateExtension vscjava.vscode-java-dependency, startup: false, activationEvent: 'onTaskType:java (buildArtifact)'
2024-07-15 16:05:41.576 [info] ExtensionService#_doActivateExtension redhat.java, startup: false, activationEvent: 'api', root cause: vscjava.vscode-java-dependency
2024-07-15 16:05:41.851 [warning] [redhat.java] Accessing a resource scoped configuration without providing a resource is not expected. To get the effective value for '[java]', provide the URI of a resource or 'null' for any resource.
2024-07-15 16:05:41.932 [warning] [redhat.java] Accessing a resource scoped configuration without providing a resource is not expected. To get the effective value for '[java]', provide the URI of a resource or 'null' for any resource.
2024-07-15 16:39:22.465 [error] Error: No such branch: master.
	at F.getBranch (/usr/share/code/resources/app/extensions/git/dist/main.js:2:935457)
	at async T.retryRun (/usr/share/code/resources/app/extensions/git/dist/main.js:2:1028191)
	at async T.run (/usr/share/code/resources/app/extensions/git/dist/main.js:2:1027795)
	at async T.getBranch (/usr/share/code/resources/app/extensions/git/dist/main.js:2:1016176)
	at async T.getBranchBase (/usr/share/code/resources/app/extensions/git/dist/main.js:2:1016462)
	at async t.GitHistoryProvider.resolveHEADMergeBase (/usr/share/code/resources/app/extensions/git/dist/main.js:2:945925)
	at async t.GitHistoryProvider.onDidRunGitStatus (/usr/share/code/resources/app/extensions/git/dist/main.js:2:940157)
2024-07-15 16:39:23.934 [error] Error: No such branch: master.
	at F.getBranch (/usr/share/code/resources/app/extensions/git/dist/main.js:2:935457)
	at async T.retryRun (/usr/share/code/resources/app/extensions/git/dist/main.js:2:1028191)
	at async T.run (/usr/share/code/resources/app/extensions/git/dist/main.js:2:1027795)
	at async T.getBranch (/usr/share/code/resources/app/extensions/git/dist/main.js:2:1016176)
	at async T.getBranchBase (/usr/share/code/resources/app/extensions/git/dist/main.js:2:1016462)
	at async t.GitHistoryProvider.resolveHEADMergeBase (/usr/share/code/resources/app/extensions/git/dist/main.js:2:945925)
	at async t.GitHistoryProvider.onDidRunGitStatus (/usr/share/code/resources/app/extensions/git/dist/main.js:2:940157)
2024-07-15 16:39:31.603 [error] Error: No such branch: master.
	at F.getBranch (/usr/share/code/resources/app/extensions/git/dist/main.js:2:935457)
	at async T.retryRun (/usr/share/code/resources/app/extensions/git/dist/main.js:2:1028191)
	at async T.run (/usr/share/code/resources/app/extensions/git/dist/main.js:2:1027795)
	at async T.getBranch (/usr/share/code/resources/app/extensions/git/dist/main.js:2:1016176)
	at async T.getBranchBase (/usr/share/code/resources/app/extensions/git/dist/main.js:2:1016462)
	at async t.GitHistoryProvider.resolveHEADMergeBase (/usr/share/code/resources/app/extensions/git/dist/main.js:2:945925)
	at async t.GitHistoryProvider.onDidRunGitStatus (/usr/share/code/resources/app/extensions/git/dist/main.js:2:940157)
2024-07-15 21:30:12.152 [warning] ms-vscode.cpptools - Code actions of kind 'quickfix' requested but returned code action is of kind 'refactor.extract.function'. Code action will be dropped. Please check 'CodeActionContext.only' to only return requested code actions.
2024-07-15 21:30:12.759 [warning] ms-vscode.cpptools - Code actions of kind 'quickfix' requested but returned code action is of kind 'refactor.extract.function'. Code action will be dropped. Please check 'CodeActionContext.only' to only return requested code actions.
2024-07-16 09:48:47.776 [warning] ms-vscode.cpptools - Code actions of kind 'quickfix' requested but returned code action is of kind 'refactor.extract.function'. Code action will be dropped. Please check 'CodeActionContext.only' to only return requested code actions.
2024-07-16 09:48:51.982 [warning] ms-vscode.cpptools - Code actions of kind 'quickfix' requested but returned code action is of kind 'refactor.extract.function'. Code action will be dropped. Please check 'CodeActionContext.only' to only return requested code actions.
2024-07-16 10:10:39.318 [warning] ms-vscode.cpptools - Code actions of kind 'quickfix' requested but returned code action is of kind 'refactor.extract.function'. Code action will be dropped. Please check 'CodeActionContext.only' to only return requested code actions.
2024-07-16 10:10:45.359 [warning] ms-vscode.cpptools - Code actions of kind 'quickfix' requested but returned code action is of kind 'refactor.extract.function'. Code action will be dropped. Please check 'CodeActionContext.only' to only return requested code actions.
2024-07-16 10:11:06.460 [warning] ms-vscode.cpptools - Code actions of kind 'quickfix' requested but returned code action is of kind 'refactor.extract.function'. Code action will be dropped. Please check 'CodeActionContext.only' to only return requested code actions.
2024-07-16 10:32:42.575 [warning] ms-vscode.cpptools - Code actions of kind 'quickfix' requested but returned code action is of kind 'refactor.extract.function'. Code action will be dropped. Please check 'CodeActionContext.only' to only return requested code actions.
