2024-07-14 22:30:52.582 [info] Extension host with pid 13428 started
2024-07-14 22:30:52.582 [info] Skipping acquiring lock for /home/andojas/.config/Code/User/workspaceStorage/be03bdc5636572565a645d5ccef04fee.
2024-07-14 22:30:52.694 [info] ExtensionService#_doActivateExtension vscode.emmet, startup: false, activationEvent: 'onLanguage'
2024-07-14 22:30:52.698 [info] ExtensionService#_doActivateExtension vscode.configuration-editing, startup: false, activationEvent: 'onLanguage:jsonc'
2024-07-14 22:30:52.701 [info] ExtensionService#_doActivateExtension vscode.json-language-features, startup: false, activationEvent: 'onLanguage:jsonc'
2024-07-14 22:30:52.714 [info] ExtensionService#_doActivateExtension vscode.typescript-language-features, startup: false, activationEvent: 'onLanguage:jsonc'
2024-07-14 22:30:52.976 [info] ExtensionService#_doActivateExtension vscode.git-base, startup: true, activationEvent: '*', root cause: vscode.git
2024-07-14 22:30:52.978 [info] ExtensionService#_doActivateExtension vscode.npm, startup: true, activationEvent: 'workspaceContains:package.json'
2024-07-14 22:30:53.041 [info] ExtensionService#_doActivateExtension vscode.git, startup: true, activationEvent: '*'
2024-07-14 22:30:53.060 [info] ExtensionService#_doActivateExtension vscode.github, startup: true, activationEvent: '*'
2024-07-14 22:30:53.097 [info] ExtensionService#_doActivateExtension ms-vscode.extension-test-runner, startup: true, activationEvent: 'workspaceContains:**/.vscode-test.{js,cjs,mjs}'
2024-07-14 22:30:53.113 [info] Eager extensions activated
2024-07-14 22:30:53.190 [info] ExtensionService#_doActivateExtension vscode.debug-auto-launch, startup: false, activationEvent: 'onStartupFinished'
2024-07-14 22:30:53.192 [info] ExtensionService#_doActivateExtension vscode.merge-conflict, startup: false, activationEvent: 'onStartupFinished'
2024-07-14 22:30:53.197 [info] ExtensionService#_doActivateExtension dbaeumer.vscode-eslint, startup: false, activationEvent: 'onStartupFinished'
2024-07-14 22:30:53.267 [info] ExtensionService#_doActivateExtension vscode.github-authentication, startup: false, activationEvent: 'onAuthenticationRequest:github'
2024-07-14 22:31:29.201 [info] ExtensionService#_doActivateExtension vscode.debug-server-ready, startup: false, activationEvent: 'onDebugResolve'
2024-07-14 22:31:29.202 [info] ExtensionService#_doActivateExtension ms-vscode.js-debug, startup: false, activationEvent: 'onDebugResolve:extensionHost'
2024-07-14 22:31:29.247 [info] ExtensionService#_doActivateExtension vscode.grunt, startup: false, activationEvent: 'onTaskType:grunt'
2024-07-14 22:31:29.248 [info] ExtensionService#_doActivateExtension vscode.gulp, startup: false, activationEvent: 'onTaskType:gulp'
2024-07-14 22:31:29.249 [info] ExtensionService#_doActivateExtension vscode.jake, startup: false, activationEvent: 'onTaskType:jake'
2024-07-14 22:31:29.249 [info] ExtensionService#_doActivateExtension ms-vscode.cmake-tools, startup: false, activationEvent: 'onTaskType:cmake'
2024-07-14 22:31:29.287 [info] ExtensionService#_doActivateExtension ms-vscode.cpptools, startup: false, activationEvent: 'onTaskType:cppbuild'
2024-07-14 22:31:29.327 [info] ExtensionService#_doActivateExtension vscjava.vscode-java-dependency, startup: false, activationEvent: 'onTaskType:java (buildArtifact)'
2024-07-14 22:31:29.379 [info] ExtensionService#_doActivateExtension redhat.java, startup: false, activationEvent: 'api', root cause: vscjava.vscode-java-dependency
2024-07-14 22:31:29.526 [info] ExtensionService#_doActivateExtension platformio.platformio-ide, startup: false, activationEvent: 'onTaskType:PlatformIO'
2024-07-14 22:31:29.616 [warning] [redhat.java] Accessing a resource scoped configuration without providing a resource is not expected. To get the effective value for '[java]', provide the URI of a resource or 'null' for any resource.
2024-07-14 22:31:29.645 [warning] [redhat.java] Accessing a resource scoped configuration without providing a resource is not expected. To get the effective value for '[java]', provide the URI of a resource or 'null' for any resource.
2024-07-14 22:31:29.807 [info] ExtensionService#_doActivateExtension vscode.extension-editing, startup: false, activationEvent: 'onLanguage:json'
2024-07-14 22:33:41.050 [info] ExtensionService#_doActivateExtension vscode.html-language-features, startup: false, activationEvent: 'onLanguage:html'
2024-07-14 22:33:41.061 [info] ExtensionService#_doActivateExtension Angular.ng-template, startup: false, activationEvent: 'onLanguage:html'
2024-07-14 22:35:12.792 [info] ExtensionService#_doActivateExtension vscode.css-language-features, startup: false, activationEvent: 'onLanguage:css'
2024-07-14 23:03:33.062 [info] ExtensionService#_doActivateExtension VisualStudioExptTeam.intellicode-api-usage-examples, startup: false, activationEvent: 'onLanguage:typescript'
2024-07-14 23:03:33.107 [info] ExtensionService#_doActivateExtension VisualStudioExptTeam.vscodeintellicode, startup: false, activationEvent: 'onLanguage:typescript'
2024-07-14 23:03:42.354 [error] [VisualStudioExptTeam.intellicode-api-usage-examples] provider FAILED
2024-07-14 23:03:42.354 [error] Error: Unhandled method getIdAtPosition
	at /home/andojas/.vscode/extensions/visualstudioexptteam.intellicode-api-usage-examples-0.2.8/dist/extension.js:2:398068
	at re (/home/andojas/.vscode/extensions/visualstudioexptteam.intellicode-api-usage-examples-0.2.8/dist/extension.js:2:398362)
	at /home/andojas/.vscode/extensions/visualstudioexptteam.intellicode-api-usage-examples-0.2.8/dist/extension.js:2:393146
	at Immediate.<anonymous> (/home/andojas/.vscode/extensions/visualstudioexptteam.intellicode-api-usage-examples-0.2.8/dist/extension.js:2:393166)
	at process.processImmediate (node:internal/timers:478:21)
2024-07-14 23:04:06.751 [error] [VisualStudioExptTeam.intellicode-api-usage-examples] provider FAILED
2024-07-14 23:04:06.751 [error] Error: Unhandled method getIdAtPosition
	at /home/andojas/.vscode/extensions/visualstudioexptteam.intellicode-api-usage-examples-0.2.8/dist/extension.js:2:398068
	at re (/home/andojas/.vscode/extensions/visualstudioexptteam.intellicode-api-usage-examples-0.2.8/dist/extension.js:2:398362)
	at /home/andojas/.vscode/extensions/visualstudioexptteam.intellicode-api-usage-examples-0.2.8/dist/extension.js:2:393146
	at Immediate.<anonymous> (/home/andojas/.vscode/extensions/visualstudioexptteam.intellicode-api-usage-examples-0.2.8/dist/extension.js:2:393166)
	at process.processImmediate (node:internal/timers:478:21)
2024-07-14 23:04:07.034 [error] [VisualStudioExptTeam.intellicode-api-usage-examples] provider FAILED
2024-07-14 23:04:07.035 [error] Error: Unhandled method getIdAtPosition
	at /home/andojas/.vscode/extensions/visualstudioexptteam.intellicode-api-usage-examples-0.2.8/dist/extension.js:2:398068
	at re (/home/andojas/.vscode/extensions/visualstudioexptteam.intellicode-api-usage-examples-0.2.8/dist/extension.js:2:398362)
	at /home/andojas/.vscode/extensions/visualstudioexptteam.intellicode-api-usage-examples-0.2.8/dist/extension.js:2:393146
	at Immediate.<anonymous> (/home/andojas/.vscode/extensions/visualstudioexptteam.intellicode-api-usage-examples-0.2.8/dist/extension.js:2:393166)
	at process.processImmediate (node:internal/timers:478:21)
2024-07-14 23:04:08.318 [error] [VisualStudioExptTeam.intellicode-api-usage-examples] provider FAILED
2024-07-14 23:04:08.318 [error] Error: Unhandled method getIdAtPosition
	at /home/andojas/.vscode/extensions/visualstudioexptteam.intellicode-api-usage-examples-0.2.8/dist/extension.js:2:398068
	at re (/home/andojas/.vscode/extensions/visualstudioexptteam.intellicode-api-usage-examples-0.2.8/dist/extension.js:2:398362)
	at /home/andojas/.vscode/extensions/visualstudioexptteam.intellicode-api-usage-examples-0.2.8/dist/extension.js:2:393146
	at Immediate.<anonymous> (/home/andojas/.vscode/extensions/visualstudioexptteam.intellicode-api-usage-examples-0.2.8/dist/extension.js:2:393166)
	at process.processImmediate (node:internal/timers:478:21)
2024-07-14 23:04:17.435 [error] [VisualStudioExptTeam.intellicode-api-usage-examples] provider FAILED
2024-07-14 23:04:17.435 [error] Error: Unhandled method getIdAtPosition
	at /home/andojas/.vscode/extensions/visualstudioexptteam.intellicode-api-usage-examples-0.2.8/dist/extension.js:2:398068
	at re (/home/andojas/.vscode/extensions/visualstudioexptteam.intellicode-api-usage-examples-0.2.8/dist/extension.js:2:398362)
	at /home/andojas/.vscode/extensions/visualstudioexptteam.intellicode-api-usage-examples-0.2.8/dist/extension.js:2:393146
	at Immediate.<anonymous> (/home/andojas/.vscode/extensions/visualstudioexptteam.intellicode-api-usage-examples-0.2.8/dist/extension.js:2:393166)
	at process.processImmediate (node:internal/timers:478:21)
2024-07-14 23:04:18.426 [error] [VisualStudioExptTeam.intellicode-api-usage-examples] provider FAILED
2024-07-14 23:04:18.426 [error] Error: Unhandled method getIdAtPosition
	at /home/andojas/.vscode/extensions/visualstudioexptteam.intellicode-api-usage-examples-0.2.8/dist/extension.js:2:398068
	at re (/home/andojas/.vscode/extensions/visualstudioexptteam.intellicode-api-usage-examples-0.2.8/dist/extension.js:2:398362)
	at /home/andojas/.vscode/extensions/visualstudioexptteam.intellicode-api-usage-examples-0.2.8/dist/extension.js:2:393146
	at Immediate.<anonymous> (/home/andojas/.vscode/extensions/visualstudioexptteam.intellicode-api-usage-examples-0.2.8/dist/extension.js:2:393166)
	at process.processImmediate (node:internal/timers:478:21)
2024-07-14 23:04:36.325 [error] [VisualStudioExptTeam.intellicode-api-usage-examples] provider FAILED
2024-07-14 23:04:36.325 [error] Error: Unhandled method getIdAtPosition
	at /home/andojas/.vscode/extensions/visualstudioexptteam.intellicode-api-usage-examples-0.2.8/dist/extension.js:2:398068
	at re (/home/andojas/.vscode/extensions/visualstudioexptteam.intellicode-api-usage-examples-0.2.8/dist/extension.js:2:398362)
	at /home/andojas/.vscode/extensions/visualstudioexptteam.intellicode-api-usage-examples-0.2.8/dist/extension.js:2:393146
	at Immediate.<anonymous> (/home/andojas/.vscode/extensions/visualstudioexptteam.intellicode-api-usage-examples-0.2.8/dist/extension.js:2:393166)
	at process.processImmediate (node:internal/timers:478:21)
2024-07-14 23:04:37.053 [error] [VisualStudioExptTeam.intellicode-api-usage-examples] provider FAILED
2024-07-14 23:04:37.053 [error] Error: Unhandled method getIdAtPosition
	at /home/andojas/.vscode/extensions/visualstudioexptteam.intellicode-api-usage-examples-0.2.8/dist/extension.js:2:398068
	at re (/home/andojas/.vscode/extensions/visualstudioexptteam.intellicode-api-usage-examples-0.2.8/dist/extension.js:2:398362)
	at /home/andojas/.vscode/extensions/visualstudioexptteam.intellicode-api-usage-examples-0.2.8/dist/extension.js:2:393146
	at Immediate.<anonymous> (/home/andojas/.vscode/extensions/visualstudioexptteam.intellicode-api-usage-examples-0.2.8/dist/extension.js:2:393166)
	at process.processImmediate (node:internal/timers:478:21)
2024-07-14 23:06:33.872 [error] [VisualStudioExptTeam.intellicode-api-usage-examples] provider FAILED
2024-07-14 23:06:33.872 [error] Error: Unhandled method getIdAtPosition
	at /home/andojas/.vscode/extensions/visualstudioexptteam.intellicode-api-usage-examples-0.2.8/dist/extension.js:2:398068
	at re (/home/andojas/.vscode/extensions/visualstudioexptteam.intellicode-api-usage-examples-0.2.8/dist/extension.js:2:398362)
	at /home/andojas/.vscode/extensions/visualstudioexptteam.intellicode-api-usage-examples-0.2.8/dist/extension.js:2:393146
	at Immediate.<anonymous> (/home/andojas/.vscode/extensions/visualstudioexptteam.intellicode-api-usage-examples-0.2.8/dist/extension.js:2:393166)
	at process.processImmediate (node:internal/timers:478:21)
2024-07-14 23:06:40.293 [error] [VisualStudioExptTeam.intellicode-api-usage-examples] provider FAILED
2024-07-14 23:06:40.293 [error] Error: Unhandled method getIdAtPosition
	at /home/andojas/.vscode/extensions/visualstudioexptteam.intellicode-api-usage-examples-0.2.8/dist/extension.js:2:398068
	at re (/home/andojas/.vscode/extensions/visualstudioexptteam.intellicode-api-usage-examples-0.2.8/dist/extension.js:2:398362)
	at /home/andojas/.vscode/extensions/visualstudioexptteam.intellicode-api-usage-examples-0.2.8/dist/extension.js:2:393146
	at Immediate.<anonymous> (/home/andojas/.vscode/extensions/visualstudioexptteam.intellicode-api-usage-examples-0.2.8/dist/extension.js:2:393166)
	at process.processImmediate (node:internal/timers:478:21)
2024-07-14 23:06:41.038 [error] [VisualStudioExptTeam.intellicode-api-usage-examples] provider FAILED
2024-07-14 23:06:41.038 [error] Error: Unhandled method getIdAtPosition
	at /home/andojas/.vscode/extensions/visualstudioexptteam.intellicode-api-usage-examples-0.2.8/dist/extension.js:2:398068
	at re (/home/andojas/.vscode/extensions/visualstudioexptteam.intellicode-api-usage-examples-0.2.8/dist/extension.js:2:398362)
	at /home/andojas/.vscode/extensions/visualstudioexptteam.intellicode-api-usage-examples-0.2.8/dist/extension.js:2:393146
	at Immediate.<anonymous> (/home/andojas/.vscode/extensions/visualstudioexptteam.intellicode-api-usage-examples-0.2.8/dist/extension.js:2:393166)
	at process.processImmediate (node:internal/timers:478:21)
2024-07-14 23:06:41.820 [error] [VisualStudioExptTeam.intellicode-api-usage-examples] provider FAILED
2024-07-14 23:06:41.821 [error] Error: Unhandled method getIdAtPosition
	at /home/andojas/.vscode/extensions/visualstudioexptteam.intellicode-api-usage-examples-0.2.8/dist/extension.js:2:398068
	at re (/home/andojas/.vscode/extensions/visualstudioexptteam.intellicode-api-usage-examples-0.2.8/dist/extension.js:2:398362)
	at /home/andojas/.vscode/extensions/visualstudioexptteam.intellicode-api-usage-examples-0.2.8/dist/extension.js:2:393146
	at Immediate.<anonymous> (/home/andojas/.vscode/extensions/visualstudioexptteam.intellicode-api-usage-examples-0.2.8/dist/extension.js:2:393166)
	at process.processImmediate (node:internal/timers:478:21)
2024-07-14 23:06:42.174 [error] [VisualStudioExptTeam.intellicode-api-usage-examples] provider FAILED
2024-07-14 23:06:42.174 [error] Error: Unhandled method getIdAtPosition
	at /home/andojas/.vscode/extensions/visualstudioexptteam.intellicode-api-usage-examples-0.2.8/dist/extension.js:2:398068
	at re (/home/andojas/.vscode/extensions/visualstudioexptteam.intellicode-api-usage-examples-0.2.8/dist/extension.js:2:398362)
	at /home/andojas/.vscode/extensions/visualstudioexptteam.intellicode-api-usage-examples-0.2.8/dist/extension.js:2:393146
	at Immediate.<anonymous> (/home/andojas/.vscode/extensions/visualstudioexptteam.intellicode-api-usage-examples-0.2.8/dist/extension.js:2:393166)
	at process.processImmediate (node:internal/timers:478:21)
2024-07-14 23:06:43.475 [error] [VisualStudioExptTeam.intellicode-api-usage-examples] provider FAILED
2024-07-14 23:06:43.475 [error] Error: Unhandled method getIdAtPosition
	at /home/andojas/.vscode/extensions/visualstudioexptteam.intellicode-api-usage-examples-0.2.8/dist/extension.js:2:398068
	at re (/home/andojas/.vscode/extensions/visualstudioexptteam.intellicode-api-usage-examples-0.2.8/dist/extension.js:2:398362)
	at /home/andojas/.vscode/extensions/visualstudioexptteam.intellicode-api-usage-examples-0.2.8/dist/extension.js:2:393146
	at Immediate.<anonymous> (/home/andojas/.vscode/extensions/visualstudioexptteam.intellicode-api-usage-examples-0.2.8/dist/extension.js:2:393166)
	at process.processImmediate (node:internal/timers:478:21)
2024-07-14 23:06:44.058 [error] [VisualStudioExptTeam.intellicode-api-usage-examples] provider FAILED
2024-07-14 23:06:44.058 [error] Error: Unhandled method getIdAtPosition
	at /home/andojas/.vscode/extensions/visualstudioexptteam.intellicode-api-usage-examples-0.2.8/dist/extension.js:2:398068
	at re (/home/andojas/.vscode/extensions/visualstudioexptteam.intellicode-api-usage-examples-0.2.8/dist/extension.js:2:398362)
	at /home/andojas/.vscode/extensions/visualstudioexptteam.intellicode-api-usage-examples-0.2.8/dist/extension.js:2:393146
	at Immediate.<anonymous> (/home/andojas/.vscode/extensions/visualstudioexptteam.intellicode-api-usage-examples-0.2.8/dist/extension.js:2:393166)
	at process.processImmediate (node:internal/timers:478:21)
2024-07-14 23:06:59.806 [error] [VisualStudioExptTeam.intellicode-api-usage-examples] provider FAILED
2024-07-14 23:06:59.806 [error] Error: Unhandled method getIdAtPosition
	at /home/andojas/.vscode/extensions/visualstudioexptteam.intellicode-api-usage-examples-0.2.8/dist/extension.js:2:398068
	at re (/home/andojas/.vscode/extensions/visualstudioexptteam.intellicode-api-usage-examples-0.2.8/dist/extension.js:2:398362)
	at /home/andojas/.vscode/extensions/visualstudioexptteam.intellicode-api-usage-examples-0.2.8/dist/extension.js:2:393146
	at Immediate.<anonymous> (/home/andojas/.vscode/extensions/visualstudioexptteam.intellicode-api-usage-examples-0.2.8/dist/extension.js:2:393166)
	at process.processImmediate (node:internal/timers:478:21)
2024-07-14 23:07:00.190 [error] [VisualStudioExptTeam.intellicode-api-usage-examples] provider FAILED
2024-07-14 23:07:00.190 [error] Error: Unhandled method getIdAtPosition
	at /home/andojas/.vscode/extensions/visualstudioexptteam.intellicode-api-usage-examples-0.2.8/dist/extension.js:2:398068
	at re (/home/andojas/.vscode/extensions/visualstudioexptteam.intellicode-api-usage-examples-0.2.8/dist/extension.js:2:398362)
	at /home/andojas/.vscode/extensions/visualstudioexptteam.intellicode-api-usage-examples-0.2.8/dist/extension.js:2:393146
	at Immediate.<anonymous> (/home/andojas/.vscode/extensions/visualstudioexptteam.intellicode-api-usage-examples-0.2.8/dist/extension.js:2:393166)
	at process.processImmediate (node:internal/timers:478:21)
2024-07-14 23:07:01.525 [error] [VisualStudioExptTeam.intellicode-api-usage-examples] provider FAILED
2024-07-14 23:07:01.525 [error] Error: Unhandled method getIdAtPosition
	at /home/andojas/.vscode/extensions/visualstudioexptteam.intellicode-api-usage-examples-0.2.8/dist/extension.js:2:398068
	at re (/home/andojas/.vscode/extensions/visualstudioexptteam.intellicode-api-usage-examples-0.2.8/dist/extension.js:2:398362)
	at /home/andojas/.vscode/extensions/visualstudioexptteam.intellicode-api-usage-examples-0.2.8/dist/extension.js:2:393146
	at Immediate.<anonymous> (/home/andojas/.vscode/extensions/visualstudioexptteam.intellicode-api-usage-examples-0.2.8/dist/extension.js:2:393166)
	at process.processImmediate (node:internal/timers:478:21)
2024-07-14 23:07:01.836 [error] [VisualStudioExptTeam.intellicode-api-usage-examples] provider FAILED
2024-07-14 23:07:01.836 [error] Error: Unhandled method getIdAtPosition
	at /home/andojas/.vscode/extensions/visualstudioexptteam.intellicode-api-usage-examples-0.2.8/dist/extension.js:2:398068
	at re (/home/andojas/.vscode/extensions/visualstudioexptteam.intellicode-api-usage-examples-0.2.8/dist/extension.js:2:398362)
	at /home/andojas/.vscode/extensions/visualstudioexptteam.intellicode-api-usage-examples-0.2.8/dist/extension.js:2:393146
	at Immediate.<anonymous> (/home/andojas/.vscode/extensions/visualstudioexptteam.intellicode-api-usage-examples-0.2.8/dist/extension.js:2:393166)
	at process.processImmediate (node:internal/timers:478:21)
2024-07-14 23:07:02.304 [error] [VisualStudioExptTeam.intellicode-api-usage-examples] provider FAILED
2024-07-14 23:07:02.304 [error] Error: Unhandled method getIdAtPosition
	at /home/andojas/.vscode/extensions/visualstudioexptteam.intellicode-api-usage-examples-0.2.8/dist/extension.js:2:398068
	at re (/home/andojas/.vscode/extensions/visualstudioexptteam.intellicode-api-usage-examples-0.2.8/dist/extension.js:2:398362)
	at /home/andojas/.vscode/extensions/visualstudioexptteam.intellicode-api-usage-examples-0.2.8/dist/extension.js:2:393146
	at Immediate.<anonymous> (/home/andojas/.vscode/extensions/visualstudioexptteam.intellicode-api-usage-examples-0.2.8/dist/extension.js:2:393166)
	at process.processImmediate (node:internal/timers:478:21)
2024-07-14 23:07:03.117 [error] [VisualStudioExptTeam.intellicode-api-usage-examples] provider FAILED
2024-07-14 23:07:03.117 [error] Error: Unhandled method getIdAtPosition
	at /home/andojas/.vscode/extensions/visualstudioexptteam.intellicode-api-usage-examples-0.2.8/dist/extension.js:2:398068
	at re (/home/andojas/.vscode/extensions/visualstudioexptteam.intellicode-api-usage-examples-0.2.8/dist/extension.js:2:398362)
	at /home/andojas/.vscode/extensions/visualstudioexptteam.intellicode-api-usage-examples-0.2.8/dist/extension.js:2:393146
	at Immediate.<anonymous> (/home/andojas/.vscode/extensions/visualstudioexptteam.intellicode-api-usage-examples-0.2.8/dist/extension.js:2:393166)
	at process.processImmediate (node:internal/timers:478:21)
2024-07-14 23:07:03.827 [error] [VisualStudioExptTeam.intellicode-api-usage-examples] provider FAILED
2024-07-14 23:07:03.827 [error] Error: Unhandled method getIdAtPosition
	at /home/andojas/.vscode/extensions/visualstudioexptteam.intellicode-api-usage-examples-0.2.8/dist/extension.js:2:398068
	at re (/home/andojas/.vscode/extensions/visualstudioexptteam.intellicode-api-usage-examples-0.2.8/dist/extension.js:2:398362)
	at /home/andojas/.vscode/extensions/visualstudioexptteam.intellicode-api-usage-examples-0.2.8/dist/extension.js:2:393146
	at Immediate.<anonymous> (/home/andojas/.vscode/extensions/visualstudioexptteam.intellicode-api-usage-examples-0.2.8/dist/extension.js:2:393166)
	at process.processImmediate (node:internal/timers:478:21)
2024-07-14 23:07:05.234 [error] [VisualStudioExptTeam.intellicode-api-usage-examples] provider FAILED
2024-07-14 23:07:05.234 [error] Error: Unhandled method getIdAtPosition
	at /home/andojas/.vscode/extensions/visualstudioexptteam.intellicode-api-usage-examples-0.2.8/dist/extension.js:2:398068
	at re (/home/andojas/.vscode/extensions/visualstudioexptteam.intellicode-api-usage-examples-0.2.8/dist/extension.js:2:398362)
	at /home/andojas/.vscode/extensions/visualstudioexptteam.intellicode-api-usage-examples-0.2.8/dist/extension.js:2:393146
	at Immediate.<anonymous> (/home/andojas/.vscode/extensions/visualstudioexptteam.intellicode-api-usage-examples-0.2.8/dist/extension.js:2:393166)
	at process.processImmediate (node:internal/timers:478:21)
2024-07-14 23:07:06.328 [error] [VisualStudioExptTeam.intellicode-api-usage-examples] provider FAILED
2024-07-14 23:07:06.328 [error] Error: Unhandled method getIdAtPosition
	at /home/andojas/.vscode/extensions/visualstudioexptteam.intellicode-api-usage-examples-0.2.8/dist/extension.js:2:398068
	at re (/home/andojas/.vscode/extensions/visualstudioexptteam.intellicode-api-usage-examples-0.2.8/dist/extension.js:2:398362)
	at /home/andojas/.vscode/extensions/visualstudioexptteam.intellicode-api-usage-examples-0.2.8/dist/extension.js:2:393146
	at Immediate.<anonymous> (/home/andojas/.vscode/extensions/visualstudioexptteam.intellicode-api-usage-examples-0.2.8/dist/extension.js:2:393166)
	at process.processImmediate (node:internal/timers:478:21)
2024-07-14 23:07:07.042 [error] [VisualStudioExptTeam.intellicode-api-usage-examples] provider FAILED
2024-07-14 23:07:07.042 [error] Error: Unhandled method getIdAtPosition
	at /home/andojas/.vscode/extensions/visualstudioexptteam.intellicode-api-usage-examples-0.2.8/dist/extension.js:2:398068
	at re (/home/andojas/.vscode/extensions/visualstudioexptteam.intellicode-api-usage-examples-0.2.8/dist/extension.js:2:398362)
	at /home/andojas/.vscode/extensions/visualstudioexptteam.intellicode-api-usage-examples-0.2.8/dist/extension.js:2:393146
	at Immediate.<anonymous> (/home/andojas/.vscode/extensions/visualstudioexptteam.intellicode-api-usage-examples-0.2.8/dist/extension.js:2:393166)
	at process.processImmediate (node:internal/timers:478:21)
2024-07-14 23:07:08.207 [error] [VisualStudioExptTeam.intellicode-api-usage-examples] provider FAILED
2024-07-14 23:07:08.208 [error] Error: Unhandled method getIdAtPosition
	at /home/andojas/.vscode/extensions/visualstudioexptteam.intellicode-api-usage-examples-0.2.8/dist/extension.js:2:398068
	at re (/home/andojas/.vscode/extensions/visualstudioexptteam.intellicode-api-usage-examples-0.2.8/dist/extension.js:2:398362)
	at /home/andojas/.vscode/extensions/visualstudioexptteam.intellicode-api-usage-examples-0.2.8/dist/extension.js:2:393146
	at Immediate.<anonymous> (/home/andojas/.vscode/extensions/visualstudioexptteam.intellicode-api-usage-examples-0.2.8/dist/extension.js:2:393166)
	at process.processImmediate (node:internal/timers:478:21)
2024-07-14 23:07:11.794 [error] [VisualStudioExptTeam.intellicode-api-usage-examples] provider FAILED
2024-07-14 23:07:11.794 [error] Error: Unhandled method getIdAtPosition
	at /home/andojas/.vscode/extensions/visualstudioexptteam.intellicode-api-usage-examples-0.2.8/dist/extension.js:2:398068
	at re (/home/andojas/.vscode/extensions/visualstudioexptteam.intellicode-api-usage-examples-0.2.8/dist/extension.js:2:398362)
	at /home/andojas/.vscode/extensions/visualstudioexptteam.intellicode-api-usage-examples-0.2.8/dist/extension.js:2:393146
	at Immediate.<anonymous> (/home/andojas/.vscode/extensions/visualstudioexptteam.intellicode-api-usage-examples-0.2.8/dist/extension.js:2:393166)
	at process.processImmediate (node:internal/timers:478:21)
2024-07-14 23:07:12.741 [error] [VisualStudioExptTeam.intellicode-api-usage-examples] provider FAILED
2024-07-14 23:07:12.741 [error] Error: Unhandled method getIdAtPosition
	at /home/andojas/.vscode/extensions/visualstudioexptteam.intellicode-api-usage-examples-0.2.8/dist/extension.js:2:398068
	at re (/home/andojas/.vscode/extensions/visualstudioexptteam.intellicode-api-usage-examples-0.2.8/dist/extension.js:2:398362)
	at /home/andojas/.vscode/extensions/visualstudioexptteam.intellicode-api-usage-examples-0.2.8/dist/extension.js:2:393146
	at Immediate.<anonymous> (/home/andojas/.vscode/extensions/visualstudioexptteam.intellicode-api-usage-examples-0.2.8/dist/extension.js:2:393166)
	at process.processImmediate (node:internal/timers:478:21)
2024-07-14 23:07:13.075 [error] [VisualStudioExptTeam.intellicode-api-usage-examples] provider FAILED
2024-07-14 23:07:13.075 [error] Error: Unhandled method getIdAtPosition
	at /home/andojas/.vscode/extensions/visualstudioexptteam.intellicode-api-usage-examples-0.2.8/dist/extension.js:2:398068
	at re (/home/andojas/.vscode/extensions/visualstudioexptteam.intellicode-api-usage-examples-0.2.8/dist/extension.js:2:398362)
	at /home/andojas/.vscode/extensions/visualstudioexptteam.intellicode-api-usage-examples-0.2.8/dist/extension.js:2:393146
	at Immediate.<anonymous> (/home/andojas/.vscode/extensions/visualstudioexptteam.intellicode-api-usage-examples-0.2.8/dist/extension.js:2:393166)
	at process.processImmediate (node:internal/timers:478:21)
2024-07-14 23:07:13.227 [error] [VisualStudioExptTeam.intellicode-api-usage-examples] provider FAILED
2024-07-14 23:07:13.227 [error] Error: Unhandled method getIdAtPosition
	at /home/andojas/.vscode/extensions/visualstudioexptteam.intellicode-api-usage-examples-0.2.8/dist/extension.js:2:398068
	at re (/home/andojas/.vscode/extensions/visualstudioexptteam.intellicode-api-usage-examples-0.2.8/dist/extension.js:2:398362)
	at /home/andojas/.vscode/extensions/visualstudioexptteam.intellicode-api-usage-examples-0.2.8/dist/extension.js:2:393146
	at Immediate.<anonymous> (/home/andojas/.vscode/extensions/visualstudioexptteam.intellicode-api-usage-examples-0.2.8/dist/extension.js:2:393166)
	at process.processImmediate (node:internal/timers:478:21)
2024-07-14 23:07:15.612 [error] [VisualStudioExptTeam.intellicode-api-usage-examples] provider FAILED
2024-07-14 23:07:15.612 [error] Error: Unhandled method getIdAtPosition
	at /home/andojas/.vscode/extensions/visualstudioexptteam.intellicode-api-usage-examples-0.2.8/dist/extension.js:2:398068
	at re (/home/andojas/.vscode/extensions/visualstudioexptteam.intellicode-api-usage-examples-0.2.8/dist/extension.js:2:398362)
	at /home/andojas/.vscode/extensions/visualstudioexptteam.intellicode-api-usage-examples-0.2.8/dist/extension.js:2:393146
	at Immediate.<anonymous> (/home/andojas/.vscode/extensions/visualstudioexptteam.intellicode-api-usage-examples-0.2.8/dist/extension.js:2:393166)
	at process.processImmediate (node:internal/timers:478:21)
2024-07-14 23:07:16.192 [error] [VisualStudioExptTeam.intellicode-api-usage-examples] provider FAILED
2024-07-14 23:07:16.192 [error] Error: Unhandled method getIdAtPosition
	at /home/andojas/.vscode/extensions/visualstudioexptteam.intellicode-api-usage-examples-0.2.8/dist/extension.js:2:398068
	at re (/home/andojas/.vscode/extensions/visualstudioexptteam.intellicode-api-usage-examples-0.2.8/dist/extension.js:2:398362)
	at /home/andojas/.vscode/extensions/visualstudioexptteam.intellicode-api-usage-examples-0.2.8/dist/extension.js:2:393146
	at Immediate.<anonymous> (/home/andojas/.vscode/extensions/visualstudioexptteam.intellicode-api-usage-examples-0.2.8/dist/extension.js:2:393166)
	at process.processImmediate (node:internal/timers:478:21)
2024-07-14 23:07:16.565 [error] [VisualStudioExptTeam.intellicode-api-usage-examples] provider FAILED
2024-07-14 23:07:16.565 [error] Error: Unhandled method getIdAtPosition
	at /home/andojas/.vscode/extensions/visualstudioexptteam.intellicode-api-usage-examples-0.2.8/dist/extension.js:2:398068
	at re (/home/andojas/.vscode/extensions/visualstudioexptteam.intellicode-api-usage-examples-0.2.8/dist/extension.js:2:398362)
	at /home/andojas/.vscode/extensions/visualstudioexptteam.intellicode-api-usage-examples-0.2.8/dist/extension.js:2:393146
	at Immediate.<anonymous> (/home/andojas/.vscode/extensions/visualstudioexptteam.intellicode-api-usage-examples-0.2.8/dist/extension.js:2:393166)
	at process.processImmediate (node:internal/timers:478:21)
2024-07-14 23:07:17.054 [error] [VisualStudioExptTeam.intellicode-api-usage-examples] provider FAILED
2024-07-14 23:07:17.054 [error] Error: Unhandled method getIdAtPosition
	at /home/andojas/.vscode/extensions/visualstudioexptteam.intellicode-api-usage-examples-0.2.8/dist/extension.js:2:398068
	at re (/home/andojas/.vscode/extensions/visualstudioexptteam.intellicode-api-usage-examples-0.2.8/dist/extension.js:2:398362)
	at /home/andojas/.vscode/extensions/visualstudioexptteam.intellicode-api-usage-examples-0.2.8/dist/extension.js:2:393146
	at Immediate.<anonymous> (/home/andojas/.vscode/extensions/visualstudioexptteam.intellicode-api-usage-examples-0.2.8/dist/extension.js:2:393166)
	at process.processImmediate (node:internal/timers:478:21)
2024-07-14 23:07:17.424 [error] [VisualStudioExptTeam.intellicode-api-usage-examples] provider FAILED
2024-07-14 23:07:17.424 [error] Error: Unhandled method getIdAtPosition
	at /home/andojas/.vscode/extensions/visualstudioexptteam.intellicode-api-usage-examples-0.2.8/dist/extension.js:2:398068
	at re (/home/andojas/.vscode/extensions/visualstudioexptteam.intellicode-api-usage-examples-0.2.8/dist/extension.js:2:398362)
	at /home/andojas/.vscode/extensions/visualstudioexptteam.intellicode-api-usage-examples-0.2.8/dist/extension.js:2:393146
	at Immediate.<anonymous> (/home/andojas/.vscode/extensions/visualstudioexptteam.intellicode-api-usage-examples-0.2.8/dist/extension.js:2:393166)
	at process.processImmediate (node:internal/timers:478:21)
2024-07-14 23:07:17.758 [error] [VisualStudioExptTeam.intellicode-api-usage-examples] provider FAILED
2024-07-14 23:07:17.758 [error] Error: Unhandled method getIdAtPosition
	at /home/andojas/.vscode/extensions/visualstudioexptteam.intellicode-api-usage-examples-0.2.8/dist/extension.js:2:398068
	at re (/home/andojas/.vscode/extensions/visualstudioexptteam.intellicode-api-usage-examples-0.2.8/dist/extension.js:2:398362)
	at /home/andojas/.vscode/extensions/visualstudioexptteam.intellicode-api-usage-examples-0.2.8/dist/extension.js:2:393146
	at Immediate.<anonymous> (/home/andojas/.vscode/extensions/visualstudioexptteam.intellicode-api-usage-examples-0.2.8/dist/extension.js:2:393166)
	at process.processImmediate (node:internal/timers:478:21)
2024-07-14 23:07:17.910 [error] [VisualStudioExptTeam.intellicode-api-usage-examples] provider FAILED
2024-07-14 23:07:17.910 [error] Error: Unhandled method getIdAtPosition
	at /home/andojas/.vscode/extensions/visualstudioexptteam.intellicode-api-usage-examples-0.2.8/dist/extension.js:2:398068
	at re (/home/andojas/.vscode/extensions/visualstudioexptteam.intellicode-api-usage-examples-0.2.8/dist/extension.js:2:398362)
	at /home/andojas/.vscode/extensions/visualstudioexptteam.intellicode-api-usage-examples-0.2.8/dist/extension.js:2:393146
	at Immediate.<anonymous> (/home/andojas/.vscode/extensions/visualstudioexptteam.intellicode-api-usage-examples-0.2.8/dist/extension.js:2:393166)
	at process.processImmediate (node:internal/timers:478:21)
2024-07-14 23:07:18.392 [error] [VisualStudioExptTeam.intellicode-api-usage-examples] provider FAILED
2024-07-14 23:07:18.392 [error] Error: Unhandled method getIdAtPosition
	at /home/andojas/.vscode/extensions/visualstudioexptteam.intellicode-api-usage-examples-0.2.8/dist/extension.js:2:398068
	at re (/home/andojas/.vscode/extensions/visualstudioexptteam.intellicode-api-usage-examples-0.2.8/dist/extension.js:2:398362)
	at /home/andojas/.vscode/extensions/visualstudioexptteam.intellicode-api-usage-examples-0.2.8/dist/extension.js:2:393146
	at Immediate.<anonymous> (/home/andojas/.vscode/extensions/visualstudioexptteam.intellicode-api-usage-examples-0.2.8/dist/extension.js:2:393166)
	at process.processImmediate (node:internal/timers:478:21)
2024-07-14 23:07:18.756 [error] [VisualStudioExptTeam.intellicode-api-usage-examples] provider FAILED
2024-07-14 23:07:18.756 [error] Error: Unhandled method getIdAtPosition
	at /home/andojas/.vscode/extensions/visualstudioexptteam.intellicode-api-usage-examples-0.2.8/dist/extension.js:2:398068
	at re (/home/andojas/.vscode/extensions/visualstudioexptteam.intellicode-api-usage-examples-0.2.8/dist/extension.js:2:398362)
	at /home/andojas/.vscode/extensions/visualstudioexptteam.intellicode-api-usage-examples-0.2.8/dist/extension.js:2:393146
	at Immediate.<anonymous> (/home/andojas/.vscode/extensions/visualstudioexptteam.intellicode-api-usage-examples-0.2.8/dist/extension.js:2:393166)
	at process.processImmediate (node:internal/timers:478:21)
2024-07-14 23:07:19.167 [error] [VisualStudioExptTeam.intellicode-api-usage-examples] provider FAILED
2024-07-14 23:07:19.167 [error] Error: Unhandled method getIdAtPosition
	at /home/andojas/.vscode/extensions/visualstudioexptteam.intellicode-api-usage-examples-0.2.8/dist/extension.js:2:398068
	at re (/home/andojas/.vscode/extensions/visualstudioexptteam.intellicode-api-usage-examples-0.2.8/dist/extension.js:2:398362)
	at /home/andojas/.vscode/extensions/visualstudioexptteam.intellicode-api-usage-examples-0.2.8/dist/extension.js:2:393146
	at Immediate.<anonymous> (/home/andojas/.vscode/extensions/visualstudioexptteam.intellicode-api-usage-examples-0.2.8/dist/extension.js:2:393166)
	at process.processImmediate (node:internal/timers:478:21)
2024-07-14 23:07:19.604 [error] [VisualStudioExptTeam.intellicode-api-usage-examples] provider FAILED
2024-07-14 23:07:19.604 [error] Error: Unhandled method getIdAtPosition
	at /home/andojas/.vscode/extensions/visualstudioexptteam.intellicode-api-usage-examples-0.2.8/dist/extension.js:2:398068
	at re (/home/andojas/.vscode/extensions/visualstudioexptteam.intellicode-api-usage-examples-0.2.8/dist/extension.js:2:398362)
	at /home/andojas/.vscode/extensions/visualstudioexptteam.intellicode-api-usage-examples-0.2.8/dist/extension.js:2:393146
	at Immediate.<anonymous> (/home/andojas/.vscode/extensions/visualstudioexptteam.intellicode-api-usage-examples-0.2.8/dist/extension.js:2:393166)
	at process.processImmediate (node:internal/timers:478:21)
2024-07-14 23:07:19.937 [error] [VisualStudioExptTeam.intellicode-api-usage-examples] provider FAILED
2024-07-14 23:07:19.937 [error] Error: Unhandled method getIdAtPosition
	at /home/andojas/.vscode/extensions/visualstudioexptteam.intellicode-api-usage-examples-0.2.8/dist/extension.js:2:398068
	at re (/home/andojas/.vscode/extensions/visualstudioexptteam.intellicode-api-usage-examples-0.2.8/dist/extension.js:2:398362)
	at /home/andojas/.vscode/extensions/visualstudioexptteam.intellicode-api-usage-examples-0.2.8/dist/extension.js:2:393146
	at Immediate.<anonymous> (/home/andojas/.vscode/extensions/visualstudioexptteam.intellicode-api-usage-examples-0.2.8/dist/extension.js:2:393166)
	at process.processImmediate (node:internal/timers:478:21)
2024-07-14 23:07:20.558 [error] [VisualStudioExptTeam.intellicode-api-usage-examples] provider FAILED
2024-07-14 23:07:20.558 [error] Error: Unhandled method getIdAtPosition
	at /home/andojas/.vscode/extensions/visualstudioexptteam.intellicode-api-usage-examples-0.2.8/dist/extension.js:2:398068
	at re (/home/andojas/.vscode/extensions/visualstudioexptteam.intellicode-api-usage-examples-0.2.8/dist/extension.js:2:398362)
	at /home/andojas/.vscode/extensions/visualstudioexptteam.intellicode-api-usage-examples-0.2.8/dist/extension.js:2:393146
	at Immediate.<anonymous> (/home/andojas/.vscode/extensions/visualstudioexptteam.intellicode-api-usage-examples-0.2.8/dist/extension.js:2:393166)
	at process.processImmediate (node:internal/timers:478:21)
2024-07-14 23:07:20.629 [error] [VisualStudioExptTeam.intellicode-api-usage-examples] provider FAILED
2024-07-14 23:07:20.630 [error] Error: Unhandled method getIdAtPosition
	at /home/andojas/.vscode/extensions/visualstudioexptteam.intellicode-api-usage-examples-0.2.8/dist/extension.js:2:398068
	at re (/home/andojas/.vscode/extensions/visualstudioexptteam.intellicode-api-usage-examples-0.2.8/dist/extension.js:2:398362)
	at /home/andojas/.vscode/extensions/visualstudioexptteam.intellicode-api-usage-examples-0.2.8/dist/extension.js:2:393146
	at Immediate.<anonymous> (/home/andojas/.vscode/extensions/visualstudioexptteam.intellicode-api-usage-examples-0.2.8/dist/extension.js:2:393166)
	at process.processImmediate (node:internal/timers:478:21)
2024-07-14 23:07:23.111 [error] [VisualStudioExptTeam.intellicode-api-usage-examples] provider FAILED
2024-07-14 23:07:23.111 [error] Error: Unhandled method getIdAtPosition
	at /home/andojas/.vscode/extensions/visualstudioexptteam.intellicode-api-usage-examples-0.2.8/dist/extension.js:2:398068
	at re (/home/andojas/.vscode/extensions/visualstudioexptteam.intellicode-api-usage-examples-0.2.8/dist/extension.js:2:398362)
	at /home/andojas/.vscode/extensions/visualstudioexptteam.intellicode-api-usage-examples-0.2.8/dist/extension.js:2:393146
	at Immediate.<anonymous> (/home/andojas/.vscode/extensions/visualstudioexptteam.intellicode-api-usage-examples-0.2.8/dist/extension.js:2:393166)
	at process.processImmediate (node:internal/timers:478:21)
2024-07-14 23:07:23.789 [error] [VisualStudioExptTeam.intellicode-api-usage-examples] provider FAILED
2024-07-14 23:07:23.789 [error] Error: Unhandled method getIdAtPosition
	at /home/andojas/.vscode/extensions/visualstudioexptteam.intellicode-api-usage-examples-0.2.8/dist/extension.js:2:398068
	at re (/home/andojas/.vscode/extensions/visualstudioexptteam.intellicode-api-usage-examples-0.2.8/dist/extension.js:2:398362)
	at /home/andojas/.vscode/extensions/visualstudioexptteam.intellicode-api-usage-examples-0.2.8/dist/extension.js:2:393146
	at Immediate.<anonymous> (/home/andojas/.vscode/extensions/visualstudioexptteam.intellicode-api-usage-examples-0.2.8/dist/extension.js:2:393166)
	at process.processImmediate (node:internal/timers:478:21)
2024-07-14 23:07:24.297 [error] [VisualStudioExptTeam.intellicode-api-usage-examples] provider FAILED
2024-07-14 23:07:24.297 [error] Error: Unhandled method getIdAtPosition
	at /home/andojas/.vscode/extensions/visualstudioexptteam.intellicode-api-usage-examples-0.2.8/dist/extension.js:2:398068
	at re (/home/andojas/.vscode/extensions/visualstudioexptteam.intellicode-api-usage-examples-0.2.8/dist/extension.js:2:398362)
	at /home/andojas/.vscode/extensions/visualstudioexptteam.intellicode-api-usage-examples-0.2.8/dist/extension.js:2:393146
	at Immediate.<anonymous> (/home/andojas/.vscode/extensions/visualstudioexptteam.intellicode-api-usage-examples-0.2.8/dist/extension.js:2:393166)
	at process.processImmediate (node:internal/timers:478:21)
2024-07-14 23:07:24.778 [error] [VisualStudioExptTeam.intellicode-api-usage-examples] provider FAILED
2024-07-14 23:07:24.778 [error] Error: Unhandled method getIdAtPosition
	at /home/andojas/.vscode/extensions/visualstudioexptteam.intellicode-api-usage-examples-0.2.8/dist/extension.js:2:398068
	at re (/home/andojas/.vscode/extensions/visualstudioexptteam.intellicode-api-usage-examples-0.2.8/dist/extension.js:2:398362)
	at /home/andojas/.vscode/extensions/visualstudioexptteam.intellicode-api-usage-examples-0.2.8/dist/extension.js:2:393146
	at Immediate.<anonymous> (/home/andojas/.vscode/extensions/visualstudioexptteam.intellicode-api-usage-examples-0.2.8/dist/extension.js:2:393166)
	at process.processImmediate (node:internal/timers:478:21)
2024-07-14 23:07:25.141 [error] [VisualStudioExptTeam.intellicode-api-usage-examples] provider FAILED
2024-07-14 23:07:25.141 [error] Error: Unhandled method getIdAtPosition
	at /home/andojas/.vscode/extensions/visualstudioexptteam.intellicode-api-usage-examples-0.2.8/dist/extension.js:2:398068
	at re (/home/andojas/.vscode/extensions/visualstudioexptteam.intellicode-api-usage-examples-0.2.8/dist/extension.js:2:398362)
	at /home/andojas/.vscode/extensions/visualstudioexptteam.intellicode-api-usage-examples-0.2.8/dist/extension.js:2:393146
	at Immediate.<anonymous> (/home/andojas/.vscode/extensions/visualstudioexptteam.intellicode-api-usage-examples-0.2.8/dist/extension.js:2:393166)
	at process.processImmediate (node:internal/timers:478:21)
2024-07-14 23:07:26.342 [error] [VisualStudioExptTeam.intellicode-api-usage-examples] provider FAILED
2024-07-14 23:07:26.342 [error] Error: Unhandled method getIdAtPosition
	at /home/andojas/.vscode/extensions/visualstudioexptteam.intellicode-api-usage-examples-0.2.8/dist/extension.js:2:398068
	at re (/home/andojas/.vscode/extensions/visualstudioexptteam.intellicode-api-usage-examples-0.2.8/dist/extension.js:2:398362)
	at /home/andojas/.vscode/extensions/visualstudioexptteam.intellicode-api-usage-examples-0.2.8/dist/extension.js:2:393146
	at Immediate.<anonymous> (/home/andojas/.vscode/extensions/visualstudioexptteam.intellicode-api-usage-examples-0.2.8/dist/extension.js:2:393166)
	at process.processImmediate (node:internal/timers:478:21)
2024-07-14 23:07:27.959 [error] [VisualStudioExptTeam.intellicode-api-usage-examples] provider FAILED
2024-07-14 23:07:27.959 [error] Error: Unhandled method getIdAtPosition
	at /home/andojas/.vscode/extensions/visualstudioexptteam.intellicode-api-usage-examples-0.2.8/dist/extension.js:2:398068
	at re (/home/andojas/.vscode/extensions/visualstudioexptteam.intellicode-api-usage-examples-0.2.8/dist/extension.js:2:398362)
	at /home/andojas/.vscode/extensions/visualstudioexptteam.intellicode-api-usage-examples-0.2.8/dist/extension.js:2:393146
	at Immediate.<anonymous> (/home/andojas/.vscode/extensions/visualstudioexptteam.intellicode-api-usage-examples-0.2.8/dist/extension.js:2:393166)
	at process.processImmediate (node:internal/timers:478:21)
2024-07-14 23:07:28.441 [error] [VisualStudioExptTeam.intellicode-api-usage-examples] provider FAILED
2024-07-14 23:07:28.441 [error] Error: Unhandled method getIdAtPosition
	at /home/andojas/.vscode/extensions/visualstudioexptteam.intellicode-api-usage-examples-0.2.8/dist/extension.js:2:398068
	at re (/home/andojas/.vscode/extensions/visualstudioexptteam.intellicode-api-usage-examples-0.2.8/dist/extension.js:2:398362)
	at /home/andojas/.vscode/extensions/visualstudioexptteam.intellicode-api-usage-examples-0.2.8/dist/extension.js:2:393146
	at Immediate.<anonymous> (/home/andojas/.vscode/extensions/visualstudioexptteam.intellicode-api-usage-examples-0.2.8/dist/extension.js:2:393166)
	at process.processImmediate (node:internal/timers:478:21)
2024-07-14 23:07:28.593 [error] [VisualStudioExptTeam.intellicode-api-usage-examples] provider FAILED
2024-07-14 23:07:28.593 [error] Error: Unhandled method getIdAtPosition
	at /home/andojas/.vscode/extensions/visualstudioexptteam.intellicode-api-usage-examples-0.2.8/dist/extension.js:2:398068
	at re (/home/andojas/.vscode/extensions/visualstudioexptteam.intellicode-api-usage-examples-0.2.8/dist/extension.js:2:398362)
	at /home/andojas/.vscode/extensions/visualstudioexptteam.intellicode-api-usage-examples-0.2.8/dist/extension.js:2:393146
	at Immediate.<anonymous> (/home/andojas/.vscode/extensions/visualstudioexptteam.intellicode-api-usage-examples-0.2.8/dist/extension.js:2:393166)
	at process.processImmediate (node:internal/timers:478:21)
2024-07-14 23:07:40.850 [error] [VisualStudioExptTeam.intellicode-api-usage-examples] provider FAILED
2024-07-14 23:07:40.850 [error] Error: Unhandled method getIdAtPosition
	at /home/andojas/.vscode/extensions/visualstudioexptteam.intellicode-api-usage-examples-0.2.8/dist/extension.js:2:398068
	at re (/home/andojas/.vscode/extensions/visualstudioexptteam.intellicode-api-usage-examples-0.2.8/dist/extension.js:2:398362)
	at /home/andojas/.vscode/extensions/visualstudioexptteam.intellicode-api-usage-examples-0.2.8/dist/extension.js:2:393146
	at Immediate.<anonymous> (/home/andojas/.vscode/extensions/visualstudioexptteam.intellicode-api-usage-examples-0.2.8/dist/extension.js:2:393166)
	at process.processImmediate (node:internal/timers:478:21)
2024-07-14 23:07:41.102 [error] [VisualStudioExptTeam.intellicode-api-usage-examples] provider FAILED
2024-07-14 23:07:41.102 [error] Error: Unhandled method getIdAtPosition
	at /home/andojas/.vscode/extensions/visualstudioexptteam.intellicode-api-usage-examples-0.2.8/dist/extension.js:2:398068
	at re (/home/andojas/.vscode/extensions/visualstudioexptteam.intellicode-api-usage-examples-0.2.8/dist/extension.js:2:398362)
	at /home/andojas/.vscode/extensions/visualstudioexptteam.intellicode-api-usage-examples-0.2.8/dist/extension.js:2:393146
	at Immediate.<anonymous> (/home/andojas/.vscode/extensions/visualstudioexptteam.intellicode-api-usage-examples-0.2.8/dist/extension.js:2:393166)
	at process.processImmediate (node:internal/timers:478:21)
2024-07-14 23:07:41.565 [error] [VisualStudioExptTeam.intellicode-api-usage-examples] provider FAILED
2024-07-14 23:07:41.565 [error] Error: Unhandled method getIdAtPosition
	at /home/andojas/.vscode/extensions/visualstudioexptteam.intellicode-api-usage-examples-0.2.8/dist/extension.js:2:398068
	at re (/home/andojas/.vscode/extensions/visualstudioexptteam.intellicode-api-usage-examples-0.2.8/dist/extension.js:2:398362)
	at /home/andojas/.vscode/extensions/visualstudioexptteam.intellicode-api-usage-examples-0.2.8/dist/extension.js:2:393146
	at Immediate.<anonymous> (/home/andojas/.vscode/extensions/visualstudioexptteam.intellicode-api-usage-examples-0.2.8/dist/extension.js:2:393166)
	at process.processImmediate (node:internal/timers:478:21)
2024-07-14 23:07:45.203 [error] [VisualStudioExptTeam.intellicode-api-usage-examples] provider FAILED
2024-07-14 23:07:45.203 [error] Error: Unhandled method getIdAtPosition
	at /home/andojas/.vscode/extensions/visualstudioexptteam.intellicode-api-usage-examples-0.2.8/dist/extension.js:2:398068
	at re (/home/andojas/.vscode/extensions/visualstudioexptteam.intellicode-api-usage-examples-0.2.8/dist/extension.js:2:398362)
	at /home/andojas/.vscode/extensions/visualstudioexptteam.intellicode-api-usage-examples-0.2.8/dist/extension.js:2:393146
	at Immediate.<anonymous> (/home/andojas/.vscode/extensions/visualstudioexptteam.intellicode-api-usage-examples-0.2.8/dist/extension.js:2:393166)
	at process.processImmediate (node:internal/timers:478:21)
2024-07-14 23:07:45.858 [error] [VisualStudioExptTeam.intellicode-api-usage-examples] provider FAILED
2024-07-14 23:07:45.858 [error] Error: Unhandled method getIdAtPosition
	at /home/andojas/.vscode/extensions/visualstudioexptteam.intellicode-api-usage-examples-0.2.8/dist/extension.js:2:398068
	at re (/home/andojas/.vscode/extensions/visualstudioexptteam.intellicode-api-usage-examples-0.2.8/dist/extension.js:2:398362)
	at /home/andojas/.vscode/extensions/visualstudioexptteam.intellicode-api-usage-examples-0.2.8/dist/extension.js:2:393146
	at Immediate.<anonymous> (/home/andojas/.vscode/extensions/visualstudioexptteam.intellicode-api-usage-examples-0.2.8/dist/extension.js:2:393166)
	at process.processImmediate (node:internal/timers:478:21)
2024-07-14 23:07:47.209 [error] [VisualStudioExptTeam.intellicode-api-usage-examples] provider FAILED
2024-07-14 23:07:47.209 [error] Error: Unhandled method getIdAtPosition
	at /home/andojas/.vscode/extensions/visualstudioexptteam.intellicode-api-usage-examples-0.2.8/dist/extension.js:2:398068
	at re (/home/andojas/.vscode/extensions/visualstudioexptteam.intellicode-api-usage-examples-0.2.8/dist/extension.js:2:398362)
	at /home/andojas/.vscode/extensions/visualstudioexptteam.intellicode-api-usage-examples-0.2.8/dist/extension.js:2:393146
	at Immediate.<anonymous> (/home/andojas/.vscode/extensions/visualstudioexptteam.intellicode-api-usage-examples-0.2.8/dist/extension.js:2:393166)
	at process.processImmediate (node:internal/timers:478:21)
2024-07-14 23:07:50.974 [error] [VisualStudioExptTeam.intellicode-api-usage-examples] provider FAILED
2024-07-14 23:07:50.974 [error] Error: Unhandled method getIdAtPosition
	at /home/andojas/.vscode/extensions/visualstudioexptteam.intellicode-api-usage-examples-0.2.8/dist/extension.js:2:398068
	at re (/home/andojas/.vscode/extensions/visualstudioexptteam.intellicode-api-usage-examples-0.2.8/dist/extension.js:2:398362)
	at /home/andojas/.vscode/extensions/visualstudioexptteam.intellicode-api-usage-examples-0.2.8/dist/extension.js:2:393146
	at Immediate.<anonymous> (/home/andojas/.vscode/extensions/visualstudioexptteam.intellicode-api-usage-examples-0.2.8/dist/extension.js:2:393166)
	at process.processImmediate (node:internal/timers:478:21)
2024-07-14 23:07:51.815 [error] [VisualStudioExptTeam.intellicode-api-usage-examples] provider FAILED
2024-07-14 23:07:51.815 [error] Error: Unhandled method getIdAtPosition
	at /home/andojas/.vscode/extensions/visualstudioexptteam.intellicode-api-usage-examples-0.2.8/dist/extension.js:2:398068
	at re (/home/andojas/.vscode/extensions/visualstudioexptteam.intellicode-api-usage-examples-0.2.8/dist/extension.js:2:398362)
	at /home/andojas/.vscode/extensions/visualstudioexptteam.intellicode-api-usage-examples-0.2.8/dist/extension.js:2:393146
	at Immediate.<anonymous> (/home/andojas/.vscode/extensions/visualstudioexptteam.intellicode-api-usage-examples-0.2.8/dist/extension.js:2:393166)
	at process.processImmediate (node:internal/timers:478:21)
2024-07-14 23:07:52.128 [error] [VisualStudioExptTeam.intellicode-api-usage-examples] provider FAILED
2024-07-14 23:07:52.128 [error] Error: Unhandled method getIdAtPosition
	at /home/andojas/.vscode/extensions/visualstudioexptteam.intellicode-api-usage-examples-0.2.8/dist/extension.js:2:398068
	at re (/home/andojas/.vscode/extensions/visualstudioexptteam.intellicode-api-usage-examples-0.2.8/dist/extension.js:2:398362)
	at /home/andojas/.vscode/extensions/visualstudioexptteam.intellicode-api-usage-examples-0.2.8/dist/extension.js:2:393146
	at Immediate.<anonymous> (/home/andojas/.vscode/extensions/visualstudioexptteam.intellicode-api-usage-examples-0.2.8/dist/extension.js:2:393166)
	at process.processImmediate (node:internal/timers:478:21)
2024-07-14 23:07:52.546 [error] [VisualStudioExptTeam.intellicode-api-usage-examples] provider FAILED
2024-07-14 23:07:52.547 [error] Error: Unhandled method getIdAtPosition
	at /home/andojas/.vscode/extensions/visualstudioexptteam.intellicode-api-usage-examples-0.2.8/dist/extension.js:2:398068
	at re (/home/andojas/.vscode/extensions/visualstudioexptteam.intellicode-api-usage-examples-0.2.8/dist/extension.js:2:398362)
	at /home/andojas/.vscode/extensions/visualstudioexptteam.intellicode-api-usage-examples-0.2.8/dist/extension.js:2:393146
	at Immediate.<anonymous> (/home/andojas/.vscode/extensions/visualstudioexptteam.intellicode-api-usage-examples-0.2.8/dist/extension.js:2:393166)
	at process.processImmediate (node:internal/timers:478:21)
2024-07-14 23:07:53.042 [error] [VisualStudioExptTeam.intellicode-api-usage-examples] provider FAILED
2024-07-14 23:07:53.042 [error] Error: Unhandled method getIdAtPosition
	at /home/andojas/.vscode/extensions/visualstudioexptteam.intellicode-api-usage-examples-0.2.8/dist/extension.js:2:398068
	at re (/home/andojas/.vscode/extensions/visualstudioexptteam.intellicode-api-usage-examples-0.2.8/dist/extension.js:2:398362)
	at /home/andojas/.vscode/extensions/visualstudioexptteam.intellicode-api-usage-examples-0.2.8/dist/extension.js:2:393146
	at Immediate.<anonymous> (/home/andojas/.vscode/extensions/visualstudioexptteam.intellicode-api-usage-examples-0.2.8/dist/extension.js:2:393166)
	at process.processImmediate (node:internal/timers:478:21)
2024-07-14 23:07:54.219 [error] [VisualStudioExptTeam.intellicode-api-usage-examples] provider FAILED
2024-07-14 23:07:54.219 [error] Error: Unhandled method getIdAtPosition
	at /home/andojas/.vscode/extensions/visualstudioexptteam.intellicode-api-usage-examples-0.2.8/dist/extension.js:2:398068
	at re (/home/andojas/.vscode/extensions/visualstudioexptteam.intellicode-api-usage-examples-0.2.8/dist/extension.js:2:398362)
	at /home/andojas/.vscode/extensions/visualstudioexptteam.intellicode-api-usage-examples-0.2.8/dist/extension.js:2:393146
	at Immediate.<anonymous> (/home/andojas/.vscode/extensions/visualstudioexptteam.intellicode-api-usage-examples-0.2.8/dist/extension.js:2:393166)
	at process.processImmediate (node:internal/timers:478:21)
2024-07-14 23:07:54.725 [error] [VisualStudioExptTeam.intellicode-api-usage-examples] provider FAILED
2024-07-14 23:07:54.725 [error] Error: Unhandled method getIdAtPosition
	at /home/andojas/.vscode/extensions/visualstudioexptteam.intellicode-api-usage-examples-0.2.8/dist/extension.js:2:398068
	at re (/home/andojas/.vscode/extensions/visualstudioexptteam.intellicode-api-usage-examples-0.2.8/dist/extension.js:2:398362)
	at /home/andojas/.vscode/extensions/visualstudioexptteam.intellicode-api-usage-examples-0.2.8/dist/extension.js:2:393146
	at Immediate.<anonymous> (/home/andojas/.vscode/extensions/visualstudioexptteam.intellicode-api-usage-examples-0.2.8/dist/extension.js:2:393166)
	at process.processImmediate (node:internal/timers:478:21)
2024-07-14 23:07:55.036 [error] [VisualStudioExptTeam.intellicode-api-usage-examples] provider FAILED
2024-07-14 23:07:55.036 [error] Error: Unhandled method getIdAtPosition
	at /home/andojas/.vscode/extensions/visualstudioexptteam.intellicode-api-usage-examples-0.2.8/dist/extension.js:2:398068
	at re (/home/andojas/.vscode/extensions/visualstudioexptteam.intellicode-api-usage-examples-0.2.8/dist/extension.js:2:398362)
	at /home/andojas/.vscode/extensions/visualstudioexptteam.intellicode-api-usage-examples-0.2.8/dist/extension.js:2:393146
	at Immediate.<anonymous> (/home/andojas/.vscode/extensions/visualstudioexptteam.intellicode-api-usage-examples-0.2.8/dist/extension.js:2:393166)
	at process.processImmediate (node:internal/timers:478:21)
2024-07-14 23:07:55.374 [error] [VisualStudioExptTeam.intellicode-api-usage-examples] provider FAILED
2024-07-14 23:07:55.374 [error] Error: Unhandled method getIdAtPosition
	at /home/andojas/.vscode/extensions/visualstudioexptteam.intellicode-api-usage-examples-0.2.8/dist/extension.js:2:398068
	at re (/home/andojas/.vscode/extensions/visualstudioexptteam.intellicode-api-usage-examples-0.2.8/dist/extension.js:2:398362)
	at /home/andojas/.vscode/extensions/visualstudioexptteam.intellicode-api-usage-examples-0.2.8/dist/extension.js:2:393146
	at Immediate.<anonymous> (/home/andojas/.vscode/extensions/visualstudioexptteam.intellicode-api-usage-examples-0.2.8/dist/extension.js:2:393166)
	at process.processImmediate (node:internal/timers:478:21)
2024-07-14 23:07:55.821 [error] [VisualStudioExptTeam.intellicode-api-usage-examples] provider FAILED
2024-07-14 23:07:55.821 [error] Error: Unhandled method getIdAtPosition
	at /home/andojas/.vscode/extensions/visualstudioexptteam.intellicode-api-usage-examples-0.2.8/dist/extension.js:2:398068
	at re (/home/andojas/.vscode/extensions/visualstudioexptteam.intellicode-api-usage-examples-0.2.8/dist/extension.js:2:398362)
	at /home/andojas/.vscode/extensions/visualstudioexptteam.intellicode-api-usage-examples-0.2.8/dist/extension.js:2:393146
	at Immediate.<anonymous> (/home/andojas/.vscode/extensions/visualstudioexptteam.intellicode-api-usage-examples-0.2.8/dist/extension.js:2:393166)
	at process.processImmediate (node:internal/timers:478:21)
2024-07-14 23:07:55.993 [error] [VisualStudioExptTeam.intellicode-api-usage-examples] provider FAILED
2024-07-14 23:07:55.993 [error] Error: Unhandled method getIdAtPosition
	at /home/andojas/.vscode/extensions/visualstudioexptteam.intellicode-api-usage-examples-0.2.8/dist/extension.js:2:398068
	at re (/home/andojas/.vscode/extensions/visualstudioexptteam.intellicode-api-usage-examples-0.2.8/dist/extension.js:2:398362)
	at /home/andojas/.vscode/extensions/visualstudioexptteam.intellicode-api-usage-examples-0.2.8/dist/extension.js:2:393146
	at Immediate.<anonymous> (/home/andojas/.vscode/extensions/visualstudioexptteam.intellicode-api-usage-examples-0.2.8/dist/extension.js:2:393166)
	at process.processImmediate (node:internal/timers:478:21)
2024-07-14 23:07:56.793 [error] [VisualStudioExptTeam.intellicode-api-usage-examples] provider FAILED
2024-07-14 23:07:56.793 [error] Error: Unhandled method getIdAtPosition
	at /home/andojas/.vscode/extensions/visualstudioexptteam.intellicode-api-usage-examples-0.2.8/dist/extension.js:2:398068
	at re (/home/andojas/.vscode/extensions/visualstudioexptteam.intellicode-api-usage-examples-0.2.8/dist/extension.js:2:398362)
	at /home/andojas/.vscode/extensions/visualstudioexptteam.intellicode-api-usage-examples-0.2.8/dist/extension.js:2:393146
	at Immediate.<anonymous> (/home/andojas/.vscode/extensions/visualstudioexptteam.intellicode-api-usage-examples-0.2.8/dist/extension.js:2:393166)
	at process.processImmediate (node:internal/timers:478:21)
2024-07-14 23:08:00.322 [error] [VisualStudioExptTeam.intellicode-api-usage-examples] provider FAILED
2024-07-14 23:08:00.322 [error] Error: Unhandled method getIdAtPosition
	at /home/andojas/.vscode/extensions/visualstudioexptteam.intellicode-api-usage-examples-0.2.8/dist/extension.js:2:398068
	at re (/home/andojas/.vscode/extensions/visualstudioexptteam.intellicode-api-usage-examples-0.2.8/dist/extension.js:2:398362)
	at /home/andojas/.vscode/extensions/visualstudioexptteam.intellicode-api-usage-examples-0.2.8/dist/extension.js:2:393146
	at Immediate.<anonymous> (/home/andojas/.vscode/extensions/visualstudioexptteam.intellicode-api-usage-examples-0.2.8/dist/extension.js:2:393166)
	at process.processImmediate (node:internal/timers:478:21)
2024-07-14 23:08:07.265 [error] [VisualStudioExptTeam.intellicode-api-usage-examples] provider FAILED
2024-07-14 23:08:07.265 [error] Error: Unhandled method getIdAtPosition
	at /home/andojas/.vscode/extensions/visualstudioexptteam.intellicode-api-usage-examples-0.2.8/dist/extension.js:2:398068
	at re (/home/andojas/.vscode/extensions/visualstudioexptteam.intellicode-api-usage-examples-0.2.8/dist/extension.js:2:398362)
	at /home/andojas/.vscode/extensions/visualstudioexptteam.intellicode-api-usage-examples-0.2.8/dist/extension.js:2:393146
	at Immediate.<anonymous> (/home/andojas/.vscode/extensions/visualstudioexptteam.intellicode-api-usage-examples-0.2.8/dist/extension.js:2:393166)
	at process.processImmediate (node:internal/timers:478:21)
2024-07-14 23:08:12.050 [error] [VisualStudioExptTeam.intellicode-api-usage-examples] provider FAILED
2024-07-14 23:08:12.050 [error] Error: Unhandled method getIdAtPosition
	at /home/andojas/.vscode/extensions/visualstudioexptteam.intellicode-api-usage-examples-0.2.8/dist/extension.js:2:398068
	at re (/home/andojas/.vscode/extensions/visualstudioexptteam.intellicode-api-usage-examples-0.2.8/dist/extension.js:2:398362)
	at /home/andojas/.vscode/extensions/visualstudioexptteam.intellicode-api-usage-examples-0.2.8/dist/extension.js:2:393146
	at Immediate.<anonymous> (/home/andojas/.vscode/extensions/visualstudioexptteam.intellicode-api-usage-examples-0.2.8/dist/extension.js:2:393166)
	at process.processImmediate (node:internal/timers:478:21)
2024-07-14 23:08:34.530 [error] [VisualStudioExptTeam.intellicode-api-usage-examples] provider FAILED
2024-07-14 23:08:34.530 [error] Error: Unhandled method getIdAtPosition
	at /home/andojas/.vscode/extensions/visualstudioexptteam.intellicode-api-usage-examples-0.2.8/dist/extension.js:2:398068
	at re (/home/andojas/.vscode/extensions/visualstudioexptteam.intellicode-api-usage-examples-0.2.8/dist/extension.js:2:398362)
	at /home/andojas/.vscode/extensions/visualstudioexptteam.intellicode-api-usage-examples-0.2.8/dist/extension.js:2:393146
	at Immediate.<anonymous> (/home/andojas/.vscode/extensions/visualstudioexptteam.intellicode-api-usage-examples-0.2.8/dist/extension.js:2:393166)
	at process.processImmediate (node:internal/timers:478:21)
2024-07-14 23:08:55.407 [error] [VisualStudioExptTeam.intellicode-api-usage-examples] provider FAILED
2024-07-14 23:08:55.407 [error] Error: Unhandled method getIdAtPosition
	at /home/andojas/.vscode/extensions/visualstudioexptteam.intellicode-api-usage-examples-0.2.8/dist/extension.js:2:398068
	at re (/home/andojas/.vscode/extensions/visualstudioexptteam.intellicode-api-usage-examples-0.2.8/dist/extension.js:2:398362)
	at /home/andojas/.vscode/extensions/visualstudioexptteam.intellicode-api-usage-examples-0.2.8/dist/extension.js:2:393146
	at Immediate.<anonymous> (/home/andojas/.vscode/extensions/visualstudioexptteam.intellicode-api-usage-examples-0.2.8/dist/extension.js:2:393166)
	at process.processImmediate (node:internal/timers:478:21)
2024-07-14 23:11:34.204 [error] [VisualStudioExptTeam.intellicode-api-usage-examples] provider FAILED
2024-07-14 23:11:34.204 [error] Error: Unhandled method getIdAtPosition
	at /home/andojas/.vscode/extensions/visualstudioexptteam.intellicode-api-usage-examples-0.2.8/dist/extension.js:2:398068
	at re (/home/andojas/.vscode/extensions/visualstudioexptteam.intellicode-api-usage-examples-0.2.8/dist/extension.js:2:398362)
	at /home/andojas/.vscode/extensions/visualstudioexptteam.intellicode-api-usage-examples-0.2.8/dist/extension.js:2:393146
	at Immediate.<anonymous> (/home/andojas/.vscode/extensions/visualstudioexptteam.intellicode-api-usage-examples-0.2.8/dist/extension.js:2:393166)
	at process.processImmediate (node:internal/timers:478:21)
2024-07-14 23:13:42.969 [error] [VisualStudioExptTeam.intellicode-api-usage-examples] provider FAILED
2024-07-14 23:13:42.969 [error] Error: Unhandled method getIdAtPosition
	at /home/andojas/.vscode/extensions/visualstudioexptteam.intellicode-api-usage-examples-0.2.8/dist/extension.js:2:398068
	at re (/home/andojas/.vscode/extensions/visualstudioexptteam.intellicode-api-usage-examples-0.2.8/dist/extension.js:2:398362)
	at /home/andojas/.vscode/extensions/visualstudioexptteam.intellicode-api-usage-examples-0.2.8/dist/extension.js:2:393146
	at Immediate.<anonymous> (/home/andojas/.vscode/extensions/visualstudioexptteam.intellicode-api-usage-examples-0.2.8/dist/extension.js:2:393166)
	at process.processImmediate (node:internal/timers:478:21)
2024-07-14 23:13:43.314 [error] [VisualStudioExptTeam.intellicode-api-usage-examples] provider FAILED
2024-07-14 23:13:43.314 [error] Error: Unhandled method getIdAtPosition
	at /home/andojas/.vscode/extensions/visualstudioexptteam.intellicode-api-usage-examples-0.2.8/dist/extension.js:2:398068
	at re (/home/andojas/.vscode/extensions/visualstudioexptteam.intellicode-api-usage-examples-0.2.8/dist/extension.js:2:398362)
	at /home/andojas/.vscode/extensions/visualstudioexptteam.intellicode-api-usage-examples-0.2.8/dist/extension.js:2:393146
	at Immediate.<anonymous> (/home/andojas/.vscode/extensions/visualstudioexptteam.intellicode-api-usage-examples-0.2.8/dist/extension.js:2:393166)
	at process.processImmediate (node:internal/timers:478:21)
2024-07-14 23:13:43.948 [error] [VisualStudioExptTeam.intellicode-api-usage-examples] provider FAILED
2024-07-14 23:13:43.948 [error] Error: Unhandled method getIdAtPosition
	at /home/andojas/.vscode/extensions/visualstudioexptteam.intellicode-api-usage-examples-0.2.8/dist/extension.js:2:398068
	at re (/home/andojas/.vscode/extensions/visualstudioexptteam.intellicode-api-usage-examples-0.2.8/dist/extension.js:2:398362)
	at /home/andojas/.vscode/extensions/visualstudioexptteam.intellicode-api-usage-examples-0.2.8/dist/extension.js:2:393146
	at Immediate.<anonymous> (/home/andojas/.vscode/extensions/visualstudioexptteam.intellicode-api-usage-examples-0.2.8/dist/extension.js:2:393166)
	at process.processImmediate (node:internal/timers:478:21)
2024-07-14 23:13:45.711 [error] [VisualStudioExptTeam.intellicode-api-usage-examples] provider FAILED
2024-07-14 23:13:45.711 [error] Error: Unhandled method getIdAtPosition
	at /home/andojas/.vscode/extensions/visualstudioexptteam.intellicode-api-usage-examples-0.2.8/dist/extension.js:2:398068
	at re (/home/andojas/.vscode/extensions/visualstudioexptteam.intellicode-api-usage-examples-0.2.8/dist/extension.js:2:398362)
	at /home/andojas/.vscode/extensions/visualstudioexptteam.intellicode-api-usage-examples-0.2.8/dist/extension.js:2:393146
	at Immediate.<anonymous> (/home/andojas/.vscode/extensions/visualstudioexptteam.intellicode-api-usage-examples-0.2.8/dist/extension.js:2:393166)
	at process.processImmediate (node:internal/timers:478:21)
2024-07-14 23:13:46.057 [error] [VisualStudioExptTeam.intellicode-api-usage-examples] provider FAILED
2024-07-14 23:13:46.057 [error] Error: Unhandled method getIdAtPosition
	at /home/andojas/.vscode/extensions/visualstudioexptteam.intellicode-api-usage-examples-0.2.8/dist/extension.js:2:398068
	at re (/home/andojas/.vscode/extensions/visualstudioexptteam.intellicode-api-usage-examples-0.2.8/dist/extension.js:2:398362)
	at /home/andojas/.vscode/extensions/visualstudioexptteam.intellicode-api-usage-examples-0.2.8/dist/extension.js:2:393146
	at Immediate.<anonymous> (/home/andojas/.vscode/extensions/visualstudioexptteam.intellicode-api-usage-examples-0.2.8/dist/extension.js:2:393166)
	at process.processImmediate (node:internal/timers:478:21)
2024-07-14 23:13:47.329 [error] [VisualStudioExptTeam.intellicode-api-usage-examples] provider FAILED
2024-07-14 23:13:47.329 [error] Error: Unhandled method getIdAtPosition
	at /home/andojas/.vscode/extensions/visualstudioexptteam.intellicode-api-usage-examples-0.2.8/dist/extension.js:2:398068
	at re (/home/andojas/.vscode/extensions/visualstudioexptteam.intellicode-api-usage-examples-0.2.8/dist/extension.js:2:398362)
	at /home/andojas/.vscode/extensions/visualstudioexptteam.intellicode-api-usage-examples-0.2.8/dist/extension.js:2:393146
	at Immediate.<anonymous> (/home/andojas/.vscode/extensions/visualstudioexptteam.intellicode-api-usage-examples-0.2.8/dist/extension.js:2:393166)
	at process.processImmediate (node:internal/timers:478:21)
2024-07-14 23:13:47.656 [error] [VisualStudioExptTeam.intellicode-api-usage-examples] provider FAILED
2024-07-14 23:13:47.656 [error] Error: Unhandled method getIdAtPosition
	at /home/andojas/.vscode/extensions/visualstudioexptteam.intellicode-api-usage-examples-0.2.8/dist/extension.js:2:398068
	at re (/home/andojas/.vscode/extensions/visualstudioexptteam.intellicode-api-usage-examples-0.2.8/dist/extension.js:2:398362)
	at /home/andojas/.vscode/extensions/visualstudioexptteam.intellicode-api-usage-examples-0.2.8/dist/extension.js:2:393146
	at Immediate.<anonymous> (/home/andojas/.vscode/extensions/visualstudioexptteam.intellicode-api-usage-examples-0.2.8/dist/extension.js:2:393166)
	at process.processImmediate (node:internal/timers:478:21)
2024-07-14 23:14:33.256 [error] [VisualStudioExptTeam.intellicode-api-usage-examples] provider FAILED
2024-07-14 23:14:33.256 [error] Error: Unhandled method getIdAtPosition
	at /home/andojas/.vscode/extensions/visualstudioexptteam.intellicode-api-usage-examples-0.2.8/dist/extension.js:2:398068
	at re (/home/andojas/.vscode/extensions/visualstudioexptteam.intellicode-api-usage-examples-0.2.8/dist/extension.js:2:398362)
	at /home/andojas/.vscode/extensions/visualstudioexptteam.intellicode-api-usage-examples-0.2.8/dist/extension.js:2:393146
	at Immediate.<anonymous> (/home/andojas/.vscode/extensions/visualstudioexptteam.intellicode-api-usage-examples-0.2.8/dist/extension.js:2:393166)
	at process.processImmediate (node:internal/timers:478:21)
2024-07-14 23:14:34.005 [error] [VisualStudioExptTeam.intellicode-api-usage-examples] provider FAILED
2024-07-14 23:14:34.005 [error] Error: Unhandled method getIdAtPosition
	at /home/andojas/.vscode/extensions/visualstudioexptteam.intellicode-api-usage-examples-0.2.8/dist/extension.js:2:398068
	at re (/home/andojas/.vscode/extensions/visualstudioexptteam.intellicode-api-usage-examples-0.2.8/dist/extension.js:2:398362)
	at /home/andojas/.vscode/extensions/visualstudioexptteam.intellicode-api-usage-examples-0.2.8/dist/extension.js:2:393146
	at Immediate.<anonymous> (/home/andojas/.vscode/extensions/visualstudioexptteam.intellicode-api-usage-examples-0.2.8/dist/extension.js:2:393166)
	at process.processImmediate (node:internal/timers:478:21)
2024-07-14 23:14:34.159 [error] [VisualStudioExptTeam.intellicode-api-usage-examples] provider FAILED
2024-07-14 23:14:34.159 [error] Error: Unhandled method getIdAtPosition
	at /home/andojas/.vscode/extensions/visualstudioexptteam.intellicode-api-usage-examples-0.2.8/dist/extension.js:2:398068
	at re (/home/andojas/.vscode/extensions/visualstudioexptteam.intellicode-api-usage-examples-0.2.8/dist/extension.js:2:398362)
	at /home/andojas/.vscode/extensions/visualstudioexptteam.intellicode-api-usage-examples-0.2.8/dist/extension.js:2:393146
	at Immediate.<anonymous> (/home/andojas/.vscode/extensions/visualstudioexptteam.intellicode-api-usage-examples-0.2.8/dist/extension.js:2:393166)
	at process.processImmediate (node:internal/timers:478:21)
2024-07-14 23:14:35.705 [error] [VisualStudioExptTeam.intellicode-api-usage-examples] provider FAILED
2024-07-14 23:14:35.706 [error] Error: Unhandled method getIdAtPosition
	at /home/andojas/.vscode/extensions/visualstudioexptteam.intellicode-api-usage-examples-0.2.8/dist/extension.js:2:398068
	at re (/home/andojas/.vscode/extensions/visualstudioexptteam.intellicode-api-usage-examples-0.2.8/dist/extension.js:2:398362)
	at /home/andojas/.vscode/extensions/visualstudioexptteam.intellicode-api-usage-examples-0.2.8/dist/extension.js:2:393146
	at Immediate.<anonymous> (/home/andojas/.vscode/extensions/visualstudioexptteam.intellicode-api-usage-examples-0.2.8/dist/extension.js:2:393166)
	at process.processImmediate (node:internal/timers:478:21)
2024-07-14 23:14:35.719 [error] [VisualStudioExptTeam.intellicode-api-usage-examples] provider FAILED
2024-07-14 23:14:35.719 [error] Error: Unhandled method getIdAtPosition
	at /home/andojas/.vscode/extensions/visualstudioexptteam.intellicode-api-usage-examples-0.2.8/dist/extension.js:2:398068
	at re (/home/andojas/.vscode/extensions/visualstudioexptteam.intellicode-api-usage-examples-0.2.8/dist/extension.js:2:398362)
	at /home/andojas/.vscode/extensions/visualstudioexptteam.intellicode-api-usage-examples-0.2.8/dist/extension.js:2:393146
	at Immediate.<anonymous> (/home/andojas/.vscode/extensions/visualstudioexptteam.intellicode-api-usage-examples-0.2.8/dist/extension.js:2:393166)
	at process.processImmediate (node:internal/timers:478:21)
2024-07-14 23:14:35.857 [error] [VisualStudioExptTeam.intellicode-api-usage-examples] provider FAILED
2024-07-14 23:14:35.857 [error] Error: Unhandled method getIdAtPosition
	at /home/andojas/.vscode/extensions/visualstudioexptteam.intellicode-api-usage-examples-0.2.8/dist/extension.js:2:398068
	at re (/home/andojas/.vscode/extensions/visualstudioexptteam.intellicode-api-usage-examples-0.2.8/dist/extension.js:2:398362)
	at /home/andojas/.vscode/extensions/visualstudioexptteam.intellicode-api-usage-examples-0.2.8/dist/extension.js:2:393146
	at Immediate.<anonymous> (/home/andojas/.vscode/extensions/visualstudioexptteam.intellicode-api-usage-examples-0.2.8/dist/extension.js:2:393166)
	at process.processImmediate (node:internal/timers:478:21)
2024-07-14 23:14:44.323 [error] [VisualStudioExptTeam.intellicode-api-usage-examples] provider FAILED
2024-07-14 23:14:44.323 [error] Error: Unhandled method getIdAtPosition
	at /home/andojas/.vscode/extensions/visualstudioexptteam.intellicode-api-usage-examples-0.2.8/dist/extension.js:2:398068
	at re (/home/andojas/.vscode/extensions/visualstudioexptteam.intellicode-api-usage-examples-0.2.8/dist/extension.js:2:398362)
	at /home/andojas/.vscode/extensions/visualstudioexptteam.intellicode-api-usage-examples-0.2.8/dist/extension.js:2:393146
	at Immediate.<anonymous> (/home/andojas/.vscode/extensions/visualstudioexptteam.intellicode-api-usage-examples-0.2.8/dist/extension.js:2:393166)
	at process.processImmediate (node:internal/timers:478:21)
2024-07-14 23:14:51.757 [error] [VisualStudioExptTeam.intellicode-api-usage-examples] provider FAILED
2024-07-14 23:14:51.757 [error] Error: Unhandled method getIdAtPosition
	at /home/andojas/.vscode/extensions/visualstudioexptteam.intellicode-api-usage-examples-0.2.8/dist/extension.js:2:398068
	at re (/home/andojas/.vscode/extensions/visualstudioexptteam.intellicode-api-usage-examples-0.2.8/dist/extension.js:2:398362)
	at /home/andojas/.vscode/extensions/visualstudioexptteam.intellicode-api-usage-examples-0.2.8/dist/extension.js:2:393146
	at Immediate.<anonymous> (/home/andojas/.vscode/extensions/visualstudioexptteam.intellicode-api-usage-examples-0.2.8/dist/extension.js:2:393166)
	at process.processImmediate (node:internal/timers:478:21)
2024-07-14 23:15:29.107 [error] [VisualStudioExptTeam.intellicode-api-usage-examples] provider FAILED
2024-07-14 23:15:29.107 [error] Error: Unhandled method getIdAtPosition
	at /home/andojas/.vscode/extensions/visualstudioexptteam.intellicode-api-usage-examples-0.2.8/dist/extension.js:2:398068
	at re (/home/andojas/.vscode/extensions/visualstudioexptteam.intellicode-api-usage-examples-0.2.8/dist/extension.js:2:398362)
	at /home/andojas/.vscode/extensions/visualstudioexptteam.intellicode-api-usage-examples-0.2.8/dist/extension.js:2:393146
	at Immediate.<anonymous> (/home/andojas/.vscode/extensions/visualstudioexptteam.intellicode-api-usage-examples-0.2.8/dist/extension.js:2:393166)
	at process.processImmediate (node:internal/timers:478:21)
2024-07-14 23:15:29.617 [error] [VisualStudioExptTeam.intellicode-api-usage-examples] provider FAILED
2024-07-14 23:15:29.618 [error] Error: Unhandled method getIdAtPosition
	at /home/andojas/.vscode/extensions/visualstudioexptteam.intellicode-api-usage-examples-0.2.8/dist/extension.js:2:398068
	at re (/home/andojas/.vscode/extensions/visualstudioexptteam.intellicode-api-usage-examples-0.2.8/dist/extension.js:2:398362)
	at /home/andojas/.vscode/extensions/visualstudioexptteam.intellicode-api-usage-examples-0.2.8/dist/extension.js:2:393146
	at Immediate.<anonymous> (/home/andojas/.vscode/extensions/visualstudioexptteam.intellicode-api-usage-examples-0.2.8/dist/extension.js:2:393166)
	at process.processImmediate (node:internal/timers:478:21)
2024-07-14 23:17:10.295 [error] [VisualStudioExptTeam.intellicode-api-usage-examples] provider FAILED
2024-07-14 23:17:10.296 [error] Error: Unhandled method getIdAtPosition
	at /home/andojas/.vscode/extensions/visualstudioexptteam.intellicode-api-usage-examples-0.2.8/dist/extension.js:2:398068
	at re (/home/andojas/.vscode/extensions/visualstudioexptteam.intellicode-api-usage-examples-0.2.8/dist/extension.js:2:398362)
	at /home/andojas/.vscode/extensions/visualstudioexptteam.intellicode-api-usage-examples-0.2.8/dist/extension.js:2:393146
	at Immediate.<anonymous> (/home/andojas/.vscode/extensions/visualstudioexptteam.intellicode-api-usage-examples-0.2.8/dist/extension.js:2:393166)
	at process.processImmediate (node:internal/timers:478:21)
2024-07-14 23:17:10.691 [error] [VisualStudioExptTeam.intellicode-api-usage-examples] provider FAILED
2024-07-14 23:17:10.691 [error] Error: Unhandled method getIdAtPosition
	at /home/andojas/.vscode/extensions/visualstudioexptteam.intellicode-api-usage-examples-0.2.8/dist/extension.js:2:398068
	at re (/home/andojas/.vscode/extensions/visualstudioexptteam.intellicode-api-usage-examples-0.2.8/dist/extension.js:2:398362)
	at /home/andojas/.vscode/extensions/visualstudioexptteam.intellicode-api-usage-examples-0.2.8/dist/extension.js:2:393146
	at Immediate.<anonymous> (/home/andojas/.vscode/extensions/visualstudioexptteam.intellicode-api-usage-examples-0.2.8/dist/extension.js:2:393166)
	at process.processImmediate (node:internal/timers:478:21)
2024-07-14 23:17:11.270 [error] [VisualStudioExptTeam.intellicode-api-usage-examples] provider FAILED
2024-07-14 23:17:11.270 [error] Error: Unhandled method getIdAtPosition
	at /home/andojas/.vscode/extensions/visualstudioexptteam.intellicode-api-usage-examples-0.2.8/dist/extension.js:2:398068
	at re (/home/andojas/.vscode/extensions/visualstudioexptteam.intellicode-api-usage-examples-0.2.8/dist/extension.js:2:398362)
	at /home/andojas/.vscode/extensions/visualstudioexptteam.intellicode-api-usage-examples-0.2.8/dist/extension.js:2:393146
	at Immediate.<anonymous> (/home/andojas/.vscode/extensions/visualstudioexptteam.intellicode-api-usage-examples-0.2.8/dist/extension.js:2:393166)
	at process.processImmediate (node:internal/timers:478:21)
2024-07-14 23:19:32.443 [error] [VisualStudioExptTeam.intellicode-api-usage-examples] provider FAILED
2024-07-14 23:19:32.443 [error] Error: Unhandled method getIdAtPosition
	at /home/andojas/.vscode/extensions/visualstudioexptteam.intellicode-api-usage-examples-0.2.8/dist/extension.js:2:398068
	at re (/home/andojas/.vscode/extensions/visualstudioexptteam.intellicode-api-usage-examples-0.2.8/dist/extension.js:2:398362)
	at /home/andojas/.vscode/extensions/visualstudioexptteam.intellicode-api-usage-examples-0.2.8/dist/extension.js:2:393146
	at Immediate.<anonymous> (/home/andojas/.vscode/extensions/visualstudioexptteam.intellicode-api-usage-examples-0.2.8/dist/extension.js:2:393166)
	at process.processImmediate (node:internal/timers:478:21)
2024-07-14 23:19:32.693 [error] [VisualStudioExptTeam.intellicode-api-usage-examples] provider FAILED
2024-07-14 23:19:32.693 [error] Error: Unhandled method getIdAtPosition
	at /home/andojas/.vscode/extensions/visualstudioexptteam.intellicode-api-usage-examples-0.2.8/dist/extension.js:2:398068
	at re (/home/andojas/.vscode/extensions/visualstudioexptteam.intellicode-api-usage-examples-0.2.8/dist/extension.js:2:398362)
	at /home/andojas/.vscode/extensions/visualstudioexptteam.intellicode-api-usage-examples-0.2.8/dist/extension.js:2:393146
	at Immediate.<anonymous> (/home/andojas/.vscode/extensions/visualstudioexptteam.intellicode-api-usage-examples-0.2.8/dist/extension.js:2:393166)
	at process.processImmediate (node:internal/timers:478:21)
2024-07-14 23:19:33.049 [error] [VisualStudioExptTeam.intellicode-api-usage-examples] provider FAILED
2024-07-14 23:19:33.049 [error] Error: Unhandled method getIdAtPosition
	at /home/andojas/.vscode/extensions/visualstudioexptteam.intellicode-api-usage-examples-0.2.8/dist/extension.js:2:398068
	at re (/home/andojas/.vscode/extensions/visualstudioexptteam.intellicode-api-usage-examples-0.2.8/dist/extension.js:2:398362)
	at /home/andojas/.vscode/extensions/visualstudioexptteam.intellicode-api-usage-examples-0.2.8/dist/extension.js:2:393146
	at Immediate.<anonymous> (/home/andojas/.vscode/extensions/visualstudioexptteam.intellicode-api-usage-examples-0.2.8/dist/extension.js:2:393166)
	at process.processImmediate (node:internal/timers:478:21)
2024-07-14 23:19:34.373 [error] [VisualStudioExptTeam.intellicode-api-usage-examples] provider FAILED
2024-07-14 23:19:34.373 [error] Error: Unhandled method getIdAtPosition
	at /home/andojas/.vscode/extensions/visualstudioexptteam.intellicode-api-usage-examples-0.2.8/dist/extension.js:2:398068
	at re (/home/andojas/.vscode/extensions/visualstudioexptteam.intellicode-api-usage-examples-0.2.8/dist/extension.js:2:398362)
	at /home/andojas/.vscode/extensions/visualstudioexptteam.intellicode-api-usage-examples-0.2.8/dist/extension.js:2:393146
	at Immediate.<anonymous> (/home/andojas/.vscode/extensions/visualstudioexptteam.intellicode-api-usage-examples-0.2.8/dist/extension.js:2:393166)
	at process.processImmediate (node:internal/timers:478:21)
2024-07-14 23:19:34.742 [error] [VisualStudioExptTeam.intellicode-api-usage-examples] provider FAILED
2024-07-14 23:19:34.742 [error] Error: Unhandled method getIdAtPosition
	at /home/andojas/.vscode/extensions/visualstudioexptteam.intellicode-api-usage-examples-0.2.8/dist/extension.js:2:398068
	at re (/home/andojas/.vscode/extensions/visualstudioexptteam.intellicode-api-usage-examples-0.2.8/dist/extension.js:2:398362)
	at /home/andojas/.vscode/extensions/visualstudioexptteam.intellicode-api-usage-examples-0.2.8/dist/extension.js:2:393146
	at Immediate.<anonymous> (/home/andojas/.vscode/extensions/visualstudioexptteam.intellicode-api-usage-examples-0.2.8/dist/extension.js:2:393166)
	at process.processImmediate (node:internal/timers:478:21)
2024-07-14 23:19:35.512 [error] [VisualStudioExptTeam.intellicode-api-usage-examples] provider FAILED
2024-07-14 23:19:35.512 [error] Error: Unhandled method getIdAtPosition
	at /home/andojas/.vscode/extensions/visualstudioexptteam.intellicode-api-usage-examples-0.2.8/dist/extension.js:2:398068
	at re (/home/andojas/.vscode/extensions/visualstudioexptteam.intellicode-api-usage-examples-0.2.8/dist/extension.js:2:398362)
	at /home/andojas/.vscode/extensions/visualstudioexptteam.intellicode-api-usage-examples-0.2.8/dist/extension.js:2:393146
	at Immediate.<anonymous> (/home/andojas/.vscode/extensions/visualstudioexptteam.intellicode-api-usage-examples-0.2.8/dist/extension.js:2:393166)
	at process.processImmediate (node:internal/timers:478:21)
2024-07-14 23:19:36.781 [error] [VisualStudioExptTeam.intellicode-api-usage-examples] provider FAILED
2024-07-14 23:19:36.781 [error] Error: Unhandled method getIdAtPosition
	at /home/andojas/.vscode/extensions/visualstudioexptteam.intellicode-api-usage-examples-0.2.8/dist/extension.js:2:398068
	at re (/home/andojas/.vscode/extensions/visualstudioexptteam.intellicode-api-usage-examples-0.2.8/dist/extension.js:2:398362)
	at /home/andojas/.vscode/extensions/visualstudioexptteam.intellicode-api-usage-examples-0.2.8/dist/extension.js:2:393146
	at Immediate.<anonymous> (/home/andojas/.vscode/extensions/visualstudioexptteam.intellicode-api-usage-examples-0.2.8/dist/extension.js:2:393166)
	at process.processImmediate (node:internal/timers:478:21)
2024-07-14 23:19:39.141 [error] [VisualStudioExptTeam.intellicode-api-usage-examples] provider FAILED
2024-07-14 23:19:39.141 [error] Error: Unhandled method getIdAtPosition
	at /home/andojas/.vscode/extensions/visualstudioexptteam.intellicode-api-usage-examples-0.2.8/dist/extension.js:2:398068
	at re (/home/andojas/.vscode/extensions/visualstudioexptteam.intellicode-api-usage-examples-0.2.8/dist/extension.js:2:398362)
	at /home/andojas/.vscode/extensions/visualstudioexptteam.intellicode-api-usage-examples-0.2.8/dist/extension.js:2:393146
	at Immediate.<anonymous> (/home/andojas/.vscode/extensions/visualstudioexptteam.intellicode-api-usage-examples-0.2.8/dist/extension.js:2:393166)
	at process.processImmediate (node:internal/timers:478:21)
2024-07-14 23:19:44.264 [error] [VisualStudioExptTeam.intellicode-api-usage-examples] provider FAILED
2024-07-14 23:19:44.264 [error] Error: Unhandled method getIdAtPosition
	at /home/andojas/.vscode/extensions/visualstudioexptteam.intellicode-api-usage-examples-0.2.8/dist/extension.js:2:398068
	at re (/home/andojas/.vscode/extensions/visualstudioexptteam.intellicode-api-usage-examples-0.2.8/dist/extension.js:2:398362)
	at /home/andojas/.vscode/extensions/visualstudioexptteam.intellicode-api-usage-examples-0.2.8/dist/extension.js:2:393146
	at Immediate.<anonymous> (/home/andojas/.vscode/extensions/visualstudioexptteam.intellicode-api-usage-examples-0.2.8/dist/extension.js:2:393166)
	at process.processImmediate (node:internal/timers:478:21)
2024-07-14 23:19:49.369 [error] [VisualStudioExptTeam.intellicode-api-usage-examples] provider FAILED
2024-07-14 23:19:49.369 [error] Error: Unhandled method getIdAtPosition
	at /home/andojas/.vscode/extensions/visualstudioexptteam.intellicode-api-usage-examples-0.2.8/dist/extension.js:2:398068
	at re (/home/andojas/.vscode/extensions/visualstudioexptteam.intellicode-api-usage-examples-0.2.8/dist/extension.js:2:398362)
	at /home/andojas/.vscode/extensions/visualstudioexptteam.intellicode-api-usage-examples-0.2.8/dist/extension.js:2:393146
	at Immediate.<anonymous> (/home/andojas/.vscode/extensions/visualstudioexptteam.intellicode-api-usage-examples-0.2.8/dist/extension.js:2:393166)
	at process.processImmediate (node:internal/timers:478:21)
2024-07-14 23:21:10.662 [error] [VisualStudioExptTeam.intellicode-api-usage-examples] provider FAILED
2024-07-14 23:21:10.662 [error] Error: Unhandled method getIdAtPosition
	at /home/andojas/.vscode/extensions/visualstudioexptteam.intellicode-api-usage-examples-0.2.8/dist/extension.js:2:398068
	at re (/home/andojas/.vscode/extensions/visualstudioexptteam.intellicode-api-usage-examples-0.2.8/dist/extension.js:2:398362)
	at /home/andojas/.vscode/extensions/visualstudioexptteam.intellicode-api-usage-examples-0.2.8/dist/extension.js:2:393146
	at Immediate.<anonymous> (/home/andojas/.vscode/extensions/visualstudioexptteam.intellicode-api-usage-examples-0.2.8/dist/extension.js:2:393166)
	at process.processImmediate (node:internal/timers:478:21)
2024-07-14 23:21:15.353 [error] [VisualStudioExptTeam.intellicode-api-usage-examples] provider FAILED
2024-07-14 23:21:15.353 [error] Error: Unhandled method getIdAtPosition
	at /home/andojas/.vscode/extensions/visualstudioexptteam.intellicode-api-usage-examples-0.2.8/dist/extension.js:2:398068
	at re (/home/andojas/.vscode/extensions/visualstudioexptteam.intellicode-api-usage-examples-0.2.8/dist/extension.js:2:398362)
	at /home/andojas/.vscode/extensions/visualstudioexptteam.intellicode-api-usage-examples-0.2.8/dist/extension.js:2:393146
	at Immediate.<anonymous> (/home/andojas/.vscode/extensions/visualstudioexptteam.intellicode-api-usage-examples-0.2.8/dist/extension.js:2:393166)
	at process.processImmediate (node:internal/timers:478:21)
2024-07-14 23:21:36.627 [error] [VisualStudioExptTeam.intellicode-api-usage-examples] provider FAILED
2024-07-14 23:21:36.627 [error] Error: Unhandled method getIdAtPosition
	at /home/andojas/.vscode/extensions/visualstudioexptteam.intellicode-api-usage-examples-0.2.8/dist/extension.js:2:398068
	at re (/home/andojas/.vscode/extensions/visualstudioexptteam.intellicode-api-usage-examples-0.2.8/dist/extension.js:2:398362)
	at /home/andojas/.vscode/extensions/visualstudioexptteam.intellicode-api-usage-examples-0.2.8/dist/extension.js:2:393146
	at Immediate.<anonymous> (/home/andojas/.vscode/extensions/visualstudioexptteam.intellicode-api-usage-examples-0.2.8/dist/extension.js:2:393166)
	at process.processImmediate (node:internal/timers:478:21)
2024-07-14 23:21:38.818 [error] [VisualStudioExptTeam.intellicode-api-usage-examples] provider FAILED
2024-07-14 23:21:38.818 [error] Error: Unhandled method getIdAtPosition
	at /home/andojas/.vscode/extensions/visualstudioexptteam.intellicode-api-usage-examples-0.2.8/dist/extension.js:2:398068
	at re (/home/andojas/.vscode/extensions/visualstudioexptteam.intellicode-api-usage-examples-0.2.8/dist/extension.js:2:398362)
	at /home/andojas/.vscode/extensions/visualstudioexptteam.intellicode-api-usage-examples-0.2.8/dist/extension.js:2:393146
	at Immediate.<anonymous> (/home/andojas/.vscode/extensions/visualstudioexptteam.intellicode-api-usage-examples-0.2.8/dist/extension.js:2:393166)
	at process.processImmediate (node:internal/timers:478:21)
