2024-07-28 20:16:39.787 [info] Extension host with pid 32231 started
2024-07-28 20:16:39.787 [info] Skipping acquiring lock for /home/andojas/.config/Code/User/workspaceStorage/be03bdc5636572565a645d5ccef04fee.
2024-07-28 20:16:39.919 [info] ExtensionService#_doActivateExtension vscode.emmet, startup: false, activationEvent: 'onLanguage'
2024-07-28 20:16:39.923 [info] ExtensionService#_doActivateExtension vscode.html-language-features, startup: false, activationEvent: 'onLanguage:html'
2024-07-28 20:16:39.935 [info] ExtensionService#_doActivateExtension Angular.ng-template, startup: false, activationEvent: 'onLanguage:html'
2024-07-28 20:16:40.360 [info] ExtensionService#_doActivateExtension vscode.git-base, startup: true, activationEvent: '*', root cause: vscode.git
2024-07-28 20:16:40.362 [info] ExtensionService#_doActivateExtension vscode.npm, startup: true, activationEvent: 'workspaceContains:package.json'
2024-07-28 20:16:40.414 [info] ExtensionService#_doActivateExtension vscode.git, startup: true, activationEvent: '*'
2024-07-28 20:16:40.429 [info] ExtensionService#_doActivateExtension vscode.github, startup: true, activationEvent: '*'
2024-07-28 20:16:40.458 [info] ExtensionService#_doActivateExtension ms-vscode.extension-test-runner, startup: true, activationEvent: 'workspaceContains:**/.vscode-test.{js,cjs,mjs}'
2024-07-28 20:16:40.475 [info] Eager extensions activated
2024-07-28 20:16:40.501 [info] ExtensionService#_doActivateExtension vscode.debug-auto-launch, startup: false, activationEvent: 'onStartupFinished'
2024-07-28 20:16:40.502 [info] ExtensionService#_doActivateExtension vscode.merge-conflict, startup: false, activationEvent: 'onStartupFinished'
2024-07-28 20:16:40.507 [info] ExtensionService#_doActivateExtension dbaeumer.vscode-eslint, startup: false, activationEvent: 'onStartupFinished'
2024-07-28 20:16:40.605 [info] ExtensionService#_doActivateExtension vscode.github-authentication, startup: false, activationEvent: 'onAuthenticationRequest:github'
2024-07-28 20:16:45.543 [info] ExtensionService#_doActivateExtension vscode.debug-server-ready, startup: false, activationEvent: 'onDebugResolve'
2024-07-28 20:16:45.544 [info] ExtensionService#_doActivateExtension ms-vscode.js-debug, startup: false, activationEvent: 'onDebugResolve:extensionHost'
2024-07-28 20:16:45.650 [info] ExtensionService#_doActivateExtension vscode.grunt, startup: false, activationEvent: 'onTaskType:grunt'
2024-07-28 20:16:45.652 [info] ExtensionService#_doActivateExtension vscode.gulp, startup: false, activationEvent: 'onTaskType:gulp'
2024-07-28 20:16:45.653 [info] ExtensionService#_doActivateExtension vscode.jake, startup: false, activationEvent: 'onTaskType:jake'
2024-07-28 20:16:45.654 [info] ExtensionService#_doActivateExtension vscode.typescript-language-features, startup: false, activationEvent: 'onTaskType:typescript'
2024-07-28 20:16:45.675 [info] ExtensionService#_doActivateExtension ms-vscode.cmake-tools, startup: false, activationEvent: 'onTaskType:cmake'
2024-07-28 20:16:45.762 [info] ExtensionService#_doActivateExtension ms-vscode.cpptools, startup: false, activationEvent: 'onTaskType:cppbuild'
2024-07-28 20:16:45.839 [info] ExtensionService#_doActivateExtension vscjava.vscode-java-dependency, startup: false, activationEvent: 'onTaskType:java (buildArtifact)'
2024-07-28 20:16:45.975 [info] ExtensionService#_doActivateExtension redhat.java, startup: false, activationEvent: 'api', root cause: vscjava.vscode-java-dependency
2024-07-28 20:16:46.344 [info] ExtensionService#_doActivateExtension platformio.platformio-ide, startup: false, activationEvent: 'onTaskType:PlatformIO'
2024-07-28 20:16:46.559 [warning] [redhat.java] Accessing a resource scoped configuration without providing a resource is not expected. To get the effective value for '[java]', provide the URI of a resource or 'null' for any resource.
2024-07-28 20:16:46.636 [warning] [redhat.java] Accessing a resource scoped configuration without providing a resource is not expected. To get the effective value for '[java]', provide the URI of a resource or 'null' for any resource.
2024-07-28 20:16:46.906 [info] ExtensionService#_doActivateExtension vscode.configuration-editing, startup: false, activationEvent: 'onLanguage:json'
2024-07-28 20:16:46.910 [info] ExtensionService#_doActivateExtension vscode.extension-editing, startup: false, activationEvent: 'onLanguage:json'
2024-07-28 20:16:46.913 [info] ExtensionService#_doActivateExtension vscode.json-language-features, startup: false, activationEvent: 'onLanguage:json'
2024-07-28 20:22:09.655 [info] ExtensionService#_doActivateExtension vscode.css-language-features, startup: false, activationEvent: 'onLanguage:css'
