2024-07-28 20:06:24.905 [info] Log level: Info
2024-07-28 20:06:24.905 [info] Validating found git in: "git"
2024-07-28 20:06:24.905 [info] Using git "2.45.2" from "git"
2024-07-28 20:06:24.905 [info] > git rev-parse --show-toplevel [11ms]
2024-07-28 20:06:24.905 [info] > git rev-parse --git-dir --git-common-dir [4ms]
2024-07-28 20:06:24.905 [info] Open repository: /home/andojas/Documents/dahu
2024-07-28 20:06:24.905 [info] > git rev-parse --show-toplevel [5ms]
2024-07-28 20:06:24.905 [info] > git config --get commit.template [8ms]
2024-07-28 20:06:24.908 [info] > git for-each-ref --format=%(refname)%00%(upstream:short)%00%(objectname)%00%(upstream:track)%00%(upstream:remotename)%00%(upstream:remoteref) refs/heads/develop refs/remotes/develop [3ms]
2024-07-28 20:06:24.908 [info] > git rev-parse --show-toplevel [1ms]
2024-07-28 20:06:24.915 [info] > git rev-parse --show-toplevel [4ms]
2024-07-28 20:06:24.919 [info] > git status -z -uall [4ms]
2024-07-28 20:06:24.934 [info] > git for-each-ref --format=%(refname)%00%(upstream:short)%00%(objectname)%00%(upstream:track)%00%(upstream:remotename)%00%(upstream:remoteref) refs/heads/develop refs/remotes/develop [10ms]
2024-07-28 20:06:24.937 [info] > git rev-parse --show-toplevel [19ms]
2024-07-28 20:06:24.943 [info] > git config --local branch.develop.vscode-merge-base [6ms]
2024-07-28 20:06:24.948 [info] > git config --get commit.template [16ms]
2024-07-28 20:06:24.963 [info] > git for-each-ref --format=%(refname)%00%(upstream:short)%00%(objectname)%00%(upstream:track)%00%(upstream:remotename)%00%(upstream:remoteref) refs/heads/origin/main refs/remotes/origin/main [16ms]
2024-07-28 20:06:24.972 [info] > git rev-parse --show-toplevel [29ms]
2024-07-28 20:06:24.985 [info] > git merge-base refs/heads/develop refs/remotes/origin/develop [13ms]
2024-07-28 20:06:24.993 [info] > git rev-list --count --left-right refs/heads/develop...refs/remotes/origin/develop [3ms]
2024-07-28 20:06:24.998 [info] > git rev-parse --show-toplevel [13ms]
2024-07-28 20:06:24.998 [info] > git for-each-ref --format=%(refname)%00%(upstream:short)%00%(objectname)%00%(upstream:track)%00%(upstream:remotename)%00%(upstream:remoteref) refs/heads/develop refs/remotes/develop [17ms]
2024-07-28 20:06:25.016 [info] > git diff --name-status -z --diff-filter=ADMR 78174add9c4b41349ea27c33135d2575a6ed3722...refs/remotes/origin/develop [18ms]
2024-07-28 20:06:25.023 [info] > git rev-parse --show-toplevel [8ms]
2024-07-28 20:06:25.033 [info] > git status -z -uall [4ms]
2024-07-28 20:06:25.038 [info] > git rev-parse --show-toplevel [12ms]
2024-07-28 20:06:25.042 [info] > git for-each-ref --format=%(refname)%00%(upstream:short)%00%(objectname)%00%(upstream:track)%00%(upstream:remotename)%00%(upstream:remoteref) refs/heads/develop refs/remotes/develop [6ms]
2024-07-28 20:06:25.047 [info] > git rev-parse --show-toplevel [5ms]
2024-07-28 20:06:25.048 [info] > git config --local branch.develop.vscode-merge-base [2ms]
2024-07-28 20:06:25.057 [info] > git for-each-ref --format=%(refname)%00%(upstream:short)%00%(objectname)%00%(upstream:track)%00%(upstream:remotename)%00%(upstream:remoteref) refs/heads/origin/main refs/remotes/origin/main [5ms]
2024-07-28 20:06:25.344 [info] > git show --textconv :src/app/library/library.component.css [3ms]
2024-07-28 20:06:25.345 [info] > git ls-files --stage -- /home/andojas/Documents/dahu/src/app/library/library.component.css [1ms]
2024-07-28 20:06:25.349 [info] > git cat-file -s cd47792970745303c38b95c42e8343a9f4067bec [1ms]
2024-07-28 20:06:25.404 [info] > git check-ignore -v -z --stdin [1ms]
2024-07-28 20:06:25.501 [info] > git fetch [614ms]
2024-07-28 20:06:25.508 [info] > git config --get commit.template [3ms]
2024-07-28 20:06:25.509 [info] > git for-each-ref --format=%(refname)%00%(upstream:short)%00%(objectname)%00%(upstream:track)%00%(upstream:remotename)%00%(upstream:remoteref) refs/heads/develop refs/remotes/develop [2ms]
2024-07-28 20:06:25.514 [info] > git status -z -uall [2ms]
2024-07-28 20:06:25.519 [info] > git for-each-ref --format=%(refname)%00%(upstream:short)%00%(objectname)%00%(upstream:track)%00%(upstream:remotename)%00%(upstream:remoteref) refs/heads/develop refs/remotes/develop [1ms]
2024-07-28 20:06:25.523 [info] > git config --local branch.develop.vscode-merge-base [1ms]
2024-07-28 20:06:25.527 [info] > git for-each-ref --format=%(refname)%00%(upstream:short)%00%(objectname)%00%(upstream:track)%00%(upstream:remotename)%00%(upstream:remoteref) refs/heads/origin/main refs/remotes/origin/main [1ms]
2024-07-28 20:06:27.123 [info] > git config --get commit.template [4ms]
2024-07-28 20:06:27.156 [info] > git for-each-ref --format=%(refname)%00%(upstream:short)%00%(objectname)%00%(upstream:track)%00%(upstream:remotename)%00%(upstream:remoteref) refs/heads/develop refs/remotes/develop [27ms]
2024-07-28 20:06:27.167 [info] > git status -z -uall [4ms]
2024-07-28 20:06:27.176 [info] > git for-each-ref --format=%(refname)%00%(upstream:short)%00%(objectname)%00%(upstream:track)%00%(upstream:remotename)%00%(upstream:remoteref) refs/heads/develop refs/remotes/develop [2ms]
2024-07-28 20:06:27.184 [info] > git config --local branch.develop.vscode-merge-base [2ms]
2024-07-28 20:06:27.191 [info] > git for-each-ref --format=%(refname)%00%(upstream:short)%00%(objectname)%00%(upstream:track)%00%(upstream:remotename)%00%(upstream:remoteref) refs/heads/origin/main refs/remotes/origin/main [2ms]
2024-07-28 20:06:27.223 [info] > git ls-files --stage -- /home/andojas/Documents/dahu/src/app/library/library.component.css [2ms]
2024-07-28 20:06:27.230 [info] > git cat-file -s cd47792970745303c38b95c42e8343a9f4067bec [2ms]
2024-07-28 20:06:27.241 [info] > git show --textconv :src/app/library/library.component.css [3ms]
2024-07-28 20:07:15.019 [info] > git config --get commit.template [10ms]
2024-07-28 20:07:15.021 [info] > git for-each-ref --format=%(refname)%00%(upstream:short)%00%(objectname)%00%(upstream:track)%00%(upstream:remotename)%00%(upstream:remoteref) refs/heads/develop refs/remotes/develop [3ms]
2024-07-28 20:07:15.035 [info] > git status -z -uall [5ms]
2024-07-28 20:07:15.049 [info] > git for-each-ref --format=%(refname)%00%(upstream:short)%00%(objectname)%00%(upstream:track)%00%(upstream:remotename)%00%(upstream:remoteref) refs/heads/develop refs/remotes/develop [3ms]
2024-07-28 20:07:15.059 [info] > git config --local branch.develop.vscode-merge-base [1ms]
2024-07-28 20:07:15.070 [info] > git for-each-ref --format=%(refname)%00%(upstream:short)%00%(objectname)%00%(upstream:track)%00%(upstream:remotename)%00%(upstream:remoteref) refs/heads/origin/main refs/remotes/origin/main [2ms]
2024-07-28 20:07:44.481 [info] > git show --textconv :src/app/app.component.css [11ms]
2024-07-28 20:07:44.482 [info] > git ls-files --stage -- /home/andojas/Documents/dahu/src/app/app.component.css [2ms]
2024-07-28 20:07:44.494 [info] > git cat-file -s 5cb73dd17cfb3dc4fd2c5c04111d7f8038b6cbef [3ms]
2024-07-28 20:08:13.638 [info] > git config --get commit.template [10ms]
2024-07-28 20:08:13.639 [info] > git for-each-ref --format=%(refname)%00%(upstream:short)%00%(objectname)%00%(upstream:track)%00%(upstream:remotename)%00%(upstream:remoteref) refs/heads/develop refs/remotes/develop [2ms]
2024-07-28 20:08:13.653 [info] > git status -z -uall [5ms]
2024-07-28 20:08:13.667 [info] > git for-each-ref --format=%(refname)%00%(upstream:short)%00%(objectname)%00%(upstream:track)%00%(upstream:remotename)%00%(upstream:remoteref) refs/heads/develop refs/remotes/develop [3ms]
2024-07-28 20:08:13.679 [info] > git config --local branch.develop.vscode-merge-base [1ms]
2024-07-28 20:08:13.692 [info] > git for-each-ref --format=%(refname)%00%(upstream:short)%00%(objectname)%00%(upstream:track)%00%(upstream:remotename)%00%(upstream:remoteref) refs/heads/origin/main refs/remotes/origin/main [2ms]
2024-07-28 20:08:25.741 [info] > git config --get commit.template [0ms]
2024-07-28 20:08:25.747 [info] > git for-each-ref --format=%(refname)%00%(upstream:short)%00%(objectname)%00%(upstream:track)%00%(upstream:remotename)%00%(upstream:remoteref) refs/heads/develop refs/remotes/develop [1ms]
2024-07-28 20:08:25.754 [info] > git status -z -uall [2ms]
2024-07-28 20:08:25.761 [info] > git for-each-ref --format=%(refname)%00%(upstream:short)%00%(objectname)%00%(upstream:track)%00%(upstream:remotename)%00%(upstream:remoteref) refs/heads/develop refs/remotes/develop [1ms]
2024-07-28 20:08:25.768 [info] > git config --local branch.develop.vscode-merge-base [1ms]
2024-07-28 20:08:25.774 [info] > git for-each-ref --format=%(refname)%00%(upstream:short)%00%(objectname)%00%(upstream:track)%00%(upstream:remotename)%00%(upstream:remoteref) refs/heads/origin/main refs/remotes/origin/main [1ms]
2024-07-28 20:08:30.771 [info] > git config --get commit.template [1ms]
2024-07-28 20:08:30.780 [info] > git for-each-ref --format=%(refname)%00%(upstream:short)%00%(objectname)%00%(upstream:track)%00%(upstream:remotename)%00%(upstream:remoteref) refs/heads/develop refs/remotes/develop [2ms]
2024-07-28 20:08:30.790 [info] > git status -z -uall [2ms]
2024-07-28 20:08:30.800 [info] > git for-each-ref --format=%(refname)%00%(upstream:short)%00%(objectname)%00%(upstream:track)%00%(upstream:remotename)%00%(upstream:remoteref) refs/heads/develop refs/remotes/develop [2ms]
2024-07-28 20:08:30.807 [info] > git config --local branch.develop.vscode-merge-base [1ms]
2024-07-28 20:08:30.815 [info] > git for-each-ref --format=%(refname)%00%(upstream:short)%00%(objectname)%00%(upstream:track)%00%(upstream:remotename)%00%(upstream:remoteref) refs/heads/origin/main refs/remotes/origin/main [1ms]
2024-07-28 20:08:35.812 [info] > git config --get commit.template [2ms]
2024-07-28 20:08:35.821 [info] > git for-each-ref --format=%(refname)%00%(upstream:short)%00%(objectname)%00%(upstream:track)%00%(upstream:remotename)%00%(upstream:remoteref) refs/heads/develop refs/remotes/develop [2ms]
2024-07-28 20:08:35.833 [info] > git status -z -uall [4ms]
2024-07-28 20:08:35.847 [info] > git for-each-ref --format=%(refname)%00%(upstream:short)%00%(objectname)%00%(upstream:track)%00%(upstream:remotename)%00%(upstream:remoteref) refs/heads/develop refs/remotes/develop [2ms]
2024-07-28 20:08:35.856 [info] > git config --local branch.develop.vscode-merge-base [1ms]
2024-07-28 20:08:35.867 [info] > git for-each-ref --format=%(refname)%00%(upstream:short)%00%(objectname)%00%(upstream:track)%00%(upstream:remotename)%00%(upstream:remoteref) refs/heads/origin/main refs/remotes/origin/main [2ms]
2024-07-28 20:09:21.500 [info] > git config --get commit.template [10ms]
2024-07-28 20:09:21.501 [info] > git for-each-ref --format=%(refname)%00%(upstream:short)%00%(objectname)%00%(upstream:track)%00%(upstream:remotename)%00%(upstream:remoteref) refs/heads/develop refs/remotes/develop [2ms]
2024-07-28 20:09:21.514 [info] > git status -z -uall [4ms]
2024-07-28 20:09:21.528 [info] > git for-each-ref --format=%(refname)%00%(upstream:short)%00%(objectname)%00%(upstream:track)%00%(upstream:remotename)%00%(upstream:remoteref) refs/heads/develop refs/remotes/develop [3ms]
2024-07-28 20:09:21.540 [info] > git config --local branch.develop.vscode-merge-base [2ms]
2024-07-28 20:09:21.550 [info] > git for-each-ref --format=%(refname)%00%(upstream:short)%00%(objectname)%00%(upstream:track)%00%(upstream:remotename)%00%(upstream:remoteref) refs/heads/origin/main refs/remotes/origin/main [3ms]
2024-07-28 20:10:13.815 [info] > git fetch [652ms]
2024-07-28 20:10:13.835 [info] > git config --get commit.template [9ms]
2024-07-28 20:10:13.837 [info] > git for-each-ref --format=%(refname)%00%(upstream:short)%00%(objectname)%00%(upstream:track)%00%(upstream:remotename)%00%(upstream:remoteref) refs/heads/develop refs/remotes/develop [2ms]
2024-07-28 20:10:13.852 [info] > git status -z -uall [5ms]
2024-07-28 20:10:13.867 [info] > git for-each-ref --format=%(refname)%00%(upstream:short)%00%(objectname)%00%(upstream:track)%00%(upstream:remotename)%00%(upstream:remoteref) refs/heads/develop refs/remotes/develop [3ms]
2024-07-28 20:10:13.878 [info] > git config --local branch.develop.vscode-merge-base [2ms]
2024-07-28 20:10:13.890 [info] > git for-each-ref --format=%(refname)%00%(upstream:short)%00%(objectname)%00%(upstream:track)%00%(upstream:remotename)%00%(upstream:remoteref) refs/heads/origin/main refs/remotes/origin/main [3ms]
2024-07-28 20:10:14.909 [info] > git config --get commit.template [10ms]
2024-07-28 20:10:14.911 [info] > git for-each-ref --format=%(refname)%00%(upstream:short)%00%(objectname)%00%(upstream:track)%00%(upstream:remotename)%00%(upstream:remoteref) refs/heads/develop refs/remotes/develop [3ms]
2024-07-28 20:10:14.924 [info] > git status -z -uall [5ms]
2024-07-28 20:10:14.938 [info] > git for-each-ref --format=%(refname)%00%(upstream:short)%00%(objectname)%00%(upstream:track)%00%(upstream:remotename)%00%(upstream:remoteref) refs/heads/develop refs/remotes/develop [3ms]
2024-07-28 20:10:14.949 [info] > git config --local branch.develop.vscode-merge-base [2ms]
2024-07-28 20:10:14.960 [info] > git for-each-ref --format=%(refname)%00%(upstream:short)%00%(objectname)%00%(upstream:track)%00%(upstream:remotename)%00%(upstream:remoteref) refs/heads/origin/main refs/remotes/origin/main [2ms]
2024-07-28 20:10:15.002 [info] > git ls-files --stage -- /home/andojas/Documents/dahu/src/app/app.component.css [2ms]
2024-07-28 20:10:15.013 [info] > git cat-file -s 5cb73dd17cfb3dc4fd2c5c04111d7f8038b6cbef [3ms]
2024-07-28 20:10:15.026 [info] > git show --textconv :src/app/app.component.css [3ms]
2024-07-28 20:12:43.949 [info] > git config --get commit.template [11ms]
2024-07-28 20:12:43.950 [info] > git for-each-ref --format=%(refname)%00%(upstream:short)%00%(objectname)%00%(upstream:track)%00%(upstream:remotename)%00%(upstream:remoteref) refs/heads/develop refs/remotes/develop [3ms]
2024-07-28 20:12:43.964 [info] > git status -z -uall [5ms]
2024-07-28 20:12:43.977 [info] > git for-each-ref --format=%(refname)%00%(upstream:short)%00%(objectname)%00%(upstream:track)%00%(upstream:remotename)%00%(upstream:remoteref) refs/heads/develop refs/remotes/develop [3ms]
2024-07-28 20:12:43.989 [info] > git config --local branch.develop.vscode-merge-base [2ms]
2024-07-28 20:12:44.001 [info] > git for-each-ref --format=%(refname)%00%(upstream:short)%00%(objectname)%00%(upstream:track)%00%(upstream:remotename)%00%(upstream:remoteref) refs/heads/origin/main refs/remotes/origin/main [2ms]
2024-07-28 20:12:49.840 [info] > git config --get commit.template [5ms]
2024-07-28 20:12:49.841 [info] > git for-each-ref --format=%(refname)%00%(upstream:short)%00%(objectname)%00%(upstream:track)%00%(upstream:remotename)%00%(upstream:remoteref) refs/heads/develop refs/remotes/develop [2ms]
2024-07-28 20:12:49.848 [info] > git status -z -uall [2ms]
2024-07-28 20:12:49.855 [info] > git for-each-ref --format=%(refname)%00%(upstream:short)%00%(objectname)%00%(upstream:track)%00%(upstream:remotename)%00%(upstream:remoteref) refs/heads/develop refs/remotes/develop [1ms]
2024-07-28 20:12:49.861 [info] > git config --local branch.develop.vscode-merge-base [1ms]
2024-07-28 20:12:49.867 [info] > git for-each-ref --format=%(refname)%00%(upstream:short)%00%(objectname)%00%(upstream:track)%00%(upstream:remotename)%00%(upstream:remoteref) refs/heads/origin/main refs/remotes/origin/main [1ms]
2024-07-28 20:12:54.866 [info] > git config --get commit.template [2ms]
2024-07-28 20:12:54.874 [info] > git for-each-ref --format=%(refname)%00%(upstream:short)%00%(objectname)%00%(upstream:track)%00%(upstream:remotename)%00%(upstream:remoteref) refs/heads/develop refs/remotes/develop [1ms]
2024-07-28 20:12:54.883 [info] > git status -z -uall [3ms]
2024-07-28 20:12:54.893 [info] > git for-each-ref --format=%(refname)%00%(upstream:short)%00%(objectname)%00%(upstream:track)%00%(upstream:remotename)%00%(upstream:remoteref) refs/heads/develop refs/remotes/develop [3ms]
2024-07-28 20:12:54.901 [info] > git config --local branch.develop.vscode-merge-base [1ms]
2024-07-28 20:12:54.909 [info] > git for-each-ref --format=%(refname)%00%(upstream:short)%00%(objectname)%00%(upstream:track)%00%(upstream:remotename)%00%(upstream:remoteref) refs/heads/origin/main refs/remotes/origin/main [1ms]
2024-07-28 20:13:39.050 [info] > git config --get commit.template [1ms]
2024-07-28 20:13:39.062 [info] > git for-each-ref --format=%(refname)%00%(upstream:short)%00%(objectname)%00%(upstream:track)%00%(upstream:remotename)%00%(upstream:remoteref) refs/heads/develop refs/remotes/develop [3ms]
2024-07-28 20:13:39.078 [info] > git status -z -uall [4ms]
2024-07-28 20:13:39.092 [info] > git for-each-ref --format=%(refname)%00%(upstream:short)%00%(objectname)%00%(upstream:track)%00%(upstream:remotename)%00%(upstream:remoteref) refs/heads/develop refs/remotes/develop [3ms]
2024-07-28 20:13:39.103 [info] > git config --local branch.develop.vscode-merge-base [1ms]
2024-07-28 20:13:39.115 [info] > git for-each-ref --format=%(refname)%00%(upstream:short)%00%(objectname)%00%(upstream:track)%00%(upstream:remotename)%00%(upstream:remoteref) refs/heads/origin/main refs/remotes/origin/main [2ms]
2024-07-28 20:13:39.691 [info] > git fetch [653ms]
2024-07-28 20:13:39.712 [info] > git config --get commit.template [10ms]
2024-07-28 20:13:39.714 [info] > git for-each-ref --format=%(refname)%00%(upstream:short)%00%(objectname)%00%(upstream:track)%00%(upstream:remotename)%00%(upstream:remoteref) refs/heads/develop refs/remotes/develop [3ms]
2024-07-28 20:13:39.728 [info] > git status -z -uall [4ms]
2024-07-28 20:13:39.742 [info] > git for-each-ref --format=%(refname)%00%(upstream:short)%00%(objectname)%00%(upstream:track)%00%(upstream:remotename)%00%(upstream:remoteref) refs/heads/develop refs/remotes/develop [3ms]
2024-07-28 20:13:39.753 [info] > git config --local branch.develop.vscode-merge-base [2ms]
2024-07-28 20:13:39.765 [info] > git for-each-ref --format=%(refname)%00%(upstream:short)%00%(objectname)%00%(upstream:track)%00%(upstream:remotename)%00%(upstream:remoteref) refs/heads/origin/main refs/remotes/origin/main [2ms]
2024-07-28 20:13:40.878 [info] > git ls-files --stage -- /home/andojas/Documents/dahu/src/app/app.component.css [2ms]
2024-07-28 20:13:40.888 [info] > git cat-file -s 5cb73dd17cfb3dc4fd2c5c04111d7f8038b6cbef [3ms]
2024-07-28 20:13:40.901 [info] > git show --textconv :src/app/app.component.css [3ms]
2024-07-28 20:13:44.111 [info] > git config --get commit.template [9ms]
2024-07-28 20:13:44.113 [info] > git for-each-ref --format=%(refname)%00%(upstream:short)%00%(objectname)%00%(upstream:track)%00%(upstream:remotename)%00%(upstream:remoteref) refs/heads/develop refs/remotes/develop [2ms]
2024-07-28 20:13:44.125 [info] > git status -z -uall [4ms]
2024-07-28 20:13:44.137 [info] > git for-each-ref --format=%(refname)%00%(upstream:short)%00%(objectname)%00%(upstream:track)%00%(upstream:remotename)%00%(upstream:remoteref) refs/heads/develop refs/remotes/develop [3ms]
2024-07-28 20:13:44.147 [info] > git config --local branch.develop.vscode-merge-base [1ms]
2024-07-28 20:13:44.158 [info] > git for-each-ref --format=%(refname)%00%(upstream:short)%00%(objectname)%00%(upstream:track)%00%(upstream:remotename)%00%(upstream:remoteref) refs/heads/origin/main refs/remotes/origin/main [2ms]
2024-07-28 20:14:21.688 [info] > git config --get commit.template [12ms]
2024-07-28 20:14:21.690 [info] > git for-each-ref --format=%(refname)%00%(upstream:short)%00%(objectname)%00%(upstream:track)%00%(upstream:remotename)%00%(upstream:remoteref) refs/heads/develop refs/remotes/develop [3ms]
2024-07-28 20:14:21.704 [info] > git status -z -uall [4ms]
2024-07-28 20:14:21.717 [info] > git for-each-ref --format=%(refname)%00%(upstream:short)%00%(objectname)%00%(upstream:track)%00%(upstream:remotename)%00%(upstream:remoteref) refs/heads/develop refs/remotes/develop [2ms]
2024-07-28 20:14:21.729 [info] > git config --local branch.develop.vscode-merge-base [2ms]
2024-07-28 20:14:21.741 [info] > git for-each-ref --format=%(refname)%00%(upstream:short)%00%(objectname)%00%(upstream:track)%00%(upstream:remotename)%00%(upstream:remoteref) refs/heads/origin/main refs/remotes/origin/main [2ms]
2024-07-28 20:14:26.727 [info] > git config --get commit.template [5ms]
2024-07-28 20:14:26.727 [info] > git for-each-ref --format=%(refname)%00%(upstream:short)%00%(objectname)%00%(upstream:track)%00%(upstream:remotename)%00%(upstream:remoteref) refs/heads/develop refs/remotes/develop [1ms]
2024-07-28 20:14:26.734 [info] > git status -z -uall [2ms]
2024-07-28 20:14:26.741 [info] > git for-each-ref --format=%(refname)%00%(upstream:short)%00%(objectname)%00%(upstream:track)%00%(upstream:remotename)%00%(upstream:remoteref) refs/heads/develop refs/remotes/develop [2ms]
2024-07-28 20:14:26.748 [info] > git config --local branch.develop.vscode-merge-base [1ms]
2024-07-28 20:14:26.754 [info] > git for-each-ref --format=%(refname)%00%(upstream:short)%00%(objectname)%00%(upstream:track)%00%(upstream:remotename)%00%(upstream:remoteref) refs/heads/origin/main refs/remotes/origin/main [1ms]
2024-07-28 20:14:31.751 [info] > git config --get commit.template [5ms]
2024-07-28 20:14:31.752 [info] > git for-each-ref --format=%(refname)%00%(upstream:short)%00%(objectname)%00%(upstream:track)%00%(upstream:remotename)%00%(upstream:remoteref) refs/heads/develop refs/remotes/develop [1ms]
2024-07-28 20:14:31.760 [info] > git status -z -uall [2ms]
2024-07-28 20:14:31.768 [info] > git for-each-ref --format=%(refname)%00%(upstream:short)%00%(objectname)%00%(upstream:track)%00%(upstream:remotename)%00%(upstream:remoteref) refs/heads/develop refs/remotes/develop [2ms]
2024-07-28 20:14:31.774 [info] > git config --local branch.develop.vscode-merge-base [1ms]
2024-07-28 20:14:31.780 [info] > git for-each-ref --format=%(refname)%00%(upstream:short)%00%(objectname)%00%(upstream:track)%00%(upstream:remotename)%00%(upstream:remoteref) refs/heads/origin/main refs/remotes/origin/main [1ms]
2024-07-28 20:14:57.578 [info] > git config --get commit.template [12ms]
2024-07-28 20:14:57.579 [info] > git for-each-ref --format=%(refname)%00%(upstream:short)%00%(objectname)%00%(upstream:track)%00%(upstream:remotename)%00%(upstream:remoteref) refs/heads/develop refs/remotes/develop [2ms]
2024-07-28 20:14:57.594 [info] > git status -z -uall [5ms]
2024-07-28 20:14:57.608 [info] > git for-each-ref --format=%(refname)%00%(upstream:short)%00%(objectname)%00%(upstream:track)%00%(upstream:remotename)%00%(upstream:remoteref) refs/heads/develop refs/remotes/develop [4ms]
2024-07-28 20:14:57.621 [info] > git config --local branch.develop.vscode-merge-base [2ms]
2024-07-28 20:14:57.633 [info] > git for-each-ref --format=%(refname)%00%(upstream:short)%00%(objectname)%00%(upstream:track)%00%(upstream:remotename)%00%(upstream:remoteref) refs/heads/origin/main refs/remotes/origin/main [3ms]
2024-07-28 20:15:04.718 [info] > git config --get commit.template [12ms]
2024-07-28 20:15:04.720 [info] > git for-each-ref --format=%(refname)%00%(upstream:short)%00%(objectname)%00%(upstream:track)%00%(upstream:remotename)%00%(upstream:remoteref) refs/heads/develop refs/remotes/develop [3ms]
2024-07-28 20:15:04.735 [info] > git status -z -uall [4ms]
2024-07-28 20:15:04.750 [info] > git for-each-ref --format=%(refname)%00%(upstream:short)%00%(objectname)%00%(upstream:track)%00%(upstream:remotename)%00%(upstream:remoteref) refs/heads/develop refs/remotes/develop [2ms]
2024-07-28 20:15:04.765 [info] > git config --local branch.develop.vscode-merge-base [2ms]
2024-07-28 20:15:04.779 [info] > git for-each-ref --format=%(refname)%00%(upstream:short)%00%(objectname)%00%(upstream:track)%00%(upstream:remotename)%00%(upstream:remoteref) refs/heads/origin/main refs/remotes/origin/main [3ms]
2024-07-28 20:15:22.332 [info] > git check-ignore -v -z --stdin [2ms]
2024-07-28 20:15:23.976 [info] > git show --textconv :src/app/app.component.html [10ms]
2024-07-28 20:15:23.977 [info] > git ls-files --stage -- /home/andojas/Documents/dahu/src/app/app.component.html [1ms]
2024-07-28 20:15:23.988 [info] > git cat-file -s cbbf97f7dfa8482eccd693c3bbfea4b43dbcbfaf [2ms]
2024-07-28 20:15:39.246 [info] > git config --get commit.template [9ms]
2024-07-28 20:15:39.248 [info] > git for-each-ref --format=%(refname)%00%(upstream:short)%00%(objectname)%00%(upstream:track)%00%(upstream:remotename)%00%(upstream:remoteref) refs/heads/develop refs/remotes/develop [3ms]
2024-07-28 20:15:39.262 [info] > git status -z -uall [4ms]
2024-07-28 20:15:39.277 [info] > git for-each-ref --format=%(refname)%00%(upstream:short)%00%(objectname)%00%(upstream:track)%00%(upstream:remotename)%00%(upstream:remoteref) refs/heads/develop refs/remotes/develop [2ms]
2024-07-28 20:15:39.288 [info] > git config --local branch.develop.vscode-merge-base [2ms]
2024-07-28 20:15:39.300 [info] > git for-each-ref --format=%(refname)%00%(upstream:short)%00%(objectname)%00%(upstream:track)%00%(upstream:remotename)%00%(upstream:remoteref) refs/heads/origin/main refs/remotes/origin/main [2ms]
2024-07-28 20:15:46.240 [info] > git config --get commit.template [6ms]
2024-07-28 20:15:46.240 [info] > git for-each-ref --format=%(refname)%00%(upstream:short)%00%(objectname)%00%(upstream:track)%00%(upstream:remotename)%00%(upstream:remoteref) refs/heads/develop refs/remotes/develop [1ms]
2024-07-28 20:15:46.248 [info] > git status -z -uall [2ms]
2024-07-28 20:15:46.255 [info] > git for-each-ref --format=%(refname)%00%(upstream:short)%00%(objectname)%00%(upstream:track)%00%(upstream:remotename)%00%(upstream:remoteref) refs/heads/develop refs/remotes/develop [2ms]
2024-07-28 20:15:46.261 [info] > git config --local branch.develop.vscode-merge-base [1ms]
2024-07-28 20:15:46.267 [info] > git for-each-ref --format=%(refname)%00%(upstream:short)%00%(objectname)%00%(upstream:track)%00%(upstream:remotename)%00%(upstream:remoteref) refs/heads/origin/main refs/remotes/origin/main [1ms]
2024-07-28 20:15:51.270 [info] > git config --get commit.template [8ms]
2024-07-28 20:15:51.271 [info] > git for-each-ref --format=%(refname)%00%(upstream:short)%00%(objectname)%00%(upstream:track)%00%(upstream:remotename)%00%(upstream:remoteref) refs/heads/develop refs/remotes/develop [2ms]
2024-07-28 20:15:51.281 [info] > git status -z -uall [3ms]
2024-07-28 20:15:51.292 [info] > git for-each-ref --format=%(refname)%00%(upstream:short)%00%(objectname)%00%(upstream:track)%00%(upstream:remotename)%00%(upstream:remoteref) refs/heads/develop refs/remotes/develop [2ms]
2024-07-28 20:15:51.301 [info] > git config --local branch.develop.vscode-merge-base [1ms]
2024-07-28 20:15:51.309 [info] > git for-each-ref --format=%(refname)%00%(upstream:short)%00%(objectname)%00%(upstream:track)%00%(upstream:remotename)%00%(upstream:remoteref) refs/heads/origin/main refs/remotes/origin/main [1ms]
