2024-07-28 20:06:24.428 [info] Extension host with pid 28860 started
2024-07-28 20:06:24.428 [info] Skipping acquiring lock for /home/andojas/.config/Code/User/workspaceStorage/be03bdc5636572565a645d5ccef04fee.
2024-07-28 20:06:24.563 [info] ExtensionService#_doActivateExtension vscode.emmet, startup: false, activationEvent: 'onLanguage'
2024-07-28 20:06:24.567 [info] ExtensionService#_doActivateExtension vscode.css-language-features, startup: false, activationEvent: 'onLanguage:css'
2024-07-28 20:06:24.756 [info] ExtensionService#_doActivateExtension vscode.git-base, startup: true, activationEvent: '*', root cause: vscode.git
2024-07-28 20:06:24.757 [info] ExtensionService#_doActivateExtension vscode.npm, startup: true, activationEvent: 'workspaceContains:package.json'
2024-07-28 20:06:24.807 [info] ExtensionService#_doActivateExtension vscode.git, startup: true, activationEvent: '*'
2024-07-28 20:06:24.823 [info] ExtensionService#_doActivateExtension vscode.github, startup: true, activationEvent: '*'
2024-07-28 20:06:24.857 [info] ExtensionService#_doActivateExtension ms-vscode.extension-test-runner, startup: true, activationEvent: 'workspaceContains:**/.vscode-test.{js,cjs,mjs}'
2024-07-28 20:06:24.897 [info] Eager extensions activated
2024-07-28 20:06:24.939 [info] ExtensionService#_doActivateExtension vscode.debug-auto-launch, startup: false, activationEvent: 'onStartupFinished'
2024-07-28 20:06:24.948 [info] ExtensionService#_doActivateExtension vscode.merge-conflict, startup: false, activationEvent: 'onStartupFinished'
2024-07-28 20:06:24.952 [info] ExtensionService#_doActivateExtension dbaeumer.vscode-eslint, startup: false, activationEvent: 'onStartupFinished'
2024-07-28 20:06:25.004 [info] ExtensionService#_doActivateExtension vscode.github-authentication, startup: false, activationEvent: 'onAuthenticationRequest:github'
2024-07-28 20:06:49.776 [info] ExtensionService#_doActivateExtension vscode.debug-server-ready, startup: false, activationEvent: 'onDebugResolve'
2024-07-28 20:06:49.778 [info] ExtensionService#_doActivateExtension ms-vscode.js-debug, startup: false, activationEvent: 'onDebugResolve:extensionHost'
2024-07-28 20:06:49.888 [info] ExtensionService#_doActivateExtension vscode.grunt, startup: false, activationEvent: 'onTaskType:grunt'
2024-07-28 20:06:49.890 [info] ExtensionService#_doActivateExtension vscode.gulp, startup: false, activationEvent: 'onTaskType:gulp'
2024-07-28 20:06:49.892 [info] ExtensionService#_doActivateExtension vscode.jake, startup: false, activationEvent: 'onTaskType:jake'
2024-07-28 20:06:49.893 [info] ExtensionService#_doActivateExtension vscode.typescript-language-features, startup: false, activationEvent: 'onTaskType:typescript'
2024-07-28 20:06:49.923 [info] ExtensionService#_doActivateExtension ms-vscode.cmake-tools, startup: false, activationEvent: 'onTaskType:cmake'
2024-07-28 20:06:50.007 [info] ExtensionService#_doActivateExtension ms-vscode.cpptools, startup: false, activationEvent: 'onTaskType:cppbuild'
2024-07-28 20:06:50.098 [info] ExtensionService#_doActivateExtension vscjava.vscode-java-dependency, startup: false, activationEvent: 'onTaskType:java (buildArtifact)'
2024-07-28 20:06:50.242 [info] ExtensionService#_doActivateExtension redhat.java, startup: false, activationEvent: 'api', root cause: vscjava.vscode-java-dependency
2024-07-28 20:06:50.592 [info] ExtensionService#_doActivateExtension platformio.platformio-ide, startup: false, activationEvent: 'onTaskType:PlatformIO'
2024-07-28 20:06:50.817 [warning] [redhat.java] Accessing a resource scoped configuration without providing a resource is not expected. To get the effective value for '[java]', provide the URI of a resource or 'null' for any resource.
2024-07-28 20:06:50.894 [warning] [redhat.java] Accessing a resource scoped configuration without providing a resource is not expected. To get the effective value for '[java]', provide the URI of a resource or 'null' for any resource.
2024-07-28 20:06:51.243 [info] ExtensionService#_doActivateExtension vscode.configuration-editing, startup: false, activationEvent: 'onLanguage:json'
2024-07-28 20:06:51.251 [info] ExtensionService#_doActivateExtension vscode.extension-editing, startup: false, activationEvent: 'onLanguage:json'
2024-07-28 20:06:51.258 [info] ExtensionService#_doActivateExtension vscode.json-language-features, startup: false, activationEvent: 'onLanguage:json'
2024-07-28 20:15:23.736 [info] ExtensionService#_doActivateExtension vscode.html-language-features, startup: false, activationEvent: 'onLanguage:html'
2024-07-28 20:15:23.755 [info] ExtensionService#_doActivateExtension Angular.ng-template, startup: false, activationEvent: 'onLanguage:html'
