2024-07-14 22:30:48.421 [info] update#setState idle
2024-07-14 22:31:18.422 [info] update#setState checking for updates
2024-07-14 22:31:18.519 [info] update#setState idle
2024-07-14 22:32:02.331 [info] Extension host with pid 14221 exited with code: 0, signal: unknown.
2024-07-14 22:32:02.332 [error] [UtilityProcess id: 2, type: extensionHost, pid: 14221]: crashed with code 15 and reason 'killed'
2024-07-14 22:36:18.048 [info] Extension host with pid 15370 exited with code: 0, signal: unknown.
2024-07-14 22:36:18.048 [error] [UtilityProcess id: 3, type: extensionHost, pid: 15370]: crashed with code 15 and reason 'killed'
2024-07-14 22:40:41.242 [info] Extension host with pid 15776 exited with code: 0, signal: unknown.
2024-07-14 22:40:41.242 [error] [UtilityProcess id: 4, type: extensionHost, pid: 15776]: crashed with code 15 and reason 'killed'
2024-07-14 22:59:21.836 [info] Extension host with pid 16248 exited with code: 0, signal: unknown.
2024-07-14 22:59:21.837 [error] [UtilityProcess id: 5, type: extensionHost, pid: 16248]: crashed with code 15 and reason 'killed'
2024-07-14 23:03:24.169 [info] Extension host with pid 17010 exited with code: 0, signal: unknown.
2024-07-14 23:03:24.170 [error] [UtilityProcess id: 6, type: extensionHost, pid: 17010]: crashed with code 15 and reason 'killed'
2024-07-14 23:03:43.027 [info] Extension host with pid 17444 exited with code: 0, signal: unknown.
2024-07-14 23:03:43.028 [error] [UtilityProcess id: 7, type: extensionHost, pid: 17444]: crashed with code 15 and reason 'killed'
2024-07-14 23:08:24.454 [info] Extension host with pid 18062 exited with code: 15, signal: unknown.
2024-07-14 23:08:24.455 [error] [UtilityProcess id: 8, type: extensionHost, pid: 18062]: crashed with code 15 and reason 'killed'
2024-07-14 23:20:25.364 [error] Blocked vscode-webview request vscode-webview://0asbvmb94rh83o0trlpfhgg5cvfbt916ko689at9acgecutjkmf2/index.html?id=f63e2f6b-9a51-4048-b63d-55f4bca46996&origin=b7f90fce-4df1-4d73-8690-fdde063dcb18&swVersion=4&extensionId=undefined_publisher.dahu&platform=electron&vscode-resource-base-authority=vscode-resource.vscode-cdn.net&parentOrigin=vscode-file%3A%2F%2Fvscode-app
2024-07-14 23:22:51.660 [info] Extension host with pid 18790 exited with code: 15, signal: unknown.
2024-07-14 23:22:51.660 [error] [UtilityProcess id: 9, type: extensionHost, pid: 18790]: crashed with code 15 and reason 'killed'
