2024-07-28 20:05:36.494 [info] Extension host with pid 27240 started
2024-07-28 20:05:36.494 [info] Skipping acquiring lock for /home/andojas/.config/Code/User/workspaceStorage/be03bdc5636572565a645d5ccef04fee.
2024-07-28 20:05:36.635 [info] ExtensionService#_doActivateExtension vscode.emmet, startup: false, activationEvent: 'onLanguage'
2024-07-28 20:05:36.638 [info] ExtensionService#_doActivateExtension vscode.css-language-features, startup: false, activationEvent: 'onLanguage:css'
2024-07-28 20:05:36.798 [info] ExtensionService#_doActivateExtension vscode.git-base, startup: true, activationEvent: '*', root cause: vscode.git
2024-07-28 20:05:36.800 [info] ExtensionService#_doActivateExtension vscode.npm, startup: true, activationEvent: 'workspaceContains:package.json'
2024-07-28 20:05:36.853 [info] ExtensionService#_doActivateExtension vscode.git, startup: true, activationEvent: '*'
2024-07-28 20:05:36.872 [info] ExtensionService#_doActivateExtension vscode.github, startup: true, activationEvent: '*'
2024-07-28 20:05:36.917 [info] ExtensionService#_doActivateExtension ms-vscode.extension-test-runner, startup: true, activationEvent: 'workspaceContains:**/.vscode-test.{js,cjs,mjs}'
2024-07-28 20:05:36.948 [info] Eager extensions activated
2024-07-28 20:05:36.964 [info] ExtensionService#_doActivateExtension vscode.debug-auto-launch, startup: false, activationEvent: 'onStartupFinished'
2024-07-28 20:05:36.965 [info] ExtensionService#_doActivateExtension vscode.merge-conflict, startup: false, activationEvent: 'onStartupFinished'
2024-07-28 20:05:36.969 [info] ExtensionService#_doActivateExtension dbaeumer.vscode-eslint, startup: false, activationEvent: 'onStartupFinished'
2024-07-28 20:05:37.049 [info] ExtensionService#_doActivateExtension vscode.github-authentication, startup: false, activationEvent: 'onAuthenticationRequest:github'
2024-07-28 20:06:02.741 [info] ExtensionService#_doActivateExtension vscode.debug-server-ready, startup: false, activationEvent: 'onDebugResolve'
2024-07-28 20:06:02.745 [info] ExtensionService#_doActivateExtension ms-vscode.js-debug, startup: false, activationEvent: 'onDebugResolve:extensionHost'
2024-07-28 20:06:02.853 [info] ExtensionService#_doActivateExtension vscode.grunt, startup: false, activationEvent: 'onTaskType:grunt'
2024-07-28 20:06:02.855 [info] ExtensionService#_doActivateExtension vscode.gulp, startup: false, activationEvent: 'onTaskType:gulp'
2024-07-28 20:06:02.856 [info] ExtensionService#_doActivateExtension vscode.jake, startup: false, activationEvent: 'onTaskType:jake'
2024-07-28 20:06:02.858 [info] ExtensionService#_doActivateExtension vscode.typescript-language-features, startup: false, activationEvent: 'onTaskType:typescript'
2024-07-28 20:06:02.883 [info] ExtensionService#_doActivateExtension ms-vscode.cmake-tools, startup: false, activationEvent: 'onTaskType:cmake'
2024-07-28 20:06:02.960 [info] ExtensionService#_doActivateExtension ms-vscode.cpptools, startup: false, activationEvent: 'onTaskType:cppbuild'
2024-07-28 20:06:03.049 [info] ExtensionService#_doActivateExtension vscjava.vscode-java-dependency, startup: false, activationEvent: 'onTaskType:java (buildArtifact)'
2024-07-28 20:06:03.161 [info] ExtensionService#_doActivateExtension redhat.java, startup: false, activationEvent: 'api', root cause: vscjava.vscode-java-dependency
2024-07-28 20:06:03.367 [info] ExtensionService#_doActivateExtension platformio.platformio-ide, startup: false, activationEvent: 'onTaskType:PlatformIO'
2024-07-28 20:06:03.483 [warning] [redhat.java] Accessing a resource scoped configuration without providing a resource is not expected. To get the effective value for '[java]', provide the URI of a resource or 'null' for any resource.
2024-07-28 20:06:03.526 [warning] [redhat.java] Accessing a resource scoped configuration without providing a resource is not expected. To get the effective value for '[java]', provide the URI of a resource or 'null' for any resource.
2024-07-28 20:06:03.760 [info] ExtensionService#_doActivateExtension vscode.configuration-editing, startup: false, activationEvent: 'onLanguage:json'
2024-07-28 20:06:03.764 [info] ExtensionService#_doActivateExtension vscode.extension-editing, startup: false, activationEvent: 'onLanguage:json'
2024-07-28 20:06:03.770 [info] ExtensionService#_doActivateExtension vscode.json-language-features, startup: false, activationEvent: 'onLanguage:json'
