2024-07-14 23:23:35.245 [info] Log level: Info
2024-07-14 23:23:35.245 [info] Validating found git in: "git"
2024-07-14 23:23:35.245 [info] Using git "2.45.2" from "git"
2024-07-14 23:23:35.245 [info] > git rev-parse --show-toplevel [3ms]
2024-07-14 23:23:35.245 [info] > git rev-parse --git-dir --git-common-dir [4ms]
2024-07-14 23:23:35.245 [info] Open repository: /home/andojas/Documents/dahu
2024-07-14 23:23:35.245 [info] > git rev-parse --show-toplevel [17ms]
2024-07-14 23:23:35.245 [info] > git config --get commit.template [22ms]
2024-07-14 23:23:35.257 [info] > git for-each-ref --format=%(refname)%00%(upstream:short)%00%(objectname)%00%(upstream:track)%00%(upstream:remotename)%00%(upstream:remoteref) refs/heads/develop refs/remotes/develop [6ms]
2024-07-14 23:23:35.257 [info] > git rev-parse --show-toplevel [1ms]
2024-07-14 23:23:35.269 [info] > git rev-parse --show-toplevel [8ms]
2024-07-14 23:23:35.278 [info] > git status -z -uall [10ms]
2024-07-14 23:23:35.305 [info] > git for-each-ref --format=%(refname)%00%(upstream:short)%00%(objectname)%00%(upstream:track)%00%(upstream:remotename)%00%(upstream:remoteref) refs/heads/develop refs/remotes/develop [20ms]
2024-07-14 23:23:35.313 [info] > git rev-parse --show-toplevel [35ms]
2024-07-14 23:23:35.322 [info] > git config --local branch.develop.vscode-merge-base [10ms]
2024-07-14 23:23:35.329 [info] > git config --get commit.template [29ms]
2024-07-14 23:23:35.356 [info] > git for-each-ref --format=%(refname)%00%(upstream:short)%00%(objectname)%00%(upstream:track)%00%(upstream:remotename)%00%(upstream:remoteref) refs/heads/origin/main refs/remotes/origin/main [28ms]
2024-07-14 23:23:35.364 [info] > git rev-parse --show-toplevel [43ms]
2024-07-14 23:23:35.419 [info] > git merge-base refs/heads/develop refs/remotes/origin/develop [55ms]
2024-07-14 23:23:35.442 [info] > git rev-list --count --left-right refs/heads/develop...refs/remotes/origin/develop [17ms]
2024-07-14 23:23:35.449 [info] > git rev-parse --show-toplevel [39ms]
2024-07-14 23:23:35.449 [info] > git for-each-ref --format=%(refname)%00%(upstream:short)%00%(objectname)%00%(upstream:track)%00%(upstream:remotename)%00%(upstream:remoteref) refs/heads/develop refs/remotes/develop [45ms]
2024-07-14 23:23:35.471 [info] > git diff --name-status -z --diff-filter=ADMR 78174add9c4b41349ea27c33135d2575a6ed3722...refs/remotes/origin/develop [22ms]
2024-07-14 23:23:35.474 [info] > git rev-parse --show-toplevel [10ms]
2024-07-14 23:23:35.486 [info] > git rev-parse --show-toplevel [7ms]
2024-07-14 23:23:35.494 [info] > git status -z -uall [8ms]
2024-07-14 23:23:35.504 [info] > git for-each-ref --format=%(refname)%00%(upstream:short)%00%(objectname)%00%(upstream:track)%00%(upstream:remotename)%00%(upstream:remoteref) refs/heads/develop refs/remotes/develop [2ms]
2024-07-14 23:23:35.510 [info] > git rev-parse --show-toplevel [17ms]
2024-07-14 23:23:35.513 [info] > git config --local branch.develop.vscode-merge-base [3ms]
2024-07-14 23:23:35.523 [info] > git for-each-ref --format=%(refname)%00%(upstream:short)%00%(objectname)%00%(upstream:track)%00%(upstream:remotename)%00%(upstream:remoteref) refs/heads/origin/main refs/remotes/origin/main [2ms]
2024-07-14 23:23:35.634 [info] > git show --textconv :ext-src/extension.ts [6ms]
2024-07-14 23:23:35.634 [info] > git ls-files --stage -- /home/andojas/Documents/dahu/ext-src/extension.ts [1ms]
2024-07-14 23:23:35.639 [info] > git cat-file -s 4606b1c335946288076db180b446811b8fe9b883 [1ms]
2024-07-14 23:23:35.750 [info] > git check-ignore -v -z --stdin [1ms]
2024-07-14 23:23:35.789 [info] > git fetch [581ms]
2024-07-14 23:23:35.799 [info] > git config --get commit.template [4ms]
2024-07-14 23:23:35.800 [info] > git for-each-ref --format=%(refname)%00%(upstream:short)%00%(objectname)%00%(upstream:track)%00%(upstream:remotename)%00%(upstream:remoteref) refs/heads/develop refs/remotes/develop [2ms]
2024-07-14 23:23:35.807 [info] > git status -z -uall [3ms]
2024-07-14 23:23:35.814 [info] > git for-each-ref --format=%(refname)%00%(upstream:short)%00%(objectname)%00%(upstream:track)%00%(upstream:remotename)%00%(upstream:remoteref) refs/heads/develop refs/remotes/develop [1ms]
2024-07-14 23:23:35.819 [info] > git config --local branch.develop.vscode-merge-base [1ms]
2024-07-14 23:23:35.824 [info] > git for-each-ref --format=%(refname)%00%(upstream:short)%00%(objectname)%00%(upstream:track)%00%(upstream:remotename)%00%(upstream:remoteref) refs/heads/origin/main refs/remotes/origin/main [1ms]
2024-07-14 23:23:37.171 [info] > git config --get commit.template [4ms]
2024-07-14 23:23:37.171 [info] > git for-each-ref --format=%(refname)%00%(upstream:short)%00%(objectname)%00%(upstream:track)%00%(upstream:remotename)%00%(upstream:remoteref) refs/heads/develop refs/remotes/develop [1ms]
2024-07-14 23:23:37.177 [info] > git status -z -uall [3ms]
2024-07-14 23:23:37.183 [info] > git for-each-ref --format=%(refname)%00%(upstream:short)%00%(objectname)%00%(upstream:track)%00%(upstream:remotename)%00%(upstream:remoteref) refs/heads/develop refs/remotes/develop [2ms]
2024-07-14 23:23:37.187 [info] > git config --local branch.develop.vscode-merge-base [1ms]
2024-07-14 23:23:37.192 [info] > git for-each-ref --format=%(refname)%00%(upstream:short)%00%(objectname)%00%(upstream:track)%00%(upstream:remotename)%00%(upstream:remoteref) refs/heads/origin/main refs/remotes/origin/main [1ms]
2024-07-14 23:23:37.268 [info] > git ls-files --stage -- /home/andojas/Documents/dahu/ext-src/extension.ts [1ms]
2024-07-14 23:23:37.273 [info] > git cat-file -s 4606b1c335946288076db180b446811b8fe9b883 [1ms]
2024-07-14 23:23:37.279 [info] > git show --textconv :ext-src/extension.ts [2ms]
2024-07-14 23:23:46.132 [info] > git config --get commit.template [3ms]
2024-07-14 23:23:46.132 [info] > git for-each-ref --format=%(refname)%00%(upstream:short)%00%(objectname)%00%(upstream:track)%00%(upstream:remotename)%00%(upstream:remoteref) refs/heads/develop refs/remotes/develop [1ms]
2024-07-14 23:23:46.138 [info] > git status -z -uall [2ms]
2024-07-14 23:23:46.143 [info] > git for-each-ref --format=%(refname)%00%(upstream:short)%00%(objectname)%00%(upstream:track)%00%(upstream:remotename)%00%(upstream:remoteref) refs/heads/develop refs/remotes/develop [1ms]
2024-07-14 23:23:46.147 [info] > git config --local branch.develop.vscode-merge-base [0ms]
2024-07-14 23:23:46.152 [info] > git for-each-ref --format=%(refname)%00%(upstream:short)%00%(objectname)%00%(upstream:track)%00%(upstream:remotename)%00%(upstream:remoteref) refs/heads/origin/main refs/remotes/origin/main [1ms]
2024-07-14 23:23:51.155 [info] > git config --get commit.template [3ms]
2024-07-14 23:23:51.155 [info] > git for-each-ref --format=%(refname)%00%(upstream:short)%00%(objectname)%00%(upstream:track)%00%(upstream:remotename)%00%(upstream:remoteref) refs/heads/develop refs/remotes/develop [1ms]
2024-07-14 23:23:51.160 [info] > git status -z -uall [2ms]
2024-07-14 23:23:51.166 [info] > git for-each-ref --format=%(refname)%00%(upstream:short)%00%(objectname)%00%(upstream:track)%00%(upstream:remotename)%00%(upstream:remoteref) refs/heads/develop refs/remotes/develop [2ms]
2024-07-14 23:23:51.170 [info] > git config --local branch.develop.vscode-merge-base [1ms]
2024-07-14 23:23:51.174 [info] > git for-each-ref --format=%(refname)%00%(upstream:short)%00%(objectname)%00%(upstream:track)%00%(upstream:remotename)%00%(upstream:remoteref) refs/heads/origin/main refs/remotes/origin/main [1ms]
2024-07-14 23:23:59.079 [info] > git config --get commit.template [1ms]
2024-07-14 23:23:59.087 [info] > git for-each-ref --format=%(refname)%00%(upstream:short)%00%(objectname)%00%(upstream:track)%00%(upstream:remotename)%00%(upstream:remoteref) refs/heads/develop refs/remotes/develop [1ms]
2024-07-14 23:23:59.095 [info] > git status -z -uall [2ms]
2024-07-14 23:23:59.103 [info] > git for-each-ref --format=%(refname)%00%(upstream:short)%00%(objectname)%00%(upstream:track)%00%(upstream:remotename)%00%(upstream:remoteref) refs/heads/develop refs/remotes/develop [2ms]
2024-07-14 23:23:59.109 [info] > git config --local branch.develop.vscode-merge-base [1ms]
2024-07-14 23:23:59.118 [info] > git for-each-ref --format=%(refname)%00%(upstream:short)%00%(objectname)%00%(upstream:track)%00%(upstream:remotename)%00%(upstream:remoteref) refs/heads/origin/main refs/remotes/origin/main [2ms]
2024-07-14 23:25:40.356 [info] > git show --textconv :src/app/library/library.component.css [6ms]
2024-07-14 23:25:40.357 [info] > git ls-files --stage -- /home/andojas/Documents/dahu/src/app/library/library.component.css [0ms]
2024-07-14 23:25:40.361 [info] > git cat-file -s cd47792970745303c38b95c42e8343a9f4067bec [1ms]
2024-07-14 23:25:40.573 [info] > git check-ignore -v -z --stdin [1ms]
2024-07-15 16:07:26.140 [info] > git fetch [544ms]
2024-07-15 16:07:26.159 [info] > git config --get commit.template [10ms]
2024-07-15 16:07:26.160 [info] > git for-each-ref --format=%(refname)%00%(upstream:short)%00%(objectname)%00%(upstream:track)%00%(upstream:remotename)%00%(upstream:remoteref) refs/heads/develop refs/remotes/develop [2ms]
2024-07-15 16:07:26.172 [info] > git status -z -uall [5ms]
2024-07-15 16:07:26.188 [info] > git for-each-ref --format=%(refname)%00%(upstream:short)%00%(objectname)%00%(upstream:track)%00%(upstream:remotename)%00%(upstream:remoteref) refs/heads/develop refs/remotes/develop [3ms]
2024-07-15 16:07:26.197 [info] > git config --local branch.develop.vscode-merge-base [1ms]
2024-07-15 16:07:26.207 [info] > git for-each-ref --format=%(refname)%00%(upstream:short)%00%(objectname)%00%(upstream:track)%00%(upstream:remotename)%00%(upstream:remoteref) refs/heads/origin/main refs/remotes/origin/main [2ms]
2024-07-15 16:08:28.885 [info] > git config --get commit.template [11ms]
2024-07-15 16:08:28.886 [info] > git for-each-ref --format=%(refname)%00%(upstream:short)%00%(objectname)%00%(upstream:track)%00%(upstream:remotename)%00%(upstream:remoteref) refs/heads/develop refs/remotes/develop [2ms]
2024-07-15 16:08:28.900 [info] > git status -z -uall [4ms]
2024-07-15 16:08:28.922 [info] > git for-each-ref --format=%(refname)%00%(upstream:short)%00%(objectname)%00%(upstream:track)%00%(upstream:remotename)%00%(upstream:remoteref) refs/heads/develop refs/remotes/develop [13ms]
2024-07-15 16:08:28.933 [info] > git ls-files --stage -- /home/andojas/Documents/dahu/src/app/library/library.component.css [13ms]
2024-07-15 16:08:28.941 [info] > git config --local branch.develop.vscode-merge-base [10ms]
2024-07-15 16:08:28.949 [info] > git cat-file -s cd47792970745303c38b95c42e8343a9f4067bec [9ms]
2024-07-15 16:08:28.950 [info] > git for-each-ref --format=%(refname)%00%(upstream:short)%00%(objectname)%00%(upstream:track)%00%(upstream:remotename)%00%(upstream:remoteref) refs/heads/origin/main refs/remotes/origin/main [2ms]
2024-07-15 16:08:28.959 [info] > git show --textconv :src/app/library/library.component.css [2ms]
2024-07-15 16:12:05.272 [info] > git fetch [780ms]
2024-07-15 16:12:05.291 [info] > git config --get commit.template [9ms]
2024-07-15 16:12:05.292 [info] > git for-each-ref --format=%(refname)%00%(upstream:short)%00%(objectname)%00%(upstream:track)%00%(upstream:remotename)%00%(upstream:remoteref) refs/heads/develop refs/remotes/develop [2ms]
2024-07-15 16:12:05.304 [info] > git status -z -uall [4ms]
2024-07-15 16:12:05.317 [info] > git for-each-ref --format=%(refname)%00%(upstream:short)%00%(objectname)%00%(upstream:track)%00%(upstream:remotename)%00%(upstream:remoteref) refs/heads/develop refs/remotes/develop [2ms]
2024-07-15 16:12:05.328 [info] > git config --local branch.develop.vscode-merge-base [2ms]
2024-07-15 16:12:05.338 [info] > git for-each-ref --format=%(refname)%00%(upstream:short)%00%(objectname)%00%(upstream:track)%00%(upstream:remotename)%00%(upstream:remoteref) refs/heads/origin/main refs/remotes/origin/main [2ms]
2024-07-15 16:12:07.832 [info] > git config --get commit.template [11ms]
2024-07-15 16:12:07.840 [info] > git ls-files --stage -- /home/andojas/Documents/dahu/src/app/library/library.component.css [10ms]
2024-07-15 16:12:07.849 [info] > git for-each-ref --format=%(refname)%00%(upstream:short)%00%(objectname)%00%(upstream:track)%00%(upstream:remotename)%00%(upstream:remoteref) refs/heads/develop refs/remotes/develop [10ms]
2024-07-15 16:12:07.858 [info] > git cat-file -s cd47792970745303c38b95c42e8343a9f4067bec [10ms]
2024-07-15 16:12:07.869 [info] > git status -z -uall [12ms]
2024-07-15 16:12:07.881 [info] > git show --textconv :src/app/library/library.component.css [13ms]
2024-07-15 16:12:07.881 [info] > git for-each-ref --format=%(refname)%00%(upstream:short)%00%(objectname)%00%(upstream:track)%00%(upstream:remotename)%00%(upstream:remoteref) refs/heads/develop refs/remotes/develop [2ms]
2024-07-15 16:12:07.893 [info] > git config --local branch.develop.vscode-merge-base [1ms]
2024-07-15 16:12:07.903 [info] > git for-each-ref --format=%(refname)%00%(upstream:short)%00%(objectname)%00%(upstream:track)%00%(upstream:remotename)%00%(upstream:remoteref) refs/heads/origin/main refs/remotes/origin/main [2ms]
