2024-07-28 20:23:19.644 [info] Extension host with pid 34344 started
2024-07-28 20:23:19.644 [info] Skipping acquiring lock for /home/andojas/.config/Code/User/workspaceStorage/c1504371bec39be725b0bbbc0e25b337.
2024-07-28 20:23:19.654 [info] ExtensionService#_doActivateExtension vscode.emmet, startup: false, activationEvent: 'onLanguage'
2024-07-28 20:23:19.666 [info] ExtensionService#_doActivateExtension ms-vscode.cpptools, startup: false, activationEvent: 'onLanguage:c'
2024-07-28 20:23:19.965 [info] ExtensionService#_doActivateExtension vscode.git-base, startup: true, activationEvent: '*', root cause: vscode.git
2024-07-28 20:23:20.030 [info] ExtensionService#_doActivateExtension vscode.git, startup: true, activationEvent: '*'
2024-07-28 20:23:20.080 [info] ExtensionService#_doActivateExtension vscode.github, startup: true, activationEvent: '*'
2024-07-28 20:23:20.134 [warning] [vscode.git] Accessing a resource scoped configuration without providing a resource is not expected. To get the effective value for 'git.openRepositoryInParentFolders', provide the URI of a resource or 'null' for any resource.
2024-07-28 20:23:20.134 [warning] [vscode.git] Accessing a resource scoped configuration without providing a resource is not expected. To get the effective value for 'git.showProgress', provide the URI of a resource or 'null' for any resource.
2024-07-28 20:23:20.145 [info] Eager extensions activated
2024-07-28 20:23:20.186 [info] ExtensionService#_doActivateExtension vscode.debug-auto-launch, startup: false, activationEvent: 'onStartupFinished'
2024-07-28 20:23:20.187 [info] ExtensionService#_doActivateExtension vscode.merge-conflict, startup: false, activationEvent: 'onStartupFinished'
2024-07-28 20:23:20.199 [info] ExtensionService#_doActivateExtension dbaeumer.vscode-eslint, startup: false, activationEvent: 'onStartupFinished'
2024-07-28 20:23:20.222 [info] ExtensionService#_doActivateExtension undefined_publisher.dahu, startup: false, activationEvent: 'onStartupFinished'
2024-07-28 20:23:20.327 [warning] [dbaeumer.vscode-eslint] Accessing a resource scoped configuration without providing a resource is not expected. To get the effective value for 'eslint.nodeEnv', provide the URI of a resource or 'null' for any resource.
2024-07-28 20:23:20.349 [info] ExtensionService#_doActivateExtension vscode.configuration-editing, startup: false, activationEvent: 'onLanguage:jsonc'
2024-07-28 20:23:20.359 [info] ExtensionService#_doActivateExtension vscode.json-language-features, startup: false, activationEvent: 'onLanguage:jsonc'
2024-07-28 20:23:20.391 [info] ExtensionService#_doActivateExtension vscode.typescript-language-features, startup: false, activationEvent: 'onLanguage:jsonc'
2024-07-28 20:23:23.308 [warning] undefined_publisher.dahu created a webview without a content security policy: https://aka.ms/vscode-webview-missing-csp
2024-07-28 20:24:00.365 [warning] DiagnosticCollection with name '/home/andojas/Documents/semester4_notes/OSCO/assignments' does already exist.
